1999.12.21 03:42 B c:\my documents\My Webs\type2.com\ag00156_.gif --> ftp.type2.com /usr/local/apache/htdocs/events ag00156_.gif
1999.12.21 03:42 B c:\my documents\My Webs\type2.com\ag00270_.gif --> ftp.type2.com /usr/local/apache/htdocs/events ag00270_.gif
1999.12.21 03:42 B c:\my documents\My Webs\type2.com\ag00274_.gif --> ftp.type2.com /usr/local/apache/htdocs/events ag00274_.gif
1999.12.21 03:42 B c:\my documents\My Webs\type2.com\bd00382_1.gif --> ftp.type2.com /usr/local/apache/htdocs/events bd00382_1.gif
1999.12.21 03:42 B c:\my documents\My Webs\type2.com\bd20662_.gif --> ftp.type2.com /usr/local/apache/htdocs/events bd20662_.gif
1999.12.21 03:42 B c:\my documents\My Webs\type2.com\index.htm --> ftp.type2.com /usr/local/apache/htdocs/events index.htm
1999.12.21 03:42 B c:\my documents\My Webs\type2.com\j0076213.gif --> ftp.type2.com /usr/local/apache/htdocs/events j0076213.gif
1999.12.21 03:42 B c:\my documents\My Webs\type2.com\j0076214.gif --> ftp.type2.com /usr/local/apache/htdocs/events j0076214.gif
1999.12.21 03:42 B c:\my documents\My Webs\type2.com\j0076215.gif --> ftp.type2.com /usr/local/apache/htdocs/events j0076215.gif
1999.12.21 03:42 B c:\my documents\My Webs\type2.com\j76214.gif --> ftp.type2.com /usr/local/apache/htdocs/events j76214.gif
1999.12.21 03:43 B c:\my documents\My Webs\type2.com\index.htm --> ftp.type2.com /usr/local/apache/htdocs/events index.htm
1999.12.21 04:42 B c:\my documents\My Webs\type2.com\index.htm --> ftp.type2.com /usr/local/apache/htdocs/events index.htm
1999.12.21 04:44 B c:\my documents\My Webs\type2.com\ag00565_.gif --> ftp.type2.com /usr/local/apache/htdocs/events ag00565_.gif
1999.12.21 04:45 B c:\my documents\My Webs\type2.com\index.htm --> ftp.type2.com /usr/local/apache/htdocs/events index.htm
1999.12.21 04:48 B c:\my documents\My Webs\type2.com\index.htm --> ftp.type2.com /usr/local/apache/htdocs/events index.htm
1999.12.21 12:27 B C:\My Documents\My Webs\type2.com\bd15131_.gif --> ftp.type2.com /usr/local/apache/htdocs/events bd15131_.gif
1999.12.21 12:27 B C:\My Documents\My Webs\type2.com\index.htm --> ftp.type2.com /usr/local/apache/htdocs/events index.htm
1999.12.21 12:29 B C:\My Documents\My Webs\type2.com\index.htm --> ftp.type2.com /usr/local/apache/htdocs/events index.htm
1999.12.21 12:36 B C:\My Documents\My Webs\type2.com\index.htm --> ftp.type2.com /usr/local/apache/htdocs/events index.htm
1999.12.21 12:37 B C:\My Documents\My Webs\type2.com\bd15194_.jpg --> ftp.type2.com /usr/local/apache/htdocs/events bd15194_.jpg
1999.12.23 23:51 B C:\My Documents\My Webs\type2.com\index.htm --> ftp.type2.com /usr/local/apache/htdocs/events index.htm
1999.12.23 23:55 B C:\My Documents\My Webs\type2.com\index.htm --> ftp.type2.com /usr/local/apache/htdocs/events index.htm
1999.12.27 02:27 B C:\My Documents\My Webs\type2.com\index.htm --> ftp.type2.com /usr/local/apache/htdocs/events index.htm
1999.12.27 19:31 B C:\My Documents\My Webs\type2.com\index.htm --> ftp.type2.com /usr/local/apache/htdocs/events index.htm
2000.01.20 21:24 B C:\My Documents\My Webs\type2.com\index.htm --> ftp.type2.com /usr/local/apache/htdocs/events index.htm
100.12.05 21:38 B C:\My Documents\My Webs\type2.com\events1.html --> ftp.type2.com /home/davies events1.html
100.12.06 23:17 B C:\My Documents\My Webs\type2.com\ag00156_.gif --> ftp.type2.com /usr/local/apache/htdocs/events ag00156_.gif
100.12.06 23:18 B C:\My Documents\My Webs\type2.com\ag00274_.gif --> ftp.type2.com /usr/local/apache/htdocs/events ag00274_.gif
100.12.06 23:18 B C:\My Documents\My Webs\type2.com\ag00565_.gif --> ftp.type2.com /usr/local/apache/htdocs/events ag00565_.gif
100.12.06 23:18 B C:\My Documents\My Webs\type2.com\bd00382_1.gif --> ftp.type2.com /usr/local/apache/htdocs/events bd00382_1.gif
100.12.06 23:18 B C:\My Documents\My Webs\type2.com\bd20662_.gif --> ftp.type2.com /usr/local/apache/htdocs/events bd20662_.gif
100.12.06 23:18 B C:\My Documents\My Webs\type2.com\button_blu_md_wht.gif --> ftp.type2.com /usr/local/apache/htdocs/events button_blu_md_wht.gif
100.12.06 23:18 B C:\My Documents\My Webs\type2.com\j0076213.gif --> ftp.type2.com /usr/local/apache/htdocs/events j0076213.gif
100.12.06 23:18 B C:\My Documents\My Webs\type2.com\j0076214.gif --> ftp.type2.com /usr/local/apache/htdocs/events j0076214.gif
100.12.06 23:18 B C:\My Documents\My Webs\type2.com\j0076215.gif --> ftp.type2.com /usr/local/apache/htdocs/events j0076215.gif
100.12.06 23:18 B C:\My Documents\My Webs\type2.com\j76214.gif --> ftp.type2.com /usr/local/apache/htdocs/events j76214.gif
100.12.06 23:18 B C:\My Documents\My Webs\type2.com\laptop1arm_disgruntled_md_wht.gif --> ftp.type2.com /usr/local/apache/htdocs/events laptop1arm_disgruntled_md_wht.gif
100.12.06 23:18 B C:\My Documents\My Webs\type2.com\uk_md_wht.gif --> ftp.type2.com /usr/local/apache/htdocs/events uk_md_wht.gif
100.12.06 23:18 B C:\My Documents\My Webs\type2.com\usa_md_wht.gif --> ftp.type2.com /usr/local/apache/htdocs/events usa_md_wht.gif
100.12.06 23:18 B C:\My Documents\My Webs\type2.com\VWbug_road_md_wht.gif --> ftp.type2.com /usr/local/apache/htdocs/events VWbug_road_md_wht.gif
100.12.06 23:18 B C:\My Documents\My Webs\type2.com\index.htm --> ftp.type2.com /usr/local/apache/htdocs/events index.htm
100.12.06 23:18 B C:\My Documents\My Webs\type2.com\ukevents.htm --> ftp.type2.com /usr/local/apache/htdocs/events ukevents.htm
100.12.06 23:19 B C:\My Documents\My Webs\type2.com\usevents.htm --> ftp.type2.com /usr/local/apache/htdocs/events usevents.htm
100.12.06 23:19 B C:\My Documents\My Webs\type2.com\worldevents.htm --> ftp.type2.com /usr/local/apache/htdocs/events worldevents.htm
100.12.06 23:19 B C:\My Documents\My Webs\type2.com\events1.html --> ftp.type2.com /usr/local/apache/htdocs/events events1.html
100.12.06 23:19 B C:\My Documents\My Webs\type2.com\backwater.jpg --> ftp.type2.com /usr/local/apache/htdocs/events backwater.jpg
100.12.06 23:19 B C:\My Documents\My Webs\type2.com\bd15194_.jpg --> ftp.type2.com /usr/local/apache/htdocs/events bd15194_.jpg
100.12.06 23:19 B C:\My Documents\My Webs\type2.com\WS_FTP.LOG --> ftp.type2.com /usr/local/apache/htdocs/events WS_FTP.LOG
100.12.06 23:19 B C:\My Documents\My Webs\type2.com\fartcp2[1].wav --> ftp.type2.com /usr/local/apache/htdocs/events fartcp2[1].wav
100.12.06 23:19 B C:\My Documents\My Webs\type2.com\Help[1].wav --> ftp.type2.com /usr/local/apache/htdocs/events Help[1].wav
100.12.06 23:30 B C:\My Documents\My Webs\type2.com\events1.html --> ftp.type2.com /usr/local/apache/htdocs/events events1.html
100.12.13 20:15 B C:\My Documents\My Webs\type2.com\ag00156_.gif --> ftp.type2.com /usr/local/apache/htdocs/events ag00156_.gif
100.12.13 20:15 B C:\My Documents\My Webs\type2.com\ag00274_.gif --> ftp.type2.com /usr/local/apache/htdocs/events ag00274_.gif
100.12.13 20:15 B C:\My Documents\My Webs\type2.com\ag00565_.gif --> ftp.type2.com /usr/local/apache/htdocs/events ag00565_.gif
100.12.13 20:15 B C:\My Documents\My Webs\type2.com\bd00382_1.gif --> ftp.type2.com /usr/local/apache/htdocs/events bd00382_1.gif
100.12.13 20:15 B C:\My Documents\My Webs\type2.com\bd20662_.gif --> ftp.type2.com /usr/local/apache/htdocs/events bd20662_.gif
100.12.13 20:15 B C:\My Documents\My Webs\type2.com\button_blu_md_wht.gif --> ftp.type2.com /usr/local/apache/htdocs/events button_blu_md_wht.gif
100.12.13 20:15 B C:\My Documents\My Webs\type2.com\j0076213.gif --> ftp.type2.com /usr/local/apache/htdocs/events j0076213.gif
100.12.13 20:15 B C:\My Documents\My Webs\type2.com\j0076214.gif --> ftp.type2.com /usr/local/apache/htdocs/events j0076214.gif
100.12.13 20:15 B C:\My Documents\My Webs\type2.com\j0076215.gif --> ftp.type2.com /usr/local/apache/htdocs/events j0076215.gif
100.12.13 20:15 B C:\My Documents\My Webs\type2.com\j76214.gif --> ftp.type2.com /usr/local/apache/htdocs/events j76214.gif
100.12.13 20:16 B C:\My Documents\My Webs\type2.com\laptop1arm_disgruntled_md_wht.gif --> ftp.type2.com /usr/local/apache/htdocs/events laptop1arm_disgruntled_md_wht.gif
100.12.13 20:16 B C:\My Documents\My Webs\type2.com\uk_md_wht.gif --> ftp.type2.com /usr/local/apache/htdocs/events uk_md_wht.gif
100.12.13 20:16 B C:\My Documents\My Webs\type2.com\usa_md_wht.gif --> ftp.type2.com /usr/local/apache/htdocs/events usa_md_wht.gif
100.12.13 20:16 B C:\My Documents\My Webs\type2.com\VWbug_road_md_wht.gif --> ftp.type2.com /usr/local/apache/htdocs/events VWbug_road_md_wht.gif
100.12.13 20:16 B C:\My Documents\My Webs\type2.com\index.htm --> ftp.type2.com /usr/local/apache/htdocs/events index.htm
100.12.13 20:16 B C:\My Documents\My Webs\type2.com\ukevents.htm --> ftp.type2.com /usr/local/apache/htdocs/events ukevents.htm
100.12.13 20:16 B C:\My Documents\My Webs\type2.com\usevents.htm --> ftp.type2.com /usr/local/apache/htdocs/events usevents.htm
100.12.13 20:16 B C:\My Documents\My Webs\type2.com\worldevents.htm --> ftp.type2.com /usr/local/apache/htdocs/events worldevents.htm
100.12.13 20:17 B C:\My Documents\My Webs\type2.com\events1.html --> ftp.type2.com /usr/local/apache/htdocs/events events1.html
100.12.13 20:17 B C:\My Documents\My Webs\type2.com\backwater.jpg --> ftp.type2.com /usr/local/apache/htdocs/events backwater.jpg
100.12.13 20:17 B C:\My Documents\My Webs\type2.com\bd15194_.jpg --> ftp.type2.com /usr/local/apache/htdocs/events bd15194_.jpg
