999043749 0 0
999043749 0 0 0 0
999043445 0 0 0 0
999043200 0 0 0 0
999042900 0 0 0 0
999042600 0 0 0 0
999042300 0 0 0 0
999042000 0 0 0 0
999041700 0 0 0 0
999041400 0 0 0 0
999041100 0 0 0 0
999040800 0 0 0 0
999040500 0 0 0 0
999040200 0 0 0 0
999039900 0 0 0 0
999039600 0 0 0 0
999039300 5 0 6 1
999039000 1 0 6 1
999038700 0 0 0 0
999038400 0 0 0 0
999038100 0 0 0 0
999037800 0 0 0 0
999037500 0 0 0 0
999037200 0 0 0 0
999036900 0 0 0 1
999036600 0 0 0 1
999036300 0 0 0 0
999036000 0 0 0 0
999035700 0 0 0 0
999035400 0 0 0 0
999035100 0 0 0 0
999034800 0 0 0 0
999034500 0 0 0 0
999034200 5 0 7 1
999033900 1 0 7 1
999033600 0 0 0 0
999033300 0 0 0 0
999033000 0 0 1 1
999032700 0 0 1 1
999032400 0 0 0 0
999032100 0 0 0 0
999031800 0 0 0 0
999031500 4 0 5 1
999031200 0 0 5 1
999030900 0 0 0 0
999030600 0 0 0 0
999030300 0 0 0 0
999030000 0 0 0 0
999029700 0 0 0 0
999029400 0 0 0 0
999029100 5 0 7 1
999028800 7 1 7 1
999028500 1 0 7 1
999028200 0 0 0 0
999027900 0 0 0 0
999027600 0 0 0 0
999027300 0 0 0 0
999027000 0 0 0 0
999026700 0 0 0 0
999026400 0 0 0 0
999026100 0 0 0 0
999025800 0 0 0 0
999025500 0 0 0 0
999025200 0 0 0 0
999024900 0 0 0 0
999024600 0 0 0 0
999024300 0 0 0 0
999024000 0 0 0 0
999023700 0 0 0 0
999023400 0 0 0 0
999023100 0 0 0 0
999022800 0 0 0 0
999022500 4 0 5 1
999022200 0 0 5 1
999021900 0 0 0 0
999021600 0 0 0 0
999021300 1 0 2 0
999021000 0 0 2 0
999020700 0 0 0 0
999020400 0 0 0 0
999020100 0 0 0 0
999019800 0 0 0 0
999019500 0 0 0 0
999019200 0 0 0 0
999018900 0 0 0 0
999018600 0 0 0 0
999018300 0 0 0 0
999018000 0 0 0 0
999017700 0 0 0 0
999017400 0 0 0 0
999017100 0 0 0 0
999016800 0 0 0 0
999016500 0 0 0 0
999016200 0 0 0 0
999015900 0 0 0 0
999015600 0 0 0 0
999015300 0 0 0 0
999015000 0 0 0 0
999014700 0 0 0 0
999014400 0 0 0 0
999014100 0 0 0 0
999013800 4 0 6 1
999013500 1 0 6 1
999013200 0 0 0 0
999012900 0 0 0 0
999012600 0 0 0 0
999012300 14 3 17 4
999012000 2 0 17 4
999011700 0 0 0 0
999011400 0 0 0 0
999011100 0 0 0 0
999010800 0 0 0 0
999010500 0 0 0 0
999010200 0 0 0 0
999009900 0 0 0 0
999009600 0 0 0 0
999009300 0 0 0 0
999009000 0 0 0 0
999008700 4 0 6 1
999008400 1 0 6 1
999008100 0 0 0 0
999007800 0 0 0 0
999007500 4 0 5 1
999007200 5 1 5 1
999006900 0 0 5 1
999006600 0 0 0 0
999006300 0 0 0 0
999006000 0 0 0 0
999005700 0 0 0 0
999005400 0 0 0 0
999005100 0 0 0 0
999004800 0 0 0 0
999004500 0 0 0 0
999004200 0 0 0 0
999003900 0 1 0 2
999003600 0 2 0 2
999003300 0 0 0 2
999003000 0 0 0 0
999002700 0 0 0 0
999002400 0 0 0 0
999002100 0 0 0 0
999001800 0 0 0 0
999001500 0 0 0 0
999001200 0 1 0 2
999000900 0 0 0 2
999000600 0 0 0 0
999000300 0 0 0 0
999000000 0 0 0 0
998999700 0 0 0 0
998999400 0 0 0 0
998999100 0 0 0 0
998998800 0 0 0 0
998998500 6 2 8 3
998998200 1 0 8 3
998997900 0 0 0 0
998997600 0 0 0 0
998997300 0 0 0 0
998997000 0 0 0 0
998996700 0 0 0 0
998996400 0 0 0 0
998996100 0 0 0 0
998995800 0 0 0 0
998995500 0 0 0 0
998995200 0 0 0 0
998994900 0 0 0 0
998994600 6 0 8 1
998994300 1 0 8 1
998994000 0 0 0 0
998993700 0 0 0 0
998993400 0 0 0 0
998993100 0 0 0 0
998992800 0 0 0 0
998992500 3 0 4 1
998992200 0 0 4 1
998991900 0 0 0 0
998991600 0 0 0 0
998991300 0 0 0 0
998991000 0 0 0 1
998990700 0 0 0 1
998990400 0 0 0 0
998990100 0 0 0 0
998989800 0 0 0 0
998989500 5 2 7 3
998989200 7 3 7 3
998988900 1 0 7 3
998988600 0 0 0 0
998988300 0 0 0 0
998988000 0 0 0 0
998987700 0 0 0 0
998987400 0 0 0 0
998987100 0 0 0 0
998986800 0 0 0 0
998986500 0 0 0 0
998986200 0 2 0 3
998985900 0 0 0 3
998985600 0 0 0 0
998985300 0 0 0 0
998985000 0 0 0 0
998984700 0 0 0 0
998984400 0 0 0 0
998984100 0 0 0 0
998983800 0 0 0 0
998983500 0 0 0 0
998983200 0 0 0 0
998982900 0 0 0 0
998982600 0 0 0 0
998982300 0 0 0 0
998982000 0 0 0 0
998981700 0 0 0 0
998981400 0 0 0 0
998981100 0 0 0 0
998980800 0 0 0 0
998980500 6 1 8 2
998980200 6 1 8 2
998979900 2 0 6 1
998979600 0 0 2 0
998979300 0 0 0 0
998979000 0 0 0 0
998978700 0 0 0 0
998978400 0 0 0 0
998978100 0 0 0 0
998977800 0 0 0 0
998977500 0 0 0 0
998977200 0 0 0 0
998976900 0 0 0 0
998976600 0 0 0 0
998976300 0 0 0 0
998976000 0 0 0 0
998975700 0 0 0 0
998975400 0 0 0 0
998975100 0 0 0 0
998974800 0 0 0 0
998974500 0 0 0 0
998974200 0 0 0 0
998973900 0 0 0 0
998973600 0 0 0 0
998973300 0 0 0 0
998973000 0 0 0 0
998972700 0 0 0 0
998972400 0 0 0 0
998972100 0 0 0 0
998971800 0 0 0 0
998971500 0 0 0 0
998971200 0 0 0 0
998970900 0 0 0 0
998970600 1 1 2 2
998970300 0 0 2 2
998970000 4 0 6 1
998969700 1 0 6 1
998969400 0 0 0 0
998969100 0 0 0 0
998968800 0 0 0 0
998968500 2 0 3 1
998968200 0 0 3 1
998967900 0 0 0 0
998967600 0 0 0 0
998967300 0 0 0 0
998967000 0 0 0 0
998966700 0 0 0 0
998966400 0 0 0 0
998966100 0 0 1 0
998965800 0 0 1 0
998965500 0 0 0 0
998965200 0 0 0 0
998964900 5 0 6 1
998964600 1 0 6 1
998964300 0 0 0 0
998964000 0 0 0 0
998963700 0 0 0 0
998963400 0 0 0 0
998963100 0 0 0 0
998962800 0 0 0 0
998962500 0 0 0 0
998962200 0 0 0 0
998961900 0 0 0 0
998961600 0 0 0 0
998961300 0 0 0 0
998961000 0 0 0 0
998960700 0 0 0 0
998960400 0 0 0 0
998960100 0 0 0 0
998959800 0 0 0 0
998959500 0 0 0 0
998959200 0 0 0 0
998958900 0 0 0 0
998958600 0 0 0 0
998958300 0 0 0 0
998958000 0 0 0 0
998957700 0 0 0 0
998957400 0 0 0 0
998957100 0 0 0 0
998956800 0 0 0 0
998956500 0 0 0 0
998956200 0 0 0 0
998955900 0 0 0 0
998955600 0 0 0 0
998955300 0 0 0 0
998955000 0 0 1 0
998954700 0 0 1 0
998954400 0 0 0 0
998954100 0 0 0 0
998953800 0 0 0 0
998953500 4 0 6 1
998953200 6 1 6 1
998952900 1 0 6 1
998952600 0 0 0 0
998952300 0 1 0 2
998952000 0 0 0 2
998951700 0 0 0 1
998951400 0 0 0 1
998951100 0 0 0 0
998950800 0 0 0 0
998950500 0 0 0 0
998950200 0 0 0 0
998949900 0 0 0 0
998949600 0 0 0 0
998949300 0 0 0 0
998949000 0 0 0 0
998948700 0 0 0 0
998948400 0 0 0 0
998948100 0 0 0 0
998947800 0 0 0 0
998947500 0 0 0 0
998947200 0 0 0 1
998946900 0 1 0 1
998946600 0 0 0 1
998946300 0 0 0 0
998946000 0 0 0 0
998945700 0 0 0 0
998945400 0 0 0 0
998945100 0 0 0 0
998944800 0 0 0 0
998944500 0 0 0 0
998944200 0 0 0 0
998943900 0 0 0 0
998943600 1 1 2 2
998943300 0 0 2 2
998943000 0 0 0 0
998942700 0 0 0 0
998942400 0 0 0 0
998942100 0 0 0 0
998941800 0 0 0 0
998941500 4 0 6 1
998941200 1 0 6 1
998940900 0 0 0 0
998940600 0 0 0 0
998940300 5 0 7 1
998940000 1 0 7 1
998939700 0 0 0 0
998939400 0 0 0 0
998939100 0 0 0 0
998938800 0 0 0 0
998938500 0 0 0 0
998938200 0 0 0 0
998937900 0 0 0 0
998937600 0 0 0 0
998937300 0 0 0 0
998937000 0 0 0 0
998936700 0 0 0 0
998936400 0 0 0 0
998936100 0 0 0 0
998935800 0 1 0 2
998935500 0 0 0 2
998935200 0 0 0 0
998934900 2 1 3 2
998934600 0 0 3 2
998934300 0 0 0 0
998934000 0 0 0 0
998933700 0 0 0 0
998933400 0 0 0 0
998933100 0 0 0 0
998932800 0 0 0 0
998932500 0 0 0 0
998932200 0 0 0 0
998931900 0 0 0 0
998931600 0 0 0 0
998931300 0 0 0 0
998931000 5 1 7 2
998930700 1 0 7 2
998930400 0 0 1 0
998930100 0 0 1 0
998929800 0 0 0 0
998929500 4 0 5 1
998929200 0 0 5 1
998928900 0 0 0 0
998928600 0 0 0 0
998928300 0 0 0 0
998928000 0 0 0 0
998927700 0 0 0 0
998927400 0 0 0 0
998927100 0 0 0 0
998926800 0 0 0 0
998926500 3 0 4 1
998926200 0 0 4 1
998925900 0 0 0 0
998925600 0 0 0 0
998925300 0 0 0 0
998925000 0 0 0 0
998924700 0 0 0 0
998924400 0 0 0 0
998924100 0 0 0 0
998923800 0 0 0 0
998923500 0 0 0 0
998923200 0 0 0 1
998922900 0 1 0 2
998922600 0 0 0 2
998922300 0 0 0 0
998922000 0 0 0 0
998921700 0 0 0 0
998921400 0 0 0 0
998921100 0 0 0 0
998920800 0 0 0 0
998920500 0 0 0 0
998920200 0 0 0 0
998919900 0 0 0 0
998919600 0 0 0 0
998919300 0 0 0 0
998919000 0 0 0 0
998918700 0 0 0 0
998918400 0 0 0 0
998918100 0 0 0 0
998917800 0 0 0 1
998917500 4 1 5 1
998917200 5 1 5 1
998916900 0 0 5 1
998916600 0 0 0 0
998916300 0 0 0 0
998916000 0 0 0 0
998915700 0 0 0 0
998915400 0 0 0 1
998915100 5 1 7 1
998914800 1 0 7 1
998914500 0 0 0 0
998914200 0 0 0 0
998913900 0 0 0 0
998913600 0 0 0 0
998913300 0 0 0 0
998913000 0 0 0 0
998912700 0 1 0 2
998912400 0 0 0 2
998912100 0 0 0 0
998911800 0 0 0 0
998911500 0 0 0 0
998911200 0 0 0 0
998910900 0 0 0 0
998910600 0 0 0 0
998910300 0 0 0 0
998910000 0 0 0 0
998909700 0 0 0 0
998909400 0 0 0 0
998909100 4 0 6 1
998908800 1 0 6 1
998908500 0 0 0 0
998908200 0 0 0 0
998907900 0 0 0 0
998907600 0 0 0 0
998907300 0 0 0 0
998907000 0 0 0 0
998906700 0 0 0 0
998906400 0 0 0 0
998906100 0 0 0 0
998905800 0 0 0 0
998905500 0 0 0 0
998905200 0 0 0 0
998904900 0 0 0 0
998904600 0 0 0 0
998904300 0 0 0 0
998904000 0 0 0 0
998903700 0 0 0 0
998903400 0 0 0 0
998903100 0 0 0 0
998902800 0 0 0 0
998902500 1 0 2 1
998902200 0 1 2 1
998901900 0 0 0 1
998901600 0 0 0 0
998901300 5 0 7 1
998901000 1 0 7 1
998900700 0 0 0 0
998900400 0 0 0 0
998900100 0 0 0 0
998899800 0 0 0 1
998899500 0 0 0 1
998899200 0 0 0 0
998898900 0 0 0 0
998898600 0 0 0 0
998898300 0 0 0 0
998898000 1 0 2 0
998897700 0 0 2 0
998897400 0 0 0 0
998897100 0 0 0 0
998896800 0 0 0 0
998896500 0 0 0 0
998896200 0 0 0 0
998895900 0 0 0 0
998895600 0 0 0 0
998895300 0 0 0 0
998895000 0 0 0 0
998894700 0 0 0 0
998894400 0 0 0 0
998894100 0 0 0 0
998893800 0 0 0 0
998893500 6 0 8 1
998893200 1 0 8 1
998892900 0 0 0 0
998892600 0 1 0 2
998892300 0 0 0 2
998892000 0 0 0 0
998891700 0 0 0 0
998891400 0 0 0 0
998891100 0 0 0 0
998890800 3 0 4 1
998890500 0 0 4 1
998890200 0 0 0 0
998889900 0 0 0 0
998889600 0 0 0 0
998889300 0 0 0 0
998889000 0 0 0 0
998888700 0 0 0 0
998888400 0 0 0 0
998888100 0 0 0 0
998887800 0 0 0 0
998887500 0 0 0 0
998887200 1 0 2 0
998886900 0 0 2 0
998886600 0 0 0 0
998886300 0 0 0 0
998886000 0 0 0 0
998885700 0 0 0 0
998885400 0 0 0 0
998885100 0 0 0 0
998884800 0 0 0 0
998884500 0 0 0 0
998884200 0 0 0 0
998883900 0 0 0 0
998883600 0 0 0 0
998883300 0 0 0 0
998883000 0 0 0 0
998882700 0 0 0 0
998882400 0 0 0 0
998882100 4 0 6 1
998881800 1 0 6 1
998881500 0 0 0 0
998881200 0 0 0 0
998880900 0 0 0 0
998880600 0 0 0 0
998880300 0 0 0 0
998880000 0 0 0 0
998879700 0 0 0 0
998879400 0 0 0 0
998879100 0 0 0 0
998878800 0 0 0 0
998878500 5 0 7 1
998878200 1 0 7 1
998877900 0 0 0 0
998877600 0 0 0 0
998877300 0 0 0 0
998877000 0 0 0 0
998876700 0 0 0 0
998876400 0 0 0 0
998876100 0 0 0 0
998875800 0 0 0 0
998875500 0 0 0 0
998875200 0 0 0 0
998874900 0 0 0 0
998874600 0 1 0 2
998874300 0 0 0 2
998874000 0 0 0 0
998873700 0 0 0 0
998873400 0 0 0 0
998873100 0 0 0 0
998872800 0 0 0 0
998872500 0 0 0 0
998872200 0 1 0 2
998871900 4 1 6 2
998871600 1 0 6 1
998871300 0 0 0 0
998871000 1 0 2 0
998870700 0 0 2 0
998870400 0 0 0 0
998870100 0 0 0 0
998869800 0 0 0 0
998869500 0 0 0 0
998869200 0 0 0 0
998868900 0 0 0 0
998868600 0 0 0 0
998868300 0 0 0 0
998868000 2 0 3 1
998867700 3 1 3 2
998867400 0 0 3 2
998867100 0 0 0 0
998866800 0 0 0 0
998866500 0 0 0 0
998866200 0 0 0 0
998865900 0 0 0 0
998865600 0 0 0 0
998865300 0 0 0 0
998865000 0 0 0 0
998864700 0 0 0 0
998864400 0 0 0 0
998864100 0 0 0 0
998863800 3 0 4 1
998863500 6 1 7 1
998863200 1 0 7 2
998861400 0 0 0 0
998859600 0 0 2 0
998857800 0 0 1 3
998856000 0 0 0 0
998854200 0 0 6 1
998852400 1 0 6 1
998850600 0 0 1 0
998848800 0 0 0 0
998847000 0 0 2 0
998845200 0 0 0 1
998843400 0 0 7 2
998841600 1 0 7 1
998839800 0 0 6 1
998838000 0 0 0 0
998836200 0 0 0 0
998834400 0 0 6 1
998832600 0 0 0 0
998830800 0 0 3 1
998829000 0 0 0 0
998827200 0 0 0 0
998825400 0 0 0 1
998823600 0 0 2 1
998821800 0 0 0 0
998820000 0 0 0 0
998818200 0 0 5 3
998816400 0 0 5 3
998814600 0 0 0 2
998812800 0 0 0 1
998811000 0 0 0 0
998809200 0 0 0 0
998807400 0 0 0 0
998805600 0 0 0 2
998803800 0 0 0 2
998802000 0 0 2 0
998800200 0 0 2 2
998798400 0 0 0 0
998796600 0 0 5 2
998794800 0 0 0 0
998793000 0 0 0 0
998791200 0 0 0 0
998789400 0 0 8 1
998787600 0 0 0 2
998785800 0 0 0 2
998784000 0 0 2 0
998782200 0 0 2 2
998780400 0 0 0 0
998778600 1 0 10 2
998776800 0 0 0 0
998775000 0 0 8 1
998773200 1 0 8 1
998771400 1 0 16 3
998769600 2 0 16 3
998767800 0 0 8 5
998766000 0 0 2 1
998764200 0 0 0 0
998762400 0 0 0 0
998760600 0 0 0 2
998758800 0 0 0 2
998757000 0 0 0 0
998755200 0 0 6 1
998753400 0 0 6 1
998751600 0 0 0 0
998749800 0 0 6 1
998748000 0 0 0 0
998746200 0 0 0 0
998744400 0 0 0 0
998742600 0 0 0 1
998740800 0 0 0 1
998739000 0 0 2 0
998737200 0 0 0 2
998735400 0 0 2 1
998733600 0 0 0 0
998731800 0 0 5 2
998730000 0 0 5 2
998728200 0 0 0 0
998726400 0 0 0 0
998724600 0 0 0 0
998722800 0 0 0 0
998721000 0 0 0 0
998719200 0 0 0 2
998717400 0 0 0 0
998715600 0 0 2 1
998713800 0 0 0 2
998712000 0 0 5 2
998710200 0 0 0 0
998708400 0 0 6 1
998706600 0 0 6 1
998704800 0 0 1 1
998703000 0 0 0 0
998701200 0 0 0 2
998699400 0 0 1 0
998697600 0 0 0 0
998695800 0 0 0 2
998694000 0 0 0 0
998692200 0 0 0 2
998690400 0 0 0 2
998688600 0 0 0 0
998686800 0 0 0 0
998685000 0 0 4 1
998683200 0 0 0 3
998681400 0 0 0 0
998679600 0 0 0 2
998677800 0 0 0 3
998676000 0 0 2 1
998674200 0 0 0 0
998672400 0 0 6 1
998670600 0 0 1 0
998668800 0 0 0 0
998667000 1 0 8 1
998665200 0 0 0 0
998663400 0 0 0 0
998661600 0 0 0 0
998659800 0 0 2 1
998658000 0 0 0 0
998656200 0 0 4 1
998654400 0 0 5 1
998652600 0 0 5 1
998650800 0 0 2 1
998649000 0 0 0 2
998647200 0 0 0 1
998645400 0 0 8 5
998643600 1 0 8 5
998641800 0 0 0 0
998640000 1 0 11 4
998638200 0 0 0 0
998636400 0 0 2 0
998634600 0 0 3 1
998632800 0 0 0 0
998631000 1 0 8 1
998629200 0 0 0 0
998627400 0 0 0 0
998625600 0 0 2 2
998623800 0 0 0 0
998622000 0 0 4 2
998620200 0 0 0 1
998618400 0 0 0 1
998616600 0 0 0 0
998614800 0 0 0 0
998613000 0 0 11 2
998611200 0 0 2 0
998609400 0 0 0 0
998607600 0 0 0 0
998605800 0 0 4 2
998604000 0 0 0 0
998602200 0 0 0 0
998600400 0 0 0 0
998598600 0 0 0 2
998596800 0 0 0 0
998595000 0 0 3 1
998593200 0 0 0 0
998591400 0 0 0 0
998589600 0 0 5 2
998587800 0 0 0 0
998586000 0 0 10 2
998584200 0 0 1 2
998582400 0 0 0 0
998580600 0 0 2 1
998578800 0 0 0 0
998577000 0 0 6 1
998575200 0 0 0 0
998573400 0 0 7 1
998571600 0 0 0 2
998569800 0 0 2 1
998568000 0 0 1 0
998566200 0 0 0 0
998564400 0 0 3 1
998562600 0 0 3 1
998560800 0 0 0 0
998559000 0 0 4 3
998557200 0 0 4 3
998555400 0 0 6 2
998553600 0 0 1 1
998551800 0 0 0 0
998550000 0 0 3 1
998548200 0 0 0 1
998546400 0 0 7 1
998544600 0 0 1 1
998542800 0 0 2 0
998541000 0 0 1 0
998539200 0 0 8 1
998537400 0 0 8 2
998535600 1 0 8 2
998533800 0 0 0 0
998532000 0 0 0 0
998530200 0 0 0 1
998528400 0 0 0 0
998526600 0 0 2 2
998524800 0 0 2 0
998523000 0 0 5 1
998521200 0 0 0 0
998519400 0 0 6 1
998517600 0 0 0 1
998515800 0 0 0 1
998514000 0 0 0 0
998512200 0 0 0 0
998510400 0 0 3 1
998508600 0 0 3 1
998506800 0 0 0 1
998505000 0 0 0 1
998503200 0 0 0 2
998501400 0 0 0 2
998499600 0 0 0 1
998497800 0 0 0 0
998496000 0 0 0 0
998494200 0 0 0 0
998492400 0 0 0 0
998490600 0 0 1 2
998488800 0 0 0 0
998487000 0 0 1 0
998485200 0 0 0 0
998483400 0 0 7 2
998481600 1 0 7 2
998479800 0 0 0 1
998478000 0 0 3 2
998476200 0 0 0 2
998474400 0 0 0 2
998472600 0 0 6 3
998470800 1 0 6 3
998469000 0 0 0 0
998467200 0 0 0 0
998465400 0 0 0 1
998463600 0 0 0 0
998461800 0 0 0 1
998460000 0 0 0 2
998458200 0 0 0 0
998456400 0 0 0 0
998454600 0 0 0 0
998452800 0 0 2 0
998451000 0 0 2 0
998449200 0 0 0 1
998447400 0 0 2 0
998445600 0 0 0 0
998443800 0 0 0 1
998442000 0 0 0 1
998440200 0 0 0 1
998438400 0 0 0 1
998436600 0 0 0 0
998434800 0 0 2 0
998433000 0 0 2 0
998431200 0 0 0 1
998429400 0 0 2 0
998427600 0 0 0 0
998425800 0 0 0 1
998424000 0 0 0 0
998422200 0 0 0 2
998420400 0 0 7 2
998418600 0 0 0 0
998416800 0 0 0 0
998415000 0 0 0 0
998413200 0 0 0 0
998411400 0 0 2 0
998409600 0 0 0 0
998407800 0 0 0 1
998406000 0 0 9 2
998404200 0 0 0 1
998402400 0 0 10 2
998400600 0 0 0 0
998398800 0 0 2 0
998397000 0 0 2 0
998395200 0 0 3 2
998393400 0 0 3 1
998391600 0 0 3 1
998389800 0 0 0 0
998388000 0 0 3 1
998386200 0 0 11 2
998384400 1 0 11 2
998382600 0 0 0 0
998380800 0 0 0 2
998379000 0 0 2 2
998377200 0 0 6 1
998375400 0 0 0 0
998373600 0 0 0 0
998371800 0 0 6 1
998370000 0 0 6 1
998368200 0 0 0 0
998366400 0 0 0 0
998364600 0 0 0 0
998362800 0 0 0 0
998361000 0 0 3 1
998359200 0 0 6 1
998357400 0 0 0 0
998355600 0 0 3 2
998353800 0 0 0 0
998352000 0 0 8 2
998350200 0 0 1 1
998348400 0 0 0 0
998346600 0 0 3 2
998344800 0 0 0 0
998343000 0 0 2 0
998341200 0 0 0 2
998339400 0 0 0 0
998337600 0 0 0 2
998335800 1 0 8 2
998334000 0 0 0 0
998332200 0 0 4 2
998330400 0 0 0 0
998328600 0 0 0 0
998326800 1 0 16 3
998325000 0 0 16 3
998323200 0 0 0 0
998321400 0 0 0 0
998319600 0 0 0 1
998317800 0 0 0 1
998316000 0 0 4 1
998314200 0 0 0 1
998312400 0 0 10 2
998310600 0 0 6 1
998308800 0 0 0 2
998307000 0 0 0 0
998305200 0 0 0 0
998303400 0 0 6 1
998301600 0 0 0 0
998299800 0 0 4 4
998298000 0 0 4 4
998296200 0 0 7 1
998294400 0 0 0 0
998292600 0 0 0 2
998290800 0 0 0 2
998289000 0 0 0 1
998287200 0 0 0 0
998285400 0 0 6 2
998283600 0 0 5 2
998281800 0 0 0 1
998280000 0 0 0 1
998278200 0 0 0 0
998276400 0 0 0 0
998274600 0 0 0 0
998272800 0 0 6 1
998271000 0 0 1 0
998269200 0 0 0 0
998267400 0 0 6 1
998265600 0 0 5 1
998263800 0 0 5 1
998262000 0 0 2 0
998260200 0 0 0 2
998258400 0 0 4 1
998256600 0 0 0 0
998254800 0 0 0 0
998253000 0 0 5 1
998251200 0 0 1 2
998249400 0 0 0 0
998247600 0 0 0 0
998245800 0 0 0 0
998244000 0 0 1 0
998242200 0 0 0 0
998240400 0 0 0 2
998238600 0 0 0 2
998236800 0 0 0 2
998235000 0 0 0 1
998233200 0 0 0 0
998231400 0 0 0 0
998229600 0 0 2 2
998227800 0 0 2 1
998226000 0 0 0 0
998224200 0 0 1 1
998222400 0 0 0 1
998220600 0 0 7 1
998218800 1 0 7 1
998217000 0 0 0 0
998215200 0 0 6 1
998213400 0 0 9 5
998211600 1 0 9 5
998209800 0 0 0 1
998208000 0 0 0 1
998206200 0 0 0 0
998204400 0 0 5 1
998202600 0 0 0 0
998200800 0 0 0 0
998199000 0 0 0 2
998197200 0 0 0 0
998195400 0 0 1 4
998193600 0 0 1 2
998191800 0 0 8 1
998190000 0 0 0 0
998188200 0 0 0 2
998186400 0 0 2 0
998184600 0 0 2 0
998182800 0 0 0 0
998181000 0 0 2 0
998179200 0 0 0 0
998177400 0 0 10 2
998175600 0 0 0 0
998173800 0 0 0 1
998172000 0 0 0 0
998170200 0 0 0 0
998168400 0 0 2 1
998166600 0 0 1 0
998164800 0 0 0 0
998163000 0 0 3 1
998161200 0 0 0 0
998159400 0 0 0 0
998157600 0 0 0 0
998155800 0 0 0 0
998154000 0 0 0 0
998152200 0 0 1 0
998150400 0 0 0 2
998148600 0 0 0 0
998146800 0 0 0 0
998145000 0 0 1 1
998143200 0 0 0 0
998141400 0 0 1 0
998139600 0 0 1 0
998137800 0 0 0 0
998136000 0 0 0 0
998134200 0 0 0 0
998132400 0 0 6 6
998130600 0 0 3 6
998128800 0 0 0 0
998127000 0 0 3 1
998125200 0 0 3 1
998123400 0 0 3 1
998121600 0 0 0 0
998119800 0 0 6 1
998118000 1 0 6 1
998116200 0 0 0 0
998114400 0 0 9 3
998112600 0 0 0 0
998110800 0 0 6 1
998109000 0 0 1 0
998107200 0 0 0 0
998105400 0 0 7 1
998103600 0 0 0 1
998101800 0 0 0 0
998100000 0 0 1 0
998098200 0 0 0 0
998096400 0 0 5 2
998094600 0 0 1 1
998092800 0 0 1 0
998091000 0 0 0 2
998089200 0 0 0 0
998087400 0 0 2 1
998085600 0 0 1 1
998083800 0 0 0 0
998082000 0 0 0 2
998080200 0 0 0 0
998078400 0 0 2 1
998076600 0 0 1 2
998074800 0 0 0 0
998073000 0 0 0 2
998071200 0 0 0 2
998069400 0 0 1 0
998067600 0 0 2 0
998065800 0 0 2 0
998064000 0 0 0 1
998062200 0 0 2 1
998060400 0 0 0 0
998058600 0 0 0 1
998056800 0 0 0 0
998055000 0 0 0 2
998053200 0 0 0 2
998051400 0 0 2 2
998049600 0 0 2 2
998047800 0 0 0 0
998046000 0 0 0 0
998044200 0 0 0 0
998042400 0 0 0 0
998040600 0 0 8 5
998038800 1 0 8 5
998037000 0 0 3 2
998035200 0 0 3 1
998033400 0 0 0 2
998031600 0 0 0 0
998029800 0 0 6 1
998028000 0 0 4 2
998026200 0 0 5 1
998024400 2 0 8 1
998022600 0 0 2 1
998020800 0 0 2 1
998019000 3 1 15 9
998017200 0 0 1 0
998015400 0 0 6 3
998013600 0 0 2 1
998011800 1 0 16 3
998010000 0 0 6 2
998008200 0 0 2 0
998006400 0 0 1 0
998004600 0 0 7 5
998002800 0 0 5 2
998001000 0 0 2 0
997999200 0 0 6 1
997997400 0 0 6 2
997995600 0 0 0 0
997993800 0 0 5 2
997992000 0 0 6 2
997990200 0 0 2 1
997988400 0 0 2 1
997986600 0 0 3 2
997984800 0 0 2 2
997983000 0 0 3 1
997981200 0 0 0 1
997979400 0 0 5 1
997977600 0 0 6 1
997975800 0 0 0 1
997974000 0 0 4 3
997972200 0 0 7 2
997970400 0 0 1 1
997968600 0 0 0 2
997966800 0 0 6 2
997965000 0 0 1 0
997963200 0 0 5 2
997961400 0 0 5 1
997959600 0 0 0 1
997957800 0 0 2 1
997956000 0 0 0 1
997954200 1 0 8 4
997952400 7 3 29 16
997950600 0 0 5 2
997948800 2 0 16 4
997947000 0 0 0 0
997945200 0 0 5 4
997943400 0 0 2 1
997941600 0 0 2 1
997939800 0 0 2 1
997938000 0 0 2 1
997936200 0 0 0 1
997934400 0 0 4 2
997932600 0 0 4 2
997930800 0 0 0 0
997929000 0 0 3 2
997927200 0 0 1 1
997925400 0 0 6 1
997923600 0 0 1 1
997921800 2 0 8 2
997920000 0 0 2 2
997918200 0 0 1 2
997916400 0 0 6 1
997914600 0 0 2 2
997912800 0 0 3 1
997911000 1 0 6 1
997909200 0 0 2 1
997907400 0 0 3 2
997905600 0 0 2 2
997903800 0 0 4 2
997902000 2 0 10 3
997900200 0 0 5 1
997898400 0 0 3 2
997896600 1 0 7 3
997894800 0 0 5 1
997893000 0 0 1 2
997891200 0 0 2 2
997889400 1 0 7 2
997887600 0 0 11 7
997885800 0 0 11 7
997884000 0 0 6 5
997882200 0 0 2 1
997880400 3 0 10 5
997878600 0 0 3 2
997876800 0 0 1 1
997875000 0 0 3 3
997873200 0 0 3 1
997871400 0 0 2 4
997869600 0 0 5 2
997867800 0 0 4 2
997866000 1 2 8 4
997864200 4 2 14 12
997862400 0 0 5 2
997860600 0 0 3 1
997858800 0 0 6 1
997857000 0 0 3 4
997855200 1 0 14 3
997853400 0 0 14 3
997851600 0 0 2 1
997849800 0 0 5 1
997848000 0 0 4 1
997846200 0 0 3 2
997844400 0 0 3 1
997842600 0 0 5 1
997840800 0 0 2 1
997839000 0 0 4 1
997837200 0 0 4 1
997835400 0 0 6 2
997833600 0 0 5 3
997831800 2 0 12 5
997830000 0 0 0 0
997828200 0 0 2 1
997826400 0 0 2 2
997824600 1 0 8 1
997822800 0 0 0 0
997821000 0 0 4 2
997819200 0 0 4 2
997817400 0 0 1 0
997815600 0 0 6 1
997813800 0 0 6 3
997812000 1 0 6 3
997810200 0 0 4 1
997808400 0 0 6 1
997806600 1 0 7 1
997804800 0 0 2 2
997803000 0 0 8 2
997801200 0 0 6 2
997799400 1 0 8 3
997797600 1 0 8 3
997795800 22 23 39 36
997794000 5 2 30 15
997792200 0 0 5 2
997790400 0 0 5 1
997788600 0 0 1 1
997786800 0 0 3 1
997785000 0 0 7 2
997783200 1 0 10 6
997776000 0 0 2 3
997768800 0 0 5 2
997761600 0 0 3 7
997754400 11 11 31 23
997747200 28 24 85 63
997740000 0 1 9 20
997732800 0 0 4 2
997725600 0 0 0 2
997718400 0 0 6 3
997711200 0 1 22 19
997704000 3 3 22 19
997696800 0 0 0 0
997689600 0 0 0 0
997682400 0 0 0 0
997675200 0 0 0 0
997668000 4 3 52 20
997660800 0 0 23 6
997653600 0 0 8 1
997646400 0 0 3 2
997639200 0 0 2 2
997632000 0 0 6 2
997624800 0 0 1 1
997617600 0 0 2 2
997610400 1 0 25 19
997603200 12 9 46 27
997596000 5 4 32 18
997588800 29 28 148 125
997581600 56 49 242 168
997574400 0 0 8 2
997567200 0 0 7 2
997560000 0 0 8 3
997552800 0 0 8 3
997545600 0 0 9 2
997538400 0 0 8 6
997531200 0 0 17 18
997524000 1 3 12 34
997516800 0 0 6 1
997509600 0 0 6 6
997502400 0 0 14 3
997495200 0 0 14 3
997488000 0 0 4 3
997480800 0 0 6 3
997473600 0 0 5 3
997466400 0 0 10 2
997459200 0 0 6 1
997452000 0 0 7 3
997444800 0 0 7 2
997437600 1 3 13 30
997430400 0 0 7 2
997423200 0 0 4 2
997416000 0 0 12 3
997408800 0 0 15 3
997401600 0 0 8 2
997394400 0 0 6 2
997387200 0 0 9 2
997380000 0 0 8 3
997372800 0 0 2 0
997365600 0 0 19 4
997358400 0 0 4 1
997351200 1 4 20 38
997344000 0 0 8 2
997336800 0 0 10 3
997329600 0 0 7 3
997322400 0 0 10 3
997315200 0 0 8 2
997308000 0 0 8 3
997300800 0 0 14 3
997293600 0 0 11 2
997286400 0 0 11 3
997279200 0 0 5 3
997272000 0 0 0 0
997264800 0 0 9 13
997257600 0 0 7 1
997250400 0 0 7 3
997243200 0 0 8 2
997236000 1 0 7 3
997228800 0 1 0 2
997221600 0 2 0 2
997214400 45 28 200 118
997207200 125 104 200 118
997200000 29 29 100 100
997192800 0 0 0 0
997185600 0 0 0 0
997178400 0 0 0 0
997171200 0 0 0 0
997164000 0 0 0 0
997156800 0 0 0 0
997149600 0 0 0 0
997142400 0 0 0 0
997135200 0 0 0 0
997128000 0 0 0 0
997120800 0 0 0 0
997113600 0 0 0 0
997106400 0 0 0 0
997099200 0 0 0 0
997092000 0 0 0 0
997084800 0 0 0 0
997077600 0 0 0 0
997070400 0 0 0 0
997063200 0 0 0 0
997056000 0 0 0 0
997048800 0 0 0 0
997041600 0 0 0 0
997034400 0 0 0 0
997027200 0 0 0 0
997020000 0 0 0 0
997012800 0 0 0 0
997005600 0 0 0 0
996998400 0 0 0 0
996991200 0 0 0 0
996984000 0 0 0 0
996976800 0 0 0 0
996969600 0 0 0 0
996962400 0 0 0 0
996955200 0 0 0 0
996948000 0 0 0 0
996940800 0 0 0 0
996933600 0 0 0 0
996926400 0 0 0 0
996919200 0 0 0 0
996912000 0 0 0 0
996904800 0 0 0 0
996897600 0 0 0 0
996890400 0 0 0 0
996883200 0 0 0 0
996876000 0 0 0 0
996868800 0 0 0 0
996861600 0 0 0 0
996854400 0 0 0 0
996847200 0 0 0 0
996840000 0 0 0 0
996832800 0 0 0 0
996825600 0 0 0 0
996818400 0 0 0 0
996811200 0 0 0 0
996804000 0 0 0 0
996796800 0 0 0 0
996789600 0 0 0 0
996782400 0 0 0 0
996775200 0 0 0 0
996768000 0 0 0 0
996760800 0 0 0 0
996753600 0 0 0 0
996746400 0 0 0 0
996739200 0 0 0 0
996732000 0 0 0 0
996724800 0 0 0 0
996717600 0 0 0 0
996710400 0 0 0 0
996703200 0 0 0 0
996696000 0 0 0 0
996688800 0 0 0 0
996681600 0 0 0 0
996674400 0 0 0 0
996667200 0 0 0 0
996660000 0 0 0 0
996652800 0 0 0 0
996645600 0 0 0 0
996638400 0 0 0 0
996631200 0 0 0 0
996624000 0 0 0 0
996616800 0 0 0 0
996609600 0 0 0 0
996602400 0 0 0 0
996595200 0 0 0 0
996588000 0 0 0 0
996580800 0 0 0 0
996573600 0 0 0 0
996566400 0 0 0 0
996559200 0 0 0 0
996552000 0 0 0 0
996544800 0 0 0 0
996537600 0 0 0 0
996530400 0 0 0 0
996523200 0 0 0 0
996516000 0 0 0 0
996508800 0 0 0 0
996501600 0 0 0 0
996494400 0 0 0 0
996487200 0 0 0 0
996480000 0 0 0 0
996472800 0 0 0 0
996465600 0 0 0 0
996458400 0 0 0 0
996451200 0 0 0 0
996444000 0 0 0 0
996436800 0 0 0 0
996429600 0 0 0 0
996422400 0 0 0 0
996415200 0 0 0 0
996408000 0 0 0 0
996400800 0 0 0 0
996393600 0 0 0 0
996386400 0 0 0 0
996379200 0 0 0 0
996372000 0 0 0 0
996364800 0 0 0 0
996357600 0 0 0 0
996350400 0 0 0 0
996343200 0 0 0 0
996336000 0 0 0 0
996328800 0 0 0 0
996321600 0 0 0 0
996314400 0 0 0 0
996307200 0 0 0 0
996300000 0 0 0 0
996292800 0 0 0 0
996285600 0 0 0 0
996278400 0 0 0 0
996271200 0 0 0 0
996264000 0 0 0 0
996256800 0 0 0 0
996249600 0 0 0 0
996242400 0 0 0 0
996235200 0 0 0 0
996228000 0 0 0 0
996220800 0 0 0 0
996213600 0 0 0 0
996206400 0 0 0 0
996199200 0 0 0 0
996192000 0 0 0 0
996184800 0 0 0 0
996177600 0 0 0 0
996170400 0 0 0 0
996163200 0 0 0 0
996156000 0 0 0 0
996148800 0 0 0 0
996141600 0 0 0 0
996134400 0 0 0 0
996127200 0 0 0 0
996120000 0 0 0 0
996112800 0 0 0 0
996105600 0 0 0 0
996098400 0 0 0 0
996091200 0 0 0 0
996084000 0 0 0 0
996076800 0 0 0 0
996069600 0 0 0 0
996062400 0 0 0 0
996055200 0 0 0 0
996048000 0 0 0 0
996040800 0 0 0 0
996033600 0 0 0 0
996026400 0 0 0 0
996019200 0 0 0 0
996012000 0 0 0 0
996004800 0 0 0 0
995997600 0 0 0 0
995990400 0 0 0 0
995983200 0 0 0 0
995976000 0 0 0 0
995968800 0 0 0 0
995961600 0 0 0 0
995954400 0 0 0 0
995947200 0 0 0 0
995940000 0 0 0 0
995932800 0 0 0 0
995925600 0 0 0 0
995918400 0 0 0 0
995911200 0 0 0 0
995904000 0 0 0 0
995896800 0 0 0 0
995889600 0 0 0 0
995882400 0 0 0 0
995875200 0 0 0 0
995868000 0 0 0 0
995860800 0 0 0 0
995853600 0 0 0 0
995846400 0 0 0 0
995839200 0 0 0 0
995832000 0 0 0 0
995824800 0 0 0 0
995817600 0 0 0 0
995810400 0 0 0 0
995803200 0 0 0 0
995796000 0 0 0 0
995788800 0 0 0 0
995781600 0 0 0 0
995774400 0 0 0 0
995767200 0 0 0 0
995760000 0 0 0 0
995752800 0 0 0 0
995745600 0 0 0 0
995738400 0 0 0 0
995731200 0 0 0 0
995724000 0 0 0 0
995716800 0 0 0 0
995709600 0 0 0 0
995702400 0 0 0 0
995695200 0 0 0 0
995688000 0 0 0 0
995680800 0 0 0 0
995673600 0 0 0 0
995666400 0 0 0 0
995659200 0 0 0 0
995652000 0 0 0 0
995644800 0 0 0 0
995637600 0 0 0 0
995630400 0 0 0 0
995623200 0 0 0 0
995616000 0 0 0 0
995608800 0 0 0 0
995601600 0 0 0 0
995594400 0 0 0 0
995587200 0 0 0 0
995580000 0 0 0 0
995572800 0 0 0 0
995565600 0 0 0 0
995558400 0 0 0 0
995551200 0 0 0 0
995544000 0 0 0 0
995536800 0 0 0 0
995529600 0 0 0 0
995522400 0 0 0 0
995515200 0 0 0 0
995508000 0 0 0 0
995500800 0 0 0 0
995493600 0 0 0 0
995486400 0 0 0 0
995479200 0 0 0 0
995472000 0 0 0 0
995464800 0 0 0 0
995457600 0 0 0 0
995450400 0 0 0 0
995443200 0 0 0 0
995436000 0 0 0 0
995428800 0 0 0 0
995421600 0 0 0 0
995414400 0 0 0 0
995407200 0 0 0 0
995400000 0 0 0 0
995392800 0 0 0 0
995385600 0 0 0 0
995378400 0 0 0 0
995371200 0 0 0 0
995364000 0 0 0 0
995356800 0 0 0 0
995349600 0 0 0 0
995342400 0 0 0 0
995335200 0 0 0 0
995328000 0 0 0 0
995320800 0 0 0 0
995313600 0 0 0 0
995306400 0 0 0 0
995299200 0 0 0 0
995292000 0 0 0 0
995284800 0 0 0 0
995277600 0 0 0 0
995270400 0 0 0 0
995263200 0 0 0 0
995256000 0 0 0 0
995248800 0 0 0 0
995241600 0 0 0 0
995234400 0 0 0 0
995227200 0 0 0 0
995220000 0 0 0 0
995212800 0 0 0 0
995205600 0 0 0 0
995198400 0 0 0 0
995191200 0 0 0 0
995184000 0 0 0 0
995176800 0 0 0 0
995169600 0 0 0 0
995162400 0 0 0 0
995155200 0 0 0 0
995148000 0 0 0 0
995140800 0 0 0 0
995133600 0 0 0 0
995126400 0 0 0 0
995119200 0 0 0 0
995112000 0 0 0 0
995104800 0 0 0 0
995097600 0 0 0 0
995090400 0 0 0 0
995083200 0 0 0 0
995076000 0 0 0 0
995068800 0 0 0 0
995061600 0 0 0 0
995054400 0 0 0 0
995047200 0 0 0 0
995040000 0 0 0 0
995032800 0 0 0 0
995025600 0 0 0 0
995018400 0 0 0 0
995011200 0 0 0 0
995004000 0 0 0 0
994996800 0 0 0 0
994989600 0 0 0 0
994982400 0 0 0 0
994975200 0 0 0 0
994968000 0 0 0 0
994960800 0 0 0 0
994953600 0 0 0 0
994946400 0 0 0 0
994939200 0 0 0 0
994932000 0 0 0 0
994924800 0 0 0 0
994917600 0 0 0 0
994910400 0 0 0 0
994903200 0 0 0 0
994896000 0 0 0 0
994888800 0 0 0 0
994881600 0 0 0 0
994874400 0 0 0 0
994867200 0 0 0 0
994860000 0 0 0 0
994852800 0 0 0 0
994845600 0 0 0 0
994838400 0 0 0 0
994831200 0 0 0 0
994824000 0 0 0 0
994816800 0 0 0 0
994809600 0 0 0 0
994802400 0 0 0 0
994795200 0 0 0 0
994788000 0 0 0 0
994780800 0 0 0 0
994773600 0 0 0 0
994766400 0 0 0 0
994759200 0 0 0 0
994752000 0 0 0 0
994744800 0 0 0 0
994737600 0 0 0 0
994730400 0 0 0 0
994723200 0 0 0 0
994716000 0 0 0 0
994708800 0 0 0 0
994701600 0 0 0 0
994694400 0 0 0 0
994687200 0 0 0 0
994680000 0 0 0 0
994672800 0 0 0 0
994665600 0 0 0 0
994658400 0 0 0 0
994651200 0 0 0 0
994644000 0 0 0 0
994636800 0 0 0 0
994629600 0 0 0 0
994622400 0 0 0 0
994615200 0 0 0 0
994608000 0 0 0 0
994600800 0 0 0 0
994593600 0 0 0 0
994586400 0 0 0 0
994579200 0 0 0 0
994572000 0 0 0 0
994564800 0 0 0 0
994557600 0 0 0 0
994550400 0 0 0 0
994543200 0 0 0 0
994536000 0 0 0 0
994528800 0 0 0 0
994521600 0 0 0 0
994514400 0 0 0 0
994507200 0 0 0 0
994500000 0 0 0 0
994492800 0 0 0 0
994485600 0 0 0 0
994478400 0 0 0 0
994471200 0 0 0 0
994464000 0 0 0 0
994456800 0 0 0 0
994449600 0 0 0 0
994442400 0 0 0 0
994435200 0 0 0 0
994428000 0 0 0 0
994420800 0 0 0 0
994413600 0 0 0 0
994406400 0 0 0 0
994399200 0 0 0 0
994392000 0 0 0 0
994384800 0 0 0 0
994377600 0 0 0 0
994370400 0 0 0 0
994363200 0 0 0 0
994356000 0 0 0 0
994348800 0 0 0 0
994341600 0 0 0 0
994334400 0 0 0 0
994327200 0 0 0 0
994320000 0 0 0 0
994312800 0 0 0 0
994305600 0 0 0 0
994298400 0 0 0 0
994291200 0 0 0 0
994284000 0 0 0 0
994276800 0 0 0 0
994269600 0 0 0 0
994262400 0 0 0 0
994255200 0 0 0 0
994248000 0 0 0 0
994240800 0 0 0 0
994233600 0 0 0 0
994226400 0 0 0 0
994219200 0 0 0 0
994212000 0 0 0 0
994204800 0 0 0 0
994197600 0 0 0 0
994190400 0 0 0 0
994183200 0 0 0 0
994176000 0 0 0 0
994168800 0 0 0 0
994161600 0 0 0 0
994154400 0 0 0 0
994147200 0 0 0 0
994140000 0 0 0 0
994132800 0 0 0 0
994125600 0 0 0 0
994118400 0 0 0 0
994111200 0 0 0 0
994104000 0 0 0 0
994096800 0 0 0 0
994089600 0 0 0 0
994082400 0 0 0 0
994075200 0 0 0 0
994068000 0 0 0 0
994060800 0 0 0 0
994053600 0 0 0 0
994046400 0 0 0 0
994039200 0 0 0 0
994032000 0 0 0 0
994024800 0 0 0 0
994017600 0 0 0 0
994010400 0 0 0 0
994003200 0 0 0 0
993996000 0 0 0 0
993988800 0 0 0 0
993981600 0 0 0 0
993974400 0 0 0 0
993967200 0 0 0 0
993960000 0 0 0 0
993952800 0 0 0 0
993945600 0 0 0 0
993938400 0 0 0 0
993931200 0 0 0 0
993924000 0 0 0 0
993916800 0 0 0 0
993909600 0 0 0 0
993902400 0 0 0 0
993895200 0 0 0 0
993888000 0 0 0 0
993880800 0 0 0 0
993873600 0 0 0 0
993866400 0 0 0 0
993859200 0 0 0 0
993852000 0 0 0 0
993844800 0 0 0 0
993837600 0 0 0 0
993830400 0 0 0 0
993823200 0 0 0 0
993816000 0 0 0 0
993808800 0 0 0 0
993801600 0 0 0 0
993794400 0 0 0 0
993787200 0 0 0 0
993780000 0 0 0 0
993772800 0 0 0 0
993765600 0 0 0 0
993758400 0 0 0 0
993751200 0 0 0 0
993744000 0 0 0 0
993736800 0 0 0 0
993729600 0 0 0 0
993722400 0 0 0 0
993715200 0 0 0 0
993708000 0 0 0 0
993700800 0 0 0 0
993693600 0 0 0 0
993686400 0 0 0 0
993679200 0 0 0 0
993672000 0 0 0 0
993664800 0 0 0 0
993657600 0 0 0 0
993650400 0 0 0 0
993643200 0 0 0 0
993636000 0 0 0 0
993628800 0 0 0 0
993621600 0 0 0 0
993614400 0 0 0 0
993607200 0 0 0 0
993600000 0 0 0 0
993592800 0 0 0 0
993585600 0 0 0 0
993578400 0 0 0 0
993571200 0 0 0 0
993564000 0 0 0 0
993556800 0 0 0 0
993549600 0 0 0 0
993542400 0 0 0 0
993535200 0 0 0 0
993528000 0 0 0 0
993520800 0 0 0 0
993513600 0 0 0 0
993506400 0 0 0 0
993499200 0 0 0 0
993492000 0 0 0 0
993484800 0 0 0 0
993477600 0 0 0 0
993470400 0 0 0 0
993463200 0 0 0 0
993427200 0 0 0 0
993340800 0 0 0 0
993254400 0 0 0 0
993168000 0 0 0 0
993081600 0 0 0 0
992995200 0 0 0 0
992908800 0 0 0 0
992822400 0 0 0 0
992736000 0 0 0 0
992649600 0 0 0 0
992563200 0 0 0 0
992476800 0 0 0 0
992390400 0 0 0 0
992304000 0 0 0 0
992217600 0 0 0 0
992131200 0 0 0 0
992044800 0 0 0 0
991958400 0 0 0 0
991872000 0 0 0 0
991785600 0 0 0 0
991699200 0 0 0 0
991612800 0 0 0 0
991526400 0 0 0 0
991440000 0 0 0 0
991353600 0 0 0 0
991267200 0 0 0 0
991180800 0 0 0 0
991094400 0 0 0 0
991008000 0 0 0 0
990921600 0 0 0 0
990835200 0 0 0 0
990748800 0 0 0 0
990662400 0 0 0 0
990576000 0 0 0 0
990489600 0 0 0 0
990403200 0 0 0 0
990316800 0 0 0 0
990230400 0 0 0 0
990144000 0 0 0 0
990057600 0 0 0 0
989971200 0 0 0 0
989884800 0 0 0 0
989798400 0 0 0 0
989712000 0 0 0 0
989625600 0 0 0 0
989539200 0 0 0 0
989452800 0 0 0 0
989366400 0 0 0 0
989280000 0 0 0 0
989193600 0 0 0 0
989107200 0 0 0 0
989020800 0 0 0 0
988934400 0 0 0 0
988848000 0 0 0 0
988761600 0 0 0 0
988675200 0 0 0 0
988588800 0 0 0 0
988502400 0 0 0 0
988416000 0 0 0 0
988329600 0 0 0 0
988243200 0 0 0 0
988156800 0 0 0 0
988070400 0 0 0 0
987984000 0 0 0 0
987897600 0 0 0 0
987811200 0 0 0 0
987724800 0 0 0 0
987638400 0 0 0 0
987552000 0 0 0 0
987465600 0 0 0 0
987379200 0 0 0 0
987292800 0 0 0 0
987206400 0 0 0 0
987120000 0 0 0 0
987033600 0 0 0 0
986947200 0 0 0 0
986860800 0 0 0 0
986774400 0 0 0 0
986688000 0 0 0 0
986601600 0 0 0 0
986515200 0 0 0 0
986428800 0 0 0 0
986342400 0 0 0 0
986256000 0 0 0 0
986169600 0 0 0 0
986083200 0 0 0 0
985996800 0 0 0 0
985910400 0 0 0 0
985824000 0 0 0 0
985737600 0 0 0 0
985651200 0 0 0 0
985564800 0 0 0 0
985478400 0 0 0 0
985392000 0 0 0 0
985305600 0 0 0 0
985219200 0 0 0 0
985132800 0 0 0 0
985046400 0 0 0 0
984960000 0 0 0 0
984873600 0 0 0 0
984787200 0 0 0 0
984700800 0 0 0 0
984614400 0 0 0 0
984528000 0 0 0 0
984441600 0 0 0 0
984355200 0 0 0 0
984268800 0 0 0 0
984182400 0 0 0 0
984096000 0 0 0 0
984009600 0 0 0 0
983923200 0 0 0 0
983836800 0 0 0 0
983750400 0 0 0 0
983664000 0 0 0 0
983577600 0 0 0 0
983491200 0 0 0 0
983404800 0 0 0 0
983318400 0 0 0 0
983232000 0 0 0 0
983145600 0 0 0 0
983059200 0 0 0 0
982972800 0 0 0 0
982886400 0 0 0 0
982800000 0 0 0 0
982713600 0 0 0 0
982627200 0 0 0 0
982540800 0 0 0 0
982454400 0 0 0 0
982368000 0 0 0 0
982281600 0 0 0 0
982195200 0 0 0 0
982108800 0 0 0 0
982022400 0 0 0 0
981936000 0 0 0 0
981849600 0 0 0 0
981763200 0 0 0 0
981676800 0 0 0 0
981590400 0 0 0 0
981504000 0 0 0 0
981417600 0 0 0 0
981331200 0 0 0 0
981244800 0 0 0 0
981158400 0 0 0 0
981072000 0 0 0 0
980985600 0 0 0 0
980899200 0 0 0 0
980812800 0 0 0 0
980726400 0 0 0 0
980640000 0 0 0 0
980553600 0 0 0 0
980467200 0 0 0 0
980380800 0 0 0 0
980294400 0 0 0 0
980208000 0 0 0 0
980121600 0 0 0 0
980035200 0 0 0 0
979948800 0 0 0 0
979862400 0 0 0 0
979776000 0 0 0 0
979689600 0 0 0 0
979603200 0 0 0 0
979516800 0 0 0 0
979430400 0 0 0 0
979344000 0 0 0 0
979257600 0 0 0 0
979171200 0 0 0 0
979084800 0 0 0 0
978998400 0 0 0 0
978912000 0 0 0 0
978825600 0 0 0 0
978739200 0 0 0 0
978652800 0 0 0 0
978566400 0 0 0 0
978480000 0 0 0 0
978393600 0 0 0 0
978307200 0 0 0 0
978220800 0 0 0 0
978134400 0 0 0 0
978048000 0 0 0 0
977961600 0 0 0 0
977875200 0 0 0 0
977788800 0 0 0 0
977702400 0 0 0 0
977616000 0 0 0 0
977529600 0 0 0 0
977443200 0 0 0 0
977356800 0 0 0 0
977270400 0 0 0 0
977184000 0 0 0 0
977097600 0 0 0 0
977011200 0 0 0 0
976924800 0 0 0 0
976838400 0 0 0 0
976752000 0 0 0 0
976665600 0 0 0 0
976579200 0 0 0 0
976492800 0 0 0 0
976406400 0 0 0 0
976320000 0 0 0 0
976233600 0 0 0 0
976147200 0 0 0 0
976060800 0 0 0 0
975974400 0 0 0 0
975888000 0 0 0 0
975801600 0 0 0 0
975715200 0 0 0 0
975628800 0 0 0 0
975542400 0 0 0 0
975456000 0 0 0 0
975369600 0 0 0 0
975283200 0 0 0 0
975196800 0 0 0 0
975110400 0 0 0 0
975024000 0 0 0 0
974937600 0 0 0 0
974851200 0 0 0 0
974764800 0 0 0 0
974678400 0 0 0 0
974592000 0 0 0 0
974505600 0 0 0 0
974419200 0 0 0 0
974332800 0 0 0 0
974246400 0 0 0 0
974160000 0 0 0 0
974073600 0 0 0 0
973987200 0 0 0 0
973900800 0 0 0 0
973814400 0 0 0 0
973728000 0 0 0 0
973641600 0 0 0 0
973555200 0 0 0 0
973468800 0 0 0 0
973382400 0 0 0 0
973296000 0 0 0 0
973209600 0 0 0 0
973123200 0 0 0 0
973036800 0 0 0 0
972950400 0 0 0 0
972864000 0 0 0 0
972777600 0 0 0 0
972691200 0 0 0 0
972604800 0 0 0 0
972518400 0 0 0 0
972432000 0 0 0 0
972345600 0 0 0 0
972259200 0 0 0 0
972172800 0 0 0 0
972086400 0 0 0 0
972000000 0 0 0 0
971913600 0 0 0 0
971827200 0 0 0 0
971740800 0 0 0 0
971654400 0 0 0 0
971568000 0 0 0 0
971481600 0 0 0 0
971395200 0 0 0 0
971308800 0 0 0 0
971222400 0 0 0 0
971136000 0 0 0 0
971049600 0 0 0 0
970963200 0 0 0 0
970876800 0 0 0 0
970790400 0 0 0 0
970704000 0 0 0 0
970617600 0 0 0 0
970531200 0 0 0 0
970444800 0 0 0 0
970358400 0 0 0 0
970272000 0 0 0 0
970185600 0 0 0 0
970099200 0 0 0 0
970012800 0 0 0 0
969926400 0 0 0 0
969840000 0 0 0 0
969753600 0 0 0 0
969667200 0 0 0 0
969580800 0 0 0 0
969494400 0 0 0 0
969408000 0 0 0 0
969321600 0 0 0 0
969235200 0 0 0 0
969148800 0 0 0 0
969062400 0 0 0 0
968976000 0 0 0 0
968889600 0 0 0 0
968803200 0 0 0 0
968716800 0 0 0 0
968630400 0 0 0 0
968544000 0 0 0 0
968457600 0 0 0 0
968371200 0 0 0 0
968284800 0 0 0 0
968198400 0 0 0 0
968112000 0 0 0 0
968025600 0 0 0 0
967939200 0 0 0 0
967852800 0 0 0 0
967766400 0 0 0 0
967680000 0 0 0 0
967593600 0 0 0 0
967507200 0 0 0 0
967420800 0 0 0 0
967334400 0 0 0 0
967248000 0 0 0 0
967161600 0 0 0 0
967075200 0 0 0 0
966988800 0 0 0 0
966902400 0 0 0 0
966816000 0 0 0 0
966729600 0 0 0 0
966643200 0 0 0 0
966556800 0 0 0 0
966470400 0 0 0 0
966384000 0 0 0 0
966297600 0 0 0 0
966211200 0 0 0 0
966124800 0 0 0 0
966038400 0 0 0 0
965952000 0 0 0 0
965865600 0 0 0 0
965779200 0 0 0 0
965692800 0 0 0 0
965606400 0 0 0 0
965520000 0 0 0 0
965433600 0 0 0 0
965347200 0 0 0 0
965260800 0 0 0 0
965174400 0 0 0 0
965088000 0 0 0 0
965001600 0 0 0 0
964915200 0 0 0 0
964828800 0 0 0 0
964742400 0 0 0 0
964656000 0 0 0 0
964569600 0 0 0 0
964483200 0 0 0 0
964396800 0 0 0 0
964310400 0 0 0 0
964224000 0 0 0 0
964137600 0 0 0 0
964051200 0 0 0 0
963964800 0 0 0 0
963878400 0 0 0 0
963792000 0 0 0 0
963705600 0 0 0 0
963619200 0 0 0 0
963532800 0 0 0 0
963446400 0 0 0 0
963360000 0 0 0 0
963273600 0 0 0 0
963187200 0 0 0 0
963100800 0 0 0 0
963014400 0 0 0 0
962928000 0 0 0 0
962841600 0 0 0 0
962755200 0 0 0 0
962668800 0 0 0 0
962582400 0 0 0 0
962496000 0 0 0 0
962409600 0 0 0 0
962323200 0 0 0 0
962236800 0 0 0 0
962150400 0 0 0 0
962064000 0 0 0 0
961977600 0 0 0 0
961891200 0 0 0 0
961804800 0 0 0 0
961718400 0 0 0 0
961632000 0 0 0 0
961545600 0 0 0 0
961459200 0 0 0 0
961372800 0 0 0 0
961286400 0 0 0 0
961200000 0 0 0 0
961113600 0 0 0 0
961027200 0 0 0 0
960940800 0 0 0 0
960854400 0 0 0 0
960768000 0 0 0 0
960681600 0 0 0 0
960595200 0 0 0 0
960508800 0 0 0 0
960422400 0 0 0 0
960336000 0 0 0 0
960249600 0 0 0 0
960163200 0 0 0 0
960076800 0 0 0 0
959990400 0 0 0 0
959904000 0 0 0 0
959817600 0 0 0 0
959731200 0 0 0 0
959644800 0 0 0 0
959558400 0 0 0 0
959472000 0 0 0 0
959385600 0 0 0 0
959299200 0 0 0 0
959212800 0 0 0 0
959126400 0 0 0 0
959040000 0 0 0 0
958953600 0 0 0 0
958867200 0 0 0 0
958780800 0 0 0 0
958694400 0 0 0 0
958608000 0 0 0 0
958521600 0 0 0 0
958435200 0 0 0 0
958348800 0 0 0 0
958262400 0 0 0 0
958176000 0 0 0 0
958089600 0 0 0 0
958003200 0 0 0 0
957916800 0 0 0 0
957830400 0 0 0 0
957744000 0 0 0 0
957657600 0 0 0 0
957571200 0 0 0 0
957484800 0 0 0 0
957398400 0 0 0 0
957312000 0 0 0 0
957225600 0 0 0 0
957139200 0 0 0 0
957052800 0 0 0 0
956966400 0 0 0 0
956880000 0 0 0 0
956793600 0 0 0 0
956707200 0 0 0 0
956620800 0 0 0 0
956534400 0 0 0 0
956448000 0 0 0 0
956361600 0 0 0 0
956275200 0 0 0 0
956188800 0 0 0 0
956102400 0 0 0 0
956016000 0 0 0 0
955929600 0 0 0 0
955843200 0 0 0 0
955756800 0 0 0 0
955670400 0 0 0 0
955584000 0 0 0 0
955497600 0 0 0 0
955411200 0 0 0 0
955324800 0 0 0 0
955238400 0 0 0 0
955152000 0 0 0 0
955065600 0 0 0 0
954979200 0 0 0 0
954892800 0 0 0 0
954806400 0 0 0 0
954720000 0 0 0 0
954633600 0 0 0 0
954547200 0 0 0 0
954460800 0 0 0 0
954374400 0 0 0 0
954288000 0 0 0 0
954201600 0 0 0 0
954115200 0 0 0 0
954028800 0 0 0 0
953942400 0 0 0 0
953856000 0 0 0 0
953769600 0 0 0 0
953683200 0 0 0 0
953596800 0 0 0 0
953510400 0 0 0 0
953424000 0 0 0 0
953337600 0 0 0 0
953251200 0 0 0 0
953164800 0 0 0 0
953078400 0 0 0 0
952992000 0 0 0 0
952905600 0 0 0 0
952819200 0 0 0 0
952732800 0 0 0 0
952646400 0 0 0 0
952560000 0 0 0 0
952473600 0 0 0 0
952387200 0 0 0 0
952300800 0 0 0 0
952214400 0 0 0 0
952128000 0 0 0 0
952041600 0 0 0 0
951955200 0 0 0 0
951868800 0 0 0 0
951782400 0 0 0 0
951696000 0 0 0 0
951609600 0 0 0 0
951523200 0 0 0 0
951436800 0 0 0 0
951350400 0 0 0 0
951264000 0 0 0 0
951177600 0 0 0 0
951091200 0 0 0 0
951004800 0 0 0 0
950918400 0 0 0 0
950832000 0 0 0 0
950745600 0 0 0 0
950659200 0 0 0 0
950572800 0 0 0 0
950486400 0 0 0 0
950400000 0 0 0 0
950313600 0 0 0 0
950227200 0 0 0 0
950140800 0 0 0 0
950054400 0 0 0 0
949968000 0 0 0 0
949881600 0 0 0 0
949795200 0 0 0 0
949708800 0 0 0 0
949622400 0 0 0 0
949536000 0 0 0 0
949449600 0 0 0 0
949363200 0 0 0 0
949276800 0 0 0 0
949190400 0 0 0 0
949104000 0 0 0 0
949017600 0 0 0 0
948931200 0 0 0 0
948844800 0 0 0 0
948758400 0 0 0 0
948672000 0 0 0 0
948585600 0 0 0 0
948499200 0 0 0 0
948412800 0 0 0 0
948326400 0 0 0 0
948240000 0 0 0 0
948153600 0 0 0 0
948067200 0 0 0 0
947980800 0 0 0 0
947894400 0 0 0 0
947808000 0 0 0 0
947721600 0 0 0 0
947635200 0 0 0 0
947548800 0 0 0 0
947462400 0 0 0 0
947376000 0 0 0 0
947289600 0 0 0 0
947203200 0 0 0 0
947116800 0 0 0 0
947030400 0 0 0 0
946944000 0 0 0 0
946857600 0 0 0 0
946771200 0 0 0 0
946684800 0 0 0 0
946598400 0 0 0 0
946512000 0 0 0 0
946425600 0 0 0 0
946339200 0 0 0 0
946252800 0 0 0 0
946166400 0 0 0 0
946080000 0 0 0 0
945993600 0 0 0 0
945907200 0 0 0 0
945820800 0 0 0 0
945734400 0 0 0 0
945648000 0 0 0 0
945561600 0 0 0 0
945475200 0 0 0 0
945388800 0 0 0 0
945302400 0 0 0 0
945216000 0 0 0 0
945129600 0 0 0 0
945043200 0 0 0 0
944956800 0 0 0 0
944870400 0 0 0 0
944784000 0 0 0 0
944697600 0 0 0 0
944611200 0 0 0 0
944524800 0 0 0 0
944438400 0 0 0 0
944352000 0 0 0 0
944265600 0 0 0 0
944179200 0 0 0 0
944092800 0 0 0 0
944006400 0 0 0 0
943920000 0 0 0 0
943833600 0 0 0 0
943747200 0 0 0 0
943660800 0 0 0 0
943574400 0 0 0 0
943488000 0 0 0 0
943401600 0 0 0 0
943315200 0 0 0 0
943228800 0 0 0 0
943142400 0 0 0 0
943056000 0 0 0 0
942969600 0 0 0 0
942883200 0 0 0 0
942796800 0 0 0 0
942710400 0 0 0 0
942624000 0 0 0 0
942537600 0 0 0 0
942451200 0 0 0 0
942364800 0 0 0 0
942278400 0 0 0 0
942192000 0 0 0 0
942105600 0 0 0 0
942019200 0 0 0 0
941932800 0 0 0 0
941846400 0 0 0 0
941760000 0 0 0 0
941673600 0 0 0 0
941587200 0 0 0 0
941500800 0 0 0 0
941414400 0 0 0 0
941328000 0 0 0 0
941241600 0 0 0 0
941155200 0 0 0 0
941068800 0 0 0 0
940982400 0 0 0 0
940896000 0 0 0 0
940809600 0 0 0 0
940723200 0 0 0 0
940636800 0 0 0 0
940550400 0 0 0 0
940464000 0 0 0 0
940377600 0 0 0 0
940291200 0 0 0 0
940204800 0 0 0 0
940118400 0 0 0 0
940032000 0 0 0 0
939945600 0 0 0 0
939859200 0 0 0 0
939772800 0 0 0 0
939686400 0 0 0 0
939600000 0 0 0 0
939513600 0 0 0 0
939427200 0 0 0 0
939340800 0 0 0 0
939254400 0 0 0 0
939168000 0 0 0 0
939081600 0 0 0 0
938995200 0 0 0 0
938908800 0 0 0 0
938822400 0 0 0 0
938736000 0 0 0 0
938649600 0 0 0 0
938563200 0 0 0 0
938476800 0 0 0 0
938390400 0 0 0 0
938304000 0 0 0 0
938217600 0 0 0 0
938131200 0 0 0 0
938044800 0 0 0 0
937958400 0 0 0 0
937872000 0 0 0 0
937785600 0 0 0 0
937699200 0 0 0 0
937612800 0 0 0 0
937526400 0 0 0 0
937440000 0 0 0 0
937353600 0 0 0 0
937267200 0 0 0 0
937180800 0 0 0 0
937094400 0 0 0 0
937008000 0 0 0 0
936921600 0 0 0 0
936835200 0 0 0 0
936748800 0 0 0 0
936662400 0 0 0 0
936576000 0 0 0 0
936489600 0 0 0 0
936403200 0 0 0 0
936316800 0 0 0 0
936230400 0 0 0 0
936144000 0 0 0 0
936057600 0 0 0 0
935971200 0 0 0 0
935884800 0 0 0 0
935798400 0 0 0 0
935712000 0 0 0 0
935625600 0 0 0 0
935539200 0 0 0 0
935452800 0 0 0 0
935366400 0 0 0 0
935280000 0 0 0 0
935193600 0 0 0 0
935107200 0 0 0 0
935020800 0 0 0 0
934934400 0 0 0 0
934848000 0 0 0 0
934761600 0 0 0 0
934675200 0 0 0 0
934588800 0 0 0 0
934502400 0 0 0 0
934416000 0 0 0 0
934329600 0 0 0 0
934243200 0 0 0 0
934156800 0 0 0 0
934070400 0 0 0 0
933984000 0 0 0 0
933897600 0 0 0 0
933811200 0 0 0 0
933724800 0 0 0 0
933638400 0 0 0 0
933552000 0 0 0 0
933465600 0 0 0 0
933379200 0 0 0 0
933292800 0 0 0 0
933206400 0 0 0 0
933120000 0 0 0 0
933033600 0 0 0 0
932947200 0 0 0 0
932860800 0 0 0 0
932774400 0 0 0 0
932688000 0 0 0 0
932601600 0 0 0 0
932515200 0 0 0 0
932428800 0 0 0 0
932342400 0 0 0 0
932256000 0 0 0 0
932169600 0 0 0 0
932083200 0 0 0 0
931996800 0 0 0 0
931910400 0 0 0 0
931824000 0 0 0 0
931737600 0 0 0 0
931651200 0 0 0 0
931564800 0 0 0 0
931478400 0 0 0 0
931392000 0 0 0 0
931305600 0 0 0 0
931219200 0 0 0 0
931132800 0 0 0 0
931046400 0 0 0 0
930960000 0 0 0 0
930873600 0 0 0 0
930787200 0 0 0 0
930700800 0 0 0 0
930614400 0 0 0 0
930528000 0 0 0 0
930441600 0 0 0 0
930355200 0 0 0 0
930268800 0 0 0 0
