999043749 1381091829 968063811
999043749 100 105 100 105
999043444 98 103 98 103
999043200 98 103 98 103
999042900 94 101 98 103
999042600 99 104 101 105
999042300 96 101 101 105
999042000 97 104 98 105
999041700 95 101 98 105
999041400 100 104 102 105
999041100 97 102 102 105
999040800 101 104 103 105
999040500 93 101 103 105
999040200 101 104 103 105
999039900 98 102 103 105
999039600 97 102 97 102
999039300 96 100 97 102
999039000 97 104 98 105
999038700 95 104 98 105
999038400 99 104 100 105
999038100 97 101 100 105
999037800 101 105 103 107
999037500 98 102 103 107
999037200 100 104 101 105
999036900 95 101 101 105
999036600 98 104 100 105
999036300 99 103 100 105
999036000 99 103 99 103
999035700 97 101 99 103
999035400 98 103 99 104
999035100 99 100 99 104
999034800 99 103 100 104
999034500 96 102 100 104
999034200 99 103 100 104
999033900 95 101 100 104
999033600 100 104 102 105
999033300 96 101 102 105
999033000 99 104 101 105
999032700 99 102 101 105
999032400 99 102 99 102
999032100 98 102 99 102
999031800 99 103 100 104
999031500 100 101 100 104
999031200 102 104 103 105
999030900 97 101 103 105
999030600 98 102 99 103
999030300 95 101 99 103
999030000 100 104 102 105
999029700 99 102 102 105
999029400 101 104 102 105
999029100 97 103 102 105
999028800 97 103 97 103
999028500 96 101 97 103
999028200 103 104 105 105
999027900 100 102 105 105
999027600 103 104 104 105
999027300 96 101 104 105
999027000 102 104 104 105
999026700 99 102 104 105
999026400 100 104 101 105
999026100 96 100 101 105
999025800 105 106 107 108
999025500 100 103 107 108
999025200 99 102 99 102
999024900 98 101 99 102
999024600 103 103 105 104
999024300 102 102 105 104
999024000 102 104 103 105
999023700 98 101 103 105
999023400 102 104 103 105
999023100 98 102 103 105
999022800 101 103 102 104
999022500 97 102 102 104
999022200 101 104 103 105
999021900 99 101 103 105
999021600 99 101 99 101
999021300 99 101 99 101
999021000 104 104 105 105
999020700 100 102 105 105
999020400 109 104 112 105
999020100 100 101 112 105
999019800 103 104 105 105
999019500 100 104 105 105
999019200 101 104 102 105
999018900 97 102 102 105
999018600 104 104 106 105
999018300 105 103 106 105
999018000 105 103 105 103
999017700 98 102 105 103
999017400 99 104 100 105
999017100 97 100 100 105
999016800 101 103 102 105
999016500 96 101 102 105
999016200 101 104 103 105
999015900 98 102 103 105
999015600 103 104 105 105
999015300 98 102 105 105
999015000 98 104 99 105
999014700 100 103 101 105
999014400 101 103 101 103
999014100 96 102 101 103
999013800 104 104 106 105
999013500 105 101 106 105
999013200 104 104 105 105
999012900 99 101 104 105
999012600 103 102 105 103
999012300 102 101 105 103
999012000 102 103 103 104
999011700 97 102 103 104
999011400 100 104 102 105
999011100 98 102 102 105
999010800 98 102 98 102
999010500 99 101 100 102
999010200 102 104 103 105
999009900 95 101 103 105
999009600 103 104 106 105
999009300 114 109 116 110
999009000 101 105 116 110
999008700 99 103 99 105
999008400 102 104 103 105
999008100 97 99 103 105
999007800 100 103 101 105
999007500 98 102 101 105
999007200 98 102 98 102
999006900 98 101 99 102
999006600 100 104 101 105
999006300 99 101 101 105
999006000 102 104 103 105
999005700 98 101 103 105
999005400 101 103 102 104
999005100 98 102 102 104
999004800 107 104 110 105
999004500 100 101 110 105
999004200 104 104 106 105
999003900 101 101 106 105
999003600 100 101 100 101
999003300 97 101 100 102
999003000 101 103 102 104
999002700 98 102 102 104
999002400 103 105 105 106
999002100 98 101 105 106
999001800 101 103 102 104
999001500 102 102 103 104
999001200 104 104 105 105
999000900 100 101 105 105
999000600 102 104 103 105
999000300 99 103 103 105
999000000 99 103 99 103
998999700 100 101 101 103
998999400 101 103 102 104
998999100 97 99 102 104
998998800 99 103 100 105
998998500 97 101 100 105
998998200 106 104 108 105
998997900 101 101 108 105
998997600 102 104 103 105
998997300 99 101 103 105
998997000 103 104 104 105
998996700 99 102 104 105
998996400 99 102 99 102
998996100 97 101 99 102
998995800 101 103 102 104
998995500 98 101 102 104
998995200 104 104 106 105
998994900 101 101 106 105
998994600 102 102 103 103
998994300 102 102 103 103
998994000 92 102 102 102
998993700 90 102 90 102
998993400 95 105 97 106
998993100 100 103 101 106
998992800 101 103 101 103
998992500 97 101 101 103
998992200 104 104 106 105
998991900 99 102 106 105
998991600 102 104 103 105
998991300 98 101 103 105
998991000 101 103 102 104
998990700 98 102 102 104
998990400 104 103 106 104
998990100 101 99 106 104
998989800 103 103 104 105
998989500 105 107 106 108
998989200 106 108 106 108
998988900 98 102 106 108
998988600 100 104 101 105
998988300 96 101 101 105
998988000 100 104 102 105
998987700 97 102 102 105
998987400 99 104 100 105
998987100 97 101 100 105
998986800 102 104 104 105
998986500 97 102 104 105
998986200 103 104 105 105
998985900 102 102 105 105
998985600 102 102 102 102
998985300 99 101 102 102
998985000 102 104 103 105
998984700 100 101 103 105
998984400 100 104 101 105
998984100 98 101 101 105
998983800 103 104 105 105
998983500 104 101 105 105
998983200 108 104 109 105
998982900 99 101 109 105
998982600 102 106 104 108
998982300 102 103 104 108
998982000 102 102 102 102
998981700 99 101 102 102
998981400 103 105 104 106
998981100 99 100 104 106
998980800 103 103 104 105
998980500 101 102 104 105
998980200 101 103 101 104
998979900 98 102 101 104
998979600 99 104 100 105
998979300 96 101 100 105
998979000 101 104 103 105
998978700 103 102 103 105
998978400 103 102 103 102
998978100 97 101 103 102
998977800 100 104 101 105
998977500 103 102 104 105
998977200 101 104 104 105
998976900 91 101 101 105
998976600 98 101 100 102
998976300 101 102 102 102
998976000 102 104 102 105
998975700 96 101 102 105
998975400 99 104 100 105
998975100 99 103 100 105
998974800 99 103 99 103
998974500 96 102 99 103
998974200 102 104 104 105
998973900 98 102 104 105
998973600 106 104 109 105
998973300 98 102 109 105
998973000 100 104 101 105
998972700 98 102 101 105
998972400 99 104 100 105
998972100 95 99 100 105
998971800 106 108 109 111
998971500 105 109 109 111
998971200 105 109 105 109
998970900 95 102 105 109
998970600 97 104 99 105
998970300 99 102 100 105
998970000 103 103 104 104
998969700 96 101 104 104
998969400 104 104 107 105
998969100 98 102 107 105
998968800 101 104 103 105
998968500 98 101 103 105
998968200 101 104 102 105
998967900 100 101 102 105
998967600 100 101 100 101
998967300 98 101 100 101
998967000 99 104 100 105
998966700 97 101 100 105
998966400 100 104 101 105
998966100 94 102 101 105
998965800 98 103 100 104
998965500 100 102 100 104
998965200 102 104 103 105
998964900 98 101 103 105
998964600 100 104 101 105
998964300 99 103 101 105
998964000 99 103 99 103
998963700 96 102 99 103
998963400 99 103 100 104
998963100 96 100 100 104
998962800 96 104 96 105
998962500 96 101 96 105
998962200 100 103 101 104
998961900 96 101 101 104
998961600 100 104 102 105
998961300 97 102 102 105
998961000 100 104 101 105
998960700 98 102 101 105
998960400 98 102 98 102
998960100 95 101 98 102
998959800 96 104 97 105
998959500 96 101 97 105
998959200 97 104 98 105
998958900 95 101 98 105
998958600 97 101 98 102
998958300 99 102 100 102
998958000 99 103 100 104
998957700 98 101 99 104
998957400 98 103 99 104
998957100 99 103 100 104
998956800 100 103 100 103
998956500 93 101 100 103
998956200 99 104 101 105
998955900 94 102 101 105
998955600 97 104 99 105
998955300 93 101 99 105
998955000 98 104 100 105
998954700 95 101 100 105
998954400 100 104 102 105
998954100 97 100 102 105
998953800 101 103 103 105
998953500 100 103 103 105
998953200 100 103 100 103
998952900 98 101 100 103
998952600 103 104 105 105
998952300 97 102 105 105
998952000 100 105 101 106
998951700 96 102 101 106
998951400 103 105 105 106
998951100 97 102 105 106
998950800 100 103 101 104
998950500 96 101 101 104
998950200 100 104 102 105
998949900 97 101 102 105
998949600 97 101 97 101
998949300 98 101 99 101
998949000 103 104 105 105
998948700 97 101 105 105
998948400 102 104 104 105
998948100 99 102 104 105
998947800 101 104 102 105
998947500 110 109 112 111
998947200 107 106 112 111
998946900 96 101 106 106
998946600 99 104 101 105
998946300 101 102 101 105
998946000 101 102 101 102
998945700 101 102 102 102
998945400 106 103 108 104
998945100 102 100 108 104
998944800 101 104 102 105
998944500 100 101 102 105
998944200 101 104 102 105
998943900 97 101 102 105
998943600 100 104 101 105
998943300 99 101 101 105
998943000 102 104 103 105
998942700 100 103 103 105
998942400 100 103 100 103
998942100 100 101 101 103
998941800 104 105 105 106
998941500 97 102 105 106
998941200 100 104 101 105
998940900 97 100 101 105
998940600 102 102 104 103
998940300 99 102 104 103
998940000 103 104 105 105
998939700 99 101 105 105
998939400 103 106 105 108
998939100 100 103 105 108
998938800 100 102 100 102
998938500 95 101 100 102
998938200 100 104 102 105
998937900 101 102 102 105
998937600 101 104 102 105
998937300 97 101 102 105
998937000 103 104 105 105
998936700 99 101 105 105
998936400 103 103 105 104
998936100 100 99 105 104
998935800 101 103 102 105
998935500 102 102 103 105
998935200 103 102 103 102
998934900 98 102 103 102
998934600 102 103 103 104
998934300 98 102 103 104
998934000 102 105 103 106
998933700 98 101 103 106
998933400 102 104 103 105
998933100 100 101 103 105
998932800 100 104 101 105
998932500 97 101 101 105
998932200 101 103 103 104
998931900 102 101 103 104
998931600 102 101 102 101
998931300 96 101 102 101
998931000 103 105 105 106
998930700 101 102 105 106
998930400 101 105 102 106
998930100 96 101 102 106
998929800 99 104 101 105
998929500 96 102 101 105
998929200 101 104 103 105
998928900 97 101 103 105
998928600 100 104 101 105
998928300 102 103 103 105
998928000 103 103 103 103
998927700 97 101 103 103
998927400 103 103 105 104
998927100 100 100 105 104
998926800 104 104 106 105
998926500 97 101 106 105
998926200 107 105 110 106
998925900 99 102 110 106
998925600 105 103 107 104
998925300 102 102 107 104
998925000 105 104 106 105
998924700 102 103 106 105
998924400 102 103 102 103
998924100 100 102 102 103
998923800 110 106 113 108
998923500 103 104 113 108
998923200 107 107 108 108
998922900 98 102 108 108
998922600 106 104 109 105
998922300 103 106 109 107
998922000 110 111 112 112
998921700 99 102 112 112
998921400 106 104 108 105
998921100 105 105 108 105
998920800 105 105 105 105
998920500 98 102 105 105
998920200 119 118 124 122
998919900 122 126 124 127
998919600 112 111 122 127
998919300 110 115 111 117
998919000 107 107 110 117
998918700 98 101 107 105
998918400 112 111 116 114
998918100 105 102 116 114
998917800 109 104 111 106
998917500 104 102 111 106
998917200 103 102 103 102
998916900 97 101 103 102
998916600 106 104 109 105
998916300 99 101 109 105
998916000 106 104 108 105
998915700 98 102 108 105
998915400 104 104 106 105
998915100 97 101 106 105
998914800 105 104 107 105
998914500 98 101 107 105
998914200 104 104 106 105
998913900 100 101 106 105
998913600 99 101 99 101
998913300 98 101 99 102
998913000 106 104 108 105
998912700 98 101 108 105
998912400 106 103 108 104
998912100 98 101 108 104
998911800 107 106 109 107
998911500 98 102 109 107
998911200 105 103 107 104
998910900 97 101 107 104
998910600 108 104 111 105
998910300 103 103 111 105
998910000 102 103 102 103
998909700 97 101 102 103
998909400 106 102 108 103
998909100 99 100 108 103
998908800 106 104 108 105
998908500 99 101 108 105
998908200 105 104 107 105
998907900 101 101 107 105
998907600 107 105 109 106
998907300 98 101 109 106
998907000 106 104 109 105
998906700 104 102 109 105
998906400 104 102 104 102
998906100 101 101 104 102
998905800 110 104 112 105
998905500 99 101 112 105
998905200 107 104 110 105
998904900 103 100 110 105
998904600 107 104 108 105
998904300 99 101 108 105
998904000 105 104 107 105
998903700 99 102 107 105
998903400 107 104 110 105
998903100 105 107 110 108
998902800 104 108 104 108
998902500 100 102 104 108
998902200 106 104 108 105
998901900 98 101 108 105
998901600 105 104 107 105
998901300 98 101 107 105
998901000 106 104 108 105
998900700 98 101 108 105
998900400 106 103 109 104
998900100 100 101 109 104
998899800 105 104 107 105
998899500 102 102 107 105
998899200 102 102 102 102
998898900 98 101 102 102
998898600 106 104 108 105
998898300 99 102 108 105
998898000 106 104 108 105
998897700 98 101 108 105
998897400 106 104 109 105
998897100 99 101 109 105
998896800 105 104 107 105
998896500 99 101 107 105
998896200 107 107 110 109
998895900 103 102 110 109
998895600 102 101 102 101
998895300 98 101 102 102
998895000 102 104 103 105
998894700 98 101 103 105
998894400 109 104 112 105
998894100 100 101 112 105
998893800 107 104 110 105
998893500 103 101 110 105
998893200 104 104 105 105
998892900 92 101 105 105
998892600 102 104 105 105
998892300 101 103 105 105
998892000 101 103 101 103
998891700 97 101 101 103
998891400 104 102 106 103
998891100 100 101 106 103
998890800 104 104 106 105
998890500 98 102 106 105
998890200 105 103 107 104
998889900 97 102 107 104
998889600 105 104 107 105
998889300 97 101 107 105
998889000 104 104 106 105
998888700 102 103 106 105
998888400 102 103 102 103
998888100 94 101 102 103
998887800 107 104 111 105
998887500 99 101 111 105
998887200 104 104 106 105
998886900 101 100 106 105
998886600 106 104 108 105
998886300 99 102 108 105
998886000 106 104 108 105
998885700 99 101 108 105
998885400 105 104 107 105
998885100 103 102 107 105
998884800 103 102 103 102
998884500 101 102 103 103
998884200 105 106 106 107
998883900 98 102 106 107
998883600 102 104 104 105
998883300 99 101 104 105
998883000 104 104 106 105
998882700 101 102 106 105
998882400 105 102 107 103
998882100 98 101 107 103
998881800 107 104 110 105
998881500 102 102 110 105
998881200 101 102 101 102
998880900 95 101 101 102
998880600 103 103 106 104
998880300 100 101 106 104
998880000 103 104 104 105
998879700 98 101 104 105
998879400 106 104 109 105
998879100 97 101 109 105
998878800 103 104 105 105
998878500 95 101 105 105
998878200 103 104 105 105
998877900 95 101 105 105
998877600 93 101 93 101
998877300 94 101 95 102
998877000 99 104 101 105
998876700 96 101 101 105
998876400 100 104 102 105
998876100 96 101 102 105
998875800 100 104 102 105
998875500 95 101 102 105
998875200 98 104 99 105
998874900 97 101 99 105
998874600 99 103 100 104
998874300 98 102 100 104
998874000 98 102 98 102
998873700 93 101 98 102
998873400 100 102 102 103
998873100 16265 448 19576 519
998872800 47436 1088 53143 1205
998872500 54784 1220 55129 1224
998872200 60191 1328 61228 1350
998871900 54264 1265 61228 1350
998871600 9092 323 52838 1248
998871300 104 106 133 134
998871000 100 104 101 105
998870700 96 102 101 105
998870400 96 102 96 102
998870100 96 101 97 102
998869800 95 104 97 105
998869500 90 101 95 105
998869200 99 105 101 106
998868900 93 100 101 106
998868600 93 103 94 104
998868300 92 102 94 104
998868000 95 103 96 104
998867700 96 102 97 104
998867400 97 104 98 105
998867100 96 102 98 105
998866800 96 102 96 102
998866500 96 102 96 102
998866200 96 104 97 105
998865900 92 101 97 105
998865600 96 104 98 105
998865300 93 101 98 105
998865000 97 104 99 105
998864700 95 101 99 105
998864400 100 102 101 103
998864100 98 101 101 103
998863800 102 105 103 106
998863500 98 102 103 106
998863200 96 101 102 105
998861400 98 101 102 105
998859600 96 101 99 105
998857800 97 102 103 105
998856000 97 101 101 105
998854200 97 102 105 109
998852400 94 101 102 105
998850600 98 102 101 106
998848800 97 101 104 105
998847000 96 101 101 105
998845200 97 101 101 105
998843400 97 101 104 105
998841600 97 101 104 106
998839800 99 101 105 105
998838000 96 101 101 105
998836200 99 102 108 105
998834400 98 101 103 105
998832600 98 101 103 105
998830800 100 101 106 105
998829000 98 101 102 105
998827200 97 101 106 105
998825400 99 101 103 105
998823600 100 101 111 105
998821800 99 101 105 105
998820000 99 101 102 105
998818200 99 102 106 108
998816400 98 103 104 108
998814600 98 101 104 105
998812800 99 101 105 105
998811000 98 101 104 108
998809200 98 101 106 106
998807400 97 101 102 105
998805600 97 101 101 104
998803800 99 102 103 104
998802000 97 102 102 105
998800200 96 102 101 105
998798400 96 101 99 103
998796600 98 102 102 105
998794800 96 102 99 103
998793000 97 102 101 103
998791200 96 102 100 104
998789400 99 102 103 103
998787600 98 101 104 103
998785800 96 102 104 104
998784000 97 101 100 104
998782200 97 102 102 104
998780400 98 102 101 103
998778600 99 102 102 103
998776800 98 102 103 104
998775000 97 101 103 103
998773200 98 102 100 106
998771400 98 101 101 106
998769600 98 102 103 103
998767800 100 102 109 108
998766000 97 101 100 104
998764200 97 102 100 104
998762400 96 102 100 103
998760600 97 102 100 104
998758800 100 102 104 106
998757000 98 102 103 105
998755200 97 102 101 104
998753400 98 101 100 104
998751600 98 101 102 104
998749800 97 102 101 103
998748000 97 101 100 103
998746200 98 103 101 103
998744400 98 101 103 103
998742600 98 102 101 103
998740800 99 102 103 104
998739000 97 101 101 103
998737200 99 102 104 105
998735400 99 101 105 105
998733600 100 102 103 104
998731800 100 103 105 108
998730000 100 103 105 108
998728200 98 102 106 104
998726400 98 102 101 103
998724600 99 102 103 107
998722800 98 102 101 103
998721000 97 102 101 103
998719200 97 102 102 103
998717400 98 101 102 103
998715600 97 102 99 104
998713800 98 102 100 105
998712000 98 101 100 103
998710200 97 103 100 103
998708400 97 102 100 103
998706600 97 102 99 104
998704800 99 102 106 104
998703000 100 102 105 103
998701200 103 102 109 103
998699400 101 101 107 103
998697600 102 102 105 106
998695800 100 102 105 104
998694000 101 101 106 104
998692200 97 103 106 103
998690400 98 101 102 103
998688600 100 102 107 104
998686800 80 102 104 104
998685000 5 101 9 103
998683200 8 102 28 104
998681400 97 102 105 104
998679600 98 102 102 103
998677800 97 102 101 104
998676000 99 102 102 104
998674200 98 103 102 104
998672400 97 102 102 104
998670600 98 103 104 104
998668800 99 103 104 104
998667000 98 102 102 104
998665200 99 103 102 104
998663400 98 102 102 104
998661600 99 102 101 104
998659800 98 103 102 104
998658000 99 102 102 104
998656200 100 103 101 104
998654400 100 101 103 104
998652600 100 103 104 105
998650800 99 103 102 104
998649000 100 102 105 104
998647200 100 103 103 105
998645400 100 103 104 109
998643600 99 104 104 109
998641800 99 102 103 104
998640000 100 102 101 104
998638200 100 103 104 107
998636400 99 102 102 104
998634600 99 102 103 104
998632800 97 102 100 104
998631000 98 102 102 104
998629200 96 103 100 104
998627400 97 102 100 104
998625600 100 103 108 104
998623800 98 103 101 104
998622000 97 102 101 104
998620200 97 103 103 104
998618400 96 102 99 104
998616600 95 103 100 104
998614800 96 103 103 104
998613000 95 102 103 104
998611200 94 102 98 105
998609400 95 102 98 104
998607600 96 103 98 105
998605800 96 102 102 104
998604000 95 102 101 104
998602200 97 103 100 104
998600400 95 101 102 105
998598600 93 103 97 105
998596800 96 103 101 104
998595000 97 102 103 106
998593200 97 103 102 105
998591400 98 102 101 104
998589600 96 103 102 104
998587800 95 103 101 104
998586000 97 102 101 105
998584200 99 103 104 104
998582400 98 102 103 105
998580600 98 103 101 104
998578800 98 103 103 104
998577000 101 101 106 104
998575200 102 103 119 109
998573400 99 101 103 104
998571600 99 103 103 104
998569800 99 102 103 104
998568000 99 101 102 103
998566200 99 102 103 104
998564400 99 102 110 104
998562600 98 103 104 104
998560800 100 103 104 104
998559000 100 102 105 109
998557200 98 104 105 109
998555400 99 103 110 111
998553600 104 104 110 111
998551800 101 103 109 107
998550000 97 101 103 104
998548200 99 103 104 104
998546400 99 101 106 104
998544600 100 103 105 104
998542800 99 103 104 104
998541000 96 101 101 104
998539200 96 103 101 105
998537400 98 102 104 104
998535600 100 103 104 104
998533800 98 102 103 104
998532000 97 102 103 104
998530200 97 103 100 105
998528400 99 102 105 104
998526600 97 102 101 105
998524800 95 102 99 104
998523000 95 101 100 104
998521200 96 103 99 103
998519400 97 101 100 103
998517600 98 103 105 104
998515800 99 102 101 104
998514000 99 102 103 104
998512200 99 103 103 104
998510400 97 102 100 104
998508600 100 103 104 107
998506800 103 103 116 104
998505000 101 102 116 104
998503200 102 103 110 104
998501400 101 102 107 105
998499600 104 103 109 105
998497800 101 103 109 104
998496000 102 102 107 104
998494200 101 103 107 104
998492400 101 102 105 103
998490600 100 103 104 104
998488800 102 102 105 104
998487000 101 102 105 104
998485200 102 103 108 106
998483400 99 102 108 106
998481600 101 103 103 104
998479800 98 102 101 104
998478000 99 102 102 104
998476200 99 103 106 105
998474400 100 102 103 104
998472600 100 103 105 108
998470800 100 103 105 108
998469000 100 102 103 104
998467200 99 103 103 104
998465400 100 102 103 106
998463600 101 102 108 107
998461800 97 102 108 107
998460000 97 102 101 104
998458200 97 103 100 104
998456400 98 102 106 104
998454600 97 103 103 105
998452800 98 102 104 104
998451000 96 102 99 104
998449200 97 103 102 105
998447400 99 102 105 105
998445600 98 103 102 104
998443800 98 102 105 105
998442000 100 101 106 104
998440200 97 103 103 104
998438400 97 101 102 103
998436600 96 103 99 104
998434800 96 103 100 104
998433000 97 102 101 104
998431200 96 103 102 106
998429400 101 102 107 105
998427600 99 103 102 104
998425800 99 102 103 104
998424000 98 102 102 104
998422200 100 103 104 106
998420400 102 104 112 116
998418600 99 103 102 104
998416800 99 103 103 104
998415000 99 102 102 104
998413200 100 103 103 104
998411400 100 102 104 104
998409600 101 103 103 104
998407800 101 102 105 104
998406000 99 102 103 104
998404200 100 103 106 104
998402400 99 101 103 104
998400600 100 103 102 104
998398800 98 102 101 104
998397000 99 102 101 104
998395200 100 103 103 104
998393400 60 101 102 106
998391600 100 102 104 104
998389800 100 103 104 104
998388000 100 102 105 104
998386200 101 104 104 109
998384400 100 103 105 109
998382600 101 103 103 104
998380800 102 103 103 104
998379000 101 102 109 107
998377200 100 103 104 104
998375400 99 101 102 103
998373600 98 103 103 104
998371800 100 102 105 104
998370000 98 102 102 105
998368200 99 103 104 104
998366400 99 102 102 104
998364600 98 103 101 104
998362800 99 103 105 107
998361000 99 102 106 104
998359200 100 103 105 104
998357400 101 103 108 113
998355600 100 104 108 113
998353800 97 102 100 104
998352000 99 102 104 104
998350200 97 103 101 104
998348400 97 102 102 104
998346600 98 103 103 104
998344800 99 102 101 105
998343000 103 103 128 114
998341200 99 103 104 104
998339400 99 102 103 106
998337600 100 103 105 104
998335800 99 103 103 106
998334000 97 101 102 104
998332200 100 102 104 104
998330400 101 102 105 104
998328600 97 103 105 104
998326800 99 102 102 105
998325000 99 102 103 104
998323200 99 102 103 104
998321400 99 101 103 104
998319600 99 103 103 104
998317800 100 102 103 104
998316000 100 102 103 104
998314200 98 103 102 104
998312400 102 101 114 104
998310600 102 103 107 104
998308800 101 101 105 104
998307000 102 102 107 104
998305200 103 103 106 104
998303400 101 102 106 104
998301600 102 103 106 104
998299800 101 103 107 107
998298000 103 103 108 107
998296200 101 103 108 105
998294400 101 102 105 104
998292600 100 103 106 107
998290800 101 101 106 103
998289000 101 102 108 104
998287200 100 102 106 104
998285400 100 102 105 103
998283600 99 103 104 103
998281800 101 102 110 105
998280000 102 102 108 105
998278200 101 103 105 105
998276400 101 102 108 104
998274600 102 103 107 104
998272800 102 102 110 104
998271000 99 103 104 104
998269200 101 103 104 103
998267400 99 102 108 104
998265600 101 103 105 104
998263800 101 103 112 107
998262000 101 102 105 104
998260200 101 103 105 104
998258400 100 102 105 105
998256600 100 103 105 104
998254800 101 102 108 104
998253000 101 103 107 104
998251200 102 103 109 104
998249400 102 103 107 109
998247600 101 103 106 104
998245800 100 102 110 104
998244000 100 102 104 104
998242200 99 102 104 104
998240400 101 101 107 104
998238600 99 103 107 104
998236800 101 102 105 104
998235000 100 102 107 104
998233200 100 102 105 104
998231400 100 102 104 105
998229600 101 102 106 104
998227800 99 101 103 104
998226000 101 103 104 103
998224200 101 103 105 104
998222400 101 101 105 104
998220600 100 102 105 104
998218800 101 101 105 103
998217000 100 102 107 103
998215200 101 102 106 104
998213400 102 102 108 108
998211600 103 103 108 108
998209800 101 101 112 103
998208000 104 102 113 104
998206200 101 102 107 108
998204400 103 101 114 105
998202600 99 101 114 105
998200800 101 101 108 106
998199000 100 101 108 106
998197200 103 102 112 106
998195400 103 103 132 117
998193600 100 102 107 105
998191800 103 101 115 105
998190000 100 102 108 106
998188200 101 101 115 105
998186400 100 101 107 105
998184600 100 101 105 105
998182800 100 101 108 105
998181000 100 102 107 106
998179200 99 102 108 106
998177400 100 101 106 105
998175600 98 101 107 105
998173800 102 103 109 107
998172000 100 101 109 105
998170200 101 101 111 106
998168400 101 101 107 105
998166600 99 101 110 105
998164800 97 102 103 103
998163000 99 103 102 107
998161200 98 102 103 104
998159400 97 102 99 104
998157600 97 102 101 104
998155800 98 102 102 104
998154000 98 102 102 104
998152200 99 102 103 104
998150400 98 102 101 104
998148600 100 103 104 104
998146800 98 101 101 103
998145000 99 102 101 104
998143200 98 102 106 104
998141400 99 101 102 104
998139600 99 102 104 103
998137800 99 101 104 104
998136000 100 102 102 103
998134200 99 102 105 103
998132400 99 101 102 105
998130600 98 102 103 105
998128800 99 102 102 103
998127000 100 103 103 108
998125200 99 103 103 108
998123400 100 101 106 105
998121600 101 101 108 105
998119800 101 102 107 107
998118000 100 102 106 105
998116200 97 101 103 106
998114400 100 101 111 106
998112600 99 101 104 105
998110800 99 101 104 106
998109000 98 102 104 106
998107200 100 102 108 105
998105400 97 101 105 105
998103600 99 101 104 105
998101800 97 101 103 105
998100000 98 101 104 105
998098200 99 102 107 105
998096400 99 101 103 105
998094600 98 101 105 105
998092800 98 102 104 104
998091000 99 102 106 105
998089200 96 101 103 105
998087400 97 102 103 105
998085600 98 101 104 106
998083800 95 101 101 105
998082000 97 101 103 105
998080200 96 101 104 105
998078400 96 100 101 105
998076600 101 102 106 108
998074800 95 101 100 105
998073000 98 102 105 105
998071200 98 101 102 105
998069400 98 101 104 105
998067600 99 101 105 105
998065800 98 101 102 105
998064000 97 101 106 105
998062200 98 101 105 106
998060400 98 101 105 105
998058600 102 104 113 113
998056800 99 101 105 105
998055000 98 101 104 105
998053200 98 101 103 105
998051400 97 101 103 105
998049600 99 101 104 105
998047800 93 101 103 105
998046000 99 101 109 105
998044200 98 101 104 105
998042400 98 101 105 105
998040600 100 102 104 108
998038800 99 102 104 108
998037000 100 101 105 105
998035200 98 101 103 105
998033400 101 102 110 108
998031600 98 102 101 103
998029800 60 103 105 108
998028000 5 103 10 107
998026200 8 105 12 111
998024400 8 105 16 110
998022600 9 105 16 109
998020800 8 105 11 109
998019000 11 106 24 119
998017200 8 106 13 108
998015400 8 104 13 108
998013600 9 104 17 108
998011800 8 103 17 108
998010000 7 105 9 107
998008200 9 104 13 110
998006400 9 104 13 109
998004600 7 105 13 110
998002800 8 105 17 108
998001000 9 105 14 111
997999200 7 103 11 107
997997400 10 105 17 108
997995600 9 105 14 108
997993800 6 104 11 108
997992000 8 104 12 107
997990200 11 106 16 110
997988400 9 104 15 108
997986600 8 105 14 109
997984800 10 105 13 108
997983000 10 105 17 108
997981200 9 104 16 107
997979400 9 104 15 108
997977600 7 105 11 108
997975800 8 104 12 108
997974000 6 105 12 107
997972200 8 105 12 107
997970400 7 104 10 108
997968600 6 104 10 109
997966800 8 104 11 108
997965000 8 105 13 110
997963200 7 104 10 108
997961400 8 105 11 107
997959600 9 106 18 108
997957800 16 104 28 110
997956000 11 105 25 109
997954200 8 106 12 110
997952400 10 106 18 110
997950600 10 105 18 108
997948800 9 104 14 108
997947000 12 103 24 108
997945200 11 97 16 103
997943400 8 97 16 104
997941600 8 95 13 101
997939800 7 98 12 103
997938000 8 97 13 102
997936200 8 96 15 102
997934400 5 98 9 103
997932600 7 99 10 106
997930800 8 97 10 100
997929000 8 98 12 103
997927200 10 98 15 101
997925400 7 98 19 102
997923600 8 97 11 101
997921800 7 98 10 102
997920000 8 98 12 101
997918200 8 97 12 102
997916400 7 98 12 103
997914600 8 98 14 102
997912800 9 97 21 102
997911000 7 98 11 103
997909200 5 102 8 103
997907400 5 102 7 103
997905600 6 102 13 104
997903800 677 27122 925 38008
997902000 845 33590 869 34795
997900200 881 33695 932 36391
997898400 856 34114 886 35701
997896600 881 35147 949 37953
997894800 868 34599 911 36277
997893000 846 33657 917 36600
997891200 828 32721 915 36229
997889400 847 33763 912 36306
997887600 828 32741 882 34718
997885800 814 32153 882 34718
997884000 808 31894 878 34777
997882200 830 33028 935 37706
997880400 863 34220 902 36135
997878600 827 31738 929 36135
997876800 805 31936 872 34852
997875000 750 29717 817 32458
997873200 727 28459 860 34289
997871400 20175 29458 76984 34226
997869600 38647 27484 135461 32871
997867800 719 28002 826 31575
997866000 46858 27480 134164 33680
997864200 28021 11176 134164 33680
997862400 12 104 27 107
997860600 10 105 26 110
997858800 12 103 28 108
997857000 12 104 28 107
997855200 14 102 29 106
997853400 11 103 29 107
997851600 13 103 27 106
997849800 10 103 24 106
997848000 12 104 31 106
997846200 12 103 31 106
997844400 21 103 37 105
997842600 16 104 48 105
997840800 4 102 10 106
997839000 12 103 22 107
997837200 6 103 9 106
997835400 6 103 9 105
997833600 5 103 15 106
997831800 7 102 10 107
997830000 7 103 12 106
997828200 6 102 10 106
997826400 7 104 13 106
997824600 5 103 9 108
997822800 6 103 11 105
997821000 7 104 13 105
997819200 8 102 13 106
997817400 12 104 30 109
997815600 6 103 11 105
997813800 6 103 9 107
997812000 6 104 9 108
997810200 7 103 20 107
997808400 6 102 9 106
997806600 4 102 9 106
997804800 7 102 14 108
997803000 9 103 15 107
997801200 8 103 14 105
997799400 8 103 13 105
997797600 7 103 12 111
997795800 12240 621773 17080 867942
997794000 1275 64218 6520 329838
997792200 8 104 13 107
997790400 9 103 13 106
997788600 7 103 13 108
997786800 9 104 14 107
997785000 9 104 13 108
997783200 9 104 23 112
997776000 72 103 119 110
997768800 101 102 117 111
997761600 9380 282 91373 1874
997754400 96083 3104 137796 4764
997747200 122791 3597 139497 5902
997740000 13173 429 97934 3365
997732800 98 101 108 108
997725600 100 101 109 106
997718400 99 101 106 106
997711200 2692 302 30965 2304
997704000 95196 2581 122763 2690
997696800 122763 2690 122763 2690
997689600 122763 2690 122763 2690
997682400 122763 2690 122763 2690
997675200 122763 2690 122763 2690
997668000 65451 2483 122763 2867
997660800 39638 1008 124918 2743
997653600 98 101 108 106
997646400 98 101 106 108
997639200 98 101 109 106
997632000 98 101 104 106
997624800 99 101 108 105
997617600 102 101 116 122
997610400 45715 1092 105072 3798
997603200 120736 3677 144979 4368
997596000 127578 4464 143907 6818
997588800 9392 775 114883 4787
997581600 163 170 552 515
997574400 106 101 135 115
997567200 106 124 148 626
997560000 104 104 124 132
997552800 102 101 117 104
997545600 106 101 128 123
997538400 103 101 139 115
997531200 105 100 153 113
997524000 101 101 118 107
997516800 100 101 117 107
997509600 100 114 135 343
997502400 103 110 121 136
997495200 102 101 119 114
997488000 103 100 137 111
997480800 109 106 250 196
997473600 103 100 128 110
997466400 103 101 129 107
997459200 103 117 118 379
997452000 105 115 133 182
997444800 99 100 115 104
997437600 101 106 123 188
997430400 109 164 190 796
997423200 107 124 154 562
997416000 112 135 213 827
997408800 101 101 131 109
997401600 107 101 149 122
997394400 104 104 129 165
997387200 101 100 133 109
997380000 103 100 133 108
997372800 99 100 117 106
997365600 103 101 118 111
997358400 102 100 116 105
997351200 102 101 122 112
997344000 97 110 115 220
997336800 103 101 132 110
997329600 104 106 128 230
997322400 104 113 129 307
997315200 102 109 125 327
997308000 102 101 136 133
997300800 132 131 209 200
997293600 198 197 217 227
997286400 194 190 247 227
997279200 194 194 215 200
997272000 193 197 193 197
997264800 191 195 203 200
997257600 179 187 219 204
997250400 174 185 229 203
997243200 282 2510 1211 31780
997236000 727 18248 1398 37693
997228800 46 199 71 714
997221600 1558 46870 2342 70998
997214400 426 11921 2342 70998
997207200 16 116 45 128
997200000 1 33 7 112
997192800 0 0 0 0
997185600 0 0 0 0
997178400 0 0 0 0
997171200 0 0 0 0
997164000 0 0 0 0
997156800 0 0 0 0
997149600 0 0 0 0
997142400 0 0 0 0
997135200 0 0 0 0
997128000 0 0 0 0
997120800 0 0 0 0
997113600 0 0 0 0
997106400 0 0 0 0
997099200 0 0 0 0
997092000 0 0 0 0
997084800 0 0 0 0
997077600 0 0 0 0
997070400 0 0 0 0
997063200 0 0 0 0
997056000 0 0 0 0
997048800 0 0 0 0
997041600 0 0 0 0
997034400 0 0 0 0
997027200 0 0 0 0
997020000 0 0 0 0
997012800 0 0 0 0
997005600 0 0 0 0
996998400 0 0 0 0
996991200 0 0 0 0
996984000 0 0 0 0
996976800 0 0 0 0
996969600 0 0 0 0
996962400 0 0 0 0
996955200 0 0 0 0
996948000 0 0 0 0
996940800 0 0 0 0
996933600 0 0 0 0
996926400 0 0 0 0
996919200 0 0 0 0
996912000 0 0 0 0
996904800 0 0 0 0
996897600 0 0 0 0
996890400 0 0 0 0
996883200 0 0 0 0
996876000 0 0 0 0
996868800 0 0 0 0
996861600 0 0 0 0
996854400 0 0 0 0
996847200 0 0 0 0
996840000 0 0 0 0
996832800 0 0 0 0
996825600 0 0 0 0
996818400 0 0 0 0
996811200 0 0 0 0
996804000 0 0 0 0
996796800 0 0 0 0
996789600 0 0 0 0
996782400 0 0 0 0
996775200 0 0 0 0
996768000 0 0 0 0
996760800 0 0 0 0
996753600 0 0 0 0
996746400 0 0 0 0
996739200 0 0 0 0
996732000 0 0 0 0
996724800 0 0 0 0
996717600 0 0 0 0
996710400 0 0 0 0
996703200 0 0 0 0
996696000 0 0 0 0
996688800 0 0 0 0
996681600 0 0 0 0
996674400 0 0 0 0
996667200 0 0 0 0
996660000 0 0 0 0
996652800 0 0 0 0
996645600 0 0 0 0
996638400 0 0 0 0
996631200 0 0 0 0
996624000 0 0 0 0
996616800 0 0 0 0
996609600 0 0 0 0
996602400 0 0 0 0
996595200 0 0 0 0
996588000 0 0 0 0
996580800 0 0 0 0
996573600 0 0 0 0
996566400 0 0 0 0
996559200 0 0 0 0
996552000 0 0 0 0
996544800 0 0 0 0
996537600 0 0 0 0
996530400 0 0 0 0
996523200 0 0 0 0
996516000 0 0 0 0
996508800 0 0 0 0
996501600 0 0 0 0
996494400 0 0 0 0
996487200 0 0 0 0
996480000 0 0 0 0
996472800 0 0 0 0
996465600 0 0 0 0
996458400 0 0 0 0
996451200 0 0 0 0
996444000 0 0 0 0
996436800 0 0 0 0
996429600 0 0 0 0
996422400 0 0 0 0
996415200 0 0 0 0
996408000 0 0 0 0
996400800 0 0 0 0
996393600 0 0 0 0
996386400 0 0 0 0
996379200 0 0 0 0
996372000 0 0 0 0
996364800 0 0 0 0
996357600 0 0 0 0
996350400 0 0 0 0
996343200 0 0 0 0
996336000 0 0 0 0
996328800 0 0 0 0
996321600 0 0 0 0
996314400 0 0 0 0
996307200 0 0 0 0
996300000 0 0 0 0
996292800 0 0 0 0
996285600 0 0 0 0
996278400 0 0 0 0
996271200 0 0 0 0
996264000 0 0 0 0
996256800 0 0 0 0
996249600 0 0 0 0
996242400 0 0 0 0
996235200 0 0 0 0
996228000 0 0 0 0
996220800 0 0 0 0
996213600 0 0 0 0
996206400 0 0 0 0
996199200 0 0 0 0
996192000 0 0 0 0
996184800 0 0 0 0
996177600 0 0 0 0
996170400 0 0 0 0
996163200 0 0 0 0
996156000 0 0 0 0
996148800 0 0 0 0
996141600 0 0 0 0
996134400 0 0 0 0
996127200 0 0 0 0
996120000 0 0 0 0
996112800 0 0 0 0
996105600 0 0 0 0
996098400 0 0 0 0
996091200 0 0 0 0
996084000 0 0 0 0
996076800 0 0 0 0
996069600 0 0 0 0
996062400 0 0 0 0
996055200 0 0 0 0
996048000 0 0 0 0
996040800 0 0 0 0
996033600 0 0 0 0
996026400 0 0 0 0
996019200 0 0 0 0
996012000 0 0 0 0
996004800 0 0 0 0
995997600 0 0 0 0
995990400 0 0 0 0
995983200 0 0 0 0
995976000 0 0 0 0
995968800 0 0 0 0
995961600 0 0 0 0
995954400 0 0 0 0
995947200 0 0 0 0
995940000 0 0 0 0
995932800 0 0 0 0
995925600 0 0 0 0
995918400 0 0 0 0
995911200 0 0 0 0
995904000 0 0 0 0
995896800 0 0 0 0
995889600 0 0 0 0
995882400 0 0 0 0
995875200 0 0 0 0
995868000 0 0 0 0
995860800 0 0 0 0
995853600 0 0 0 0
995846400 0 0 0 0
995839200 0 0 0 0
995832000 0 0 0 0
995824800 0 0 0 0
995817600 0 0 0 0
995810400 0 0 0 0
995803200 0 0 0 0
995796000 0 0 0 0
995788800 0 0 0 0
995781600 0 0 0 0
995774400 0 0 0 0
995767200 0 0 0 0
995760000 0 0 0 0
995752800 0 0 0 0
995745600 0 0 0 0
995738400 0 0 0 0
995731200 0 0 0 0
995724000 0 0 0 0
995716800 0 0 0 0
995709600 0 0 0 0
995702400 0 0 0 0
995695200 0 0 0 0
995688000 0 0 0 0
995680800 0 0 0 0
995673600 0 0 0 0
995666400 0 0 0 0
995659200 0 0 0 0
995652000 0 0 0 0
995644800 0 0 0 0
995637600 0 0 0 0
995630400 0 0 0 0
995623200 0 0 0 0
995616000 0 0 0 0
995608800 0 0 0 0
995601600 0 0 0 0
995594400 0 0 0 0
995587200 0 0 0 0
995580000 0 0 0 0
995572800 0 0 0 0
995565600 0 0 0 0
995558400 0 0 0 0
995551200 0 0 0 0
995544000 0 0 0 0
995536800 0 0 0 0
995529600 0 0 0 0
995522400 0 0 0 0
995515200 0 0 0 0
995508000 0 0 0 0
995500800 0 0 0 0
995493600 0 0 0 0
995486400 0 0 0 0
995479200 0 0 0 0
995472000 0 0 0 0
995464800 0 0 0 0
995457600 0 0 0 0
995450400 0 0 0 0
995443200 0 0 0 0
995436000 0 0 0 0
995428800 0 0 0 0
995421600 0 0 0 0
995414400 0 0 0 0
995407200 0 0 0 0
995400000 0 0 0 0
995392800 0 0 0 0
995385600 0 0 0 0
995378400 0 0 0 0
995371200 0 0 0 0
995364000 0 0 0 0
995356800 0 0 0 0
995349600 0 0 0 0
995342400 0 0 0 0
995335200 0 0 0 0
995328000 0 0 0 0
995320800 0 0 0 0
995313600 0 0 0 0
995306400 0 0 0 0
995299200 0 0 0 0
995292000 0 0 0 0
995284800 0 0 0 0
995277600 0 0 0 0
995270400 0 0 0 0
995263200 0 0 0 0
995256000 0 0 0 0
995248800 0 0 0 0
995241600 0 0 0 0
995234400 0 0 0 0
995227200 0 0 0 0
995220000 0 0 0 0
995212800 0 0 0 0
995205600 0 0 0 0
995198400 0 0 0 0
995191200 0 0 0 0
995184000 0 0 0 0
995176800 0 0 0 0
995169600 0 0 0 0
995162400 0 0 0 0
995155200 0 0 0 0
995148000 0 0 0 0
995140800 0 0 0 0
995133600 0 0 0 0
995126400 0 0 0 0
995119200 0 0 0 0
995112000 0 0 0 0
995104800 0 0 0 0
995097600 0 0 0 0
995090400 0 0 0 0
995083200 0 0 0 0
995076000 0 0 0 0
995068800 0 0 0 0
995061600 0 0 0 0
995054400 0 0 0 0
995047200 0 0 0 0
995040000 0 0 0 0
995032800 0 0 0 0
995025600 0 0 0 0
995018400 0 0 0 0
995011200 0 0 0 0
995004000 0 0 0 0
994996800 0 0 0 0
994989600 0 0 0 0
994982400 0 0 0 0
994975200 0 0 0 0
994968000 0 0 0 0
994960800 0 0 0 0
994953600 0 0 0 0
994946400 0 0 0 0
994939200 0 0 0 0
994932000 0 0 0 0
994924800 0 0 0 0
994917600 0 0 0 0
994910400 0 0 0 0
994903200 0 0 0 0
994896000 0 0 0 0
994888800 0 0 0 0
994881600 0 0 0 0
994874400 0 0 0 0
994867200 0 0 0 0
994860000 0 0 0 0
994852800 0 0 0 0
994845600 0 0 0 0
994838400 0 0 0 0
994831200 0 0 0 0
994824000 0 0 0 0
994816800 0 0 0 0
994809600 0 0 0 0
994802400 0 0 0 0
994795200 0 0 0 0
994788000 0 0 0 0
994780800 0 0 0 0
994773600 0 0 0 0
994766400 0 0 0 0
994759200 0 0 0 0
994752000 0 0 0 0
994744800 0 0 0 0
994737600 0 0 0 0
994730400 0 0 0 0
994723200 0 0 0 0
994716000 0 0 0 0
994708800 0 0 0 0
994701600 0 0 0 0
994694400 0 0 0 0
994687200 0 0 0 0
994680000 0 0 0 0
994672800 0 0 0 0
994665600 0 0 0 0
994658400 0 0 0 0
994651200 0 0 0 0
994644000 0 0 0 0
994636800 0 0 0 0
994629600 0 0 0 0
994622400 0 0 0 0
994615200 0 0 0 0
994608000 0 0 0 0
994600800 0 0 0 0
994593600 0 0 0 0
994586400 0 0 0 0
994579200 0 0 0 0
994572000 0 0 0 0
994564800 0 0 0 0
994557600 0 0 0 0
994550400 0 0 0 0
994543200 0 0 0 0
994536000 0 0 0 0
994528800 0 0 0 0
994521600 0 0 0 0
994514400 0 0 0 0
994507200 0 0 0 0
994500000 0 0 0 0
994492800 0 0 0 0
994485600 0 0 0 0
994478400 0 0 0 0
994471200 0 0 0 0
994464000 0 0 0 0
994456800 0 0 0 0
994449600 0 0 0 0
994442400 0 0 0 0
994435200 0 0 0 0
994428000 0 0 0 0
994420800 0 0 0 0
994413600 0 0 0 0
994406400 0 0 0 0
994399200 0 0 0 0
994392000 0 0 0 0
994384800 0 0 0 0
994377600 0 0 0 0
994370400 0 0 0 0
994363200 0 0 0 0
994356000 0 0 0 0
994348800 0 0 0 0
994341600 0 0 0 0
994334400 0 0 0 0
994327200 0 0 0 0
994320000 0 0 0 0
994312800 0 0 0 0
994305600 0 0 0 0
994298400 0 0 0 0
994291200 0 0 0 0
994284000 0 0 0 0
994276800 0 0 0 0
994269600 0 0 0 0
994262400 0 0 0 0
994255200 0 0 0 0
994248000 0 0 0 0
994240800 0 0 0 0
994233600 0 0 0 0
994226400 0 0 0 0
994219200 0 0 0 0
994212000 0 0 0 0
994204800 0 0 0 0
994197600 0 0 0 0
994190400 0 0 0 0
994183200 0 0 0 0
994176000 0 0 0 0
994168800 0 0 0 0
994161600 0 0 0 0
994154400 0 0 0 0
994147200 0 0 0 0
994140000 0 0 0 0
994132800 0 0 0 0
994125600 0 0 0 0
994118400 0 0 0 0
994111200 0 0 0 0
994104000 0 0 0 0
994096800 0 0 0 0
994089600 0 0 0 0
994082400 0 0 0 0
994075200 0 0 0 0
994068000 0 0 0 0
994060800 0 0 0 0
994053600 0 0 0 0
994046400 0 0 0 0
994039200 0 0 0 0
994032000 0 0 0 0
994024800 0 0 0 0
994017600 0 0 0 0
994010400 0 0 0 0
994003200 0 0 0 0
993996000 0 0 0 0
993988800 0 0 0 0
993981600 0 0 0 0
993974400 0 0 0 0
993967200 0 0 0 0
993960000 0 0 0 0
993952800 0 0 0 0
993945600 0 0 0 0
993938400 0 0 0 0
993931200 0 0 0 0
993924000 0 0 0 0
993916800 0 0 0 0
993909600 0 0 0 0
993902400 0 0 0 0
993895200 0 0 0 0
993888000 0 0 0 0
993880800 0 0 0 0
993873600 0 0 0 0
993866400 0 0 0 0
993859200 0 0 0 0
993852000 0 0 0 0
993844800 0 0 0 0
993837600 0 0 0 0
993830400 0 0 0 0
993823200 0 0 0 0
993816000 0 0 0 0
993808800 0 0 0 0
993801600 0 0 0 0
993794400 0 0 0 0
993787200 0 0 0 0
993780000 0 0 0 0
993772800 0 0 0 0
993765600 0 0 0 0
993758400 0 0 0 0
993751200 0 0 0 0
993744000 0 0 0 0
993736800 0 0 0 0
993729600 0 0 0 0
993722400 0 0 0 0
993715200 0 0 0 0
993708000 0 0 0 0
993700800 0 0 0 0
993693600 0 0 0 0
993686400 0 0 0 0
993679200 0 0 0 0
993672000 0 0 0 0
993664800 0 0 0 0
993657600 0 0 0 0
993650400 0 0 0 0
993643200 0 0 0 0
993636000 0 0 0 0
993628800 0 0 0 0
993621600 0 0 0 0
993614400 0 0 0 0
993607200 0 0 0 0
993600000 0 0 0 0
993592800 0 0 0 0
993585600 0 0 0 0
993578400 0 0 0 0
993571200 0 0 0 0
993564000 0 0 0 0
993556800 0 0 0 0
993549600 0 0 0 0
993542400 0 0 0 0
993535200 0 0 0 0
993528000 0 0 0 0
993520800 0 0 0 0
993513600 0 0 0 0
993506400 0 0 0 0
993499200 0 0 0 0
993492000 0 0 0 0
993484800 0 0 0 0
993477600 0 0 0 0
993470400 0 0 0 0
993463200 0 0 0 0
993427200 0 0 0 0
993340800 0 0 0 0
993254400 0 0 0 0
993168000 0 0 0 0
993081600 0 0 0 0
992995200 0 0 0 0
992908800 0 0 0 0
992822400 0 0 0 0
992736000 0 0 0 0
992649600 0 0 0 0
992563200 0 0 0 0
992476800 0 0 0 0
992390400 0 0 0 0
992304000 0 0 0 0
992217600 0 0 0 0
992131200 0 0 0 0
992044800 0 0 0 0
991958400 0 0 0 0
991872000 0 0 0 0
991785600 0 0 0 0
991699200 0 0 0 0
991612800 0 0 0 0
991526400 0 0 0 0
991440000 0 0 0 0
991353600 0 0 0 0
991267200 0 0 0 0
991180800 0 0 0 0
991094400 0 0 0 0
991008000 0 0 0 0
990921600 0 0 0 0
990835200 0 0 0 0
990748800 0 0 0 0
990662400 0 0 0 0
990576000 0 0 0 0
990489600 0 0 0 0
990403200 0 0 0 0
990316800 0 0 0 0
990230400 0 0 0 0
990144000 0 0 0 0
990057600 0 0 0 0
989971200 0 0 0 0
989884800 0 0 0 0
989798400 0 0 0 0
989712000 0 0 0 0
989625600 0 0 0 0
989539200 0 0 0 0
989452800 0 0 0 0
989366400 0 0 0 0
989280000 0 0 0 0
989193600 0 0 0 0
989107200 0 0 0 0
989020800 0 0 0 0
988934400 0 0 0 0
988848000 0 0 0 0
988761600 0 0 0 0
988675200 0 0 0 0
988588800 0 0 0 0
988502400 0 0 0 0
988416000 0 0 0 0
988329600 0 0 0 0
988243200 0 0 0 0
988156800 0 0 0 0
988070400 0 0 0 0
987984000 0 0 0 0
987897600 0 0 0 0
987811200 0 0 0 0
987724800 0 0 0 0
987638400 0 0 0 0
987552000 0 0 0 0
987465600 0 0 0 0
987379200 0 0 0 0
987292800 0 0 0 0
987206400 0 0 0 0
987120000 0 0 0 0
987033600 0 0 0 0
986947200 0 0 0 0
986860800 0 0 0 0
986774400 0 0 0 0
986688000 0 0 0 0
986601600 0 0 0 0
986515200 0 0 0 0
986428800 0 0 0 0
986342400 0 0 0 0
986256000 0 0 0 0
986169600 0 0 0 0
986083200 0 0 0 0
985996800 0 0 0 0
985910400 0 0 0 0
985824000 0 0 0 0
985737600 0 0 0 0
985651200 0 0 0 0
985564800 0 0 0 0
985478400 0 0 0 0
985392000 0 0 0 0
985305600 0 0 0 0
985219200 0 0 0 0
985132800 0 0 0 0
985046400 0 0 0 0
984960000 0 0 0 0
984873600 0 0 0 0
984787200 0 0 0 0
984700800 0 0 0 0
984614400 0 0 0 0
984528000 0 0 0 0
984441600 0 0 0 0
984355200 0 0 0 0
984268800 0 0 0 0
984182400 0 0 0 0
984096000 0 0 0 0
984009600 0 0 0 0
983923200 0 0 0 0
983836800 0 0 0 0
983750400 0 0 0 0
983664000 0 0 0 0
983577600 0 0 0 0
983491200 0 0 0 0
983404800 0 0 0 0
983318400 0 0 0 0
983232000 0 0 0 0
983145600 0 0 0 0
983059200 0 0 0 0
982972800 0 0 0 0
982886400 0 0 0 0
982800000 0 0 0 0
982713600 0 0 0 0
982627200 0 0 0 0
982540800 0 0 0 0
982454400 0 0 0 0
982368000 0 0 0 0
982281600 0 0 0 0
982195200 0 0 0 0
982108800 0 0 0 0
982022400 0 0 0 0
981936000 0 0 0 0
981849600 0 0 0 0
981763200 0 0 0 0
981676800 0 0 0 0
981590400 0 0 0 0
981504000 0 0 0 0
981417600 0 0 0 0
981331200 0 0 0 0
981244800 0 0 0 0
981158400 0 0 0 0
981072000 0 0 0 0
980985600 0 0 0 0
980899200 0 0 0 0
980812800 0 0 0 0
980726400 0 0 0 0
980640000 0 0 0 0
980553600 0 0 0 0
980467200 0 0 0 0
980380800 0 0 0 0
980294400 0 0 0 0
980208000 0 0 0 0
980121600 0 0 0 0
980035200 0 0 0 0
979948800 0 0 0 0
979862400 0 0 0 0
979776000 0 0 0 0
979689600 0 0 0 0
979603200 0 0 0 0
979516800 0 0 0 0
979430400 0 0 0 0
979344000 0 0 0 0
979257600 0 0 0 0
979171200 0 0 0 0
979084800 0 0 0 0
978998400 0 0 0 0
978912000 0 0 0 0
978825600 0 0 0 0
978739200 0 0 0 0
978652800 0 0 0 0
978566400 0 0 0 0
978480000 0 0 0 0
978393600 0 0 0 0
978307200 0 0 0 0
978220800 0 0 0 0
978134400 0 0 0 0
978048000 0 0 0 0
977961600 0 0 0 0
977875200 0 0 0 0
977788800 0 0 0 0
977702400 0 0 0 0
977616000 0 0 0 0
977529600 0 0 0 0
977443200 0 0 0 0
977356800 0 0 0 0
977270400 0 0 0 0
977184000 0 0 0 0
977097600 0 0 0 0
977011200 0 0 0 0
976924800 0 0 0 0
976838400 0 0 0 0
976752000 0 0 0 0
976665600 0 0 0 0
976579200 0 0 0 0
976492800 0 0 0 0
976406400 0 0 0 0
976320000 0 0 0 0
976233600 0 0 0 0
976147200 0 0 0 0
976060800 0 0 0 0
975974400 0 0 0 0
975888000 0 0 0 0
975801600 0 0 0 0
975715200 0 0 0 0
975628800 0 0 0 0
975542400 0 0 0 0
975456000 0 0 0 0
975369600 0 0 0 0
975283200 0 0 0 0
975196800 0 0 0 0
975110400 0 0 0 0
975024000 0 0 0 0
974937600 0 0 0 0
974851200 0 0 0 0
974764800 0 0 0 0
974678400 0 0 0 0
974592000 0 0 0 0
974505600 0 0 0 0
974419200 0 0 0 0
974332800 0 0 0 0
974246400 0 0 0 0
974160000 0 0 0 0
974073600 0 0 0 0
973987200 0 0 0 0
973900800 0 0 0 0
973814400 0 0 0 0
973728000 0 0 0 0
973641600 0 0 0 0
973555200 0 0 0 0
973468800 0 0 0 0
973382400 0 0 0 0
973296000 0 0 0 0
973209600 0 0 0 0
973123200 0 0 0 0
973036800 0 0 0 0
972950400 0 0 0 0
972864000 0 0 0 0
972777600 0 0 0 0
972691200 0 0 0 0
972604800 0 0 0 0
972518400 0 0 0 0
972432000 0 0 0 0
972345600 0 0 0 0
972259200 0 0 0 0
972172800 0 0 0 0
972086400 0 0 0 0
972000000 0 0 0 0
971913600 0 0 0 0
971827200 0 0 0 0
971740800 0 0 0 0
971654400 0 0 0 0
971568000 0 0 0 0
971481600 0 0 0 0
971395200 0 0 0 0
971308800 0 0 0 0
971222400 0 0 0 0
971136000 0 0 0 0
971049600 0 0 0 0
970963200 0 0 0 0
970876800 0 0 0 0
970790400 0 0 0 0
970704000 0 0 0 0
970617600 0 0 0 0
970531200 0 0 0 0
970444800 0 0 0 0
970358400 0 0 0 0
970272000 0 0 0 0
970185600 0 0 0 0
970099200 0 0 0 0
970012800 0 0 0 0
969926400 0 0 0 0
969840000 0 0 0 0
969753600 0 0 0 0
969667200 0 0 0 0
969580800 0 0 0 0
969494400 0 0 0 0
969408000 0 0 0 0
969321600 0 0 0 0
969235200 0 0 0 0
969148800 0 0 0 0
969062400 0 0 0 0
968976000 0 0 0 0
968889600 0 0 0 0
968803200 0 0 0 0
968716800 0 0 0 0
968630400 0 0 0 0
968544000 0 0 0 0
968457600 0 0 0 0
968371200 0 0 0 0
968284800 0 0 0 0
968198400 0 0 0 0
968112000 0 0 0 0
968025600 0 0 0 0
967939200 0 0 0 0
967852800 0 0 0 0
967766400 0 0 0 0
967680000 0 0 0 0
967593600 0 0 0 0
967507200 0 0 0 0
967420800 0 0 0 0
967334400 0 0 0 0
967248000 0 0 0 0
967161600 0 0 0 0
967075200 0 0 0 0
966988800 0 0 0 0
966902400 0 0 0 0
966816000 0 0 0 0
966729600 0 0 0 0
966643200 0 0 0 0
966556800 0 0 0 0
966470400 0 0 0 0
966384000 0 0 0 0
966297600 0 0 0 0
966211200 0 0 0 0
966124800 0 0 0 0
966038400 0 0 0 0
965952000 0 0 0 0
965865600 0 0 0 0
965779200 0 0 0 0
965692800 0 0 0 0
965606400 0 0 0 0
965520000 0 0 0 0
965433600 0 0 0 0
965347200 0 0 0 0
965260800 0 0 0 0
965174400 0 0 0 0
965088000 0 0 0 0
965001600 0 0 0 0
964915200 0 0 0 0
964828800 0 0 0 0
964742400 0 0 0 0
964656000 0 0 0 0
964569600 0 0 0 0
964483200 0 0 0 0
964396800 0 0 0 0
964310400 0 0 0 0
964224000 0 0 0 0
964137600 0 0 0 0
964051200 0 0 0 0
963964800 0 0 0 0
963878400 0 0 0 0
963792000 0 0 0 0
963705600 0 0 0 0
963619200 0 0 0 0
963532800 0 0 0 0
963446400 0 0 0 0
963360000 0 0 0 0
963273600 0 0 0 0
963187200 0 0 0 0
963100800 0 0 0 0
963014400 0 0 0 0
962928000 0 0 0 0
962841600 0 0 0 0
962755200 0 0 0 0
962668800 0 0 0 0
962582400 0 0 0 0
962496000 0 0 0 0
962409600 0 0 0 0
962323200 0 0 0 0
962236800 0 0 0 0
962150400 0 0 0 0
962064000 0 0 0 0
961977600 0 0 0 0
961891200 0 0 0 0
961804800 0 0 0 0
961718400 0 0 0 0
961632000 0 0 0 0
961545600 0 0 0 0
961459200 0 0 0 0
961372800 0 0 0 0
961286400 0 0 0 0
961200000 0 0 0 0
961113600 0 0 0 0
961027200 0 0 0 0
960940800 0 0 0 0
960854400 0 0 0 0
960768000 0 0 0 0
960681600 0 0 0 0
960595200 0 0 0 0
960508800 0 0 0 0
960422400 0 0 0 0
960336000 0 0 0 0
960249600 0 0 0 0
960163200 0 0 0 0
960076800 0 0 0 0
959990400 0 0 0 0
959904000 0 0 0 0
959817600 0 0 0 0
959731200 0 0 0 0
959644800 0 0 0 0
959558400 0 0 0 0
959472000 0 0 0 0
959385600 0 0 0 0
959299200 0 0 0 0
959212800 0 0 0 0
959126400 0 0 0 0
959040000 0 0 0 0
958953600 0 0 0 0
958867200 0 0 0 0
958780800 0 0 0 0
958694400 0 0 0 0
958608000 0 0 0 0
958521600 0 0 0 0
958435200 0 0 0 0
958348800 0 0 0 0
958262400 0 0 0 0
958176000 0 0 0 0
958089600 0 0 0 0
958003200 0 0 0 0
957916800 0 0 0 0
957830400 0 0 0 0
957744000 0 0 0 0
957657600 0 0 0 0
957571200 0 0 0 0
957484800 0 0 0 0
957398400 0 0 0 0
957312000 0 0 0 0
957225600 0 0 0 0
957139200 0 0 0 0
957052800 0 0 0 0
956966400 0 0 0 0
956880000 0 0 0 0
956793600 0 0 0 0
956707200 0 0 0 0
956620800 0 0 0 0
956534400 0 0 0 0
956448000 0 0 0 0
956361600 0 0 0 0
956275200 0 0 0 0
956188800 0 0 0 0
956102400 0 0 0 0
956016000 0 0 0 0
955929600 0 0 0 0
955843200 0 0 0 0
955756800 0 0 0 0
955670400 0 0 0 0
955584000 0 0 0 0
955497600 0 0 0 0
955411200 0 0 0 0
955324800 0 0 0 0
955238400 0 0 0 0
955152000 0 0 0 0
955065600 0 0 0 0
954979200 0 0 0 0
954892800 0 0 0 0
954806400 0 0 0 0
954720000 0 0 0 0
954633600 0 0 0 0
954547200 0 0 0 0
954460800 0 0 0 0
954374400 0 0 0 0
954288000 0 0 0 0
954201600 0 0 0 0
954115200 0 0 0 0
954028800 0 0 0 0
953942400 0 0 0 0
953856000 0 0 0 0
953769600 0 0 0 0
953683200 0 0 0 0
953596800 0 0 0 0
953510400 0 0 0 0
953424000 0 0 0 0
953337600 0 0 0 0
953251200 0 0 0 0
953164800 0 0 0 0
953078400 0 0 0 0
952992000 0 0 0 0
952905600 0 0 0 0
952819200 0 0 0 0
952732800 0 0 0 0
952646400 0 0 0 0
952560000 0 0 0 0
952473600 0 0 0 0
952387200 0 0 0 0
952300800 0 0 0 0
952214400 0 0 0 0
952128000 0 0 0 0
952041600 0 0 0 0
951955200 0 0 0 0
951868800 0 0 0 0
951782400 0 0 0 0
951696000 0 0 0 0
951609600 0 0 0 0
951523200 0 0 0 0
951436800 0 0 0 0
951350400 0 0 0 0
951264000 0 0 0 0
951177600 0 0 0 0
951091200 0 0 0 0
951004800 0 0 0 0
950918400 0 0 0 0
950832000 0 0 0 0
950745600 0 0 0 0
950659200 0 0 0 0
950572800 0 0 0 0
950486400 0 0 0 0
950400000 0 0 0 0
950313600 0 0 0 0
950227200 0 0 0 0
950140800 0 0 0 0
950054400 0 0 0 0
949968000 0 0 0 0
949881600 0 0 0 0
949795200 0 0 0 0
949708800 0 0 0 0
949622400 0 0 0 0
949536000 0 0 0 0
949449600 0 0 0 0
949363200 0 0 0 0
949276800 0 0 0 0
949190400 0 0 0 0
949104000 0 0 0 0
949017600 0 0 0 0
948931200 0 0 0 0
948844800 0 0 0 0
948758400 0 0 0 0
948672000 0 0 0 0
948585600 0 0 0 0
948499200 0 0 0 0
948412800 0 0 0 0
948326400 0 0 0 0
948240000 0 0 0 0
948153600 0 0 0 0
948067200 0 0 0 0
947980800 0 0 0 0
947894400 0 0 0 0
947808000 0 0 0 0
947721600 0 0 0 0
947635200 0 0 0 0
947548800 0 0 0 0
947462400 0 0 0 0
947376000 0 0 0 0
947289600 0 0 0 0
947203200 0 0 0 0
947116800 0 0 0 0
947030400 0 0 0 0
946944000 0 0 0 0
946857600 0 0 0 0
946771200 0 0 0 0
946684800 0 0 0 0
946598400 0 0 0 0
946512000 0 0 0 0
946425600 0 0 0 0
946339200 0 0 0 0
946252800 0 0 0 0
946166400 0 0 0 0
946080000 0 0 0 0
945993600 0 0 0 0
945907200 0 0 0 0
945820800 0 0 0 0
945734400 0 0 0 0
945648000 0 0 0 0
945561600 0 0 0 0
945475200 0 0 0 0
945388800 0 0 0 0
945302400 0 0 0 0
945216000 0 0 0 0
945129600 0 0 0 0
945043200 0 0 0 0
944956800 0 0 0 0
944870400 0 0 0 0
944784000 0 0 0 0
944697600 0 0 0 0
944611200 0 0 0 0
944524800 0 0 0 0
944438400 0 0 0 0
944352000 0 0 0 0
944265600 0 0 0 0
944179200 0 0 0 0
944092800 0 0 0 0
944006400 0 0 0 0
943920000 0 0 0 0
943833600 0 0 0 0
943747200 0 0 0 0
943660800 0 0 0 0
943574400 0 0 0 0
943488000 0 0 0 0
943401600 0 0 0 0
943315200 0 0 0 0
943228800 0 0 0 0
943142400 0 0 0 0
943056000 0 0 0 0
942969600 0 0 0 0
942883200 0 0 0 0
942796800 0 0 0 0
942710400 0 0 0 0
942624000 0 0 0 0
942537600 0 0 0 0
942451200 0 0 0 0
942364800 0 0 0 0
942278400 0 0 0 0
942192000 0 0 0 0
942105600 0 0 0 0
942019200 0 0 0 0
941932800 0 0 0 0
941846400 0 0 0 0
941760000 0 0 0 0
941673600 0 0 0 0
941587200 0 0 0 0
941500800 0 0 0 0
941414400 0 0 0 0
941328000 0 0 0 0
941241600 0 0 0 0
941155200 0 0 0 0
941068800 0 0 0 0
940982400 0 0 0 0
940896000 0 0 0 0
940809600 0 0 0 0
940723200 0 0 0 0
940636800 0 0 0 0
940550400 0 0 0 0
940464000 0 0 0 0
940377600 0 0 0 0
940291200 0 0 0 0
940204800 0 0 0 0
940118400 0 0 0 0
940032000 0 0 0 0
939945600 0 0 0 0
939859200 0 0 0 0
939772800 0 0 0 0
939686400 0 0 0 0
939600000 0 0 0 0
939513600 0 0 0 0
939427200 0 0 0 0
939340800 0 0 0 0
939254400 0 0 0 0
939168000 0 0 0 0
939081600 0 0 0 0
938995200 0 0 0 0
938908800 0 0 0 0
938822400 0 0 0 0
938736000 0 0 0 0
938649600 0 0 0 0
938563200 0 0 0 0
938476800 0 0 0 0
938390400 0 0 0 0
938304000 0 0 0 0
938217600 0 0 0 0
938131200 0 0 0 0
938044800 0 0 0 0
937958400 0 0 0 0
937872000 0 0 0 0
937785600 0 0 0 0
937699200 0 0 0 0
937612800 0 0 0 0
937526400 0 0 0 0
937440000 0 0 0 0
937353600 0 0 0 0
937267200 0 0 0 0
937180800 0 0 0 0
937094400 0 0 0 0
937008000 0 0 0 0
936921600 0 0 0 0
936835200 0 0 0 0
936748800 0 0 0 0
936662400 0 0 0 0
936576000 0 0 0 0
936489600 0 0 0 0
936403200 0 0 0 0
936316800 0 0 0 0
936230400 0 0 0 0
936144000 0 0 0 0
936057600 0 0 0 0
935971200 0 0 0 0
935884800 0 0 0 0
935798400 0 0 0 0
935712000 0 0 0 0
935625600 0 0 0 0
935539200 0 0 0 0
935452800 0 0 0 0
935366400 0 0 0 0
935280000 0 0 0 0
935193600 0 0 0 0
935107200 0 0 0 0
935020800 0 0 0 0
934934400 0 0 0 0
934848000 0 0 0 0
934761600 0 0 0 0
934675200 0 0 0 0
934588800 0 0 0 0
934502400 0 0 0 0
934416000 0 0 0 0
934329600 0 0 0 0
934243200 0 0 0 0
934156800 0 0 0 0
934070400 0 0 0 0
933984000 0 0 0 0
933897600 0 0 0 0
933811200 0 0 0 0
933724800 0 0 0 0
933638400 0 0 0 0
933552000 0 0 0 0
933465600 0 0 0 0
933379200 0 0 0 0
933292800 0 0 0 0
933206400 0 0 0 0
933120000 0 0 0 0
933033600 0 0 0 0
932947200 0 0 0 0
932860800 0 0 0 0
932774400 0 0 0 0
932688000 0 0 0 0
932601600 0 0 0 0
932515200 0 0 0 0
932428800 0 0 0 0
932342400 0 0 0 0
932256000 0 0 0 0
932169600 0 0 0 0
932083200 0 0 0 0
931996800 0 0 0 0
931910400 0 0 0 0
931824000 0 0 0 0
931737600 0 0 0 0
931651200 0 0 0 0
931564800 0 0 0 0
931478400 0 0 0 0
931392000 0 0 0 0
931305600 0 0 0 0
931219200 0 0 0 0
931132800 0 0 0 0
931046400 0 0 0 0
930960000 0 0 0 0
930873600 0 0 0 0
930787200 0 0 0 0
930700800 0 0 0 0
930614400 0 0 0 0
930528000 0 0 0 0
930441600 0 0 0 0
930355200 0 0 0 0
930268800 0 0 0 0
