1300110301 38 23
1300110301 38 23 38 23
1300110001 15 19 15 19
1300110000 15 19 15 19
1300109700 25 19 25 19
1300109400 27 19 33 20
1300109100 32 17 33 18
1300108800 9 14 9 14
1300108500 16 15 16 15
1300108200 13 12 13 12
1300107900 25 16 26 17
1300107600 19 17 20 17
1300107300 4 17 41 32
1300107000 41 32 41 32
1300106700 31 28 32 29
1300106400 29 20 30 21
1300106100 3 6 7 8
1300105800 7 8 7 8
1300105500 19 14 19 14
1300105200 4 7 11 16
1300104900 11 16 31 19
1300104600 31 19 31 19
1300104300 7 14 7 14
1300104000 11 17 31 21
1300103700 30 21 31 22
1300103400 17 22 33 24
1300103100 33 24 33 24
1300102800 17 18 17 18
1300102500 18 13 19 14
1300102200 6 12 17 17
1300101900 16 16 17 17
1300101600 7 12 7 12
1300101300 32 22 32 22
1300101000 25 22 26 23
1300100700 17 19 17 19
1300100400 21 14 22 15
1300100100 14 12 15 13
1300099800 3 12 3 12
1300099500 11 12 11 12
1300099200 1 11 27 23
1300098900 26 22 27 23
1300098600 18 22 25 24
1300098300 25 24 25 24
1300098000 20 20 20 20
1300097700 8 20 14 23
1300097400 14 23 32 25
1300097100 32 25 32 25
1300096800 4 16 4 16
1300096500 11 26 11 26
1300096200 34 29 35 30
1300095900 29 22 30 23
1300095600 13 13 13 13
1300095300 7 13 7 13
1300095000 22 15 23 18
1300094700 19 17 19 18
1300094400 19 15 19 15
1300094100 14 16 14 16
1300093800 23 21 28 35
1300093500 28 35 28 35
1300093200 20 16 37 17
1300092900 36 16 37 17
1300092600 5 9 11 13
1300092300 11 13 11 13
1300092000 25 20 25 20
1300091700 9 15 19 17
1300091400 19 17 20 17
1300091100 20 17 20 17
1300090800 32 20 32 20
1300090500 10 12 14 13
1300090200 14 12 23 16
1300089900 22 16 23 20
1300089600 6 20 6 20
1300089300 44 34 44 34
1300089000 30 21 31 22
1300088700 8 10 22 15
1300088400 21 15 22 16
1300088100 18 16 18 16
1300087800 2 12 2 12
1300087500 5 18 39 25
1300087200 38 25 39 25
1300086900 30 25 31 26
1300086600 22 26 22 26
1300086300 22 14 23 15
1300086000 8 12 18 20
1300085700 18 20 32 22
1300085400 32 22 32 22
1300085100 18 13 18 13
1300084800 16 16 17 17
1300084500 6 16 6 17
1300084200 6 10 16 10
1300083900 15 10 16 10
1300083600 4 10 4 10
1300083300 7 14 7 14
1300083000 7 12 7 12
1300082700 6 12 6 12
1300082400 36 22 36 22
1300082100 25 20 25 21
1300081800 24 21 25 22
1300081500 24 22 33 27
1300081200 33 27 33 27
1300080900 21 10 21 10
1300080600 16 7 17 8
1300080300 0 2 2 5
1300080000 2 5 2 5
1300079700 14 9 14 9
1300079400 0 8 25 19
1300079100 24 18 25 19
1300078800 12 13 13 13
1300078500 4 13 4 13
1300078200 14 14 14 14
1300077900 15 18 16 20
1300077600 15 19 16 20
1300077300 8 17 8 17
1300077000 21 16 21 16
1300076700 20 16 21 17
1300076400 7 13 13 17
1300076100 12 17 13 19
1300075800 8 19 8 19
1300075500 56 26 56 26
1300075200 38 20 39 21
1300074900 6 9 9 13
1300074600 9 13 9 13
1300074300 2 10 2 10
1300074000 37 19 38 20
1300073700 5 10 30 18
1300073400 30 18 30 18
1300073100 6 10 6 10
1300072800 14 20 14 20
1300072500 15 19 18 22
1300072200 18 22 23 24
1300071900 23 23 48 24
1300071600 47 16 48 17
1300071300 12 16 12 16
1300071000 19 18 19 18
1300070700 30 22 31 23
1300070400 10 18 28 23
1300070100 28 23 37 26
1300069800 37 26 37 26
1300069500 26 29 26 29
1300069200 28 25 34 26
1300068900 33 21 34 22
1300068600 21 19 22 20
1300068300 20 18 20 18
1300068000 12 13 12 13
1300067700 6 10 10 19
1300067400 10 19 47 29
1300067100 46 28 47 29
1300066800 26 20 26 20
1300066500 16 16 16 16
1300066200 10 16 23 20
1300065900 23 19 24 20
1300065600 24 18 24 18
1300065300 5 18 5 18
1300065000 30 25 31 26
1300064700 13 19 26 20
1300064400 25 19 26 20
1300064100 2 11 15 17
1300063800 15 17 15 17
1300063500 13 23 13 23
1300063200 25 23 26 24
1300062900 8 16 9 18
1300062600 7 18 20 26
1300062300 20 26 20 26
1300062000 34 26 34 26
1300061700 11 21 53 29
1300061400 52 28 53 29
1300061100 1 7 6 12
1300060800 6 12 6 12
1300060500 5 15 5 15
1300060200 28 23 29 24
1300059900 7 8 26 13
1300059600 26 13 26 13
1300059300 16 11 16 11
1300059000 11 9 12 10
1300058700 0 4 10 12
1300058400 10 12 10 12
1300058100 20 18 20 18
1300057800 14 16 30 22
1300057500 30 22 48 25
1300057200 47 24 48 25
1300056900 7 8 7 8
1300056600 7 12 7 12
1300056300 15 16 16 17
1300056000 15 14 24 15
1300055700 24 12 24 12
1300055400 19 13 19 13
1300055100 13 12 14 13
1300054800 6 5 7 7
1300054500 0 7 15 17
1300054200 15 17 15 17
1300053900 24 17 24 17
1300053600 12 15 24 15
1300053300 23 14 24 15
1300053000 10 14 10 14
1300052700 23 16 23 16
1300052400 20 9 21 13
1300052100 9 12 11 13
1300051800 11 11 17 12
1300051500 17 12 17 12
1300051200 22 10 22 10
1300050900 10 6 10 6
1300050600 2 5 3 11
1300050300 1 11 15 18
1300050000 15 18 15 18
1300049700 11 13 26 23
1300049400 26 23 26 23
1300049100 14 24 14 24
1300048800 11 11 14 12
1300048500 13 10 14 10
1300048200 10 9 11 10
1300047900 4 9 4 9
1300047600 3 5 3 5
1300047300 4 7 14 12
1300047000 13 12 14 13
1300046700 11 13 11 13
1300046400 2 6 2 6
1300046100 9 6 10 6
1300045800 2 6 3 11
1300045500 3 11 14 15
1300045200 14 15 14 15
1300044900 1 12 1 12
1300044600 39 24 40 25
1300044300 22 17 23 18
1300044000 10 14 10 14
1300043700 11 16 11 16
1300043400 33 25 34 27
1300043100 30 26 61 27
1300042800 60 25 61 26
1300042500 10 13 10 13
1300042200 43 21 43 21
1300041900 12 7 13 8
1300041600 7 3 8 5
1300041300 4 5 4 5
1300041000 14 9 14 9
1300040700 0 8 0 8
1300040400 11 21 31 22
1300040100 30 20 31 21
1300039800 8 16 8 16
1300039500 16 17 24 19
1300039200 24 19 32 19
1300038900 31 18 32 19
1300038600 2 11 2 11
1300038300 12 16 12 16
1300038000 7 11 9 14
1300037700 9 14 17 20
1300037400 17 20 17 20
1300037100 36 28 36 28
1300036800 2 3 7 4
1300036500 6 2 7 3
1300036200 0 2 0 2
1300035900 8 7 8 7
1300035600 2 2 2 2
1300035300 1 2 2 2
1300035000 0 2 0 2
1300034700 9 10 9 10
1300034400 2 13 53 33
1300034100 52 32 53 33
1300033800 35 19 36 20
1300033500 13 16 13 16
1300033200 39 20 39 20
1300032900 7 11 23 17
1300032600 22 17 23 21
1300032300 16 21 49 28
1300032000 49 28 49 28
1300031700 32 13 32 13
1300031400 6 3 7 4
1300031100 2 1 3 2
1300030800 0 0 0 0
1300030500 6 1 6 1
1300030200 0 0 0 0
1300029900 0 0 3 2
1300029600 3 2 3 2
1300029300 0 0 0 0
1300029000 1 2 8 2
1300028700 7 2 8 2
1300028400 0 2 0 2
1300028100 9 9 9 9
1300027800 6 10 12 17
1300027500 12 16 23 17
1300027200 23 16 23 16
1300026900 30 11 30 11
1300026600 0 0 0 0
1300026300 0 2 4 7
1300026000 3 7 4 11
1300025700 0 11 17 21
1300025400 17 21 17 21
1300025100 26 25 26 25
1300024800 36 23 37 23
1300024500 32 22 33 23
1300024200 19 19 32 20
1300023900 32 14 32 14
1300023600 2 2 2 2
1300023300 2 4 3 5
1300023000 0 1 0 4
1300022700 0 4 10 7
1300022400 10 7 10 7
1300022100 19 16 19 16
1300021800 9 12 26 13
1300021500 25 12 26 13
1300021200 5 11 5 11
1300020900 68 22 68 22
1300020600 3 2 4 3
1300020300 1 3 10 8
1300020000 10 8 19 12
1300019700 19 12 19 12
1300019400 2 5 2 5
1300019100 1 3 8 4
1300018800 7 3 8 5
1300018500 5 5 5 5
1300018200 4 11 4 11
1300017900 29 18 29 18
1300017600 9 13 16 17
1300017300 16 17 34 23
1300017000 34 23 34 23
1300016700 21 23 21 23
1300016400 42 24 43 25
1300016100 21 18 22 19
1300015800 8 14 31 15
1300015500 31 13 31 13
1300015200 0 0 0 0
1300014900 0 3 22 7
1300014600 21 7 22 7
1300014300 8 7 8 7
1300014000 3 8 3 8
1300013700 25 10 26 11
1300013400 5 5 6 6
1300013100 0 3 0 3
1300012800 0 7 0 7
1300012500 20 16 21 17
1300012200 12 7 13 8
1300011900 0 3 4 10
1300011600 4 10 4 10
1300011300 7 8 7 8
1300011000 16 6 17 7
1300010700 0 3 2 5
1300010400 2 5 2 5
1300010100 18 9 18 9
1300009800 1 4 14 10
1300009500 13 9 14 10
1300009200 0 3 6 7
1300008900 6 7 6 7
1300008600 0 5 0 5
1300008300 7 12 11 12
1300008000 11 12 14 20
1300007700 14 20 42 33
1300007400 41 32 42 33
1300007100 23 29 23 29
1300006800 28 17 29 18
1300006500 14 11 15 12
1300006200 10 9 10 9
1300005900 7 7 7 7
1300005600 11 14 11 14
1300005300 28 14 29 15
1300005000 1 3 2 3
1300004700 1 2 2 3
1300004400 2 2 2 2
1300004100 17 6 18 7
1300003800 5 6 5 6
1300003500 0 1 6 6
1300003200 6 6 6 6
1300002900 0 7 0 7
1300002600 3 11 9 12
1300002300 9 8 19 11
1300002000 19 11 23 19
1300001700 23 19 23 19
1300001400 14 16 14 16
1300001100 14 15 14 15
1300000800 8 13 17 18
1300000500 17 18 36 19
1300000200 35 18 36 19
1299999900 26 15 27 16
1299999600 6 9 8 10
1299999300 7 2 8 2
1299999000 1 2 1 2
1299998700 10 4 10 4
1299998400 10 6 11 7
1299998100 4 6 11 12
1299997800 11 12 11 12
1299997500 17 16 17 16
1299997200 10 7 11 7
1299996900 10 6 11 7
1299996600 3 6 3 7
1299996300 3 7 3 7
1299996000 80 18 81 19
1299995700 0 2 0 4
1299995400 0 4 14 12
1299995100 14 12 14 12
1299994800 23 19 23 19
1299994500 17 18 18 19
1299994200 2 14 26 24
1299993900 26 24 26 24
1299993600 9 16 9 16
1299993300 15 14 33 17
1299993000 32 16 33 17
1299992700 5 3 6 4
1299992400 4 2 4 2
1299992100 0 3 0 8
1299991800 0 8 33 15
1299991500 32 14 33 15
1299991200 0 0 0 0
1299990900 3 4 3 4
1299990600 18 7 19 7
1299990300 6 6 10 7
1299990000 10 2 10 2
1299989700 0 0 0 0
1299989400 0 2 1 3
1299989100 0 3 6 9
1299988800 6 8 10 9
1299988500 9 4 10 5
1299988200 1 5 1 5
1299987900 7 14 7 14
1299987600 27 25 28 26
1299987300 13 21 38 30
1299987000 38 30 38 30
1299986700 36 31 36 31
1299986400 11 20 12 21
1299986100 11 16 22 17
1299985800 21 16 22 17
1299985500 19 13 20 14
1299985200 13 3 13 3
1299984900 4 2 7 3
1299984600 7 3 8 4
1299984300 8 4 12 9
1299984000 12 9 12 9
1299983700 0 2 0 2
1299983400 14 2 15 3
1299983100 0 1 2 2
1299982800 2 2 2 2
1299982500 1 5 1 5
1299982200 16 8 16 8
1299981900 0 3 10 7
1299981600 10 7 16 10
1299981300 16 10 16 10
1299981000 34 20 34 20
1299980700 4 12 4 12
1299980400 40 25 41 26
1299980100 16 20 24 23
1299979800 24 23 24 23
1299979500 38 27 38 27
1299979200 15 26 69 33
1299978900 68 32 69 33
1299978600 23 18 25 19
1299978300 25 19 25 19
1299978000 28 15 29 16
1299977700 4 6 19 13
1299977400 18 12 19 13
1299977100 12 10 12 10
1299976800 10 6 10 6
1299976500 1 4 2 7
1299976200 0 7 17 19
1299975900 17 19 17 19
1299975600 15 15 15 15
1299975300 29 22 30 26
1299975000 12 26 75 38
1299974700 74 37 75 38
1299974400 39 24 40 25
1299974100 24 21 24 21
1299973800 12 23 12 23
1299973500 28 24 38 25
1299973200 37 23 38 24
1299972900 11 20 11 20
1299972600 35 20 36 21
1299972300 32 10 33 11
1299972000 0 2 0 2
1299971700 8 4 8 4
1299971400 1 2 2 4
1299971100 0 4 10 6
1299970800 9 6 10 9
1299970500 6 9 6 9
1299970200 14 17 28 18
1299969900 27 17 28 18
1299969600 13 12 15 13
1299969300 14 13 15 16
1299969000 12 16 34 24
1299968700 34 24 34 24
1299968400 16 13 16 13
1299968100 13 14 30 22
1299967800 29 22 30 25
1299967500 13 24 34 25
1299967200 33 23 34 24
1299966900 14 14 15 20
1299966600 13 19 28 20
1299966300 28 19 28 19
1299966000 23 15 23 15
1299965700 12 11 13 12
1299965400 10 12 21 16
1299965100 21 16 43 20
1299964800 43 20 43 20
1299964500 20 15 20 15
1299964200 7 14 8 32
1299963900 8 32 68 54
1299963600 68 54 68 54
1299963300 43 36 43 36
1299963000 30 31 30 32
1299962700 29 26 30 27
1299962400 16 7 16 7
1299962100 15 7 15 7
1299961800 1 8 1 8
1299961500 10 23 25 34
1299961200 25 34 26 36
1299960900 26 36 26 36
1299960600 30 33 30 33
1299960300 52 26 52 26
1299960000 1 6 8 11
1299959700 7 11 8 16
1299959400 0 16 0 16
1299959100 43 37 43 37
1299958800 51 39 52 40
1299958500 45 32 46 33
1299958200 35 16 36 17
1299957900 7 12 7 12
1299957600 0 7 0 7
1299957300 8 21 27 37
1299957000 27 37 53 38
1299956700 53 38 53 38
1299956400 47 30 47 30
1299956100 7 7 8 11
1299955800 0 11 6 30
1299955500 6 30 65 51
1299955200 65 51 65 51
1299954900 26 35 26 35
1299954600 35 32 37 33
1299954300 36 15 37 16
1299954000 0 12 6 30
1299953700 6 30 6 30
1299953400 54 47 54 47
1299953100 58 49 59 50
1299952800 32 32 33 33
1299952500 25 16 26 17
1299952200 0 11 0 11
1299951900 7 32 7 32
1299951600 56 47 67 48
1299951300 66 40 67 41
1299951000 38 30 39 31
1299950700 27 11 27 11
1299950400 4 15 4 15
1299950100 41 37 42 38
1299949800 37 34 37 34
1299949500 38 35 48 36
1299949200 47 25 48 26
1299948900 5 18 5 18
1299948600 10 34 10 34
1299948300 64 48 64 48
1299948000 31 25 32 26
1299947700 18 16 19 17
1299947400 0 16 34 40
1299947100 34 40 34 40
1299946800 50 39 50 39
1299946500 51 36 52 37
1299946200 48 30 49 31
1299945900 11 11 11 11
1299945600 7 11 7 11
1299945300 4 11 27 11
1299945000 26 10 27 11
1299944700 3 2 3 2
1299944400 0 5 0 5
1299944100 8 10 9 11
1299943800 5 10 6 11
1299943500 4 5 5 6
1299943200 1 4 1 4
1299942900 1 6 1 6
1299942600 14 13 15 14
1299942300 2 10 10 15
1299942000 10 15 10 15
1299941700 13 8 13 8
1299941400 3 3 12 6
1299941100 11 6 12 7
1299940800 5 7 12 7
1299940500 12 7 12 7
1299940200 19 8 20 9
1299939900 7 6 8 8
1299939600 7 7 8 8
1299939300 1 4 22 10
1299939000 22 10 22 10
1299938700 12 6 13 7
1299938400 8 6 9 7
1299938100 4 6 5 7
1299937800 0 3 0 3
1299937500 6 12 6 12
1299937200 0 7 22 22
1299936900 22 22 75 28
1299936600 75 28 75 28
1299936300 12 6 12 6
1299936000 5 5 6 6
1299935700 3 6 37 16
1299935400 37 16 37 16
1299935100 2 3 3 4
1299934800 3 4 3 7
1299934500 3 7 23 13
1299934200 23 13 23 13
1299933900 15 6 15 6
1299933600 8 4 8 5
1299933300 8 4 8 5
1299933000 8 5 8 5
1299932700 6 7 6 7
1299932400 25 13 26 14
1299932100 9 7 10 8
1299931800 2 7 6 7
1299931500 6 7 6 7
1299931200 19 12 19 12
1299930900 20 6 20 7
1299930600 19 4 20 5
1299930300 2 4 5 6
1299929400 8 5 43 16
1299927600 3 0 14 4
1299925800 3 3 16 11
1299924000 1 2 8 5
1299922200 3 2 17 9
1299920400 6 3 19 9
1299918600 4 6 10 12
1299916800 5 4 15 17
1299915000 3 3 22 8
1299913200 3 3 23 8
1299911400 4 4 12 10
1299909600 6 2 22 9
1299907800 3 3 8 8
1299906000 4 2 24 6
1299904200 7 3 22 9
1299902400 0 0 8 3
1299900600 1 1 10 5
1299898800 3 2 14 9
1299897000 4 3 14 8
1299895200 7 4 14 8
1299893400 5 2 23 8
1299891600 0 2 10 9
1299889800 2 2 11 9
1299888000 3 2 11 6
1299886200 4 3 14 9
1299884400 3 2 18 8
1299882600 4 4 30 8
1299880800 9 1 30 8
1299879000 6 5 19 14
1299877200 6 6 22 8
1299875400 3 3 14 9
1299873600 2 1 9 5
1299871800 4 0 20 4
1299870000 3 3 16 10
1299868200 0 1 8 7
1299866400 6 2 11 6
1299864600 2 3 12 8
1299862800 7 5 17 8
1299861000 4 2 8 4
1299859200 3 1 9 5
1299857400 7 3 19 8
1299855600 7 3 39 12
1299853800 7 5 30 13
1299852000 18 9 53 18
1299850200 4 2 12 8
1299848400 2 1 8 6
1299846600 3 3 15 7
1299844800 3 2 10 6
1299843000 2 1 8 6
1299841200 4 2 15 7
1299839400 4 4 10 9
1299837600 10 4 41 10
1299835800 5 11 57 55
1299834000 36 30 60 55
1299832200 28 27 64 46
1299830400 35 33 67 49
1299828600 29 28 53 45
1299826800 11 17 49 38
1299825000 23 22 57 44
1299823200 25 24 63 46
1299821400 21 21 50 42
1299819600 29 26 63 50
1299817800 25 22 44 35
1299816000 35 30 85 60
1299814200 5 5 11 13
1299812400 48 36 91 51
1299810600 30 28 73 51
1299808800 21 20 63 43
1299807000 24 21 63 48
1299805200 29 24 58 48
1299803400 28 25 46 38
1299801600 42 37 59 52
1299799800 27 24 68 49
1299798000 16 18 45 42
1299796200 15 9 42 32
1299794400 21 23 81 59
1299792600 23 24 87 56
1299790800 35 26 65 56
1299789000 42 33 106 57
1299787200 28 31 49 45
1299785400 23 21 52 45
1299783600 17 23 104 76
1299781800 46 30 104 76
1299780000 33 25 53 43
1299778200 28 24 68 41
1299776400 21 21 55 45
1299774600 14 22 59 52
1299772800 39 29 83 52
1299771000 3 6 17 43
1299769200 42 34 85 54
1299767400 41 35 73 49
1299765600 22 21 43 44
1299763800 13 17 35 34
1299762000 35 29 63 49
1299760200 34 30 58 51
1299758400 18 20 53 45
1299756600 19 18 40 35
1299754800 29 25 53 37
1299753000 33 34 58 52
1299751200 12 7 29 14
1299749400 18 20 50 39
1299747600 17 17 58 31
1299745800 25 25 59 44
1299744000 35 31 58 41
1299742200 14 19 38 35
1299740400 25 18 49 30
1299738600 18 16 31 29
1299736800 23 22 34 27
1299735000 14 13 25 24
1299733200 19 18 38 36
1299731400 24 23 50 33
1299729600 29 26 47 40
1299727800 8 8 33 24
1299726000 22 21 61 35
1299724200 38 31 94 45
1299722400 12 14 53 33
1299720600 30 27 53 36
1299718800 22 22 32 28
1299717000 20 19 32 26
1299715200 20 19 31 28
1299713400 19 23 41 30
1299711600 32 30 54 42
1299709800 28 22 55 27
1299708000 6 6 18 16
1299706200 14 12 31 23
1299704400 24 20 43 26
1299702600 17 11 38 25
1299700800 19 23 36 33
1299699000 10 5 34 23
1299697200 3 7 26 22
1299695400 26 22 43 28
1299693600 16 14 33 24
1299691800 22 22 34 30
1299690000 13 14 29 22
1299688200 19 16 24 24
1299686400 16 19 35 32
1299684600 19 17 41 29
1299682800 34 25 60 40
1299681000 15 10 26 17
1299679200 33 25 49 33
1299677400 10 4 44 18
1299675600 3 3 9 14
1299673800 26 22 53 32
1299672000 11 10 20 17
1299670200 16 16 25 19
1299668400 20 19 40 31
1299666600 19 18 39 26
1299664800 21 19 33 26
1299663000 17 18 34 30
1299661200 27 25 47 31
1299659400 18 16 52 25
1299657600 27 20 52 27
1299655800 33 22 49 30
1299654000 22 19 55 32
1299652200 22 26 33 34
1299650400 16 12 42 29
1299648600 6 4 18 10
1299646800 33 26 66 50
1299645000 28 22 38 28
1299643200 21 22 31 37
1299641400 15 21 31 37
1299639600 28 21 83 35
1299637800 24 21 42 28
1299636000 20 17 38 30
1299634200 21 22 40 30
1299632400 21 20 35 26
1299630600 30 23 55 33
1299628800 24 22 50 28
1299627000 18 15 34 23
1299625200 13 13 26 18
1299623400 8 8 32 21
1299621600 20 17 32 21
1299619800 19 21 28 26
1299618000 14 13 33 25
1299616200 12 12 39 26
1299614400 18 16 39 26
1299612600 11 11 23 26
1299610800 17 14 49 27
1299609000 6 6 30 14
1299607200 13 19 37 47
1299605400 42 37 59 52
1299603600 15 11 41 17
1299601800 20 19 30 27
1299600000 13 7 50 14
1299598200 1 4 5 13
1299596400 22 19 49 24
1299594600 10 9 29 20
1299592800 6 7 15 12
1299591000 15 12 31 19
1299589200 8 10 18 14
1299587400 13 9 57 18
1299585600 10 12 20 24
1299583800 21 19 47 32
1299582000 4 5 8 10
1299580200 4 10 14 26
1299578400 21 24 35 29
1299576600 17 8 41 30
1299574800 7 9 22 20
1299573000 24 29 36 41
1299571200 12 9 40 21
1299569400 7 8 26 20
1299567600 27 23 50 36
1299565800 14 12 42 29
1299564000 11 8 22 16
1299562200 8 11 33 27
1299560400 20 21 61 38
1299558600 20 19 30 26
1299556800 9 8 22 20
1299555000 22 21 44 24
1299553200 4 2 16 9
1299551400 8 12 25 29
1299549600 7 10 18 19
1299547800 23 23 39 34
1299546000 23 16 35 21
1299544200 10 13 18 23
1299542400 19 27 51 55
1299540600 18 20 39 32
1299538800 12 10 33 17
1299537000 4 4 18 14
1299535200 8 9 20 22
1299533400 26 22 43 32
1299531600 11 10 35 18
1299529800 4 3 26 8
1299528000 14 14 24 20
1299526200 10 6 43 18
1299524400 7 7 20 19
1299522600 5 7 16 22
1299520800 49 51 100 89
1299519000 30 24 76 47
1299517200 15 14 63 36
1299515400 11 9 34 26
1299513600 15 21 34 40
1299511800 24 23 36 38
1299510000 2 6 44 28
1299508200 29 22 44 28
1299506400 19 23 57 42
1299504600 30 26 57 39
1299502800 21 18 52 48
1299501000 32 24 62 48
1299499200 26 29 72 48
1299497400 22 24 90 60
1299495600 25 17 90 60
1299493800 8 10 52 35
1299492000 30 28 52 37
1299490200 26 29 113 83
1299488400 18 19 36 43
1299486600 27 26 55 46
1299484800 25 23 43 38
1299483000 37 37 82 59
1299481200 39 38 61 55
1299479400 26 23 63 47
1299477600 27 28 72 50
1299475800 23 22 50 40
1299474000 11 6 42 13
1299472200 6 8 12 17
1299470400 14 10 35 20
1299468600 17 13 34 21
1299466800 12 13 21 17
1299465000 6 5 11 10
1299463200 5 3 14 11
1299461400 8 8 20 14
1299459600 2 4 16 12
1299457800 13 10 29 17
1299456000 8 5 19 8
1299454200 11 7 22 14
1299452400 3 3 13 9
1299450600 6 5 13 9
1299448800 11 7 26 18
1299447000 3 2 8 7
1299445200 4 4 17 10
1299443400 5 5 8 7
1299441600 2 2 9 6
1299439800 5 4 21 15
1299438000 13 8 66 24
1299436200 8 5 19 8
1299434400 9 8 23 19
1299432600 4 4 15 8
1299430800 32 23 166 75
1299429000 6 3 18 8
1299427200 7 6 20 12
1299425400 9 9 37 21
1299423600 8 6 14 12
1299421800 7 5 25 10
1299420000 9 5 30 10
1299418200 9 3 22 9
1299416400 5 5 16 12
1299414600 11 7 27 12
1299412800 7 6 18 11
1299411000 8 8 32 23
1299409200 6 2 19 10
1299407400 5 7 12 14
1299405600 4 3 19 10
1299403800 6 6 28 13
1299402000 4 3 18 8
1299400200 2 3 8 7
1299398400 9 7 31 12
1299396600 6 3 31 11
1299394800 9 4 28 9
1299393000 8 4 25 12
1299391200 6 4 22 9
1299389400 1 4 13 9
1299387600 5 4 13 9
1299385800 9 8 22 13
1299384000 7 6 15 10
1299382200 6 6 14 35
1299380400 29 30 51 44
1299378600 38 38 60 51
1299376800 34 34 60 50
1299375000 35 35 70 56
1299373200 40 39 70 56
1299371400 43 38 91 61
1299369600 47 37 88 54
1299367800 24 26 51 44
1299366000 32 28 61 46
1299364200 33 29 67 45
1299362400 34 33 60 48
1299360600 22 21 35 42
1299358800 12 20 41 44
1299357000 28 31 55 51
1299355200 31 27 82 49
1299353400 21 22 56 40
1299351600 31 28 52 44
1299349800 22 28 55 42
1299348000 29 27 58 44
1299346200 27 27 49 49
1299344400 23 25 50 38
1299342600 37 34 92 58
1299340800 25 23 52 40
1299339000 16 21 46 44
1299337200 32 35 90 57
1299335400 40 35 90 54
1299333600 20 23 58 42
1299331800 36 37 69 56
1299330000 30 28 66 45
1299328200 21 19 43 28
1299326400 28 25 52 46
1299324600 27 33 62 58
1299322800 28 26 64 47
1299321000 14 13 34 25
1299319200 32 29 74 50
1299317400 26 24 59 45
1299315600 38 33 59 52
1299313800 44 37 81 61
1299312000 38 36 60 49
1299310200 27 35 46 53
1299308400 48 43 84 58
1299306600 41 38 67 53
1299304800 32 36 67 55
1299303000 36 37 66 56
1299301200 47 41 64 55
1299299400 35 34 71 51
1299297600 39 37 73 61
1299295800 26 29 65 48
1299294000 23 15 65 48
1299292200 27 28 58 48
1299290400 26 26 58 39
1299288600 41 34 92 60
1299286800 44 39 76 60
1299285000 42 38 67 61
1299283200 43 40 71 60
1299281400 36 31 62 47
1299279600 36 34 68 53
1299277800 38 36 60 54
1299276000 51 43 89 61
1299274200 9 10 30 55
1299272400 40 40 74 71
1299270600 37 34 80 57
1299268800 33 31 58 49
1299267000 30 31 72 53
1299265200 27 28 72 51
1299263400 32 30 80 55
1299261600 25 26 60 46
1299259800 21 22 42 36
1299258000 32 31 63 47
1299256200 37 35 81 49
1299254400 10 7 23 28
1299252600 59 45 85 63
1299250800 26 30 64 54
1299249000 25 25 81 54
1299247200 32 29 81 50
1299245400 26 26 69 50
1299243600 44 36 59 53
1299241800 41 34 113 56
1299240000 26 31 89 52
1299238200 26 24 89 44
1299236400 22 24 60 50
1299234600 38 29 65 50
1299232800 4 9 18 29
1299231000 29 28 64 45
1299229200 39 35 64 49
1299227400 31 36 74 64
1299225600 26 29 62 51
1299223800 19 20 47 44
1299222000 34 33 73 58
1299220200 38 36 73 51
1299218400 30 29 66 49
1299216600 18 17 51 46
1299214800 30 24 50 46
1299213000 44 39 55 51
1299211200 5 2 16 9
1299209400 42 31 110 56
1299207600 21 23 56 53
1299205800 26 22 58 52
1299204000 39 34 95 59
1299202200 24 28 53 50
1299200400 17 14 53 39
1299198600 33 26 72 44
1299196800 31 30 88 61
1299195000 25 21 75 43
1299193200 26 25 49 45
1299191400 37 33 69 51
1299189600 12 8 49 26
1299187800 16 20 52 47
1299186000 19 17 47 43
1299184200 26 32 64 46
1299182400 7 14 41 50
1299180600 35 28 63 56
1299178800 27 30 79 55
1299177000 17 15 52 45
1299175200 39 34 56 47
1299173400 12 16 52 40
1299171600 21 17 47 39
1299169800 26 31 47 41
1299168000 13 12 53 35
1299166200 29 24 47 40
1299164400 9 6 13 15
1299162600 16 21 39 37
1299160800 16 14 37 30
1299159000 19 20 35 27
1299157200 22 22 60 45
1299155400 34 29 60 45
1299153600 24 23 34 27
1299151800 31 24 42 33
1299150000 17 21 76 50
1299148200 26 24 76 50
1299146400 29 24 68 33
1299144600 23 16 56 32
1299142800 21 22 69 33
1299141000 16 9 69 23
1299139200 15 19 23 26
1299137400 26 26 38 30
1299135600 24 20 40 25
1299133800 24 26 40 37
1299132000 29 28 68 47
1299130200 25 24 44 35
1299128400 26 23 39 28
1299126600 15 18 28 24
1299124800 28 27 40 37
1299123000 34 28 85 43
1299121200 23 23 37 31
1299119400 36 30 55 39
1299117600 10 7 30 19
1299115800 16 17 31 29
1299114000 18 15 34 25
1299112200 14 9 41 18
1299110400 16 12 38 22
1299108600 13 13 43 30
1299106800 18 18 37 31
1299105000 20 21 38 36
1299103200 14 13 33 27
1299101400 19 16 39 23
1299099600 21 17 39 24
1299097800 13 11 35 28
1299096000 12 11 51 28
1299094200 14 12 33 23
1299092400 13 10 22 14
1299090600 23 20 39 27
1299088800 14 11 28 22
1299087000 12 18 53 44
1299085200 23 18 53 44
1299083400 5 6 18 14
1299081600 42 39 75 56
1299079800 22 22 33 27
1299078000 28 26 41 31
1299076200 19 17 39 31
1299074400 22 24 46 38
1299072600 26 22 38 35
1299070800 12 12 26 26
1299069000 27 29 47 41
1299067200 22 24 35 37
1299065400 45 36 83 46
1299063600 16 20 32 35
1299061800 28 26 42 34
1299060000 37 38 79 61
1299058200 20 14 84 45
1299056400 42 34 100 48
1299054600 24 27 62 53
1299052800 23 18 43 44
1299051000 29 25 63 46
1299049200 38 32 67 50
1299047400 30 37 77 67
1299045600 20 22 49 44
1299043800 30 21 65 45
1299042000 1 5 29 33
1299040200 19 22 40 33
1299038400 37 36 60 59
1299036600 45 43 89 63
1299034800 37 39 71 54
1299033000 42 35 57 59
1299031200 0 4 8 8
1299029400 10 7 39 20
1299027600 10 8 33 17
1299025800 6 6 22 15
1299024000 3 3 11 7
1299022200 1 2 6 5
1299020400 2 2 18 6
1299018600 5 3 18 8
1299016800 10 7 18 13
1299015000 6 4 16 12
1299013200 5 6 23 13
1299011400 6 5 17 9
1299009600 4 4 14 10
1299007800 0 0 3 2
1299006000 3 8 9 22
1299004200 3 1 9 5
1299002400 4 3 12 5
1299000600 1 2 11 6
1298998800 3 12 9 34
1298997000 31 29 139 72
1298995200 19 10 84 36
1298993400 2 0 12 6
1298991600 7 4 17 8
1298989800 3 2 14 5
1298988000 11 10 25 16
1298986200 4 2 12 8
1298984400 6 4 17 9
1298982600 7 5 25 9
1298980800 6 4 20 9
1298979000 8 5 20 10
1298977200 5 4 11 9
1298975400 2 4 8 14
1298973600 14 5 35 13
1298971800 0 1 16 6
1298970000 10 6 33 15
1298968200 5 5 13 13
1298966400 2 1 7 6
1298964600 3 4 8 8
1298962800 6 3 20 10
1298961000 9 8 24 13
1298959200 10 6 32 9
1298957400 2 2 13 6
1298955600 4 6 13 11
1298953800 2 3 16 7
1298952000 1 3 6 8
1298950200 1 4 3 10
1298948400 11 8 47 19
1298946600 7 4 16 10
1298944800 7 8 26 20
1298943000 9 4 25 13
1298941200 4 4 17 11
1298939400 8 5 21 10
1298937600 3 7 9 13
1298935800 6 3 34 12
1298934000 4 3 17 8
1298932200 5 2 20 7
1298930400 6 6 15 9
1298928600 3 1 10 4
1298926800 1 2 10 4
1298925000 4 2 16 8
1298923200 7 3 23 8
1298921400 5 2 21 10
1298919600 6 4 44 16
1298917800 13 7 44 16
1298916000 2 4 8 11
1298914200 5 4 14 7
1298912400 7 5 18 10
1298910600 4 5 11 8
1298908800 1 1 11 5
1298907000 2 1 22 9
1298905200 8 4 22 9
1298903400 9 5 38 12
1298901600 9 4 20 7
1298899800 2 3 8 7
1298898000 3 2 9 5
1298896200 7 4 24 12
1298894400 5 3 12 10
1298892600 8 5 24 11
1298890800 8 4 20 10
1298889000 5 5 13 10
1298887200 3 4 7 8
1298885400 4 4 13 10
1298883600 11 6 21 10
1298881800 5 5 23 12
1298880000 2 2 21 16
1298878200 17 19 79 63
1298876400 4 1 18 6
1298874600 3 2 18 6
1298872800 7 4 18 8
1298871000 3 3 12 8
1298869200 4 3 12 9
1298867400 6 5 13 12
1298865600 3 4 10 8
1298863800 3 2 8 8
1298862000 5 5 9 8
1298860200 6 5 15 10
1298858400 7 2 18 6
1298856600 3 2 11 7
1298854800 13 15 38 30
1298853000 4 3 16 10
1298851200 6 5 16 10
1298849400 5 3 16 17
1298844000 43 38 125 94
1298836800 8 5 46 24
1298829600 5 4 18 16
1298822400 6 5 31 23
1298815200 3 1 23 8
1298808000 4 3 23 14
1298800800 9 8 65 46
1298793600 17 17 63 52
1298786400 27 27 80 54
1298779200 27 23 68 45
1298772000 22 21 71 44
1298764800 32 28 69 51
1298757600 29 23 94 54
1298750400 27 27 65 50
1298743200 27 27 70 50
1298736000 22 20 60 52
1298728800 24 23 100 53
1298721600 28 28 64 50
1298714400 32 28 81 53
1298707200 30 28 78 53
1298700000 30 27 73 55
1298692800 25 26 65 54
1298685600 33 30 80 59
1298678400 26 26 113 68
1298671200 40 31 119 68
1298664000 28 26 92 59
1298656800 34 30 94 62
1298649600 34 29 75 51
1298642400 30 26 77 55
1298635200 29 27 70 59
1298628000 32 28 68 52
1298620800 26 26 76 67
1298613600 33 30 88 57
1298606400 34 29 80 54
1298599200 31 29 74 57
1298592000 20 19 71 63
1298584800 29 25 98 63
1298577600 27 27 81 71
1298570400 23 22 73 50
1298563200 20 18 85 53
1298556000 26 22 61 36
1298548800 29 27 67 46
1298541600 24 27 59 48
1298534400 34 31 86 47
1298527200 33 29 64 53
1298520000 27 25 54 32
1298512800 28 26 62 46
1298505600 16 14 73 49
1298498400 15 13 47 33
1298491200 7 8 33 26
1298484000 31 26 68 37
1298476800 21 22 55 39
1298469600 24 21 53 37
1298462400 30 29 79 66
1298455200 43 40 116 73
1298448000 35 35 86 69
1298440800 58 54 109 82
1298433600 34 33 96 69
1298426400 12 9 42 18
1298419200 8 8 30 20
1298412000 10 9 39 21
1298404800 8 6 31 16
1298397600 12 8 42 24
1298390400 11 8 42 21
1298383200 8 7 40 24
1298376000 6 4 31 20
1298368800 4 4 24 18
1298361600 4 3 53 16
1298354400 9 7 63 23
1298347200 7 5 42 19
1298340000 5 4 20 17
1298332800 5 3 45 22
1298325600 8 6 45 26
1298318400 47 46 99 68
1298311200 37 35 76 55
1298304000 43 39 98 68
1298296800 40 39 108 66
1298289600 49 46 108 66
1298282400 45 43 97 73
1298275200 46 43 97 66
1298268000 35 32 77 53
1298260800 23 17 80 65
1298253600 6 4 22 19
1298246400 6 5 65 35
1298239200 21 22 63 51
1298232000 26 24 70 65
1298224800 24 22 75 59
1298217600 23 21 75 59
1298210400 19 17 63 45
1298203200 24 22 73 46
1298196000 20 16 145 54
1298188800 12 12 53 36
1298181600 20 18 42 29
1298174400 21 21 54 37
1298167200 24 18 69 31
1298160000 16 13 47 29
1298152800 16 13 42 33
1298145600 22 16 62 38
1298138400 12 10 47 29
1298131200 10 10 43 33
1298124000 15 13 48 41
1298116800 17 18 47 46
1298109600 19 17 50 31
1298102400 26 23 80 65
1298095200 22 22 65 50
1298088000 32 30 72 56
1298080800 33 33 70 73
1298073600 22 20 60 48
1298066400 6 6 25 18
1298059200 7 6 56 24
1298052000 5 3 26 14
1298044800 5 4 29 15
1298037600 5 3 31 11
1298030400 7 5 29 17
1298023200 6 5 23 13
1298016000 5 4 25 12
1298008800 7 5 27 39
1298001600 2 2 29 16
1297994400 4 3 21 12
1297987200 6 4 20 11
1297980000 10 7 52 24
1297972800 10 12 108 81
1297965600 7 5 65 18
1297958400 10 8 39 18
1297951200 6 4 47 21
1297944000 12 7 47 21
1297936800 9 7 46 22
1297929600 8 7 22 18
1297922400 8 9 95 29
1297915200 12 7 95 29
1297908000 4 2 32 10
1297900800 6 4 42 16
1297893600 42 41 144 101
1297886400 60 57 90 86
1297879200 26 27 89 82
1297872000 33 32 92 82
1297864800 54 51 110 82
1297857600 26 24 61 49
1297850400 23 22 76 70
1297843200 25 27 93 69
1297836000 39 37 93 69
1297828800 25 20 80 48
1297821600 25 22 76 64
1297814400 14 15 57 43
1297807200 22 23 75 65
1297800000 9 8 36 31
1297792800 30 30 85 79
1297785600 31 27 120 65
1297778400 20 19 73 49
1297771200 34 35 91 78
1297764000 7 6 56 23
1297756800 6 5 24 11
1297749600 12 11 87 47
1297742400 22 21 64 47
1297735200 14 10 54 31
1297728000 10 9 56 22
1297720800 4 4 17 13
1297713600 7 7 33 23
1297706400 4 3 26 17
1297699200 6 4 37 11
1297692000 5 4 26 14
1297684800 5 2 25 17
1297677600 4 4 31 19
1297670400 4 4 31 17
1297663200 6 4 38 15
1297656000 7 4 34 16
1297648800 6 4 37 20
1297641600 4 2 35 14
1297634400 5 3 22 9
1297627200 10 24 118 323
1297620000 6 3 23 9
1297612800 10 5 46 16
1297605600 60 59 102 89
1297598400 86 85 115 104
1297591200 83 75 150 108
1297584000 38 38 78 66
1297576800 57 55 93 75
1297569600 46 39 97 71
1297562400 25 24 80 69
1297555200 38 32 92 74
1297548000 10 9 27 29
1297540800 6 4 32 22
1297533600 3 1 22 8
1297526400 9 5 47 20
1297519200 3 2 22 12
1297512000 7 4 53 15
1297504800 3 3 17 16
1297497600 4 3 18 12
1297490400 1 1 45 19
1297483200 7 5 45 25
1297476000 5 4 49 14
1297468800 7 5 33 21
1297461600 10 7 75 37
1297454400 10 7 34 18
1297447200 10 9 30 18
1297440000 13 12 47 24
1297432800 6 4 32 14
1297425600 6 4 37 15
1297418400 3 3 19 18
1297411200 4 2 21 10
1297404000 4 2 28 11
1297396800 6 4 39 12
1297389600 6 3 20 12
1297382400 5 3 25 15
1297375200 20 20 150 59
1297368000 5 4 33 14
1297360800 11 11 71 57
1297353600 7 6 24 20
1297346400 4 3 20 11
1297339200 4 4 26 19
1297332000 7 5 31 16
1297324800 4 3 18 11
1297317600 6 4 32 13
1297310400 3 1 25 14
1297303200 4 2 31 13
1297296000 2 1 17 7
1297288800 4 3 24 20
1297281600 5 2 21 11
1297274400 5 2 43 19
1297267200 4 4 19 17
1297260000 3 2 32 8
1297252800 7 4 73 23
1297245600 4 5 26 16
1297238400 6 4 41 12
1297231200 3 3 21 17
1297224000 14 10 75 27
1297216800 21 19 67 50
1297209600 10 8 57 25
1297202400 9 6 57 16
1297195200 14 13 82 72
1297188000 33 34 81 62
1297180800 43 38 155 91
1297173600 41 37 105 74
1297166400 9 9 46 55
1297159200 8 5 41 16
1297152000 3 4 32 21
1297144800 6 5 47 23
1297137600 6 5 34 16
1297130400 6 4 47 22
1297123200 4 2 47 17
1297116000 4 3 16 9
1297108800 10 9 40 25
1297101600 9 7 46 37
1297094400 5 4 25 17
1297087200 3 4 18 28
1297080000 7 5 23 18
1297072800 5 4 22 18
1297065600 18 10 223 98
1297058400 5 5 25 17
1297051200 42 46 109 98
1297044000 81 78 114 97
1297036800 66 66 111 97
1297029600 71 70 199 118
1297022400 61 57 264 210
1297015200 53 52 96 80
1297008000 62 62 93 80
1297000800 35 31 91 77
1296993600 15 10 102 75
1296986400 9 8 91 55
1296979200 7 3 45 13
1296972000 6 3 22 11
1296964800 4 3 20 14
1296957600 4 2 33 13
1296950400 3 0 17 8
1296943200 5 5 23 23
1296936000 7 3 41 12
1296928800 4 3 16 12
1296921600 8 6 34 16
1296914400 5 4 27 16
1296907200 5 4 22 16
1296900000 3 1 17 11
1296892800 41 43 89 69
1296885600 41 40 81 59
1296878400 59 55 101 69
1296871200 55 51 95 71
1296864000 46 45 83 64
1296856800 8 6 36 21
1296849600 3 2 30 15
1296842400 20 18 61 44
1296835200 17 15 39 35
1296828000 54 59 117 102
1296820800 88 88 117 108
1296813600 77 75 100 100
1296806400 74 69 112 87
1296799200 67 67 101 81
1296792000 64 67 107 81
1296784800 61 58 120 94
1296777600 13 10 105 53
1296770400 5 4 30 16
1296763200 7 4 39 19
1296756000 2 3 27 11
1296748800 5 3 28 14
1296741600 3 3 25 15
1296734400 6 5 25 18
1296727200 3 2 23 11
1296720000 6 3 27 12
1296712800 5 3 29 13
1296705600 7 7 25 15
1296698400 7 4 31 18
1296691200 8 6 52 20
1296684000 7 4 28 11
1296676800 3 3 20 12
1296669600 6 5 72 37
1296662400 8 5 31 23
1296655200 5 3 33 12
1296648000 5 4 22 16
1296640800 33 34 130 99
1296633600 83 79 112 96
1296626400 71 69 96 79
1296619200 67 67 105 84
1296612000 14 11 113 78
1296604800 4 4 17 11
1296597600 7 5 54 16
1296590400 3 2 14 11
1296583200 6 3 57 17
1296576000 7 5 27 15
1296568800 5 5 36 16
1296561600 7 5 28 22
1296554400 4 4 21 15
1296547200 8 5 41 21
1296540000 3 3 45 14
1296532800 10 5 45 17
1296525600 7 3 30 15
1296518400 7 4 25 23
1296511200 12 11 52 34
1296504000 14 14 149 112
1296496800 76 74 149 112
1296489600 68 62 101 89
1296482400 71 68 98 81
1296475200 68 66 98 91
1296468000 4 3 14 12
1296460800 5 4 22 21
1296453600 9 8 90 33
1296446400 11 5 90 33
1296439200 5 3 26 14
1296432000 5 4 37 21
1296424800 6 5 31 14
1296417600 4 4 63 24
1296410400 6 2 63 24
1296403200 33 32 90 83
1296396000 83 81 110 93
1296388800 69 70 100 86
1296381600 69 68 119 94
1296374400 62 61 96 77
1296367200 78 73 110 83
1296360000 67 66 99 89
1296352800 10 8 91 79
1296345600 6 4 71 22
1296338400 4 3 24 13
1296331200 3 3 28 13
1296324000 16 14 79 45
1296316800 7 5 32 14
1296309600 43 77 458 654
1296302400 4 3 25 18
1296295200 7 4 34 16
1296288000 3 1 27 9
1296280800 6 4 43 13
1296273600 7 5 28 12
1296266400 9 5 47 19
1296259200 4 2 19 9
1296252000 6 6 34 17
1296244800 6 4 35 18
1296237600 9 5 37 15
1296230400 5 5 27 21
1296223200 4 3 26 14
1296216000 6 4 28 16
1296208800 5 3 32 17
1296201600 11 12 60 45
1296194400 12 8 97 40
1296187200 5 3 33 11
1296180000 7 3 33 12
1296172800 3 3 26 14
1296165600 3 3 16 16
1296158400 5 3 32 16
1296151200 3 1 20 9
1296144000 3 2 34 12
1296136800 2 1 24 10
1296129600 8 5 102 36
1296122400 4 4 21 18
1296115200 17 17 79 38
1296108000 6 6 33 22
1296100800 4 2 73 17
1296093600 2 0 17 8
1296086400 2 0 33 7
1296079200 2 0 33 7
1296072000 3 1 29 9
1296064800 6 6 56 20
1296057600 4 3 30 14
1296050400 8 5 86 44
1296043200 8 6 55 25
1296036000 51 52 109 90
1296028800 73 69 96 86
1296021600 71 68 103 86
1296014400 75 68 113 82
1296007200 61 60 113 81
1296000000 63 57 166 82
1295992800 65 63 109 99
1295985600 8 5 39 19
1295978400 22 16 95 41
1295971200 11 9 69 23
1295964000 5 2 43 14
1295956800 5 3 32 18
1295949600 5 4 26 17
1295942400 2 2 19 10
1295935200 3 1 22 10
1295928000 8 6 31 20
1295920800 8 6 44 17
1295913600 10 6 59 23
1295906400 9 7 44 54
1295899200 4 3 21 10
1295892000 9 6 30 20
1295884800 6 4 63 25
1295877600 8 5 48 23
1295870400 1 0 16 11
1295863200 4 3 25 14
1295856000 6 3 25 15
1295848800 4 3 37 11
1295841600 6 3 31 13
1295834400 7 4 32 17
1295827200 6 3 64 22
1295820000 6 3 31 15
1295812800 24 25 87 80
1295805600 64 62 101 79
1295798400 75 71 122 108
1295791200 62 60 103 83
1295784000 53 51 104 82
1295776800 61 59 97 98
1295769600 29 23 83 69
1295762400 0 0 12 10
1295755200 2 0 15 12
1295748000 3 1 21 12
1295740800 2 1 22 13
1295733600 7 3 34 14
1295726400 4 2 25 11
1295719200 3 2 17 10
1295712000 36 37 92 79
1295704800 62 61 126 80
1295697600 51 48 131 101
1295690400 28 27 87 80
1295683200 46 46 109 76
1295676000 29 24 128 88
1295668800 5 2 57 21
1295661600 29 31 92 81
1295654400 67 67 98 89
1295647200 84 83 132 99
1295640000 87 87 111 107
1295632800 13 6 86 45
1295625600 5 2 20 12
1295618400 6 4 32 16
1295611200 5 2 32 19
1295604000 4 4 29 18
1295596800 8 5 84 39
1295589600 7 5 35 22
1295582400 3 2 22 9
1295575200 10 6 60 22
1295568000 6 6 40 25
1295560800 3 2 26 22
1295553600 9 7 53 31
1295546400 3 3 30 12
1295539200 7 4 50 16
1295532000 3 2 29 13
1295524800 3 4 20 15
1295517600 20 22 112 89
1295510400 85 85 121 99
1295503200 82 82 106 95
1295496000 75 72 109 96
1295488800 56 53 97 84
1295481600 70 68 104 88
1295474400 27 26 101 85
1295467200 5 2 48 16
1295460000 6 3 32 13
1295452800 8 7 42 23
1295445600 8 7 37 24
1295438400 6 4 63 19
1295431200 5 3 45 14
1295424000 4 2 38 18
1295416800 38 38 193 150
1295409600 6 3 23 11
1295402400 5 2 25 12
1295395200 23 24 96 90
1295388000 77 79 103 91
1295380800 78 78 104 93
1295373600 40 34 90 84
1295366400 4 3 42 16
1295359200 6 4 31 21
1295352000 3 2 30 17
1295344800 4 2 18 14
1295337600 7 5 47 41
1295330400 7 3 43 16
1295323200 10 12 97 91
1295316000 60 54 97 91
1295308800 3 1 16 9
1295301600 6 3 24 11
1295294400 3 2 27 10
1295287200 1 0 14 8
1295280000 3 1 27 11
1295272800 4 2 19 7
1295265600 4 2 34 14
1295258400 4 2 14 14
1295251200 3 2 22 11
1295244000 53 52 99 97
1295236800 79 78 99 97
1295229600 86 83 105 94
1295222400 83 82 105 92
1295215200 49 43 110 94
1295208000 6 5 105 41
1295200800 3 2 21 13
1295193600 3 2 21 13
1295186400 2 1 17 9
1295179200 1 1 16 12
1295172000 3 2 22 13
1295164800 6 5 38 17
1295157600 3 1 16 11
1295150400 2 2 17 11
1295143200 31 33 95 91
1295136000 84 86 112 110
1295128800 123 122 334 237
1295121600 106 101 166 140
1295114400 54 50 172 117
1295107200 4 3 27 13
1295100000 7 6 48 31
1295092800 6 4 27 15
1295085600 5 3 18 13
1295078400 6 3 33 11
1295071200 2 1 11 8
1295064000 1 0 13 5
1295056800 4 2 36 14
1295049600 6 4 31 13
1295042400 2 1 19 7
1295035200 6 3 23 9
1295028000 28 27 121 93
1295020800 91 86 127 99
1295013600 84 83 120 99
1295006400 85 86 127 109
1294999200 86 85 123 102
1294992000 87 82 112 97
1294984800 86 86 110 117
1294977600 90 88 153 136
1294970400 76 74 107 100
1294963200 3 3 16 14
1294956000 6 4 37 24
1294948800 6 4 40 16
1294941600 6 3 50 17
1294934400 7 4 41 20
1294927200 5 3 30 10
1294920000 5 3 18 12
1294912800 4 3 24 15
1294905600 6 3 85 25
1294898400 3 3 30 24
1294891200 6 3 35 15
1294884000 5 4 30 19
1294876800 7 4 50 14
1294869600 9 5 78 21
1294862400 6 4 33 16
1294855200 5 3 18 12
1294848000 4 4 17 11
1294840800 7 4 77 25
1294833600 4 3 26 23
1294826400 4 2 21 16
1294819200 2 2 17 12
1294812000 6 4 29 13
1294804800 42 42 117 92
1294797600 86 83 130 107
1294790400 86 83 130 107
1294783200 58 57 98 89
1294776000 79 76 126 95
1294768800 10 9 81 71
1294761600 21 18 105 83
1294754400 4 2 20 10
1294747200 3 3 20 14
1294740000 3 2 16 19
1294732800 5 3 25 12
1294725600 4 2 24 10
1294718400 6 4 39 21
1294711200 1 1 12 10
1294704000 33 34 121 100
1294696800 85 81 114 100
1294689600 64 58 136 99
1294682400 84 81 112 100
1294675200 61 58 115 92
1294668000 79 79 98 97
1294660800 5 3 79 42
1294653600 6 6 90 54
1294646400 5 2 30 13
1294639200 5 4 42 16
1294632000 4 2 19 10
1294624800 3 2 18 9
1294617600 7 4 56 20
1294610400 3 2 40 20
1294603200 32 31 110 100
1294596000 85 82 104 90
1294588800 63 61 107 92
1294581600 82 81 103 91
1294574400 82 79 120 90
1294567200 22 18 110 89
1294560000 3 2 18 9
1294552800 5 3 57 13
1294545600 6 3 57 13
1294538400 76 76 126 99
1294531200 88 85 115 101
1294524000 52 50 182 119
1294444800 25 24 115 96
1294358400 3 1 190 45
1294272000 35 33 118 93
1294185600 30 29 144 96
1294099200 12 10 102 90
1294012800 60 60 153 135
1293926400 24 22 119 97
1293840000 16 14 118 92
1293753600 44 44 169 125
1293667200 27 25 169 116
1293580800 3 2 65 54
1293494400 59 57 126 96
1293408000 23 22 119 90
1293321600 5 3 90 87
1293235200 73 72 137 104
1293148800 23 15 1339 1310
1293062400 72 69 178 108
1292976000 17 17 114 96
1292889600 49 46 125 97
1292803200 55 54 213 109
1292716800 60 59 135 115
1292630400 59 58 138 107
1292544000 134 133 306 225
1292457600 116 114 232 189
1292371200 175 173 306 288
1292284800 176 174 346 297
1292198400 173 173 262 258
1292112000 174 171 309 230
1292025600 143 142 283 223
1291939200 176 173 283 263
1291852800 133 132 288 268
1291766400 154 152 308 244
1291680000 138 137 276 218
1291593600 135 134 289 208
1291507200 145 141 288 213
1291420800 101 101 139 137
1291334400 104 103 534 309
1291248000 102 101 173 136
1291161600 104 101 162 129
1291075200 118 116 263 203
1290988800 154 150 329 239
1290902400 129 127 215 186
1290816000 126 124 289 225
1290729600 124 122 277 228
1290643200 127 124 274 210
1290556800 123 122 221 227
1290470400 118 116 222 171
1290384000 114 112 330 255
1290297600 122 121 272 265
1290211200 123 122 259 170
1290124800 139 135 224 181
1290038400 133 132 280 225
1289952000 117 117 241 188
1289865600 106 104 198 166
1289779200 109 107 216 182
1289692800 102 101 150 123
1289606400 107 105 229 147
1289520000 104 103 186 241
1289433600 105 103 288 195
1289347200 102 100 181 138
1289260800 102 101 154 140
1289174400 102 101 164 125
1289088000 103 101 169 131
1289001600 102 101 160 136
1288915200 108 105 182 144
1288828800 82 80 266 152
1288742400 110 109 793 572
1288656000 108 106 285 140
1288569600 65 61 156 126
1288483200 4 5 57 33
1288396800 10 8 62 38
1288310400 9 8 76 47
1288224000 8 6 122 79
1288137600 4 2 45 23
1288051200 7 5 71 32
1287964800 4 3 66 44
1287878400 11 9 106 66
1287792000 4 3 70 24
1287705600 5 3 59 44
1287619200 7 6 77 42
1287532800 6 4 49 28
1287446400 8 6 85 42
1287360000 14 11 123 48
1287273600 7 6 78 37
1287187200 10 8 66 39
1287100800 16 14 85 54
1287014400 9 8 75 45
1286928000 4 3 84 36
1286841600 4 3 62 36
1286755200 6 4 58 29
1286668800 4 3 59 35
1286582400 4 2 82 33
1286496000 10 9 64 33
1286409600 7 5 124 48
1286323200 3 3 58 45
1286236800 4 2 46 20
1286150400 7 5 88 74
1286064000 6 4 53 27
1285977600 5 3 52 30
1285891200 11 10 89 40
1285804800 5 3 164 74
1285718400 6 5 91 28
1285632000 5 4 105 54
1285545600 5 3 122 67
1285459200 12 9 374 291
1285372800 6 3 85 31
1285286400 7 5 68 30
1285200000 9 7 86 39
1285113600 5 4 72 44
1285027200 5 3 52 32
1284940800 8 6 85 31
1284854400 11 9 193 63
1284768000 5 2 72 38
1284681600 4 3 112 45
1284595200 7 5 125 69
1284508800 8 5 60 27
1284422400 7 4 84 46
1284336000 6 4 76 36
1284249600 3 3 50 26
1284163200 4 3 41 32
1284076800 7 4 55 30
1283990400 7 7 76 46
1283904000 8 6 72 40
1283817600 12 10 113 57
1283731200 6 4 59 27
1283644800 2 2 51 31
1283558400 11 10 61 33
1283472000 7 6 100 78
1283385600 8 7 65 34
1283299200 7 5 71 29
1283212800 4 1 87 49
1283126400 2 1 79 26
1283040000 3 2 60 35
1282953600 12 11 101 58
1282867200 8 6 134 86
1282780800 5 4 74 43
1282694400 5 3 75 37
1282608000 4 2 173 46
1282521600 4 2 56 24
1282435200 3 1 50 30
1282348800 6 5 62 33
1282262400 7 4 65 39
1282176000 9 9 58 46
1282089600 13 11 117 38
1282003200 5 3 110 42
1281916800 4 4 46 23
1281830400 5 4 76 26
1281744000 7 6 76 44
1281657600 14 12 88 42
1281571200 13 11 79 47
1281484800 8 5 93 36
1281398400 6 4 122 98
1281312000 4 3 51 25
1281225600 5 3 70 25
1281139200 4 3 46 22
1281052800 5 3 49 27
1280966400 10 9 95 76
1280880000 4 3 64 24
1280793600 8 7 92 46
1280707200 9 8 60 35
1280620800 7 5 82 33
1280534400 8 7 62 36
1280448000 9 9 77 90
1280361600 13 12 82 42
1280275200 13 11 79 39
1280188800 9 8 85 42
1280102400 21 20 138 126
1280016000 31 28 168 142
1279929600 11 8 70 30
1279843200 13 10 81 63
1279756800 7 7 79 32
1279670400 9 6 66 33
1279584000 10 9 106 49
1279497600 12 11 66 42
1279411200 9 7 62 30
1279324800 9 8 71 31
1279238400 8 7 72 31
1279152000 9 8 138 55
1279065600 13 12 143 62
1278979200 12 11 72 47
1278892800 7 6 63 40
1278806400 13 12 138 49
1278720000 11 9 98 82
1278633600 12 9 77 42
1278547200 9 8 66 31
1278460800 11 9 142 54
1278374400 10 9 71 50
1278288000 10 9 65 30
1278201600 9 8 73 39
1278115200 10 10 77 40
1278028800 10 8 73 70
1277942400 7 6 50 40
1277856000 7 5 80 47
1277769600 8 6 105 81
1277683200 9 7 74 29
1277596800 8 7 57 30
1277510400 9 7 69 47
1277424000 9 7 74 33
1277337600 9 7 104 41
1277251200 9 7 64 42
1277164800 7 6 48 33
1277078400 6 5 43 32
1276992000 7 6 72 35
1276905600 12 11 78 36
1276819200 10 9 79 39
1276732800 7 4 68 36
1276646400 5 4 66 25
1276560000 10 9 81 45
1276473600 6 5 110 35
1276387200 9 7 53 29
1276300800 7 5 68 31
1276214400 8 5 149 75
1276128000 10 8 173 70
1276041600 11 9 109 51
1275955200 15 15 237 82
1275868800 10 9 72 50
1275782400 10 9 79 39
1275696000 10 9 91 52
1275609600 14 13 100 50
1275523200 10 9 56 36
1275436800 13 13 61 39
1275350400 21 19 137 70
1275264000 13 11 140 57
1275177600 9 7 61 36
1275091200 9 9 56 30
1275004800 15 13 85 49
1274918400 15 13 89 51
1274832000 13 11 133 52
1274745600 16 15 107 50
1274659200 11 9 70 36
1274572800 7 8 151 85
1274486400 11 10 69 44
1274400000 6 6 126 67
1274313600 7 6 65 31
1274227200 14 13 100 55
1274140800 7 7 76 43
1274054400 9 7 71 45
1273968000 9 7 76 31
1273881600 9 7 54 36
1273795200 12 11 57 33
1273708800 11 10 82 37
1273622400 16 14 137 62
1273536000 9 8 115 75
1273449600 12 12 69 39
1273363200 13 10 63 42
1273276800 10 8 96 44
1273190400 7 6 77 47
1273104000 13 11 124 57
1273017600 12 11 86 37
1272931200 11 10 77 44
1272844800 13 9 109 44
1272758400 13 10 60 37
1272672000 7 6 110 103
1272585600 11 9 56 39
1272499200 9 7 78 33
1272412800 9 8 66 28
1272326400 19 16 80 48
1272240000 16 13 112 54
1272153600 11 9 74 36
1272067200 11 9 87 38
1271980800 9 7 207 69
1271894400 9 8 110 40
1271808000 9 8 110 40
1271721600 11 10 160 82
1271635200 18 15 67 44
1271548800 14 13 108 71
1271462400 13 11 138 70
1271376000 14 13 84 40
1271289600 11 8 110 61
1271203200 12 10 129 64
1271116800 9 7 192 67
1271030400 17 15 65 44
1270944000 12 9 93 103
1270857600 11 10 110 55
1270771200 13 11 133 54
1270684800 11 9 83 42
1270598400 10 8 83 39
1270512000 11 9 91 56
1270425600 12 11 117 64
1270339200 10 8 80 38
1270252800 11 9 74 36
1270166400 6 4 62 29
1270080000 11 7 223 67
1269993600 8 6 82 33
1269907200 10 10 103 75
1269820800 9 7 66 38
1269734400 10 7 64 36
1269648000 12 11 114 73
1269561600 107 99 4206 3850
1269475200 11 10 97 48
1269388800 6 5 54 24
1269302400 10 8 354 158
1269216000 48 48 537 486
1269129600 8 6 96 37
1269043200 12 10 125 90
1268956800 6 5 54 38
1268870400 13 12 115 86
1268784000 11 10 92 56
1268697600 14 13 76 36
1268611200 16 14 105 64
1268524800 7 5 69 85
1268438400 8 6 61 42
1268352000 6 5 81 34
1268265600 7 4 73 32
1268179200 4 4 58 27
1268092800 5 5 132 53
1268006400 6 5 54 29
1267920000 8 6 54 29
1267833600 5 3 50 26
1267747200 6 4 48 28
1267660800 4 2 80 34
1267574400 5 3 62 36
1267488000 6 4 65 39
1267401600 7 5 121 64
1267315200 6 5 48 39
1267228800 6 6 44 31
1267142400 9 7 103 39
1267056000 8 6 168 45
1266969600 5 4 61 37
1266883200 9 9 82 43
1266796800 5 4 45 26
1266710400 6 5 45 30
1266624000 5 4 154 41
1266537600 6 4 52 28
1266451200 6 4 58 32
1266364800 6 4 86 53
1266278400 5 5 77 29
1266192000 8 7 78 33
1266105600 7 5 91 33
1266019200 7 6 50 28
1265932800 9 6 69 28
1265846400 9 8 78 34
1265760000 7 7 82 50
1265673600 6 4 46 27
1265587200 7 6 48 26
1265500800 8 7 71 33
1265414400 9 8 62 33
1265328000 10 8 79 42
1265241600 8 7 57 29
1265155200 9 8 62 32
1265068800 8 7 102 36
1264982400 9 9 56 34
1264896000 9 8 84 43
1264809600 8 6 52 34
1264723200 10 8 158 66
1264636800 10 8 108 49
1264550400 11 10 85 38
1264464000 4 3 56 24
1264377600 4 3 80 39
1264291200 4 3 64 23
1264204800 3 3 107 32
1264118400 10 7 97 53
1264032000 9 8 64 36
1263945600 10 9 88 33
1263859200 8 6 66 37
1263772800 9 7 168 64
1263686400 8 7 101 95
1263600000 7 5 63 39
1263513600 9 7 70 30
1263427200 8 7 54 29
1263340800 11 10 77 48
1263254400 8 6 64 30
1263168000 7 6 64 28
1263081600 11 7 71 31
1262995200 7 5 53 33
1262908800 9 7 61 54
1262822400 13 12 83 114
1262736000 5 4 62 33
1262649600 18 17 106 79
1262563200 41 40 235 226
1262476800 21 20 223 137
1262390400 37 33 161 116
1262304000 9 7 65 45
1262217600 14 13 57 45
1262131200 11 10 53 45
1262044800 10 8 106 53
1261958400 12 11 67 54
1261872000 18 16 99 63
1261785600 5 4 57 30
1261699200 12 11 61 45
1261612800 11 10 74 40
1261526400 25 25 120 92
1261440000 21 19 122 99
1261353600 10 8 104 83
1261267200 10 7 53 27
1261180800 5 3 40 26
1261094400 7 6 52 34
1261008000 7 5 55 28
1260921600 3 1 42 19
1260835200 5 4 50 23
1260748800 4 2 39 22
1260662400 6 4 50 23
1260576000 7 5 53 35
1260489600 7 4 108 63
1260403200 6 5 66 26
1260316800 6 6 57 30
1260230400 7 4 71 53
1260144000 8 5 60 40
1260057600 5 4 60 29
1259971200 6 4 59 25
1259884800 10 8 57 31
1259798400 8 7 85 40
1259712000 6 5 67 35
1259625600 5 4 55 30
1259539200 4 1 61 27
1259452800 4 3 38 20
1259366400 1 0 37 17
1259280000 2 1 43 18
1259193600 51 49 116 83
1259107200 5 3 80 33
1259020800 6 5 69 27
1258934400 4 2 68 28
1258848000 6 3 44 34
1258761600 4 3 59 22
1258675200 5 3 59 24
1258588800 7 6 70 43
1258502400 4 2 55 24
1258416000 6 4 57 31
1258329600 4 3 50 41
1258243200 5 4 89 70
1258156800 6 4 55 33
1258070400 4 4 46 19
1257984000 3 2 65 28
1257897600 4 2 58 25
1257811200 5 2 41 27
1257724800 4 3 60 30
1257638400 4 3 53 23
1257552000 4 3 41 25
1257465600 6 4 64 27
1257379200 10 7 75 42
1257292800 8 7 110 61
1257206400 12 11 85 46
1257120000 7 8 69 33
1257033600 8 7 52 31
1256947200 10 9 83 42
1256860800 11 10 60 41
1256774400 9 8 55 45
1256688000 5 4 79 38
1256601600 6 6 65 45
1256515200 8 8 43 31
1256428800 7 6 87 42
1256342400 11 9 75 47
1256256000 9 9 66 39
1256169600 13 12 73 37
1256083200 5 3 68 25
1255996800 7 5 58 28
1255910400 13 11 72 49
1255824000 7 5 56 35
1255737600 4 4 51 29
1255651200 5 3 46 26
1255564800 3 2 65 20
1255478400 7 5 69 32
1255392000 3 2 55 26
1255305600 4 3 51 21
1255219200 4 4 47 42
1255132800 5 4 40 26
1255046400 4 4 60 31
1254960000 6 3 70 35
1254873600 4 3 57 26
1254787200 3 3 64 28
1254700800 5 4 47 23
1254614400 6 4 72 45
1254528000 4 3 103 29
1254441600 3 2 71 19
1254355200 7 4 94 65
1254268800 4 3 129 34
1254182400 5 3 85 31
1254096000 5 3 53 25
1254009600 6 5 111 35
1253923200 4 3 40 27
1253836800 2 2 49 25
1253750400 6 4 125 103
1253664000 6 5 71 49
1253577600 14 13 175 145
1253491200 3 1 53 46
1253404800 9 8 149 118
1253318400 4 2 115 27
1253232000 5 3 74 43
1253145600 3 2 53 35
1253059200 3 1 41 29
1252972800 2 0 58 26
1252886400 3 3 41 26
1252800000 1 1 37 19
1252713600 3 1 69 21
1252627200 0 0 57 27
1252540800 2 0 58 23
1252454400 2 0 50 31
1252368000 3 1 59 38
1252281600 1 1 54 35
1252195200 2 1 98 27
1252108800 3 1 51 27
1252022400 4 3 47 25
1251936000 5 3 52 31
1251849600 5 3 61 27
1251763200 6 4 62 26
1251676800 5 3 52 28
1251590400 6 5 62 23
1251504000 6 6 74 42
1251417600 6 5 76 29
1251331200 3 2 53 31
1251244800 9 9 108 62
1251158400 13 10 60 51
1251072000 9 7 65 45
1250985600 16 13 86 48
1250899200 14 12 152 81
1250812800 11 9 61 34
1250726400 11 9 1042 460
1250640000 14 14 79 58
1250553600 5 4 46 24
1250467200 5 3 50 28
1250380800 7 5 54 28
1250294400 4 2 46 21
1250208000 4 2 43 24
1250121600 5 4 69 38
1250035200 4 3 56 24
1249948800 3 3 45 24
1249862400 3 2 45 30
1249776000 4 3 61 44
1249689600 4 3 69 60
1249603200 3 1 46 33
1249516800 4 2 72 22
1249430400 3 2 43 24
1249344000 11 10 135 51
1249257600 7 4 57 31
1249171200 6 4 110 31
1249084800 7 7 63 38
1248998400 6 5 84 64
1248912000 6 5 67 29
1248825600 5 5 56 27
1248739200 6 4 93 40
1248652800 5 3 74 31
1248566400 11 10 87 53
1248480000 5 4 59 22
1248393600 7 5 68 32
1248307200 90 88 222 203
1248220800 4 3 56 31
1248134400 2 2 56 20
1248048000 5 3 44 21
1247961600 3 2 48 16
1247875200 2 2 41 19
1247788800 4 2 67 20
1247702400 2 1 55 27
1247616000 2 1 74 28
1247529600 3 2 88 21
1247443200 3 2 85 64
1247356800 3 2 46 20
1247270400 2 1 77 25
1247184000 4 2 55 25
1247097600 3 1 57 35
1247011200 2 1 60 23
1246924800 1 0 63 22
1246838400 2 0 35 18
1246752000 2 1 84 39
1246665600 2 1 43 28
1246579200 2 1 41 18
1246492800 1 0 58 21
1246406400 2 1 49 31
1246320000 6 4 57 34
1246233600 5 3 63 28
1246147200 42 41 128 101
1246060800 8 7 95 80
1245974400 6 3 99 41
1245888000 5 3 54 28
1245801600 7 6 64 30
1245715200 12 11 165 123
1245628800 47 45 149 122
1245542400 14 13 139 112
1245456000 10 10 89 73
1245369600 12 8 115 75
1245283200 6 4 59 30
1245196800 6 5 63 32
1245110400 5 4 42 21
1245024000 5 2 52 22
1244937600 3 2 46 28
1244851200 4 3 116 90
1244764800 3 2 53 23
1244678400 4 3 56 20
1244592000 3 2 52 23
1244505600 2 2 55 41
1244419200 2 1 48 31
1244332800 2 1 96 22
1244246400 5 2 72 25
1244160000 36 35 363 247
1244073600 3 1 34 20
1243987200 3 1 56 20
1243900800 4 3 127 357
1243814400 8 5 807 351
1243728000 3 2 60 23
1243641600 4 3 62 106
1243555200 4 2 100 64
1243468800 4 1 57 25
1243382400 5 4 56 31
1243296000 5 3 70 25
1243209600 3 2 52 20
1243123200 4 2 51 23
1243036800 1 0 47 28
1242950400 2 1 59 21
1242864000 3 1 49 21
1242777600 2 1 71 25
1242691200 3 2 57 43
1242604800 2 1 44 16
1242518400 2 1 35 17
1242432000 3 2 58 28
1242345600 7 4 95 81
1242259200 2 0 65 29
1242172800 2 1 71 31
1242086400 4 2 173 53
1242000000 3 2 67 48
1241913600 2 0 46 28
1241827200 8 6 155 96
1241740800 1 1 70 26
1241654400 2 1 69 34
1241568000 1 1 34 18
1241481600 1 0 35 32
1241395200 2 0 74 19
1241308800 1 0 55 27
1241222400 2 0 35 18
1241136000 4 1 63 25
1241049600 2 1 48 31
1240963200 14 11 3235 1621
1240876800 2 2 49 24
1240790400 2 1 71 26
1240704000 1 1 36 15
1240617600 1 0 77 18
1240531200 3 1 65 24
1240444800 1 0 34 17
1240358400 1 0 38 19
1240272000 6 5 59 34
1240185600 6 2 80 49
1240099200 5 3 59 29
1240012800 7 5 69 40
1239926400 1 0 52 19
1239840000 3 1 47 19
1239753600 1 0 77 25
1239667200 4 3 46 22
1239580800 3 2 45 27
1239494400 6 4 43 32
1239408000 5 3 73 32
1239321600 4 4 67 36
1239235200 1 0 57 18
1239148800 1 1 53 35
1239062400 3 2 87 28
1238976000 1 0 51 27
1238889600 2 1 89 55
1238803200 2 0 62 31
1238716800 2 0 45 18
1238630400 2 1 51 37
1238544000 1 0 59 17
1238457600 2 0 38 15
1238371200 1 0 70 22
1238284800 0 0 40 13
1238198400 0 0 25 22
1238112000 0 0 45 20
1238025600 4 0 71 20
1237939200 2 0 54 23
1237852800 2 0 44 22
1237766400 1 0 46 18
1237680000 1 0 72 17
1237593600 1 0 37 15
1237507200 2 0 46 31
1237420800 1 0 45 17
1237334400 3 1 75 32
1237248000 1 0 32 23
1237161600 2 1 70 49
1237075200 1 1 33 14
1236988800 5 3 107 89
1236902400 2 1 78 27
1236816000 3 1 66 30
1236729600 3 1 39 24
1236643200 2 1 50 48
1236556800 5 4 73 46
1236470400 3 1 53 20
1236384000 2 1 73 43
1236297600 7 5 72 47
1236211200 6 4 65 49
1236124800 3 1 59 40
1236038400 4 3 88 43
1235952000 1 0 64 15
1235865600 2 0 56 31
1235779200 1 0 45 18
1235692800 1 0 56 18
1235606400 7 5 166 117
1235520000 1 0 46 15
1235433600 1 0 41 12
1235347200 1 0 35 15
1235260800 2 0 75 24
1235174400 1 0 38 26
1235088000 2 1 52 18
1235001600 2 1 48 32
1234915200 2 1 74 62
1234828800 1 0 42 25
1234742400 1 0 27 21
1234656000 1 0 64 22
1234569600 1 0 53 19
1234483200 2 0 61 36
1234396800 2 1 67 27
1234310400 1 0 41 15
1234224000 2 0 37 26
1234137600 1 0 46 16
1234051200 0 0 60 24
1233964800 1 0 64 16
1233878400 3 1 71 48
1233792000 3 3 63 44
1233705600 1 0 44 16
1233619200 6 4 76 53
1233532800 1 0 57 22
1233446400 1 1 78 47
1233360000 1 0 47 22
1233273600 0 0 64 30
1233187200 0 0 42 44
1233100800 0 0 58 23
1233014400 0 0 71 30
1232928000 0 0 31 22
1232841600 0 0 123 46
1232755200 0 0 77 22
1232668800 0 0 40 15
1232582400 0 0 60 30
1232496000 0 0 35 17
1232409600 0 0 24 10
1232323200 0 0 36 18
1232236800 0 0 46 16
1232150400 0 0 37 11
1232064000 0 0 27 14
1231977600 0 0 58 13
1231891200 0 0 39 20
1231804800 0 0 46 29
1231718400 0 0 52 18
1231632000 0 0 43 21
1231545600 0 0 20 17
1231459200 0 0 72 29
1231372800 0 0 79 78
1231286400 3 0 65 23
