1003996451 0 0
1003996451 0 0 0 0
1003996150 0 1 0 1
1003995900 0 0 0 1
1003995600 0 1 0 2
1003995300 1 2 2 2
1003995000 5 2 6 2
1003994700 1 0 6 2
1003994400 0 0 0 0
1003994100 0 0 0 1
1003993800 4 2 6 3
1003993500 4 3 6 3
1003993200 4 3 4 3
1003992900 4 2 5 3
1003992600 0 0 5 2
1003992300 0 0 0 1
1003992000 2 3 3 4
1003991700 6 4 7 5
1003991400 2 4 7 5
1003991100 14 7 17 8
1003990800 2 1 17 8
1003990500 0 0 0 1
1003990200 0 2 0 3
1003989900 5 4 7 5
1003989600 7 5 7 5
1003989300 2 4 7 5
1003989000 9 4 11 5
1003988700 9 5 11 5
1003988400 1 2 9 5
1003988100 5 2 6 3
1003987800 15 5 18 6
1003987500 3 1 18 6
1003987200 1 1 2 2
1003986900 0 2 2 2
1003986600 10 6 13 7
1003986300 4 3 13 7
1003986000 2 3 2 3
1003985700 3 6 4 7
1003985400 4 3 4 7
1003985100 4 2 5 3
1003984800 0 2 5 3
1003984500 0 4 0 5
1003984200 0 12 0 14
1003983900 1 30 2 34
1003983600 109 77 132 86
1003983300 22 17 132 86
1003983000 0 7 1 9
1003982700 6 17 8 20
1003982400 8 20 8 20
1003982100 1 4 8 20
1003981800 1 1 2 2
1003981500 0 0 2 2
1003981200 0 0 0 0
1003980900 8 1 10 2
1003980600 1 0 10 2
1003980300 1 3 2 4
1003980000 1 7 2 8
1003979700 3 3 4 8
1003979400 4 4 4 5
1003979100 9 6 10 7
1003978800 10 7 10 7
1003978500 17 7 19 7
1003978200 3 3 19 7
1003977900 9 8 11 10
1003977600 1 1 11 10
1003977300 0 0 0 0
1003977000 9 2 11 3
1003976700 1 0 11 3
1003976400 7 3 9 4
1003976100 1 0 9 4
1003975800 0 0 0 0
1003975500 0 0 0 0
1003975200 0 0 0 0
1003974900 4 0 6 1
1003974600 1 0 6 1
1003974300 4 1 6 2
1003974000 1 0 6 2
1003973700 0 0 0 0
1003973400 0 0 0 0
1003973100 0 1 0 2
1003972800 0 2 0 2
1003972500 0 2 0 2
1003972200 9 3 11 4
1003971900 2 0 11 4
1003971600 0 0 0 0
1003971300 0 0 0 0
1003971000 3 1 4 2
1003970700 0 2 4 3
1003970400 4 7 5 8
1003970100 14 8 17 8
1003969800 2 1 17 8
1003969500 0 0 0 0
1003969200 0 1 0 2
1003968900 5 3 7 4
1003968600 1 1 7 4
1003968300 3 3 4 4
1003968000 4 4 4 4
1003967700 17 8 20 10
1003967400 3 1 20 10
1003967100 0 0 0 0
1003966800 0 0 0 0
1003966500 0 0 0 0
1003966200 0 0 0 0
1003965900 0 0 0 0
1003965600 0 0 1 0
1003965300 0 0 1 0
1003965000 0 1 1 2
1003964700 0 1 1 2
1003964400 0 1 0 1
1003964100 0 3 0 4
1003963800 1 4 2 5
1003963500 7 5 9 6
1003963200 4 5 9 6
1003962900 16 9 19 11
1003962600 4 2 19 11
1003962300 5 1 6 1
1003962000 1 0 6 1
1003961700 4 2 6 3
1003961400 1 1 6 3
1003961100 4 1 5 2
1003960800 5 2 5 2
1003960500 3 2 5 3
1003960200 15 4 18 5
1003959900 2 0 18 5
1003959600 0 0 0 1
1003959300 0 1 1 2
1003959000 4 2 5 2
1003958700 0 0 5 2
1003958400 0 3 0 4
1003958100 5 7 7 8
1003957800 3 3 7 8
1003957500 5 3 6 4
1003957200 6 4 6 4
1003956900 6 7 6 8
1003956600 6 3 7 8
1003956300 1 1 7 2
1003956000 0 0 0 1
1003955700 0 0 0 1
1003955400 0 3 1 4
1003955100 3 4 4 5
1003954800 26 9 31 10
1003954500 5 1 31 10
1003954200 1 0 2 0
1003953900 0 0 2 0
1003953600 0 0 0 0
1003953300 6 1 8 2
1003953000 1 3 8 4
1003952700 8 6 10 7
1003952400 1 1 10 7
1003952100 0 0 0 0
1003951800 0 1 0 2
1003951500 14 4 18 5
1003951200 3 0 18 5
1003950900 1 1 2 2
1003950600 0 0 2 2
1003950300 5 1 7 2
1003950000 7 2 7 2
1003949700 1 0 7 2
1003949400 5 2 7 3
1003949100 11 6 12 7
1003948800 6 4 12 7
1003948500 0 0 5 4
1003948200 0 1 0 2
1003947900 4 3 6 4
1003947600 1 3 6 4
1003947300 9 4 11 5
1003947000 26 8 29 9
1003946700 5 2 29 9
1003946400 0 1 0 1
1003946100 4 4 5 5
1003945800 5 3 5 5
1003945500 0 0 5 3
1003945200 0 0 0 0
1003944900 7 2 9 3
1003944600 4 3 9 3
1003944300 1 3 4 3
1003944000 9 5 11 6
1003943700 1 1 11 6
1003943400 2 4 3 5
1003943100 0 2 3 5
1003942800 0 2 0 2
1003942500 8 6 10 7
1003942200 3 3 10 7
1003941900 6 4 7 5
1003941600 1 0 7 5
1003941300 4 2 6 3
1003941000 2 1 6 3
1003940700 0 0 2 1
1003940400 0 0 0 0
1003940100 0 0 0 0
1003939800 0 0 0 0
1003939500 2 2 3 3
1003939200 3 3 3 3
1003938900 0 0 3 3
1003938600 2 1 3 2
1003938300 0 2 3 2
1003938000 4 2 5 3
1003937700 0 0 5 3
1003937400 0 0 0 1
1003937100 5 1 7 1
1003936800 1 0 7 1
1003936500 6 0 8 1
1003936200 1 1 8 1
1003935900 8 3 11 4
1003935600 11 4 11 4
1003935300 17 6 19 7
1003935000 3 2 19 7
1003934700 4 4 6 5
1003934400 10 7 11 8
1003934100 1 3 11 8
1003933800 12 7 15 8
1003933500 2 1 15 8
1003933200 4 0 5 1
1003932900 0 1 5 2
1003932600 1 2 2 3
1003932300 0 0 2 3
1003932000 0 0 0 0
1003931700 0 0 0 0
1003931400 0 0 0 0
1003931100 0 0 0 0
1003930800 0 0 0 0
1003930500 6 2 8 3
1003930200 1 0 8 3
1003929900 3 3 4 4
1003929600 7 1 8 4
1003929300 1 1 8 1
1003929000 0 1 0 2
1003928700 1 2 2 2
1003928400 2 2 2 2
1003928100 0 0 2 2
1003927800 1 0 2 1
1003927500 0 0 2 1
1003927200 4 1 5 2
1003926900 0 0 5 2
1003926600 0 0 0 0
1003926300 0 0 0 0
1003926000 0 0 0 0
1003925700 0 0 0 0
1003925400 0 0 0 0
1003925100 0 0 0 0
1003924800 0 0 0 0
1003924500 4 1 6 2
1003924200 1 0 6 2
1003923900 0 0 1 1
1003923600 2 1 3 1
1003923300 0 1 3 1
1003923000 0 0 0 1
1003922700 0 0 0 0
1003922400 5 0 7 1
1003922100 1 0 7 1
1003921800 6 1 8 2
1003921500 1 0 8 2
1003921200 0 0 0 0
1003920900 0 0 0 0
1003920600 0 0 0 0
1003920300 0 0 0 0
1003920000 0 0 0 0
1003919700 4 0 5 1
1003919400 0 0 5 1
1003919100 3 0 4 1
1003918800 0 0 4 1
1003918500 0 0 0 0
1003918200 0 0 0 0
1003917900 0 0 0 0
1003917600 0 0 0 0
1003917300 0 0 0 0
1003917000 0 0 0 0
1003916700 0 0 0 0
1003916400 2 0 3 1
1003916100 0 0 3 1
1003915800 2 0 3 1
1003915500 3 1 4 1
1003915200 0 0 4 1
1003914900 5 0 7 1
1003914600 1 0 7 1
1003914300 0 0 0 0
1003914000 0 0 0 0
1003913700 1 0 2 0
1003913400 0 0 2 0
1003913100 1 0 2 0
1003912800 0 0 2 0
1003912500 0 0 0 0
1003912200 0 0 0 0
1003911900 0 0 0 0
1003911600 0 0 0 0
1003911300 0 0 0 0
1003911000 0 0 0 0
1003910700 3 0 4 1
1003910400 4 1 4 1
1003910100 0 0 4 1
1003909800 0 0 1 0
1003909500 0 0 1 1
1003909200 13 4 16 5
1003908900 2 2 16 5
1003908600 2 1 3 2
1003908300 0 0 3 1
1003908000 0 0 0 0
1003907700 4 3 5 4
1003907400 14 8 16 10
1003907100 7 4 16 10
1003906800 5 3 5 3
1003906500 0 0 5 3
1003906200 3 0 4 1
1003905900 0 0 4 1
1003905600 0 0 0 0
1003905300 0 0 0 0
1003905000 0 0 0 0
1003904700 2 0 3 1
1003904400 0 0 3 1
1003904100 0 0 0 0
1003903800 0 0 0 0
1003903500 0 0 0 0
1003903200 0 0 0 0
1003902900 0 0 0 0
1003902600 0 0 0 0
1003902300 0 0 0 0
1003902000 0 0 0 0
1003901700 2 3 3 4
1003901400 2 0 3 4
1003901100 0 0 2 0
1003900800 0 0 0 0
1003900500 0 0 0 0
1003900200 0 0 0 0
1003899900 1 0 2 0
1003899600 2 0 2 0
1003899300 1 1 2 2
1003899000 0 1 1 2
1003898700 5 2 7 3
1003898400 2 4 7 5
1003898100 12 6 15 7
1003897800 2 8 15 9
1003897500 0 23 1 27
1003897200 79 65 94 72
1003896900 15 13 94 72
1003896600 0 3 0 4
1003896300 0 11 0 13
1003896000 0 13 0 13
1003895700 0 2 0 13
1003895400 3 0 4 1
1003895100 0 0 4 1
1003894800 0 0 0 0
1003894500 0 0 0 0
1003894200 0 1 0 2
1003893900 0 2 0 3
1003893600 0 1 0 3
1003893300 6 2 8 3
1003893000 1 1 8 3
1003892700 8 4 10 5
1003892400 10 5 10 5
1003892100 4 1 10 5
1003891800 0 0 3 1
1003891500 0 0 0 0
1003891200 0 0 0 0
1003890900 0 0 0 0
1003890600 0 0 0 0
1003890300 1 0 2 1
1003890000 11 2 13 3
1003889700 2 1 13 3
1003889400 0 0 0 1
1003889100 6 2 8 3
1003888800 8 3 8 3
1003888500 11 4 12 5
1003888200 4 3 12 5
1003887900 1 2 3 3
1003887600 1 0 1 2
1003887300 0 1 1 2
1003887000 7 3 9 4
1003886700 1 0 9 4
1003886400 6 1 8 2
1003886100 1 0 8 2
1003885800 6 3 8 4
1003885500 1 2 8 4
1003885200 0 2 0 2
1003884900 0 2 0 3
1003884600 3 2 4 3
1003884300 1 3 4 4
1003884000 0 0 1 4
1003883700 4 0 5 1
1003883400 2 1 5 1
1003883100 3 2 4 3
1003882800 22 6 26 7
1003882500 4 1 26 7
1003882200 0 0 0 1
1003881900 0 1 0 1
1003881600 0 1 0 1
1003881300 0 1 0 2
1003881000 2 2 3 2
1003880700 0 0 3 2
1003880400 2 0 3 1
1003880100 0 0 3 1
1003879800 3 2 4 3
1003879500 0 0 4 3
1003879200 0 0 0 0
1003878900 0 0 0 0
1003878600 0 0 0 0
1003878300 0 0 0 0
1003878000 0 0 0 0
1003877700 1 1 2 2
1003877400 2 2 2 2
1003877100 2 2 2 2
1003876800 3 1 4 2
1003876500 0 1 4 1
1003876200 0 1 0 1
1003875900 0 1 0 1
1003875600 1 1 2 1
1003875300 0 0 2 1
1003875000 0 0 0 0
1003874700 0 0 0 0
1003874400 0 0 0 0
1003874100 5 1 7 2
1003873800 2 2 7 2
1003873500 0 0 1 2
1003873200 5 0 7 1
1003872900 1 0 7 1
1003872600 0 0 0 0
1003872300 4 1 6 2
1003872000 4 3 6 4
1003871700 6 3 7 4
1003871400 2 2 7 3
1003871100 1 2 1 2
1003870800 1 2 1 2
1003870500 0 0 1 2
1003870200 0 0 0 0
1003869900 1 1 2 2
1003869600 4 1 5 2
1003869300 0 0 5 1
1003869000 3 0 4 1
1003868700 3 2 4 3
1003868400 0 0 3 3
1003868100 0 1 0 2
1003867800 3 6 4 7
1003867500 8 2 9 7
1003867200 9 2 9 2
1003866900 1 2 9 3
1003866600 15 5 19 6
1003866300 4 1 19 6
1003866000 0 0 2 1
1003865700 1 0 2 1
1003865400 0 0 2 1
1003865100 0 0 0 0
1003864800 0 0 0 1
1003864500 9 5 12 6
1003864200 2 1 12 6
1003863900 0 1 0 2
1003863600 0 2 0 2
1003863300 15 5 19 6
1003863000 4 1 19 6
1003862700 2 0 3 1
1003862400 6 1 7 2
1003862100 1 0 7 2
1003861800 0 1 0 2
1003861500 0 1 0 2
1003861200 0 1 0 1
1003860900 2 1 3 1
1003860600 5 1 6 2
1003860300 8 3 9 4
1003860000 9 4 9 4
1003859700 7 1 9 4
1003859400 1 0 7 1
1003859100 0 0 0 1
1003858800 2 2 3 3
1003858500 0 0 3 3
1003858200 4 0 5 1
1003857900 0 2 5 3
1003857600 1 2 2 3
1003857300 1 2 2 2
1003857000 1 2 2 2
1003856700 1 2 2 2
1003856400 1 2 1 2
1003856100 5 3 6 4
1003855800 5 1 6 4
1003855500 0 1 5 1
1003855200 4 2 5 3
1003854900 6 1 7 3
1003854600 1 0 7 1
1003854300 0 0 0 0
1003854000 0 1 0 2
1003853700 0 4 0 5
1003853400 16 14 20 16
1003853100 9 6 20 16
1003852800 7 4 7 4
1003852500 3 1 7 4
1003852200 0 0 3 1
1003851900 2 1 3 2
1003851600 0 2 3 3
1003851300 32 7 40 9
1003851000 6 1 40 9
1003850700 0 0 0 0
1003850400 0 0 0 0
1003850100 1 3 2 4
1003849800 2 0 2 4
1003849500 0 0 2 0
1003849200 0 0 0 0
1003848900 0 0 0 0
1003848600 5 0 7 1
1003848300 1 0 7 1
1003848000 0 0 0 0
1003847700 0 0 0 0
1003847400 0 0 0 0
1003847100 0 0 0 0
1003846800 0 0 1 1
1003846500 1 1 1 2
1003846200 5 3 7 4
1003845900 2 2 7 4
1003845600 1 2 1 2
1003845300 5 3 7 4
1003845000 3 6 7 7
1003844700 1 3 3 7
1003844400 5 1 6 3
1003844100 0 0 6 1
1003843800 5 1 7 2
1003843500 1 0 7 2
1003843200 0 0 0 0
1003842900 5 0 7 1
1003842600 1 0 7 1
1003842300 0 0 0 0
1003842000 0 0 0 0
1003841700 3 0 4 1
1003841400 2 0 4 1
1003841100 3 0 4 1
1003840800 2 1 4 1
1003840500 0 1 2 1
1003840200 4 3 5 4
1003839900 0 0 5 4
1003839600 0 0 0 0
1003839300 0 0 0 0
1003839000 5 0 7 1
1003838700 1 0 7 1
1003838400 0 0 0 0
1003838100 0 0 0 0
1003837800 2 0 3 1
1003837500 0 0 3 1
1003837200 0 0 1 1
1003836900 0 0 1 1
1003836600 0 0 0 0
1003836300 0 0 0 0
1003836000 0 0 0 0
1003835700 1 0 2 0
1003835400 0 0 2 0
1003835100 0 0 1 0
1003834800 1 0 1 0
1003834500 0 0 1 0
1003834200 0 0 0 0
1003833900 0 0 0 0
1003833600 0 0 0 0
1003833300 0 0 0 0
1003833000 0 0 0 0
1003832700 0 0 0 0
1003832400 0 0 1 0
1003832100 0 0 1 0
1003831800 0 0 1 1
1003831500 0 0 1 1
1003831200 0 0 0 0
1003830900 0 0 0 0
1003830600 0 0 0 0
1003830300 4 0 6 1
1003830000 2 1 6 2
1003829700 7 2 9 3
1003829400 1 0 9 3
1003829100 0 0 0 0
1003828800 0 0 0 0
1003828500 0 0 0 1
1003828200 0 0 0 1
1003827900 0 0 0 0
1003827600 0 0 0 0
1003827300 0 0 0 0
1003827000 2 0 3 1
1003826700 0 0 3 1
1003826400 1 0 2 1
1003826100 0 0 2 1
1003825800 0 0 0 0
1003825500 0 0 0 0
1003825200 0 0 0 0
1003824900 0 0 0 0
1003824600 0 0 0 0
1003824300 1 0 2 1
1003824000 2 1 2 1
1003823700 2 1 2 1
1003823400 0 0 2 1
1003823100 0 0 0 0
1003822800 0 0 0 0
1003822500 0 0 0 0
1003822200 0 0 0 0
1003821900 0 0 0 0
1003821600 0 0 0 0
1003821300 0 0 0 1
1003821000 1 4 2 5
1003820700 2 3 3 5
1003820400 3 3 3 3
1003820100 0 0 3 3
1003819800 0 0 0 0
1003819500 0 0 0 0
1003819200 0 0 1 1
1003818900 0 0 1 1
1003818600 0 1 0 2
1003818300 3 3 4 4
1003818000 5 3 6 4
1003817700 1 0 6 3
1003817400 0 0 0 1
1003817100 0 0 0 1
1003816800 0 0 0 0
1003816500 3 0 4 1
1003816200 0 0 5 1
1003815000 1 0 11 5
1003813200 0 0 3 3
1003811400 16 19 92 73
1003809600 1 1 7 9
1003807800 0 0 6 1
1003806000 1 0 15 6
1003804200 1 1 9 8
1003802400 0 0 3 1
1003800600 0 0 4 4
1003798800 0 0 3 2
1003797000 0 0 6 2
1003795200 2 1 20 9
1003793400 5 3 18 10
1003791600 3 0 14 4
1003789800 0 0 8 2
1003788000 0 0 1 0
1003786200 0 0 5 2
1003784400 4 3 12 8
1003782600 0 0 12 7
1003780800 2 0 7 3
1003779000 0 0 6 2
1003777200 0 0 2 3
1003775400 0 2 5 7
1003773600 3 3 10 8
1003771800 1 0 7 3
1003770000 3 0 13 5
1003768200 2 2 12 6
1003766400 1 1 8 5
1003764600 0 0 5 6
1003762800 5 3 25 13
1003761000 0 0 4 5
1003759200 0 0 4 1
1003757400 1 0 9 4
1003755600 1 0 9 4
1003753800 0 0 6 2
1003752000 1 0 6 2
1003750200 0 0 4 1
1003748400 0 0 0 2
1003746600 0 0 2 1
1003744800 0 0 1 1
1003743000 1 0 13 5
1003741200 0 0 8 2
1003739400 0 0 5 2
1003737600 0 0 4 1
1003735800 0 0 4 5
1003734000 0 0 4 5
1003732200 0 0 4 1
1003730400 0 0 8 1
1003728600 1 0 10 5
1003726800 0 0 1 3
1003725000 13 18 84 73
1003723200 0 0 2 2
1003721400 1 0 8 2
1003719600 0 0 1 1
1003717800 0 0 9 3
1003716000 2 1 11 7
1003714200 2 0 8 4
1003712400 5 2 37 13
1003710600 1 0 7 1
1003708800 0 0 6 2
1003707000 1 1 10 4
1003705200 0 0 1 1
1003703400 0 0 7 2
1003701600 0 0 3 3
1003699800 0 0 4 3
1003698000 6 4 17 11
1003696200 5 4 14 11
1003694400 0 0 4 4
1003692600 3 1 20 6
1003690800 0 0 7 7
1003689000 0 0 5 1
1003687200 0 0 1 1
1003685400 0 0 3 1
1003683600 0 0 2 1
1003681800 0 0 2 0
1003680000 0 0 1 2
1003678200 0 0 7 2
1003676400 1 0 7 2
1003674600 0 0 5 2
1003672800 0 0 8 4
1003671000 0 0 9 3
1003669200 0 0 2 1
1003667400 0 0 2 2
1003665600 0 0 1 2
1003663800 0 0 7 2
1003662000 0 0 4 1
1003660200 0 0 4 1
1003658400 0 0 2 1
1003656600 0 0 3 1
1003654800 0 0 2 0
1003653000 0 0 7 1
1003651200 0 0 1 1
1003649400 1 0 7 5
1003647600 1 0 7 5
1003645800 0 0 2 1
1003644000 0 0 2 1
1003642200 1 0 8 2
1003640400 2 1 8 4
1003638600 16 18 100 73
1003636800 0 1 0 8
1003635000 0 0 3 1
1003633200 0 0 7 1
1003631400 0 0 3 3
1003629600 0 0 2 3
1003627800 1 0 8 2
1003626000 5 1 28 10
1003624200 1 1 8 5
1003622400 0 0 5 3
1003620600 1 0 8 4
1003618800 2 0 10 4
1003617000 1 0 8 2
1003615200 3 0 20 7
1003613400 0 0 8 4
1003611600 1 0 6 5
1003609800 0 0 6 5
1003608000 0 0 7 6
1003606200 7 1 35 10
1003604400 0 0 0 0
1003602600 0 0 5 6
1003600800 3 0 17 5
1003599000 0 0 17 5
1003597200 0 0 3 7
1003595400 0 0 4 7
1003593600 0 0 3 1
1003591800 0 0 2 0
1003590000 0 0 3 4
1003588200 0 0 6 3
1003586400 1 0 9 2
1003584600 0 0 4 1
1003582800 0 0 4 1
1003581000 3 1 11 4
1003579200 1 0 7 4
1003577400 0 0 2 0
1003575600 0 0 1 0
1003573800 0 0 6 1
1003572000 1 0 6 2
1003570200 0 0 6 2
1003568400 0 0 0 0
1003566600 0 0 10 7
1003564800 0 0 2 3
1003563000 1 1 11 8
1003561200 3 1 11 8
1003559400 1 1 9 5
1003557600 0 0 3 1
1003555800 6 3 25 11
1003554000 5 14 36 69
1003552200 11 11 61 69
1003550400 11 9 52 14
1003548600 3 0 52 13
1003546800 1 0 10 4
1003545000 6 1 31 9
1003543200 6 1 31 9
1003541400 0 0 8 3
1003539600 0 0 6 3
1003537800 3 0 18 5
1003536000 1 0 10 3
1003534200 0 0 9 6
1003532400 2 2 10 7
1003530600 65 73 102 100
1003528800 35 22 100 91
1003527000 2 0 12 3
1003525200 0 0 10 4
1003523400 5 3 20 9
1003521600 1 0 7 4
1003519800 2 0 7 4
1003518000 2 1 15 7
1003516200 0 1 7 4
1003514400 3 3 27 15
1003512600 2 0 27 15
1003510800 0 0 4 2
1003509000 0 0 5 2
1003507200 0 0 2 2
1003505400 0 0 4 2
1003503600 4 0 24 6
1003501800 0 0 9 2
1003500000 0 0 2 1
1003498200 2 0 10 2
1003496400 1 0 9 2
1003494600 1 0 6 2
1003492800 0 0 3 1
1003491000 0 0 5 3
1003489200 0 0 2 1
1003487400 0 0 0 0
1003485600 0 0 2 2
1003483800 20 21 101 46
1003482000 15 14 37 39
1003480200 3 1 30 12
1003478400 16 24 43 47
1003476600 41 52 71 68
1003474800 56 48 80 63
1003473000 69 67 123 91
1003471200 38 49 99 89
1003469400 45 46 74 68
1003467600 60 73 183 121
1003465800 67 73 183 121
1003464000 89 71 121 83
1003462200 60 55 122 73
1003460400 48 51 80 73
1003458600 65 52 144 86
1003456800 55 63 110 81
1003455000 45 44 110 81
1003453200 35 53 51 107
1003451400 59 47 181 107
1003449600 39 45 64 66
1003447800 39 40 58 62
1003446000 45 39 95 54
1003444200 44 51 144 84
1003442400 29 30 47 48
1003440600 3 5 10 11
1003438800 6 8 13 13
1003437000 12 9 43 16
1003435200 6 7 24 15
1003433400 5 5 27 14
1003431600 11 8 37 17
1003429800 7 4 20 10
1003428000 10 22 55 67
1003426200 59 53 174 122
1003424400 7 5 32 14
1003422600 2 3 20 11
1003420800 0 3 4 9
1003419000 1 3 7 10
1003417200 2 2 12 5
1003415400 10 5 25 10
1003413600 14 10 57 23
1003411800 11 10 51 18
1003410000 4 5 10 14
1003408200 11 5 30 16
1003406400 6 4 16 8
1003404600 21 30 61 49
1003402800 46 50 90 71
1003401000 30 32 90 71
1003399200 38 39 77 52
1003397400 36 37 63 47
1003395600 47 62 83 138
1003393800 171 162 217 197
1003392000 61 70 100 85
1003390200 93 94 180 143
1003388400 69 67 111 88
1003386600 101 90 152 109
1003384800 45 37 76 55
1003383000 27 32 61 70
1003381200 59 67 146 121
1003379400 70 67 146 121
1003377600 38 39 56 75
1003375800 46 46 118 66
1003374000 28 27 70 49
1003372200 8 7 38 27
1003370400 1 0 8 4
1003368600 1 0 9 3
1003366800 2 7 12 31
1003365000 20 12 99 34
1003363200 21 15 110 38
1003361400 28 35 110 52
1003359600 8 9 38 52
1003357800 0 0 2 2
1003356000 1 0 8 3
1003354200 1 0 8 3
1003352400 3 2 6 5
1003350600 3 2 10 7
1003348800 10 7 10 7
1003347000 10 7 10 7
1003345200 10 7 10 7
1003343400 10 7 10 7
1003341600 10 7 10 7
1003339800 10 7 10 7
1003338000 10 7 10 7
1003336200 10 7 10 7
1003334400 10 7 10 7
1003332600 10 7 10 7
1003330800 10 7 10 7
1003329000 10 7 10 7
1003327200 10 7 10 7
1003325400 10 7 10 7
1003323600 10 7 10 7
1003321800 10 7 10 7
1003320000 10 7 10 7
1003318200 10 7 10 7
1003316400 10 7 10 7
1003314600 10 7 10 7
1003312800 10 7 10 7
1003311000 10 7 10 7
1003309200 10 7 10 7
1003307400 10 7 10 7
1003305600 10 7 10 7
1003303800 10 7 10 7
1003302000 10 7 10 7
1003300200 10 7 10 7
1003298400 10 7 10 7
1003296600 10 7 10 7
1003294800 10 7 10 7
1003293000 10 7 10 7
1003291200 10 7 10 7
1003289400 10 7 10 7
1003287600 10 7 10 7
1003285800 10 7 10 7
1003284000 10 7 10 7
1003282200 10 7 10 7
1003280400 10 7 10 7
1003278600 10 7 10 7
1003276800 10 7 10 7
1003275000 10 7 10 7
1003273200 10 7 10 7
1003271400 10 7 10 7
1003269600 10 7 10 7
1003267800 10 7 10 7
1003266000 10 7 10 7
1003264200 10 7 10 7
1003262400 10 7 10 7
1003260600 10 7 10 7
1003258800 10 7 10 7
1003257000 10 7 10 7
1003255200 10 7 10 7
1003253400 10 7 10 7
1003251600 10 7 10 7
1003249800 10 7 10 7
1003248000 10 7 10 7
1003246200 10 7 10 7
1003244400 10 7 10 7
1003242600 10 7 10 7
1003240800 10 7 10 7
1003239000 10 7 10 7
1003237200 10 7 10 7
1003235400 10 7 10 7
1003233600 10 7 10 7
1003231800 10 7 10 7
1003230000 10 7 10 7
1003228200 10 7 10 7
1003226400 10 7 10 7
1003224600 10 7 10 7
1003222800 10 7 10 7
1003221000 10 7 10 7
1003219200 10 7 10 7
1003217400 10 7 10 7
1003215600 10 7 10 7
1003213800 10 7 10 7
1003212000 10 7 10 7
1003210200 10 7 10 7
1003208400 10 7 10 7
1003206600 10 7 10 7
1003204800 10 7 10 7
1003203000 10 7 10 7
1003201200 10 7 10 7
1003199400 10 7 10 7
1003197600 10 7 10 7
1003195800 10 7 10 7
1003194000 10 7 10 7
1003192200 10 7 10 7
1003190400 10 7 10 7
1003188600 10 7 10 7
1003186800 10 7 10 7
1003185000 10 7 10 7
1003183200 10 7 10 7
1003181400 10 7 10 7
1003179600 10 7 10 7
1003177800 10 7 10 7
1003176000 10 7 10 7
1003174200 10 7 10 7
1003172400 10 7 10 7
1003170600 10 7 10 7
1003168800 10 7 10 7
1003167000 10 7 10 7
1003165200 10 7 10 7
1003163400 10 7 10 7
1003161600 10 7 10 7
1003159800 10 7 10 7
1003158000 10 7 10 7
1003156200 10 7 10 7
1003154400 10 7 10 7
1003152600 10 7 10 7
1003150800 10 7 10 7
1003149000 10 7 10 7
1003147200 10 7 10 7
1003145400 10 7 10 7
1003143600 10 7 10 7
1003141800 10 7 10 7
1003140000 10 7 10 7
1003138200 10 7 10 7
1003136400 10 7 10 7
1003134600 10 7 10 7
1003132800 10 7 10 7
1003131000 10 7 10 7
1003129200 10 7 10 7
1003127400 10 7 10 7
1003125600 10 7 10 7
1003123800 10 7 10 7
1003122000 10 7 10 7
1003120200 10 7 10 7
1003118400 10 7 10 7
1003116600 10 7 10 7
1003114800 10 7 10 7
1003113000 10 7 10 7
1003111200 10 7 10 7
1003109400 10 7 10 7
1003107600 10 7 10 7
1003105800 10 7 10 7
1003104000 10 7 10 7
1003102200 10 7 10 7
1003100400 10 7 10 7
1003098600 10 7 10 7
1003096800 10 7 10 7
1003095000 10 7 10 7
1003093200 10 7 10 7
1003091400 10 7 10 7
1003089600 10 7 10 7
1003087800 10 7 10 7
1003086000 10 7 10 7
1003084200 10 7 10 7
1003082400 10 7 10 7
1003080600 10 7 10 7
1003078800 10 7 10 7
1003077000 10 7 10 7
1003075200 10 7 10 7
1003073400 10 7 10 7
1003071600 10 7 10 7
1003069800 10 7 10 7
1003068000 10 7 10 7
1003066200 10 7 10 7
1003064400 10 7 10 7
1003062600 10 7 10 7
1003060800 10 7 10 7
1003059000 10 7 10 7
1003057200 10 7 10 7
1003055400 10 7 10 7
1003053600 10 7 10 7
1003051800 10 7 10 7
1003050000 10 7 10 7
1003048200 10 7 10 7
1003046400 10 7 10 7
1003044600 10 7 10 7
1003042800 10 7 10 7
1003041000 10 7 10 7
1003039200 10 7 10 7
1003037400 10 7 10 7
1003035600 10 7 10 7
1003033800 10 7 10 7
1003032000 10 7 10 7
1003030200 10 7 10 7
1003028400 10 7 10 7
1003026600 10 7 10 7
1003024800 10 7 10 7
1003023000 10 7 10 7
1003021200 10 7 10 7
1003019400 10 7 10 7
1003017600 10 7 10 7
1003015800 10 7 10 7
1003014000 10 7 10 7
1003012200 10 7 10 7
1003010400 10 7 10 7
1003008600 10 7 10 7
1003006800 10 7 10 7
1003005000 10 7 10 7
1003003200 10 7 10 7
1003001400 10 7 10 7
1002999600 10 7 10 7
1002997800 10 7 10 7
1002996000 10 7 10 7
1002994200 10 7 10 7
1002992400 10 7 10 7
1002990600 10 7 10 7
1002988800 10 7 10 7
1002987000 10 7 10 7
1002985200 10 7 10 7
1002983400 10 7 10 7
1002981600 10 7 10 7
1002979800 10 7 10 7
1002978000 10 7 10 7
1002976200 10 7 10 7
1002974400 10 7 10 7
1002972600 10 7 10 7
1002970800 10 7 10 7
1002969000 10 7 10 7
1002967200 10 7 10 7
1002965400 10 7 10 7
1002963600 10 7 10 7
1002961800 10 7 10 7
1002960000 10 7 10 7
1002958200 10 7 10 7
1002956400 10 7 10 7
1002954600 10 7 10 7
1002952800 10 7 10 7
1002951000 10 7 10 7
1002949200 10 7 10 7
1002947400 10 7 10 7
1002945600 10 7 10 7
1002943800 10 7 10 7
1002942000 10 7 10 7
1002940200 10 7 10 7
1002938400 10 7 10 7
1002936600 10 7 10 7
1002934800 10 7 10 7
1002933000 10 7 10 7
1002931200 10 7 10 7
1002929400 10 7 10 7
1002927600 10 7 10 7
1002925800 10 7 10 7
1002924000 10 7 10 7
1002922200 10 7 10 7
1002920400 10 7 10 7
1002918600 10 7 10 7
1002916800 10 7 10 7
1002915000 10 7 10 7
1002913200 10 7 10 7
1002911400 10 7 10 7
1002909600 10 7 10 7
1002907800 10 7 10 7
1002906000 10 7 10 7
1002904200 10 7 10 7
1002902400 10 7 10 7
1002900600 10 7 10 7
1002898800 10 7 10 7
1002897000 10 7 10 7
1002895200 10 7 10 7
1002893400 10 7 10 7
1002891600 10 7 10 7
1002889800 10 7 10 7
1002888000 10 7 10 7
1002886200 10 7 10 7
1002884400 10 7 10 7
1002882600 10 7 10 7
1002880800 10 7 10 7
1002879000 10 7 10 7
1002877200 10 7 10 7
1002875400 10 7 10 7
1002873600 10 7 10 7
1002871800 10 7 10 7
1002870000 10 7 10 7
1002868200 10 7 10 7
1002866400 10 7 10 7
1002864600 10 7 10 7
1002862800 10 7 10 7
1002861000 10 7 10 7
1002859200 10 7 10 7
1002857400 10 7 10 7
1002855600 10 7 10 7
1002853800 10 7 10 7
1002852000 10 7 10 7
1002850200 10 7 10 7
1002848400 10 7 10 7
1002846600 10 7 10 7
1002844800 10 7 10 7
1002843000 10 7 10 7
1002841200 10 7 10 7
1002839400 10 7 10 7
1002837600 10 7 10 7
1002835800 10 7 10 7
1002834000 10 7 10 7
1002832200 10 7 10 7
1002830400 10 7 10 7
1002828600 10 7 10 7
1002826800 10 7 10 7
1002825000 10 7 10 7
1002823200 10 7 10 7
1002821400 10 7 10 7
1002819600 10 7 10 7
1002817800 10 7 10 7
1002816000 10 7 10 7
1002814200 10 7 10 7
1002812400 10 7 10 7
1002810600 10 7 10 7
1002808800 10 7 10 7
1002807000 10 7 10 7
1002805200 10 7 10 7
1002803400 10 7 10 7
1002801600 10 7 10 7
1002799800 10 7 10 7
1002798000 10 7 10 7
1002796200 10 7 10 7
1002794400 10 7 10 7
1002792600 10 7 10 7
1002790800 10 7 10 7
1002789000 10 7 10 7
1002787200 10 7 10 7
1002785400 10 7 10 7
1002783600 10 7 10 7
1002781800 10 7 10 7
1002780000 10 7 10 7
1002778200 10 7 10 7
1002776400 10 7 10 7
1002774600 10 7 10 7
1002772800 10 7 10 7
1002771000 10 7 10 7
1002769200 10 7 10 7
1002767400 10 7 10 7
1002765600 10 7 10 7
1002763800 10 7 10 7
1002762000 10 7 10 7
1002760200 10 7 10 7
1002758400 10 7 10 7
1002756600 10 7 10 7
1002754800 10 7 10 7
1002753000 10 7 10 7
1002751200 10 7 10 7
1002749400 10 7 10 7
1002747600 10 7 10 7
1002745800 10 7 10 7
1002744000 10 7 10 7
1002742200 10 7 10 7
1002740400 10 7 10 7
1002738600 10 7 10 7
1002736800 10 7 10 7
1002735000 10 7 10 7
1002729600 10 7 10 7
1002722400 10 7 10 7
1002715200 10 7 10 7
1002708000 10 7 10 7
1002700800 10 7 10 7
1002693600 10 7 10 7
1002686400 10 7 10 7
1002679200 10 7 10 7
1002672000 10 7 10 7
1002664800 10 7 10 7
1002657600 10 7 10 7
1002650400 10 7 10 7
1002643200 10 7 10 7
1002636000 10 7 10 7
1002628800 10 7 10 7
1002621600 10 7 10 7
1002614400 10 7 10 7
1002607200 10 7 10 7
1002600000 10 7 10 7
1002592800 10 7 10 7
1002585600 10 7 10 7
1002578400 10 7 10 7
1002571200 10 7 10 7
1002564000 10 7 10 7
1002556800 10 7 10 7
1002549600 10 7 10 7
1002542400 10 7 10 7
1002535200 10 7 10 7
1002528000 10 7 10 7
1002520800 10 7 10 7
1002513600 10 7 10 7
1002506400 10 7 10 7
1002499200 10 7 10 7
1002492000 10 7 10 7
1002484800 10 7 10 7
1002477600 10 7 10 7
1002470400 10 7 10 7
1002463200 10 7 10 7
1002456000 10 7 10 7
1002448800 10 7 10 7
1002441600 10 7 10 7
1002434400 10 7 10 7
1002427200 10 7 10 7
1002420000 10 7 10 7
1002412800 10 7 10 7
1002405600 10 7 10 7
1002398400 10 7 10 7
1002391200 10 7 10 7
1002384000 10 7 10 7
1002376800 10 7 10 7
1002369600 10 7 10 7
1002362400 10 7 10 7
1002355200 10 7 10 7
1002348000 10 7 10 7
1002340800 10 7 10 7
1002333600 10 7 10 7
1002326400 10 7 10 7
1002319200 10 7 10 7
1002312000 10 7 10 7
1002304800 10 7 10 7
1002297600 10 7 10 7
1002290400 10 7 10 7
1002283200 10 7 10 7
1002276000 10 7 10 7
1002268800 10 7 10 7
1002261600 10 7 10 7
1002254400 10 7 10 7
1002247200 10 7 10 7
1002240000 10 7 10 7
1002232800 10 7 10 7
1002225600 10 7 10 7
1002218400 10 7 10 7
1002211200 10 7 10 7
1002204000 10 7 10 7
1002196800 10 7 10 7
1002189600 10 7 10 7
1002182400 10 7 10 7
1002175200 10 7 10 7
1002168000 10 7 10 7
1002160800 10 7 10 7
1002153600 10 7 10 7
1002146400 10 7 10 7
1002139200 10 7 10 7
1002132000 10 7 10 7
1002124800 10 7 10 7
1002117600 10 7 10 7
1002110400 10 7 10 7
1002103200 10 7 10 7
1002096000 10 7 10 7
1002088800 10 7 10 7
1002081600 10 7 10 7
1002074400 10 7 10 7
1002067200 10 7 10 7
1002060000 10 7 10 7
1002052800 10 7 10 7
1002045600 10 7 10 7
1002038400 10 7 10 7
1002031200 10 7 10 7
1002024000 10 7 10 7
1002016800 10 7 10 7
1002009600 10 7 10 7
1002002400 10 7 10 7
1001995200 10 7 10 7
1001988000 10 7 10 7
1001980800 10 7 10 7
1001973600 10 7 10 7
1001966400 10 7 10 7
1001959200 10 7 10 7
1001952000 10 7 10 7
1001944800 10 7 10 7
1001937600 10 7 10 7
1001930400 10 7 10 7
1001923200 10 7 10 7
1001916000 10 7 10 7
1001908800 10 7 10 7
1001901600 10 7 10 7
1001894400 10 7 10 7
1001887200 10 7 10 7
1001880000 10 7 10 7
1001872800 10 7 10 7
1001865600 10 7 10 7
1001858400 10 7 10 7
1001851200 10 7 10 7
1001844000 10 7 10 7
1001836800 10 7 10 7
1001829600 10 7 10 7
1001822400 10 7 10 7
1001815200 10 7 10 7
1001808000 10 7 10 7
1001800800 10 7 10 7
1001793600 10 7 10 7
1001786400 10 7 10 7
1001779200 10 7 10 7
1001772000 10 7 10 7
1001764800 10 7 10 7
1001757600 10 7 10 7
1001750400 10 7 10 7
1001743200 10 7 10 7
1001736000 10 7 10 7
1001728800 10 7 10 7
1001721600 10 7 10 7
1001714400 10 7 10 7
1001707200 10 7 10 7
1001700000 10 7 10 7
1001692800 10 7 10 7
1001685600 10 7 10 7
1001678400 10 7 10 7
1001671200 10 7 10 7
1001664000 10 7 10 7
1001656800 10 7 10 7
1001649600 10 7 10 7
1001642400 10 7 10 7
1001635200 10 7 10 7
1001628000 10 7 10 7
1001620800 10 7 10 7
1001613600 10 7 10 7
1001606400 10 7 10 7
1001599200 10 7 10 7
1001592000 10 7 10 7
1001584800 10 7 10 7
1001577600 10 7 10 7
1001570400 10 7 10 7
1001563200 10 7 10 7
1001556000 10 7 10 7
1001548800 10 7 10 7
1001541600 10 7 10 7
1001534400 10 7 10 7
1001527200 10 7 10 7
1001520000 10 7 10 7
1001512800 10 7 10 7
1001505600 10 7 10 7
1001498400 10 7 10 7
1001491200 10 7 10 7
1001484000 10 7 10 7
1001476800 10 7 10 7
1001469600 10 7 10 7
1001462400 10 7 10 7
1001455200 10 7 10 7
1001448000 10 7 10 7
1001440800 10 7 10 7
1001433600 10 7 10 7
1001426400 10 7 10 7
1001419200 10 7 10 7
1001412000 10 7 10 7
1001404800 10 7 10 7
1001397600 10 7 10 7
1001390400 10 7 10 7
1001383200 10 7 10 7
1001376000 10 7 10 7
1001368800 10 7 10 7
1001361600 10 7 10 7
1001354400 10 7 10 7
1001347200 10 7 10 7
1001340000 10 7 10 7
1001332800 10 7 10 7
1001325600 10 7 10 7
1001318400 10 7 10 7
1001311200 10 7 10 7
1001304000 10 7 10 7
1001296800 10 7 10 7
1001289600 10 7 10 7
1001282400 10 7 10 7
1001275200 10 7 10 7
1001268000 10 7 10 7
1001260800 10 7 10 7
1001253600 10 7 10 7
1001246400 10 7 10 7
1001239200 10 7 10 7
1001232000 10 7 10 7
1001224800 10 7 10 7
1001217600 10 7 10 7
1001210400 10 7 10 7
1001203200 10 7 10 7
1001196000 10 7 10 7
1001188800 10 7 10 7
1001181600 10 7 10 7
1001174400 10 7 10 7
1001167200 10 7 10 7
1001160000 10 7 10 7
1001152800 10 7 10 7
1001145600 10 7 10 7
1001138400 10 7 10 7
1001131200 10 7 10 7
1001124000 10 7 10 7
1001116800 10 7 10 7
1001109600 10 7 10 7
1001102400 10 7 10 7
1001095200 10 7 10 7
1001088000 10 7 10 7
1001080800 10 7 10 7
1001073600 10 7 10 7
1001066400 10 7 10 7
1001059200 10 7 10 7
1001052000 10 7 10 7
1001044800 10 7 10 7
1001037600 10 7 10 7
1001030400 10 7 10 7
1001023200 10 7 10 7
1001016000 10 7 10 7
1001008800 10 7 10 7
1001001600 10 7 10 7
1000994400 10 7 10 7
1000987200 10 7 10 7
1000980000 10 7 10 7
1000972800 10 7 10 7
1000965600 10 7 10 7
1000958400 10 7 10 7
1000951200 10 7 10 7
1000944000 10 7 10 7
1000936800 10 7 10 7
1000929600 10 7 10 7
1000922400 10 7 10 7
1000915200 10 7 10 7
1000908000 10 7 10 7
1000900800 10 7 10 7
1000893600 10 7 10 7
1000886400 10 7 10 7
1000879200 10 7 10 7
1000872000 10 7 10 7
1000864800 10 7 10 7
1000857600 10 7 10 7
1000850400 10 7 10 7
1000843200 10 7 10 7
1000836000 10 7 10 7
1000828800 10 7 10 7
1000821600 10 7 10 7
1000814400 10 7 10 7
1000807200 10 7 10 7
1000800000 10 7 10 7
1000792800 10 7 10 7
1000785600 10 7 10 7
1000778400 10 7 10 7
1000771200 10 7 10 7
1000764000 10 7 10 7
1000756800 10 7 10 7
1000749600 10 7 10 7
1000742400 10 7 10 7
1000735200 10 7 10 7
1000728000 10 7 10 7
1000720800 10 7 10 7
1000713600 10 7 10 7
1000706400 10 7 10 7
1000699200 10 7 10 7
1000692000 10 7 10 7
1000684800 10 7 10 7
1000677600 10 7 10 7
1000670400 10 7 10 7
1000663200 10 7 10 7
1000656000 10 7 10 7
1000648800 10 7 10 7
1000641600 10 7 10 7
1000634400 10 7 10 7
1000627200 10 7 10 7
1000620000 10 7 10 7
1000612800 10 7 10 7
1000605600 10 7 10 7
1000598400 10 7 10 7
1000591200 10 7 10 7
1000584000 10 7 10 7
1000576800 10 7 10 7
1000569600 10 7 10 7
1000562400 10 7 10 7
1000555200 10 7 10 7
1000548000 10 7 10 7
1000540800 10 7 10 7
1000533600 10 7 10 7
1000526400 10 7 10 7
1000519200 10 7 10 7
1000512000 10 7 10 7
1000504800 10 7 10 7
1000497600 10 7 10 7
1000490400 10 7 10 7
1000483200 10 7 10 7
1000476000 10 7 10 7
1000468800 10 7 10 7
1000461600 10 7 10 7
1000454400 10 7 10 7
1000447200 10 7 10 7
1000440000 10 7 10 7
1000432800 10 7 10 7
1000425600 10 7 10 7
1000418400 10 7 10 7
1000411200 10 7 10 7
1000404000 10 7 10 7
1000396800 10 7 10 7
1000389600 10 7 10 7
1000382400 10 7 10 7
1000375200 10 7 10 7
1000368000 10 7 10 7
1000360800 10 7 10 7
1000353600 10 7 10 7
1000346400 10 7 10 7
1000339200 10 7 10 7
1000332000 10 7 10 7
1000324800 10 7 10 7
1000317600 10 7 10 7
1000310400 10 7 10 7
1000303200 10 7 10 7
1000296000 10 7 10 7
1000288800 10 7 10 7
1000281600 10 7 10 7
1000274400 10 7 10 7
1000267200 10 7 10 7
1000260000 10 7 10 7
1000252800 10 7 10 7
1000245600 10 7 10 7
1000238400 10 7 10 7
1000231200 10 7 10 7
1000224000 10 7 10 7
1000216800 10 7 10 7
1000209600 10 7 10 7
1000202400 10 7 10 7
1000195200 10 7 10 7
1000188000 10 7 10 7
1000180800 10 7 10 7
1000173600 10 7 10 7
1000166400 10 7 10 7
1000159200 10 7 10 7
1000152000 10 7 10 7
1000144800 10 7 10 7
1000137600 10 7 10 7
1000130400 10 7 10 7
1000123200 10 7 10 7
1000116000 10 7 10 7
1000108800 10 7 10 7
1000101600 10 7 10 7
1000094400 10 7 10 7
1000087200 10 7 10 7
1000080000 10 7 10 7
1000072800 10 7 10 7
1000065600 10 7 10 7
1000058400 10 7 10 7
1000051200 10 7 10 7
1000044000 10 7 10 7
1000036800 10 7 10 7
1000029600 10 7 10 7
1000022400 10 7 10 7
1000015200 10 7 10 7
1000008000 10 7 10 7
1000000800 10 7 10 7
999993600 10 7 10 7
999986400 10 7 10 7
999979200 10 7 10 7
999972000 10 7 10 7
999964800 10 7 10 7
999957600 10 7 10 7
999950400 10 7 10 7
999943200 10 7 10 7
999936000 10 7 10 7
999928800 10 7 10 7
999921600 10 7 10 7
999914400 10 7 10 7
999907200 10 7 10 7
999900000 10 7 10 7
999892800 10 7 10 7
999885600 10 7 10 7
999878400 10 7 10 7
999871200 10 7 10 7
999864000 10 7 10 7
999856800 10 7 10 7
999849600 10 7 10 7
999842400 10 7 10 7
999835200 10 7 10 7
999828000 10 7 10 7
999820800 10 7 10 7
999813600 10 7 10 7
999806400 10 7 10 7
999799200 10 7 10 7
999792000 10 7 10 7
999784800 10 7 10 7
999777600 10 7 10 7
999770400 10 7 10 7
999763200 10 7 10 7
999756000 10 7 10 7
999748800 10 7 10 7
999741600 10 7 10 7
999734400 10 7 10 7
999727200 10 7 10 7
999720000 10 7 10 7
999712800 10 7 10 7
999705600 10 7 10 7
999698400 10 7 10 7
999691200 10 7 10 7
999684000 10 7 10 7
999676800 10 7 10 7
999669600 10 7 10 7
999662400 10 7 10 7
999655200 10 7 10 7
999648000 10 7 10 7
999640800 10 7 10 7
999633600 10 7 10 7
999626400 10 7 10 7
999619200 10 7 10 7
999612000 10 7 10 7
999604800 10 7 10 7
999597600 10 7 10 7
999590400 10 7 10 7
999583200 10 7 10 7
999576000 10 7 10 7
999568800 10 7 10 7
999561600 10 7 10 7
999554400 10 7 10 7
999547200 10 7 10 7
999540000 10 7 10 7
999532800 10 7 10 7
999525600 10 7 10 7
999518400 10 7 10 7
999511200 10 7 10 7
999504000 10 7 10 7
999496800 10 7 10 7
999489600 10 7 10 7
999482400 10 7 10 7
999475200 10 7 10 7
999468000 10 7 10 7
999460800 10 7 10 7
999453600 10 7 10 7
999446400 10 7 10 7
999439200 10 7 10 7
999432000 10 7 10 7
999424800 10 7 10 7
999417600 10 7 10 7
999410400 10 7 10 7
999403200 10 7 10 7
999396000 10 7 10 7
999388800 10 7 10 7
999381600 10 7 10 7
999374400 10 7 10 7
999367200 10 7 10 7
999360000 10 7 10 7
999352800 10 7 10 7
999345600 10 7 10 7
999338400 10 7 10 7
999331200 10 7 10 7
999324000 10 7 10 7
999316800 10 7 10 7
999309600 10 7 10 7
999302400 10 7 10 7
999295200 10 7 10 7
999288000 10 7 10 7
999280800 10 7 10 7
999273600 10 7 10 7
999266400 10 7 10 7
999259200 10 7 10 7
999252000 10 7 10 7
999244800 10 7 10 7
999237600 10 7 10 7
999230400 10 7 10 7
999223200 10 7 10 7
999216000 10 7 10 7
999208800 10 7 10 7
999201600 10 7 10 7
999194400 10 7 10 7
999187200 10 7 10 7
999180000 10 7 10 7
999172800 10 7 10 7
999165600 10 7 10 7
999158400 10 7 10 7
999151200 10 7 10 7
999144000 10 7 10 7
999136800 10 7 10 7
999129600 10 7 10 7
999122400 10 7 10 7
999115200 10 7 10 7
999108000 10 7 10 7
999100800 10 7 10 7
999093600 10 7 10 7
999086400 10 7 10 7
999079200 10 7 10 7
999072000 10 7 10 7
999064800 10 7 10 7
999057600 10 7 10 7
999050400 10 7 10 7
999043200 10 7 10 7
999036000 10 7 10 7
999028800 10 7 10 7
999021600 10 7 10 7
999014400 10 7 10 7
999007200 10 7 10 7
999000000 10 7 10 7
998992800 10 7 10 7
998985600 10 7 10 7
998978400 10 7 10 7
998971200 10 7 10 7
998964000 10 7 10 7
998956800 10 7 10 7
998949600 10 7 10 7
998942400 10 7 10 7
998935200 10 7 10 7
998928000 10 7 10 7
998920800 10 7 10 7
998913600 10 7 10 7
998906400 10 7 10 7
998899200 10 7 10 7
998892000 10 7 10 7
998884800 10 7 10 7
998877600 10 7 10 7
998870400 10 7 10 7
998863200 10 7 10 7
998856000 10 7 10 7
998848800 10 7 10 7
998841600 10 7 10 7
998834400 10 7 10 7
998827200 10 7 10 7
998820000 10 7 10 7
998812800 10 7 10 7
998805600 10 7 10 7
998798400 10 7 10 7
998791200 10 7 10 7
998784000 10 7 10 7
998776800 10 7 10 7
998769600 10 7 10 7
998762400 10 7 10 7
998755200 10 7 10 7
998748000 10 7 10 7
998740800 10 7 10 7
998733600 10 7 10 7
998726400 10 7 10 7
998719200 10 7 10 7
998712000 10 7 10 7
998704800 5 4 22 10
998697600 3 2 30 8
998690400 5 5 46 16
998683200 4 3 19 11
998676000 8 6 43 17
998668800 11 7 39 18
998661600 6 3 28 11
998654400 2 0 17 5
998647200 2 1 14 10
998640000 3 3 26 19
998632800 40 39 80 65
998625600 16 30 16 30
998618400 16 30 16 30
998611200 16 30 16 30
998604000 16 30 16 30
998596800 16 30 16 30
998589600 16 30 16 30
998582400 16 30 16 30
998575200 16 30 16 30
998568000 16 30 16 30
998560800 16 30 16 30
998553600 16 30 16 30
998546400 15 20 46 34
998539200 0 0 0 0
998532000 0 0 0 0
998524800 0 0 0 0
998517600 0 0 0 2
998510400 0 1 8 6
998503200 1 1 29 15
998496000 3 2 29 15
998488800 0 0 21 5
998481600 0 0 7 1
998474400 0 0 9 3
998467200 1 0 12 8
998460000 1 1 14 19
998452800 1 1 12 19
998445600 5 3 26 17
998438400 6 4 21 18
998431200 2 1 10 6
998424000 2 1 12 5
998416800 5 3 27 22
998409600 0 0 33 12
998352000 0 0 37 16
998265600 0 0 38 24
998179200 0 0 99 89
998092800 0 0 35 16
998006400 0 0 39 21
997920000 12 11 192 148
997833600 0 0 36 21
997747200 1 0 31 16
997660800 1 0 44 26
997574400 1 0 101 65
997488000 11 10 215 172
997401600 4 3 114 101
997315200 2 1 49 32
997228800 10 7 224 164
997142400 0 0 30 15
997056000 7 7 109 89
996969600 3 2 137 109
996883200 4 3 105 102
996796800 0 0 29 18
996710400 0 0 42 16
996624000 0 0 48 12
996537600 0 0 20 13
996451200 1 6 37 26
996364800 5 26 5 26
996278400 5 26 5 26
996192000 5 26 5 26
996105600 42 45 2660 1638
996019200 2 1 134 95
995932800 10 9 210 126
995846400 6 5 279 161
995760000 5 4 142 113
995673600 10 11 183 155
995587200 7 9 125 164
995500800 23 23 301 179
995414400 20 33 488 2497
995328000 17 16 347 126
995241600 11 11 771 636
995155200 7 6 168 119
995068800 26 140 237 4718
994982400 20 18 753 458
994896000 14 14 124 102
994809600 11 10 234 121
994723200 7 7 101 93
994636800 9 13 92 364
994550400 5 6 105 94
994464000 9 8 385 121
994377600 46 50 930 1025
994291200 8 9 210 113
994204800 11 10 138 165
994118400 14 12 597 194
994032000 11 13 785 1060
993945600 6 6 127 183
993859200 11 11 268 208
993772800 10 9 264 127
993686400 9 9 193 123
993600000 9 9 217 96
993513600 9 8 162 104
993427200 19 20 258 212
993340800 3 2 147 110
993254400 8 7 109 94
993168000 14 14 390 396
993081600 18 15 262 136
992995200 10 10 165 129
992908800 6 6 183 112
992822400 3 2 173 95
992736000 4 3 218 120
992649600 6 5 204 102
992563200 7 6 188 95
992476800 10 10 320 273
992390400 9 8 306 227
992304000 13 13 367 418
992217600 2 1 110 107
992131200 5 5 341 113
992044800 11 10 231 99
991958400 6 5 280 117
991872000 4 3 297 129
991785600 4 3 176 99
991699200 1 2 131 96
991612800 1 0 139 91
991526400 2 1 247 118
991440000 4 3 125 96
991353600 6 4 157 118
991267200 8 9 216 140
991180800 15 11 523 291
991094400 7 5 168 137
991008000 11 8 360 182
990921600 9 11 585 707
990835200 17 14 434 276
990748800 11 10 200 114
990662400 13 11 318 134
990576000 13 12 295 163
990489600 12 12 1393 1387
990403200 5 4 129 102
990316800 2 1 145 92
990230400 7 6 255 126
990144000 11 10 345 102
990057600 24 17 557 347
989971200 10 10 213 137
989884800 10 9 247 99
989798400 16 14 295 263
989712000 6 7 231 134
989625600 22 22 518 234
989539200 27 26 234 194
989452800 10 11 198 108
989366400 15 13 373 212
989280000 11 11 516 248
989193600 18 15 532 229
989107200 3 3 128 124
989020800 7 10 185 139
988934400 5 8 143 98
988848000 24 26 487 916
988761600 16 16 212 179
988675200 19 14 689 256
988588800 4 2 254 83
988502400 11 6 434 132
988416000 22 19 376 229
988329600 15 13 203 121
988243200 46 41 2058 734
988156800 18 18 210 164
988070400 15 17 195 457
987984000 10 9 320 163
987897600 9 6 216 87
987811200 17 15 439 144
987724800 19 14 442 172
987638400 15 12 523 196
987552000 18 17 605 498
987465600 17 15 655 168
987379200 12 13 1236 928
987292800 19 15 1677 482
987206400 11 10 413 148
987120000 16 16 530 140
987033600 9 8 235 133
986947200 14 12 424 307
986860800 17 16 368 529
986774400 7 8 277 209
986688000 8 8 602 262
986601600 18 16 725 311
986515200 11 11 172 203
986428800 25 25 1508 747
986342400 12 10 215 94
986256000 14 12 371 206
986169600 5 4 168 104
986083200 10 8 190 96
985996800 13 14 323 342
985910400 23 23 383 558
985824000 16 11 604 183
985737600 18 16 406 287
985651200 23 16 596 215
985564800 8 7 493 177
985478400 11 6 425 153
985392000 18 16 270 170
985305600 42 40 492 533
985219200 38 32 608 194
985132800 7 6 203 108
985046400 19 18 239 308
984960000 1 1 120 89
984873600 4 4 193 156
984787200 9 6 844 248
984700800 15 15 418 488
984614400 10 11 384 441
984528000 5 5 219 93
984441600 20 19 1501 535
984355200 16 13 648 222
984268800 5 6 291 119
984182400 14 13 210 262
984096000 23 22 2806 1424
984009600 4 7 4 7
983923200 15 15 495 379
983836800 17 8 17 8
983750400 17 8 17 8
983664000 7 6 160 136
983577600 40 38 225 210
983491200 8 5 215 180
983404800 11 10 129 126
983318400 3 3 109 81
983232000 3 2 160 78
983145600 1 0 133 78
983059200 1 0 126 101
982972800 3 2 131 78
982886400 63 63 216 202
982800000 5 5 139 84
982713600 6 6 129 103
982627200 8 8 260 262
982540800 9 7 267 125
982454400 14 13 211 155
982368000 8 15 584 789
982281600 5 4 184 101
982195200 4 7 227 417
982108800 4 4 105 139
982022400 8 7 241 323
981936000 1 0 106 81
981849600 4 3 130 80
981763200 8 5 288 107
981676800 4 4 140 101
981590400 11 10 426 151
981504000 5 4 130 86
981417600 4 3 185 100
981331200 0 0 103 80
981244800 3 2 141 80
981158400 4 3 270 74
981072000 8 8 1450 653
980985600 11 11 255 121
980899200 17 13 1553 563
980812800 10 6 194 85
980726400 5 3 166 86
980640000 3 2 153 93
980553600 21 18 2826 1829
980467200 5 5 123 80
980380800 12 8 1917 777
980294400 5 5 172 86
980208000 6 5 137 91
980121600 0 0 102 76
980035200 2 2 120 84
979948800 5 5 175 86
979862400 2 2 190 167
979776000 4 3 205 117
979689600 6 6 139 89
979603200 4 4 114 97
979516800 2 2 147 83
979430400 6 4 548 205
979344000 14 11 2352 872
979257600 5 4 150 74
979171200 6 5 238 83
979084800 3 5 266 94
978998400 7 6 168 83
978912000 2 1 109 66
978825600 1 1 103 68
978739200 5 5 141 113
978652800 4 3 145 87
978566400 10 7 2436 1044
978480000 10 8 235 116
978393600 6 5 106 98
978307200 2 2 94 79
978220800 11 7 1412 499
978134400 4 4 217 156
978048000 6 4 474 154
977961600 3 2 427 148
977875200 0 0 169 109
977788800 0 0 172 104
977702400 2 1 306 93
977616000 1 1 179 142
977529600 3 1 106 82
977443200 9 5 247 107
977356800 9 5 690 192
977270400 4 1 128 73
977184000 3 5 252 148
977097600 1 1 112 100
977011200 1 1 132 71
976924800 3 3 111 83
976838400 3 2 131 88
976752000 7 6 370 234
976665600 7 7 563 634
976579200 3 3 146 69
976492800 2 1 105 66
976406400 1 0 107 78
976320000 4 1 149 65
976233600 6 4 152 144
976147200 6 6 706 253
976060800 7 5 940 417
975974400 4 3 115 138
975888000 5 4 246 96
975801600 2 1 143 82
975715200 10 7 561 331
975628800 7 6 197 89
975542400 4 4 160 74
975456000 8 8 297 175
975369600 6 6 218 86
975283200 4 3 235 170
975196800 3 1 117 74
975110400 3 1 275 86
975024000 2 1 135 78
974937600 4 2 126 87
974851200 9 5 270 109
974764800 7 7 185 96
974678400 4 2 170 77
974592000 8 5 183 150
974505600 9 8 405 237
974419200 4 3 128 73
974332800 8 12 411 624
974246400 7 5 245 109
974160000 5 5 194 72
974073600 4 1 327 102
973987200 2 2 188 72
973900800 3 3 142 69
973814400 3 2 173 104
973728000 7 5 643 185
973641600 7 6 213 100
973555200 5 4 162 98
973468800 2 1 130 79
973382400 2 2 106 60
973296000 11 15 310 729
973209600 20 25 2273 2381
973123200 5 3 156 87
973036800 8 8 288 199
972950400 7 4 197 97
972864000 1 2 116 55
972777600 0 0 24 15
972691200 0 0 0 0
972604800 0 0 0 0
972518400 0 0 0 0
972432000 0 0 0 0
972345600 0 0 0 0
972259200 0 0 0 0
972172800 0 0 0 0
972086400 0 0 0 0
972000000 0 0 0 0
971913600 0 0 0 0
971827200 0 0 0 0
971740800 0 0 0 0
971654400 0 0 0 0
971568000 0 0 0 0
971481600 0 0 0 0
971395200 0 0 0 0
971308800 0 0 0 0
971222400 0 0 0 0
971136000 0 0 0 0
971049600 0 0 0 0
970963200 0 0 0 0
970876800 0 0 0 0
970790400 0 0 0 0
970704000 0 0 0 0
970617600 0 0 0 0
970531200 0 0 0 0
970444800 0 0 0 0
970358400 0 0 0 0
970272000 0 0 0 0
970185600 0 0 0 0
970099200 0 0 0 0
970012800 0 0 0 0
969926400 0 0 0 0
969840000 0 0 0 0
969753600 0 0 0 0
969667200 0 0 0 0
969580800 0 0 0 0
969494400 0 0 0 0
969408000 0 0 0 0
969321600 0 0 0 0
969235200 0 0 0 0
969148800 0 0 0 0
969062400 0 0 0 0
968976000 0 0 0 0
968889600 0 0 0 0
968803200 0 0 0 0
968716800 0 0 0 0
968630400 0 0 0 0
968544000 0 0 0 0
968457600 0 0 0 0
968371200 0 0 0 0
968284800 0 0 0 0
968198400 0 0 0 0
968112000 0 0 0 0
968025600 0 0 0 0
967939200 0 0 0 0
967852800 0 0 0 0
967766400 0 0 0 0
967680000 0 0 0 0
967593600 0 0 0 0
967507200 0 0 0 0
967420800 0 0 0 0
967334400 0 0 0 0
967248000 0 0 0 0
967161600 0 0 0 0
967075200 0 0 0 0
966988800 0 0 0 0
966902400 0 0 0 0
966816000 0 0 0 0
966729600 0 0 0 0
966643200 0 0 0 0
966556800 0 0 0 0
966470400 0 0 0 0
966384000 0 0 0 0
966297600 0 0 0 0
966211200 0 0 0 0
966124800 0 0 0 0
966038400 0 0 0 0
965952000 0 0 0 0
965865600 0 0 0 0
965779200 0 0 0 0
965692800 0 0 0 0
965606400 0 0 0 0
965520000 0 0 0 0
965433600 0 0 0 0
965347200 0 0 0 0
965260800 0 0 0 0
965174400 0 0 0 0
965088000 0 0 0 0
965001600 0 0 0 0
964915200 0 0 0 0
964828800 0 0 0 0
964742400 0 0 0 0
964656000 0 0 0 0
964569600 0 0 0 0
964483200 0 0 0 0
964396800 0 0 0 0
964310400 0 0 0 0
964224000 0 0 0 0
964137600 0 0 0 0
964051200 0 0 0 0
963964800 0 0 0 0
963878400 0 0 0 0
963792000 0 0 0 0
963705600 0 0 0 0
963619200 0 0 0 0
963532800 0 0 0 0
963446400 0 0 0 0
963360000 0 0 0 0
963273600 0 0 0 0
963187200 0 0 0 0
963100800 0 0 0 0
963014400 0 0 0 0
962928000 0 0 0 0
962841600 0 0 0 0
962755200 0 0 0 0
962668800 0 0 0 0
962582400 0 0 0 0
962496000 0 0 0 0
962409600 0 0 0 0
962323200 0 0 0 0
962236800 0 0 0 0
962150400 0 0 0 0
962064000 0 0 0 0
961977600 0 0 0 0
961891200 0 0 0 0
961804800 0 0 0 0
961718400 0 0 0 0
961632000 0 0 0 0
961545600 0 0 0 0
961459200 0 0 0 0
961372800 0 0 0 0
961286400 0 0 0 0
961200000 0 0 0 0
961113600 0 0 0 0
961027200 0 0 0 0
960940800 0 0 0 0
960854400 0 0 0 0
960768000 0 0 0 0
960681600 0 0 0 0
960595200 0 0 0 0
960508800 0 0 0 0
960422400 0 0 0 0
960336000 0 0 0 0
960249600 0 0 0 0
960163200 0 0 0 0
960076800 0 0 0 0
959990400 0 0 0 0
959904000 0 0 0 0
959817600 0 0 0 0
959731200 0 0 0 0
959644800 0 0 0 0
959558400 0 0 0 0
959472000 0 0 0 0
959385600 0 0 0 0
959299200 0 0 0 0
959212800 0 0 0 0
959126400 0 0 0 0
959040000 0 0 0 0
958953600 0 0 0 0
958867200 0 0 0 0
958780800 0 0 0 0
958694400 0 0 0 0
958608000 0 0 0 0
958521600 0 0 0 0
958435200 0 0 0 0
958348800 0 0 0 0
958262400 0 0 0 0
958176000 0 0 0 0
958089600 0 0 0 0
958003200 0 0 0 0
957916800 0 0 0 0
957830400 0 0 0 0
957744000 0 0 0 0
957657600 0 0 0 0
957571200 0 0 0 0
957484800 0 0 0 0
957398400 0 0 0 0
957312000 0 0 0 0
957225600 0 0 0 0
957139200 0 0 0 0
957052800 0 0 0 0
956966400 0 0 0 0
956880000 0 0 0 0
956793600 0 0 0 0
956707200 0 0 0 0
956620800 0 0 0 0
956534400 0 0 0 0
956448000 0 0 0 0
956361600 0 0 0 0
956275200 0 0 0 0
956188800 0 0 0 0
956102400 0 0 0 0
956016000 0 0 0 0
955929600 0 0 0 0
955843200 0 0 0 0
955756800 0 0 0 0
955670400 0 0 0 0
955584000 0 0 0 0
955497600 0 0 0 0
955411200 0 0 0 0
955324800 0 0 0 0
955238400 0 0 0 0
955152000 0 0 0 0
955065600 0 0 0 0
954979200 0 0 0 0
954892800 0 0 0 0
954806400 0 0 0 0
954720000 0 0 0 0
954633600 0 0 0 0
954547200 0 0 0 0
954460800 0 0 0 0
954374400 0 0 0 0
954288000 0 0 0 0
954201600 0 0 0 0
954115200 0 0 0 0
954028800 0 0 0 0
953942400 0 0 0 0
953856000 0 0 0 0
953769600 0 0 0 0
953683200 0 0 0 0
953596800 0 0 0 0
953510400 0 0 0 0
953424000 0 0 0 0
953337600 0 0 0 0
953251200 0 0 0 0
953164800 0 0 0 0
953078400 0 0 0 0
952992000 0 0 0 0
952905600 0 0 0 0
952819200 0 0 0 0
952732800 0 0 0 0
952646400 0 0 0 0
952560000 0 0 0 0
952473600 0 0 0 0
952387200 0 0 0 0
952300800 0 0 0 0
952214400 0 0 0 0
952128000 0 0 0 0
952041600 0 0 0 0
951955200 0 0 0 0
951868800 0 0 0 0
951782400 0 0 0 0
951696000 0 0 0 0
951609600 0 0 0 0
951523200 0 0 0 0
951436800 0 0 0 0
951350400 0 0 0 0
951264000 0 0 0 0
951177600 0 0 0 0
951091200 0 0 0 0
951004800 0 0 0 0
950918400 0 0 0 0
950832000 0 0 0 0
950745600 0 0 0 0
950659200 0 0 0 0
950572800 0 0 0 0
950486400 0 0 0 0
950400000 0 0 0 0
950313600 0 0 0 0
950227200 0 0 0 0
950140800 0 0 0 0
950054400 0 0 0 0
949968000 0 0 0 0
949881600 0 0 0 0
949795200 0 0 0 0
949708800 0 0 0 0
949622400 0 0 0 0
949536000 0 0 0 0
949449600 0 0 0 0
949363200 0 0 0 0
949276800 0 0 0 0
949190400 0 0 0 0
949104000 0 0 0 0
949017600 0 0 0 0
948931200 0 0 0 0
948844800 0 0 0 0
948758400 0 0 0 0
948672000 0 0 0 0
948585600 0 0 0 0
948499200 0 0 0 0
948412800 0 0 0 0
948326400 0 0 0 0
948240000 0 0 0 0
948153600 0 0 0 0
948067200 0 0 0 0
947980800 0 0 0 0
947894400 0 0 0 0
947808000 0 0 0 0
947721600 0 0 0 0
947635200 0 0 0 0
947548800 0 0 0 0
947462400 0 0 0 0
947376000 0 0 0 0
947289600 0 0 0 0
947203200 0 0 0 0
947116800 0 0 0 0
947030400 0 0 0 0
946944000 0 0 0 0
946857600 0 0 0 0
946771200 0 0 0 0
946684800 0 0 0 0
946598400 0 0 0 0
946512000 0 0 0 0
946425600 0 0 0 0
946339200 0 0 0 0
946252800 0 0 0 0
946166400 0 0 0 0
946080000 0 0 0 0
945993600 0 0 0 0
945907200 0 0 0 0
945820800 0 0 0 0
945734400 0 0 0 0
945648000 0 0 0 0
945561600 0 0 0 0
945475200 0 0 0 0
945388800 0 0 0 0
945302400 0 0 0 0
945216000 0 0 0 0
945129600 0 0 0 0
945043200 0 0 0 0
944956800 0 0 0 0
944870400 0 0 0 0
944784000 0 0 0 0
944697600 0 0 0 0
944611200 0 0 0 0
944524800 0 0 0 0
944438400 0 0 0 0
944352000 0 0 0 0
944265600 0 0 0 0
944179200 0 0 0 0
944092800 0 0 0 0
944006400 0 0 0 0
943920000 0 0 0 0
943833600 0 0 0 0
943747200 0 0 0 0
943660800 0 0 0 0
943574400 0 0 0 0
943488000 0 0 0 0
943401600 0 0 0 0
943315200 0 0 0 0
943228800 0 0 0 0
943142400 0 0 0 0
943056000 0 0 0 0
942969600 0 0 0 0
942883200 0 0 0 0
942796800 0 0 0 0
942710400 0 0 0 0
942624000 0 0 0 0
942537600 0 0 0 0
942451200 0 0 0 0
942364800 0 0 0 0
942278400 0 0 0 0
942192000 0 0 0 0
942105600 0 0 0 0
942019200 0 0 0 0
941932800 0 0 0 0
941846400 0 0 0 0
941760000 0 0 0 0
941673600 0 0 0 0
941587200 0 0 0 0
941500800 0 0 0 0
941414400 0 0 0 0
941328000 0 0 0 0
941241600 0 0 0 0
941155200 0 0 0 0
941068800 0 0 0 0
940982400 0 0 0 0
940896000 0 0 0 0
940809600 0 0 0 0
940723200 0 0 0 0
940636800 0 0 0 0
940550400 0 0 0 0
940464000 0 0 0 0
940377600 0 0 0 0
940291200 0 0 0 0
940204800 0 0 0 0
940118400 0 0 0 0
940032000 0 0 0 0
939945600 0 0 0 0
939859200 0 0 0 0
939772800 0 0 0 0
939686400 0 0 0 0
939600000 0 0 0 0
939513600 0 0 0 0
939427200 0 0 0 0
939340800 0 0 0 0
939254400 0 0 0 0
939168000 0 0 0 0
939081600 0 0 0 0
938995200 0 0 0 0
938908800 0 0 0 0
938822400 0 0 0 0
938736000 0 0 0 0
938649600 0 0 0 0
938563200 0 0 0 0
938476800 0 0 0 0
938390400 0 0 0 0
938304000 0 0 0 0
938217600 0 0 0 0
938131200 0 0 0 0
938044800 0 0 0 0
937958400 0 0 0 0
937872000 0 0 0 0
937785600 0 0 0 0
937699200 0 0 0 0
937612800 0 0 0 0
937526400 0 0 0 0
937440000 0 0 0 0
937353600 0 0 0 0
937267200 0 0 0 0
937180800 0 0 0 0
937094400 0 0 0 0
937008000 0 0 0 0
936921600 0 0 0 0
936835200 0 0 0 0
936748800 0 0 0 0
936662400 0 0 0 0
936576000 0 0 0 0
936489600 0 0 0 0
936403200 0 0 0 0
936316800 0 0 0 0
936230400 0 0 0 0
936144000 0 0 0 0
936057600 0 0 0 0
935971200 0 0 0 0
935884800 0 0 0 0
935798400 0 0 0 0
935712000 0 0 0 0
935625600 0 0 0 0
935539200 0 0 0 0
935452800 0 0 0 0
935366400 0 0 0 0
935280000 0 0 0 0
935193600 0 0 0 0
