1003996451 2225033158 648324806
1003996451 373 2625 373 2625
1003996150 183 1843 183 1843
1003995900 336 4516 368 5064
1003995600 201 2553 368 5064
1003995300 1443 5943 1699 6722
1003995000 504 2606 1699 6722
1003994700 121 458 271 1803
1003994400 99 295 101 316
1003994100 156 391 168 407
1003993800 133 1392 168 1594
1003993500 196 861 211 1594
1003993200 211 704 211 704
1003992900 186 499 211 704
1003992600 206 1013 211 1125
1003992300 264 1540 276 1625
1003992000 243 1087 276 1625
1003991700 272 1532 279 1644
1003991400 1886 4976 2216 5659
1003991100 1646 3514 2216 5659
1003990800 439 970 1532 3085
1003990500 198 1247 210 1395
1003990200 176 940 196 1395
1003989900 207 813 215 850
1003989600 215 806 215 806
1003989300 239 707 245 806
1003989000 235 809 245 835
1003988700 279 1017 289 1055
1003988400 1485 4380 1736 5078
1003988100 967 2270 1736 5078
1003987800 1215 2692 1299 2896
1003987500 590 1558 1299 2896
1003987200 280 1401 445 1426
1003986900 153 447 247 1426
1003986600 113 292 134 303
1003986300 194 1804 214 2142
1003986000 214 2142 214 2142
1003985700 1513 9744 1786 11338
1003985400 1746 6338 1786 11338
1003985100 627 6803 1739 7108
1003984800 311 2409 400 7108
1003984500 1526 4443 1773 5047
1003984200 707 3643 1773 5047
1003983900 2178 9893 2525 11232
1003983600 932 4505 2525 11232
1003983300 496 1765 606 3128
1003983000 561 3331 580 3718
1003982700 307 3103 580 3718
1003982400 246 2965 246 2965
1003982100 1485 3796 1733 3963
1003981800 2710 6196 2916 6665
1003981500 825 3479 2916 6665
1003981200 1656 4185 1915 4464
1003980900 1054 2295 1915 4464
1003980600 371 1137 882 1862
1003980300 508 2441 557 2738
1003980000 3283 8957 3842 10231
1003979700 911 3224 3842 10231
1003979400 2538 10687 3005 12553
1003979100 1538 6530 3005 12553
1003978800 1245 5326 1245 5326
1003978500 686 3982 1245 5326
1003978200 487 2133 572 3707
1003977900 2200 9768 2555 11398
1003977600 807 4971 2555 11398
1003977300 533 3779 552 3811
1003977000 697 4449 727 4580
1003976700 2639 8604 3040 9448
1003976400 3830 13401 3996 14230
1003976100 1065 5594 3996 14230
1003975800 372 2097 465 3826
1003975500 451 3903 474 4388
1003975200 474 4388 474 4388
1003974900 381 1107 474 4388
1003974600 307 1163 362 1319
1003974300 501 3844 544 4362
1003974000 1493 5437 1692 5663
1003973700 598 2481 1692 5663
1003973400 371 1978 375 2009
1003973100 410 1739 419 2009
1003972800 2343 8430 2738 9812
1003972500 754 2774 2738 9812
1003972200 633 3767 697 4292
1003971900 439 1786 697 4292
1003971600 382 1224 382 1224
1003971300 424 2013 433 2175
1003971000 515 3375 533 3627
1003970700 2750 8644 3215 9697
1003970400 4088 10922 4268 11174
1003970100 4945 28536 5087 32177
1003969800 1691 14346 5087 32177
1003969500 734 8406 979 10608
1003969200 2638 21962 3039 24831
1003968900 2497 11191 3039 24831
1003968600 1784 7280 2387 8398
1003968300 2312 7728 2459 7880
1003968000 2459 7880 2459 7880
1003967700 3251 10667 3418 11252
1003967400 788 3257 3418 11252
1003967100 442 2659 480 2865
1003966800 390 2581 480 2865
1003966500 702 5137 770 5674
1003966200 512 3285 770 5674
1003965900 1439 3891 1635 4111
1003965600 575 5854 1635 6211
1003965300 407 3572 418 6211
1003965000 936 6863 1043 7651
1003964700 2529 15430 2863 17177
1003964400 2863 17177 2863 17177
1003964100 3080 21328 3126 22199
1003963800 3109 12441 3126 22199
1003963500 4721 50900 5052 59197
1003963200 5774 94384 5926 101763
1003962900 4810 32020 5926 101763
1003962600 2149 8001 4571 17056
1003962300 2989 10308 3263 11161
1003962000 2132 5784 3263 11161
1003961700 1953 7393 1965 7962
1003961400 3485 11657 3797 12415
1003961100 1316 6376 3797 12415
1003960800 760 5021 760 5021
1003960500 2345 12520 2670 14056
1003960200 2634 14350 2670 14405
1003959900 648 3179 2628 14405
1003959600 910 3162 1037 3576
1003959300 2719 7004 3072 7723
1003959000 868 2887 3072 7723
1003958700 277 2849 417 3045
1003958400 785 5853 895 6429
1003958100 1707 5007 1878 6429
1003957800 1067 11309 1878 12661
1003957500 1668 13177 1841 13294
1003957200 1841 13294 1841 13294
1003956900 4518 27003 5067 29811
1003956600 1780 8482 5067 29811
1003956300 540 3295 1091 4010
1003956000 432 2948 434 3149
1003955700 419 5495 434 6026
1003955400 1769 6918 2046 7101
1003955100 2450 6563 2533 7101
1003954800 1253 4259 2533 6453
1003954500 591 2800 991 3810
1003954200 285 1535 510 2594
1003953900 1249 8072 1476 9588
1003953600 1476 9588 1476 9588
1003953300 674 4422 1476 9588
1003953000 1619 6785 1843 7461
1003952700 2264 7499 2351 7507
1003952400 660 3655 2351 7507
1003952100 318 2687 319 2867
1003951800 1517 10232 1763 11785
1003951500 1636 12200 1763 12286
1003951200 2743 10993 2981 12286
1003950900 972 5878 2981 10723
1003950600 2962 34651 3456 40753
1003950300 1044 9565 3456 40753
1003950000 503 2564 503 2564
1003949700 510 2799 512 2848
1003949400 1937 6695 2236 7502
1003949100 3543 13696 3811 14965
1003948800 3170 16373 3811 16662
1003948500 888 4766 3039 16662
1003948200 331 2393 458 2395
1003947900 1646 7132 1921 8103
1003947600 3461 11429 3784 12127
1003947300 3265 8584 3784 12127
1003947000 2760 14131 3157 15389
1003946700 1647 6663 2681 15389
1003946400 1416 4705 1416 4705
1003946100 2645 8161 2897 8870
1003945800 2097 8364 2897 8870
1003945500 1376 4218 1937 8263
1003945200 2448 11010 2692 12576
1003944900 3149 15720 3243 16364
1003944600 3399 10613 3431 16364
1003944300 3926 24561 4030 27733
1003944000 2783 11646 4030 27733
1003943700 657 3653 2528 8352
1003943400 2101 6118 2476 6821
1003943100 729 3141 2476 6821
1003942800 337 2316 337 2316
1003942500 2509 6578 2954 7452
1003942200 2694 7666 2954 7711
1003941900 2051 5050 2641 7711
1003941600 1784 6522 1928 6938
1003941300 2787 8862 3004 9266
1003941000 1646 4583 3004 9266
1003940700 481 1486 1368 3625
1003940400 294 2137 300 2360
1003940100 300 2301 302 2360
1003939800 388 2449 406 2482
1003939500 1410 4945 1636 5498
1003939200 1636 5498 1636 5498
1003938900 718 7699 1636 8150
1003938600 903 11732 980 12466
1003938300 1931 13753 2126 14017
1003938000 1548 12339 2126 14017
1003937700 1635 5399 1678 11996
1003937400 3008 10014 3288 11265
1003937100 964 6175 3288 11265
1003936800 650 4153 684 5133
1003936500 659 3790 684 3948
1003936200 419 5851 654 6280
1003935900 2054 13831 2432 15527
1003935600 2432 15527 2432 15527
1003935300 2776 8396 2847 15527
1003935000 1270 3518 2847 6936
1003934700 1144 4281 1185 4581
1003934400 1644 8496 1741 9318
1003934100 779 3346 1741 9318
1003933800 1884 6754 2146 7687
1003933500 724 6475 2146 7687
1003933200 473 5625 483 6221
1003932900 1010 5071 1119 5503
1003932600 3021 8336 3411 9023
1003932300 1716 4861 3411 9023
1003932000 1336 3927 1336 3927
1003931700 480 2366 1336 3927
1003931400 281 1884 305 2047
1003931100 196 902 277 1850
1003930800 185 980 187 1036
1003930500 233 951 243 1036
1003930200 442 1966 483 2178
1003929900 2146 7082 2487 8087
1003929600 827 2856 2487 8087
1003929300 409 3259 495 3556
1003929000 3024 39249 3564 46560
1003928700 2484 13420 3564 46560
1003928400 2242 5981 2242 5981
1003928100 577 2187 2242 5981
1003927800 253 3865 257 4368
1003927500 629 16628 708 19199
1003927200 2158 14687 2455 19199
1003926900 542 3232 2455 13764
1003926600 192 1661 201 1784
1003926300 298 2809 318 3019
1003926000 339 5908 344 6514
1003925700 164 1599 344 6514
1003925400 83 232 128 593
1003925100 252 2038 292 2460
1003924800 292 2460 292 2460
1003924500 2079 7746 2454 8855
1003924200 542 2397 2454 8855
1003923900 174 2724 180 3070
1003923600 166 1449 180 3070
1003923300 105 596 164 1117
1003923000 108 220 112 487
1003922700 102 297 112 325
1003922400 105 266 107 325
1003922100 139 1178 146 1368
1003921800 95 504 146 1368
1003921500 171 1910 191 2266
1003921200 191 2266 191 2266
1003920900 117 884 191 2266
1003920600 150 859 161 913
1003920300 159 829 161 913
1003920000 147 717 159 812
1003919700 122 873 145 910
1003919400 1315 2808 1567 3206
1003919100 339 1222 1567 3206
1003918800 55 192 88 816
1003918500 82 563 90 668
1003918200 159 1131 174 1227
1003917900 163 1090 174 1227
1003917600 161 1060 161 1060
1003917300 62 278 161 1060
1003917000 64 205 69 222
1003916700 90 267 95 277
1003916400 99 774 101 876
1003916100 151 1099 162 1145
1003915800 205 615 215 1145
1003915500 102 315 215 507
1003915200 149 489 164 534
1003914900 161 1289 164 1444
1003914600 1258 4618 1483 5269
1003914300 356 1256 1483 5269
1003914000 104 356 104 356
1003913700 1806 3430 2163 4075
1003913400 449 931 2163 4075
1003913100 164 2054 180 2420
1003912800 145 929 180 2420
1003912500 113 534 138 617
1003912200 61 191 108 517
1003911900 69 334 73 377
1003911600 170 1393 191 1602
1003911300 93 648 191 1602
1003911000 92 355 96 453
1003910700 149 1612 162 1899
1003910400 162 1899 162 1899
1003910100 150 695 162 1899
1003909800 157 1008 159 1123
1003909500 124 332 159 1123
1003909200 1286 6973 1532 8399
1003908900 974 6518 1532 8399
1003908600 959 3788 980 6133
1003908300 376 2940 980 3297
1003908000 182 1217 253 2868
1003907700 203 638 211 872
1003907400 3526 7292 4206 8666
1003907100 933 2984 4206 8666
1003906800 199 1709 199 1709
1003906500 201 1677 202 1709
1003906200 193 1536 202 1671
1003905900 224 1383 231 1509
1003905600 206 711 231 1357
1003905300 168 520 202 579
1003905000 424 7284 478 8673
1003904700 199 1966 478 8673
1003904400 87 342 142 593
1003904100 101 1116 107 1290
1003903800 71 498 107 1290
1003903500 152 983 172 1126
1003903200 172 1126 172 1126
1003902900 91 589 172 1126
1003902600 80 405 82 480
1003902300 100 450 104 463
1003902000 132 399 138 463
1003901700 1411 2775 1672 3265
1003901400 514 1668 1672 3265
1003901100 236 979 277 1341
1003900800 312 1316 330 1403
1003900500 205 735 330 1403
1003900200 350 2499 386 2889
1003899900 305 1655 386 2889
1003899600 288 1378 288 1378
1003899300 1344 3267 1561 3655
1003899000 1903 9944 1975 11263
1003898700 622 3428 1975 11263
1003898400 2846 9079 3359 10565
1003898100 1063 2924 3359 10565
1003897800 322 1656 604 1710
1003897500 1150 4232 1336 4761
1003897200 1630 6709 1684 7062
1003896900 906 5496 1684 7062
1003896600 1638 6211 1821 6423
1003896300 1367 4637 1821 6423
1003896000 1268 4246 1268 4246
1003895700 320 1412 1268 4246
1003895400 150 614 155 832
1003895100 1415 5214 1674 6166
1003894800 512 1737 1674 6166
1003894500 204 1357 275 1466
1003894200 347 2895 379 3181
1003893900 2052 6647 2395 7358
1003893600 2053 7399 2395 7408
1003893300 2335 6490 2410 7408
1003893000 1027 5352 2410 6298
1003892700 1904 8530 2159 9271
1003892400 2159 9271 2159 9271
1003892100 1116 6631 2159 9271
1003891800 643 5058 908 6104
1003891500 457 3569 589 4844
1003891200 402 3654 431 3725
1003890900 235 1998 397 3725
1003890600 394 4891 433 5543
1003890300 888 4669 982 5543
1003890000 1681 6979 1828 7502
1003889700 985 5346 1828 7502
1003889400 511 3120 809 4895
1003889100 2013 7561 2364 8640
1003888800 2364 8640 2364 8640
1003888500 2559 7551 2599 8640
1003888200 1640 4900 2599 7328
1003887900 2972 9150 3285 10120
1003887600 2074 5605 3285 10120
1003887300 2204 6893 2284 7357
1003887000 2496 7924 2540 8041
1003886700 3063 10139 3171 10569
1003886400 1144 7121 3171 10569
1003886100 1235 7413 1341 7621
1003885800 3956 18417 4505 20681
1003885500 2692 8484 4505 20681
1003885200 2286 5747 2286 5747
1003884900 1801 8906 2286 9538
1003884600 1456 6994 1704 9538
1003884300 2261 5759 2433 6474
1003884000 668 2449 2433 5617
1003883700 503 4613 544 5189
1003883400 1698 9329 1929 10157
1003883100 651 5224 1929 10157
1003882800 2130 11418 2487 12894
1003882500 828 6346 2487 12894
1003882200 2600 17711 3033 20314
1003881900 1750 9696 3033 20314
1003881600 1463 7313 1463 7313
1003881300 1565 6437 1587 7313
1003881000 3200 4091 3531 6258
1003880700 922 3648 3531 3648
1003880400 2255 7348 2632 8088
1003880100 561 1745 2632 8088
1003879800 373 4106 421 4838
1003879500 486 4573 500 4838
1003879200 554 4890 566 4966
1003878900 524 5656 566 5798
1003878600 571 5207 582 5798
1003878300 1575 11837 1798 13352
1003878000 1798 13352 1798 13352
1003877700 567 6017 1798 13352
1003877400 421 3750 443 4515
1003877100 448 3543 450 3594
1003876800 2079 7150 2421 7909
1003876500 1246 5854 2421 7909
1003876200 3442 9474 3930 10283
1003875900 871 2351 3930 10283
1003875600 796 6806 910 8052
1003875300 362 4408 910 8052
1003875000 323 2544 339 3645
1003874700 1154 3711 1333 4017
1003874400 1333 4017 1333 4017
1003874100 885 8223 1333 9085
1003873800 1469 11660 1608 12188
1003873500 544 5033 1608 12188
1003873200 566 11744 617 13426
1003872900 575 5357 617 13426
1003872600 564 4500 567 4667
1003872300 464 4190 564 4667
1003872000 2894 8295 3397 9157
1003871700 2002 8281 3397 9157
1003871400 912 4068 1717 8102
1003871100 510 3258 751 3262
1003870800 456 3258 456 3258
1003870500 477 5036 482 5401
1003870200 521 7303 529 7693
1003869900 731 8917 773 9168
1003869600 1747 7143 1947 9168
1003869300 563 2012 1947 6729
1003869000 387 3317 409 3783
1003868700 2541 13443 2978 15422
1003868400 893 4722 2978 15422
1003868100 534 4362 549 4738
1003867800 2818 9332 3283 10274
1003867500 1118 4488 3283 10274
1003867200 633 3190 633 3190
1003866900 2118 5269 2416 5685
1003866600 1652 5777 2416 5796
1003866300 675 5447 1496 5796
1003866000 422 4316 511 5378
1003865700 1259 7555 1435 8264
1003865400 1848 10135 1933 10519
1003865100 811 8543 1933 10519
1003864800 523 6725 582 8139
1003864500 1473 4595 1675 6443
1003864200 2405 6922 2555 7478
1003863900 2434 8369 2555 8570
1003863600 2407 8570 2407 8570
1003863300 2434 7153 2440 8570
1003863000 795 4695 2440 6856
1003862700 910 7265 1003 7882
1003862400 2377 17165 2659 19067
1003862100 1500 7619 2659 19067
1003861800 1892 5713 2026 5817
1003861500 2124 9744 2142 10456
1003861200 2600 12485 2695 12901
1003860900 2056 17803 2695 18832
1003860600 1359 14193 1923 18832
1003860300 1847 12716 1983 13244
1003860000 1983 12598 1983 12598
1003859700 525 3643 1983 12598
1003859400 377 3106 408 3366
1003859100 994 4596 1115 4848
1003858800 4011 10044 4633 11159
1003858500 3554 7832 4633 11159
1003858200 843 3858 3328 7135
1003857900 584 3660 621 3738
1003857600 2190 9526 2512 10712
1003857300 4348 42047 4734 48618
1003857000 4460 54942 4734 56238
1003856700 1470 13240 4405 56238
1003856400 812 3588 812 3588
1003856100 1681 7323 1860 8089
1003855800 665 4721 1860 8089
1003855500 1867 8004 2165 8822
1003855200 4288 14417 4723 15564
1003854900 1432 8012 4723 15564
1003854600 362 2314 758 6466
1003854300 359 2465 376 2675
1003854000 535 5027 567 5498
1003853700 687 6782 712 7045
1003853400 3304 13865 3836 15263
1003853100 1624 8211 3836 15263
1003852800 1128 6628 1128 6628
1003852500 286 1965 1128 6628
1003852200 194 1537 211 1645
1003851900 457 6113 508 7029
1003851600 1979 13268 2288 14577
1003851300 976 8534 2288 14577
1003851000 389 3351 695 7238
1003850700 544 7746 590 8839
1003850400 284 2196 590 8839
1003850100 1994 4274 2358 4979
1003849800 642 2247 2358 4979
1003849500 245 2004 291 2076
1003849200 235 2076 235 2076
1003848900 138 1380 235 2076
1003848600 396 10840 453 12807
1003848300 613 14732 646 15117
1003848000 382 3761 646 15117
1003847700 434 2412 456 2613
1003847400 1050 2851 1172 2900
1003847100 1279 2916 1301 2920
1003846800 1582 3289 1640 3365
1003846500 2181 5810 2290 6300
1003846200 2218 5899 2290 6300
1003845900 1411 3912 2204 5818
1003845600 1229 3475 1229 3475
1003845300 1506 4893 1565 5191
1003845000 2692 10197 2924 11223
1003844700 2389 6918 2924 11223
1003844400 582 1798 2277 6016
1003844100 157 653 235 935
1003843800 220 1147 236 1259
1003843500 1850 5438 2189 6315
1003843200 533 2649 2189 6315
1003842900 294 2946 315 3166
1003842600 1940 5287 2274 5722
1003842300 688 7344 2274 7709
1003842000 332 7709 332 7709
1003841700 482 6004 513 7709
1003841400 494 4403 513 5655
1003841100 341 1926 491 4147
1003840800 181 1529 310 1544
1003840500 611 3366 694 3697
1003840200 1370 4548 1509 4723
1003839900 688 4272 1509 4723
1003839600 368 2233 517 4178
1003839300 345 2964 347 3196
1003839000 264 1561 347 3196
1003838700 199 1062 248 1227
1003838400 188 1026 188 1026
1003838100 222 1665 230 1796
1003837800 197 1294 230 1796
1003837500 235 2065 245 2244
1003837200 256 2113 259 2244
1003836900 231 1412 259 2087
1003836600 132 610 226 1274
1003836300 155 1104 165 1236
1003836000 257 4127 277 4720
1003835700 132 1052 277 4720
1003835400 151 1001 162 1145
1003835100 175 1329 178 1371
1003834800 178 1371 178 1371
1003834500 131 1566 178 1606
1003834200 337 4824 382 5484
1003833900 212 2678 382 5484
1003833600 94 548 178 2104
1003833300 184 1130 207 1317
1003833000 85 492 207 1317
1003832700 90 780 97 874
1003832400 121 1113 126 1162
1003832100 118 738 126 1162
1003831800 113 797 117 828
1003831500 107 678 113 828
1003831200 106 646 106 646
1003830900 111 924 113 981
1003830600 306 3031 346 3451
1003830300 297 1373 346 3451
1003830000 133 315 288 948
1003829700 263 1279 296 1503
1003829400 125 409 296 1503
1003829100 219 1053 246 1231
1003828800 162 1784 246 1900
1003828500 1822 3684 2166 4050
1003828200 434 1101 2166 4050
1003827900 216 1189 246 1342
1003827600 246 1342 246 1342
1003827300 129 599 246 1342
1003827000 114 640 116 680
1003826700 136 793 141 817
1003826400 168 724 174 817
1003826100 101 213 174 706
1003825800 118 357 125 408
1003825500 136 275 139 408
1003825200 152 486 155 536
1003824900 169 537 172 538
1003824600 164 715 172 752
1003824300 87 263 163 752
1003824000 71 154 71 154
1003823700 118 473 128 537
1003823400 250 1308 275 1463
1003823100 216 1175 275 1463
1003822800 168 923 204 1117
1003822500 128 646 161 884
1003822200 61 301 122 598
1003821900 117 489 131 540
1003821600 62 305 131 540
1003821300 111 374 124 399
1003821000 62 196 124 399
1003820700 129 1010 148 1203
1003820400 148 1203 148 1203
1003820100 193 1166 203 1203
1003819800 193 2396 203 2650
1003819500 405 2912 449 2966
1003819200 225 1074 449 2966
1003818900 180 941 181 992
1003818600 489 10420 553 12352
1003818300 1496 5769 1694 12352
1003818000 1620 4928 1694 5042
1003817700 448 1950 1605 5042
1003817400 2035 5831 2409 6756
1003817100 720 5081 2409 6756
1003816800 342 4706 342 4706
1003816500 479 1791 507 4706
1003816200 730 5113 1412 7456
1003815000 969 10195 1690 19632
1003813200 909 8964 1673 19632
1003811400 436 4304 745 9262
1003809600 1038 4290 2176 9792
1003807800 578 4226 1946 13549
1003806000 831 3168 1706 5703
1003804200 1375 5102 3669 10281
1003802400 1302 6215 1668 9433
1003800600 786 3618 2192 6379
1003798800 1034 4111 1613 5683
1003797000 849 3953 1661 6377
1003795200 1798 9848 3397 30899
1003793400 1271 6703 1871 10770
1003791600 551 3115 1437 6115
1003789800 702 3702 1517 8895
1003788000 508 2436 722 4142
1003786200 653 4026 1180 5367
1003784400 2707 19366 4878 61391
1003782600 1101 5924 1902 9229
1003780800 567 3321 1170 5293
1003779000 827 4354 1845 8335
1003777200 1400 7117 2838 14182
1003775400 1475 5862 3173 11250
1003773600 2080 7453 3173 12267
1003771800 732 4543 1326 8050
1003770000 1643 4988 2359 8349
1003768200 2211 8331 2974 12332
1003766400 2064 6584 3962 9288
1003764600 1178 7975 2987 15552
1003762800 833 2975 2382 7306
1003761000 1082 4300 2766 8224
1003759200 393 2066 813 4478
1003757400 765 3946 2169 10404
1003755600 471 2872 1097 5214
1003753800 347 3106 662 5268
1003752000 230 2036 344 4430
1003750200 220 3014 324 7091
1003748400 134 1201 215 2744
1003746600 99 964 161 2744
1003744800 431 2813 1145 7705
1003743000 406 2008 1219 3444
1003741200 183 1486 484 3171
1003739400 91 701 171 1237
1003737600 73 598 131 1364
1003735800 138 1667 275 4836
1003734000 122 742 196 1515
1003732200 141 1109 232 1959
1003730400 623 4256 2997 21659
1003728600 712 2810 3307 12483
1003726800 617 2948 2086 7309
1003725000 554 2055 2186 5260
1003723200 704 2405 1750 3868
1003721400 727 3091 2274 7187
1003719600 1053 6016 2785 16117
1003717800 865 4004 1909 8324
1003716000 708 2541 3069 6137
1003714200 1125 9236 2824 22453
1003712400 1510 5325 4215 12029
1003710600 352 1947 874 3587
1003708800 1751 19929 5138 88998
1003707000 640 7747 974 11430
1003705200 839 4159 1934 7643
1003703400 520 2009 2332 7909
1003701600 501 2267 2282 4470
1003699800 490 2319 2282 4516
1003698000 1865 6592 4378 20797
1003696200 1653 7694 4378 20797
1003694400 1235 6876 3848 15163
1003692600 1393 6461 2647 11112
1003690800 998 4555 2350 11303
1003689000 281 3865 352 8781
1003687200 384 1715 1801 6061
1003685400 219 1472 1801 6061
1003683600 665 3035 2467 6799
1003681800 169 1715 327 4987
1003680000 195 2490 322 6029
1003678200 318 1966 577 4808
1003676400 321 1434 418 1988
1003674600 338 2225 627 3829
1003672800 540 1870 2199 5491
1003671000 194 1531 346 2695
1003669200 188 1665 299 5375
1003667400 345 1901 1242 3375
1003665600 528 7310 1242 21841
1003663800 348 6138 810 16936
1003662000 81 747 168 1898
1003660200 142 2233 306 4196
1003658400 178 2486 329 4361
1003656600 90 1425 239 3883
1003654800 79 636 112 1031
1003653000 170 2005 278 4036
1003651200 136 1598 298 4036
1003649400 142 1026 245 2847
1003647600 151 1443 258 5291
1003645800 106 610 169 977
1003644000 229 2469 473 6842
1003642200 234 1907 473 4081
1003640400 268 1945 329 3781
1003638600 573 5869 1436 12854
1003636800 735 3018 2898 6465
1003635000 676 3089 2898 7723
1003633200 259 3099 338 5430
1003631400 1040 5836 3246 15441
1003629600 1135 6071 3246 15441
1003627800 758 2356 2242 5398
1003626000 1195 4646 3521 10817
1003624200 1142 3944 2240 7118
1003622400 1320 7759 3523 26917
1003620600 741 3340 1673 6709
1003618800 1236 3696 2417 5839
1003617000 429 2797 2186 5839
1003615200 318 2391 471 3719
1003613400 1796 6390 4732 14170
1003611600 1546 7622 3932 19709
1003609800 1336 6704 3016 24152
1003608000 1024 4538 2871 8745
1003606200 1714 4694 3821 8096
1003604400 471 2688 1366 8260
1003602600 1256 7083 3023 11455
1003600800 1082 6343 2533 9850
1003599000 833 5246 2632 13835
1003597200 760 3607 3536 13230
1003595400 992 3864 3536 13230
1003593600 1156 16904 2844 46137
1003591800 313 2809 1946 30158
1003590000 1134 3095 3191 7667
1003588200 707 3302 1688 6330
1003586400 572 2306 2045 4194
1003584600 170 1087 411 2301
1003582800 168 1354 229 2994
1003581000 1295 3871 2681 6615
1003579200 542 1831 2270 6364
1003577400 99 683 171 1654
1003575600 75 248 192 789
1003573800 114 777 194 2087
1003572000 120 665 239 1231
1003570200 326 826 1503 3395
1003568400 89 771 199 2943
1003566600 175 805 808 1622
1003564800 878 2092 1560 4278
1003563000 346 1481 1504 4399
1003561200 649 2452 2081 5537
1003559400 1497 5208 2345 15577
1003557600 737 4881 1896 15577
1003555800 1206 4409 2036 5767
1003554000 748 2491 3433 8460
1003552200 1052 2835 3433 8460
1003550400 2035 6677 3770 10926
1003548600 1458 10293 3343 32836
1003546800 636 3743 2599 11162
1003545000 1341 5644 2796 11162
1003543200 1410 4572 2796 7406
1003541400 983 2969 2248 7421
1003539600 691 1746 2283 5116
1003537800 1037 2924 1641 5532
1003536000 559 3815 1359 7159
1003534200 1431 5909 3712 11364
1003532400 1109 3994 2235 6159
1003530600 760 2498 2153 5824
1003528800 1199 3239 2224 5824
1003527000 1404 8455 4772 37325
1003525200 1456 12284 4719 58069
1003523400 2907 13747 5066 58069
1003521600 1099 6087 2554 13094
1003519800 733 3273 2193 8224
1003518000 412 3125 472 3829
1003516200 1694 7752 4734 19458
1003514400 827 4643 1834 9207
1003512600 1084 5153 2634 9959
1003510800 742 3233 2582 6197
1003509000 729 2979 1786 5463
1003507200 411 1973 901 3266
1003505400 964 3317 1671 7930
1003503600 1004 3670 1858 5578
1003501800 825 3141 1724 5511
1003500000 463 2707 1275 5105
1003498200 258 1751 1275 5105
1003496400 368 2572 515 4840
1003494600 561 2369 2263 7885
1003492800 195 1272 286 2074
1003491000 96 693 253 2411
1003489200 126 1679 319 6764
1003487400 194 1455 309 2608
1003485600 212 1951 359 3320
1003483800 135 914 261 2186
1003482000 307 1880 550 5098
1003480200 334 1772 558 5098
1003478400 8754 8291 16661 14287
1003476600 15846 14773 18594 21512
1003474800 14107 13213 15532 14506
1003473000 14773 13455 16484 17570
1003471200 15269 14452 18752 19711
1003469400 14702 15527 17238 21221
1003467600 24594 34615 34140 52241
1003465800 23248 28884 36307 46486
1003464000 19686 19815 21992 27483
1003462200 16998 16551 20526 20374
1003460400 15463 17014 17994 21086
1003458600 14201 14958 17994 21086
1003456800 20812 19496 26079 23267
1003455000 14049 16817 26079 27345
1003453200 14343 23024 20518 67786
1003451400 11951 13909 20518 67786
1003449600 12003 13261 13635 16853
1003447800 11699 12063 13434 15020
1003446000 11882 13063 14330 17156
1003444200 13016 15833 15387 18578
1003442400 12568 19578 17486 25940
1003440600 5471 8400 6764 15551
1003438800 6252 11382 9226 24042
1003437000 6510 12793 7737 23772
1003435200 6867 11299 8400 13549
1003433400 6465 11742 9640 25298
1003431600 5522 7306 7807 12401
1003429800 5311 7822 6774 15224
1003428000 6530 9640 8212 20965
1003426200 5104 6601 8274 14275
1003424400 6148 9321 8274 14275
1003422600 6388 9416 8051 18800
1003420800 6666 11416 8017 35931
1003419000 5992 15130 7702 35931
1003417200 5334 5484 6532 8601
1003415400 5274 7067 7113 10032
1003413600 6098 6914 6789 9114
1003411800 5769 8557 7478 15883
1003410000 5216 5678 6908 6913
1003408200 5554 6790 6743 11111
1003406400 3946 3830 4392 5008
1003404600 27072 20237 40547 29313
1003402800 37354 24920 46089 29200
1003401000 24781 16054 46089 25373
1003399200 35851 22231 43906 31966
1003397400 31187 19773 39091 26889
1003395600 39297 26718 59842 43568
1003393800 58339 45271 63094 52369
1003392000 50996 41492 59430 50958
1003390200 50960 44959 67153 61482
1003388400 44537 41861 59005 56823
1003386600 56080 61153 73267 80563
1003384800 27989 27117 33508 44855
1003383000 32531 28953 61815 56470
1003381200 74999 63250 99107 72806
1003379400 82835 65054 105995 74035
1003377600 46962 49452 62339 67728
1003375800 69289 48883 201572 68464
1003374000 63593 34564 201572 68464
1003372200 4167 7617 8963 12737
1003370400 2553 6277 4574 10444
1003368600 1313 6147 3976 12327
1003366800 2091 4692 5083 8027
1003365000 1287 3692 3819 7623
1003363200 53240 6079 264865 14581
1003361400 3236 5646 9251 11469
1003359600 1498 3974 4515 7453
1003357800 1049 2878 3279 4055
1003356000 1541 10471 5727 27738
1003354200 1954 4055 4954 8679
1003352400 4527 7472 5468 8882
1003350600 3543 5280 6298 7810
1003348800 6298 7810 6298 7810
1003347000 6298 7810 6298 7810
1003345200 6298 7810 6298 7810
1003343400 6298 7810 6298 7810
1003341600 6298 7810 6298 7810
1003339800 6298 7810 6298 7810
1003338000 6298 7810 6298 7810
1003336200 6298 7810 6298 7810
1003334400 6298 7810 6298 7810
1003332600 6298 7810 6298 7810
1003330800 6298 7810 6298 7810
1003329000 6298 7810 6298 7810
1003327200 6298 7810 6298 7810
1003325400 6298 7810 6298 7810
1003323600 6298 7810 6298 7810
1003321800 6298 7810 6298 7810
1003320000 6298 7810 6298 7810
1003318200 6298 7810 6298 7810
1003316400 6298 7810 6298 7810
1003314600 6298 7810 6298 7810
1003312800 6298 7810 6298 7810
1003311000 6298 7810 6298 7810
1003309200 6298 7810 6298 7810
1003307400 6298 7810 6298 7810
1003305600 6298 7810 6298 7810
1003303800 6298 7810 6298 7810
1003302000 6298 7810 6298 7810
1003300200 6298 7810 6298 7810
1003298400 6298 7810 6298 7810
1003296600 6298 7810 6298 7810
1003294800 6298 7810 6298 7810
1003293000 6298 7810 6298 7810
1003291200 6298 7810 6298 7810
1003289400 6298 7810 6298 7810
1003287600 6298 7810 6298 7810
1003285800 6298 7810 6298 7810
1003284000 6298 7810 6298 7810
1003282200 6298 7810 6298 7810
1003280400 6298 7810 6298 7810
1003278600 6298 7810 6298 7810
1003276800 6298 7810 6298 7810
1003275000 6298 7810 6298 7810
1003273200 6298 7810 6298 7810
1003271400 6298 7810 6298 7810
1003269600 6298 7810 6298 7810
1003267800 6298 7810 6298 7810
1003266000 6298 7810 6298 7810
1003264200 6298 7810 6298 7810
1003262400 6298 7810 6298 7810
1003260600 6298 7810 6298 7810
1003258800 6298 7810 6298 7810
1003257000 6298 7810 6298 7810
1003255200 6298 7810 6298 7810
1003253400 6298 7810 6298 7810
1003251600 6298 7810 6298 7810
1003249800 6298 7810 6298 7810
1003248000 6298 7810 6298 7810
1003246200 6298 7810 6298 7810
1003244400 6298 7810 6298 7810
1003242600 6298 7810 6298 7810
1003240800 6298 7810 6298 7810
1003239000 6298 7810 6298 7810
1003237200 6298 7810 6298 7810
1003235400 6298 7810 6298 7810
1003233600 6298 7810 6298 7810
1003231800 6298 7810 6298 7810
1003230000 6298 7810 6298 7810
1003228200 6298 7810 6298 7810
1003226400 6298 7810 6298 7810
1003224600 6298 7810 6298 7810
1003222800 6298 7810 6298 7810
1003221000 6298 7810 6298 7810
1003219200 6298 7810 6298 7810
1003217400 6298 7810 6298 7810
1003215600 6298 7810 6298 7810
1003213800 6298 7810 6298 7810
1003212000 6298 7810 6298 7810
1003210200 6298 7810 6298 7810
1003208400 6298 7810 6298 7810
1003206600 6298 7810 6298 7810
1003204800 6298 7810 6298 7810
1003203000 6298 7810 6298 7810
1003201200 6298 7810 6298 7810
1003199400 6298 7810 6298 7810
1003197600 6298 7810 6298 7810
1003195800 6298 7810 6298 7810
1003194000 6298 7810 6298 7810
1003192200 6298 7810 6298 7810
1003190400 6298 7810 6298 7810
1003188600 6298 7810 6298 7810
1003186800 6298 7810 6298 7810
1003185000 6298 7810 6298 7810
1003183200 6298 7810 6298 7810
1003181400 6298 7810 6298 7810
1003179600 6298 7810 6298 7810
1003177800 6298 7810 6298 7810
1003176000 6298 7810 6298 7810
1003174200 6298 7810 6298 7810
1003172400 6298 7810 6298 7810
1003170600 6298 7810 6298 7810
1003168800 6298 7810 6298 7810
1003167000 6298 7810 6298 7810
1003165200 6298 7810 6298 7810
1003163400 6298 7810 6298 7810
1003161600 6298 7810 6298 7810
1003159800 6298 7810 6298 7810
1003158000 6298 7810 6298 7810
1003156200 6298 7810 6298 7810
1003154400 6298 7810 6298 7810
1003152600 6298 7810 6298 7810
1003150800 6298 7810 6298 7810
1003149000 6298 7810 6298 7810
1003147200 6298 7810 6298 7810
1003145400 6298 7810 6298 7810
1003143600 6298 7810 6298 7810
1003141800 6298 7810 6298 7810
1003140000 6298 7810 6298 7810
1003138200 6298 7810 6298 7810
1003136400 6298 7810 6298 7810
1003134600 6298 7810 6298 7810
1003132800 6298 7810 6298 7810
1003131000 6298 7810 6298 7810
1003129200 6298 7810 6298 7810
1003127400 6298 7810 6298 7810
1003125600 6298 7810 6298 7810
1003123800 6298 7810 6298 7810
1003122000 6298 7810 6298 7810
1003120200 6298 7810 6298 7810
1003118400 6298 7810 6298 7810
1003116600 6298 7810 6298 7810
1003114800 6298 7810 6298 7810
1003113000 6298 7810 6298 7810
1003111200 6298 7810 6298 7810
1003109400 6298 7810 6298 7810
1003107600 6298 7810 6298 7810
1003105800 6298 7810 6298 7810
1003104000 6298 7810 6298 7810
1003102200 6298 7810 6298 7810
1003100400 6298 7810 6298 7810
1003098600 6298 7810 6298 7810
1003096800 6298 7810 6298 7810
1003095000 6298 7810 6298 7810
1003093200 6298 7810 6298 7810
1003091400 6298 7810 6298 7810
1003089600 6298 7810 6298 7810
1003087800 6298 7810 6298 7810
1003086000 6298 7810 6298 7810
1003084200 6298 7810 6298 7810
1003082400 6298 7810 6298 7810
1003080600 6298 7810 6298 7810
1003078800 6298 7810 6298 7810
1003077000 6298 7810 6298 7810
1003075200 6298 7810 6298 7810
1003073400 6298 7810 6298 7810
1003071600 6298 7810 6298 7810
1003069800 6298 7810 6298 7810
1003068000 6298 7810 6298 7810
1003066200 6298 7810 6298 7810
1003064400 6298 7810 6298 7810
1003062600 6298 7810 6298 7810
1003060800 6298 7810 6298 7810
1003059000 6298 7810 6298 7810
1003057200 6298 7810 6298 7810
1003055400 6298 7810 6298 7810
1003053600 6298 7810 6298 7810
1003051800 6298 7810 6298 7810
1003050000 6298 7810 6298 7810
1003048200 6298 7810 6298 7810
1003046400 6298 7810 6298 7810
1003044600 6298 7810 6298 7810
1003042800 6298 7810 6298 7810
1003041000 6298 7810 6298 7810
1003039200 6298 7810 6298 7810
1003037400 6298 7810 6298 7810
1003035600 6298 7810 6298 7810
1003033800 6298 7810 6298 7810
1003032000 6298 7810 6298 7810
1003030200 6298 7810 6298 7810
1003028400 6298 7810 6298 7810
1003026600 6298 7810 6298 7810
1003024800 6298 7810 6298 7810
1003023000 6298 7810 6298 7810
1003021200 6298 7810 6298 7810
1003019400 6298 7810 6298 7810
1003017600 6298 7810 6298 7810
1003015800 6298 7810 6298 7810
1003014000 6298 7810 6298 7810
1003012200 6298 7810 6298 7810
1003010400 6298 7810 6298 7810
1003008600 6298 7810 6298 7810
1003006800 6298 7810 6298 7810
1003005000 6298 7810 6298 7810
1003003200 6298 7810 6298 7810
1003001400 6298 7810 6298 7810
1002999600 6298 7810 6298 7810
1002997800 6298 7810 6298 7810
1002996000 6298 7810 6298 7810
1002994200 6298 7810 6298 7810
1002992400 6298 7810 6298 7810
1002990600 6298 7810 6298 7810
1002988800 6298 7810 6298 7810
1002987000 6298 7810 6298 7810
1002985200 6298 7810 6298 7810
1002983400 6298 7810 6298 7810
1002981600 6298 7810 6298 7810
1002979800 6298 7810 6298 7810
1002978000 6298 7810 6298 7810
1002976200 6298 7810 6298 7810
1002974400 6298 7810 6298 7810
1002972600 6298 7810 6298 7810
1002970800 6298 7810 6298 7810
1002969000 6298 7810 6298 7810
1002967200 6298 7810 6298 7810
1002965400 6298 7810 6298 7810
1002963600 6298 7810 6298 7810
1002961800 6298 7810 6298 7810
1002960000 6298 7810 6298 7810
1002958200 6298 7810 6298 7810
1002956400 6298 7810 6298 7810
1002954600 6298 7810 6298 7810
1002952800 6298 7810 6298 7810
1002951000 6298 7810 6298 7810
1002949200 6298 7810 6298 7810
1002947400 6298 7810 6298 7810
1002945600 6298 7810 6298 7810
1002943800 6298 7810 6298 7810
1002942000 6298 7810 6298 7810
1002940200 6298 7810 6298 7810
1002938400 6298 7810 6298 7810
1002936600 6298 7810 6298 7810
1002934800 6298 7810 6298 7810
1002933000 6298 7810 6298 7810
1002931200 6298 7810 6298 7810
1002929400 6298 7810 6298 7810
1002927600 6298 7810 6298 7810
1002925800 6298 7810 6298 7810
1002924000 6298 7810 6298 7810
1002922200 6298 7810 6298 7810
1002920400 6298 7810 6298 7810
1002918600 6298 7810 6298 7810
1002916800 6298 7810 6298 7810
1002915000 6298 7810 6298 7810
1002913200 6298 7810 6298 7810
1002911400 6298 7810 6298 7810
1002909600 6298 7810 6298 7810
1002907800 6298 7810 6298 7810
1002906000 6298 7810 6298 7810
1002904200 6298 7810 6298 7810
1002902400 6298 7810 6298 7810
1002900600 6298 7810 6298 7810
1002898800 6298 7810 6298 7810
1002897000 6298 7810 6298 7810
1002895200 6298 7810 6298 7810
1002893400 6298 7810 6298 7810
1002891600 6298 7810 6298 7810
1002889800 6298 7810 6298 7810
1002888000 6298 7810 6298 7810
1002886200 6298 7810 6298 7810
1002884400 6298 7810 6298 7810
1002882600 6298 7810 6298 7810
1002880800 6298 7810 6298 7810
1002879000 6298 7810 6298 7810
1002877200 6298 7810 6298 7810
1002875400 6298 7810 6298 7810
1002873600 6298 7810 6298 7810
1002871800 6298 7810 6298 7810
1002870000 6298 7810 6298 7810
1002868200 6298 7810 6298 7810
1002866400 6298 7810 6298 7810
1002864600 6298 7810 6298 7810
1002862800 6298 7810 6298 7810
1002861000 6298 7810 6298 7810
1002859200 6298 7810 6298 7810
1002857400 6298 7810 6298 7810
1002855600 6298 7810 6298 7810
1002853800 6298 7810 6298 7810
1002852000 6298 7810 6298 7810
1002850200 6298 7810 6298 7810
1002848400 6298 7810 6298 7810
1002846600 6298 7810 6298 7810
1002844800 6298 7810 6298 7810
1002843000 6298 7810 6298 7810
1002841200 6298 7810 6298 7810
1002839400 6298 7810 6298 7810
1002837600 6298 7810 6298 7810
1002835800 6298 7810 6298 7810
1002834000 6298 7810 6298 7810
1002832200 6298 7810 6298 7810
1002830400 6298 7810 6298 7810
1002828600 6298 7810 6298 7810
1002826800 6298 7810 6298 7810
1002825000 6298 7810 6298 7810
1002823200 6298 7810 6298 7810
1002821400 6298 7810 6298 7810
1002819600 6298 7810 6298 7810
1002817800 6298 7810 6298 7810
1002816000 6298 7810 6298 7810
1002814200 6298 7810 6298 7810
1002812400 6298 7810 6298 7810
1002810600 6298 7810 6298 7810
1002808800 6298 7810 6298 7810
1002807000 6298 7810 6298 7810
1002805200 6298 7810 6298 7810
1002803400 6298 7810 6298 7810
1002801600 6298 7810 6298 7810
1002799800 6298 7810 6298 7810
1002798000 6298 7810 6298 7810
1002796200 6298 7810 6298 7810
1002794400 6298 7810 6298 7810
1002792600 6298 7810 6298 7810
1002790800 6298 7810 6298 7810
1002789000 6298 7810 6298 7810
1002787200 6298 7810 6298 7810
1002785400 6298 7810 6298 7810
1002783600 6298 7810 6298 7810
1002781800 6298 7810 6298 7810
1002780000 6298 7810 6298 7810
1002778200 6298 7810 6298 7810
1002776400 6298 7810 6298 7810
1002774600 6298 7810 6298 7810
1002772800 6298 7810 6298 7810
1002771000 6298 7810 6298 7810
1002769200 6298 7810 6298 7810
1002767400 6298 7810 6298 7810
1002765600 6298 7810 6298 7810
1002763800 6298 7810 6298 7810
1002762000 6298 7810 6298 7810
1002760200 6298 7810 6298 7810
1002758400 6298 7810 6298 7810
1002756600 6298 7810 6298 7810
1002754800 6298 7810 6298 7810
1002753000 6298 7810 6298 7810
1002751200 6298 7810 6298 7810
1002749400 6298 7810 6298 7810
1002747600 6298 7810 6298 7810
1002745800 6298 7810 6298 7810
1002744000 6298 7810 6298 7810
1002742200 6298 7810 6298 7810
1002740400 6298 7810 6298 7810
1002738600 6298 7810 6298 7810
1002736800 6298 7810 6298 7810
1002735000 6298 7810 6298 7810
1002729600 6298 7810 6298 7810
1002722400 6298 7810 6298 7810
1002715200 6298 7810 6298 7810
1002708000 6298 7810 6298 7810
1002700800 6298 7810 6298 7810
1002693600 6298 7810 6298 7810
1002686400 6298 7810 6298 7810
1002679200 6298 7810 6298 7810
1002672000 6298 7810 6298 7810
1002664800 6298 7810 6298 7810
1002657600 6298 7810 6298 7810
1002650400 6298 7810 6298 7810
1002643200 6298 7810 6298 7810
1002636000 6298 7810 6298 7810
1002628800 6298 7810 6298 7810
1002621600 6298 7810 6298 7810
1002614400 6298 7810 6298 7810
1002607200 6298 7810 6298 7810
1002600000 6298 7810 6298 7810
1002592800 6298 7810 6298 7810
1002585600 6298 7810 6298 7810
1002578400 6298 7810 6298 7810
1002571200 6298 7810 6298 7810
1002564000 6298 7810 6298 7810
1002556800 6298 7810 6298 7810
1002549600 6298 7810 6298 7810
1002542400 6298 7810 6298 7810
1002535200 6298 7810 6298 7810
1002528000 6298 7810 6298 7810
1002520800 6298 7810 6298 7810
1002513600 6298 7810 6298 7810
1002506400 6298 7810 6298 7810
1002499200 6298 7810 6298 7810
1002492000 6298 7810 6298 7810
1002484800 6298 7810 6298 7810
1002477600 6298 7810 6298 7810
1002470400 6298 7810 6298 7810
1002463200 6298 7810 6298 7810
1002456000 6298 7810 6298 7810
1002448800 6298 7810 6298 7810
1002441600 6298 7810 6298 7810
1002434400 6298 7810 6298 7810
1002427200 6298 7810 6298 7810
1002420000 6298 7810 6298 7810
1002412800 6298 7810 6298 7810
1002405600 6298 7810 6298 7810
1002398400 6298 7810 6298 7810
1002391200 6298 7810 6298 7810
1002384000 6298 7810 6298 7810
1002376800 6298 7810 6298 7810
1002369600 6298 7810 6298 7810
1002362400 6298 7810 6298 7810
1002355200 6298 7810 6298 7810
1002348000 6298 7810 6298 7810
1002340800 6298 7810 6298 7810
1002333600 6298 7810 6298 7810
1002326400 6298 7810 6298 7810
1002319200 6298 7810 6298 7810
1002312000 6298 7810 6298 7810
1002304800 6298 7810 6298 7810
1002297600 6298 7810 6298 7810
1002290400 6298 7810 6298 7810
1002283200 6298 7810 6298 7810
1002276000 6298 7810 6298 7810
1002268800 6298 7810 6298 7810
1002261600 6298 7810 6298 7810
1002254400 6298 7810 6298 7810
1002247200 6298 7810 6298 7810
1002240000 6298 7810 6298 7810
1002232800 6298 7810 6298 7810
1002225600 6298 7810 6298 7810
1002218400 6298 7810 6298 7810
1002211200 6298 7810 6298 7810
1002204000 6298 7810 6298 7810
1002196800 6298 7810 6298 7810
1002189600 6298 7810 6298 7810
1002182400 6298 7810 6298 7810
1002175200 6298 7810 6298 7810
1002168000 6298 7810 6298 7810
1002160800 6298 7810 6298 7810
1002153600 6298 7810 6298 7810
1002146400 6298 7810 6298 7810
1002139200 6298 7810 6298 7810
1002132000 6298 7810 6298 7810
1002124800 6298 7810 6298 7810
1002117600 6298 7810 6298 7810
1002110400 6298 7810 6298 7810
1002103200 6298 7810 6298 7810
1002096000 6298 7810 6298 7810
1002088800 6298 7810 6298 7810
1002081600 6298 7810 6298 7810
1002074400 6298 7810 6298 7810
1002067200 6298 7810 6298 7810
1002060000 6298 7810 6298 7810
1002052800 6298 7810 6298 7810
1002045600 6298 7810 6298 7810
1002038400 6298 7810 6298 7810
1002031200 6298 7810 6298 7810
1002024000 6298 7810 6298 7810
1002016800 6298 7810 6298 7810
1002009600 6298 7810 6298 7810
1002002400 6298 7810 6298 7810
1001995200 6298 7810 6298 7810
1001988000 6298 7810 6298 7810
1001980800 6298 7810 6298 7810
1001973600 6298 7810 6298 7810
1001966400 6298 7810 6298 7810
1001959200 6298 7810 6298 7810
1001952000 6298 7810 6298 7810
1001944800 6298 7810 6298 7810
1001937600 6298 7810 6298 7810
1001930400 6298 7810 6298 7810
1001923200 6298 7810 6298 7810
1001916000 6298 7810 6298 7810
1001908800 6298 7810 6298 7810
1001901600 6298 7810 6298 7810
1001894400 6298 7810 6298 7810
1001887200 6298 7810 6298 7810
1001880000 6298 7810 6298 7810
1001872800 6298 7810 6298 7810
1001865600 6298 7810 6298 7810
1001858400 6298 7810 6298 7810
1001851200 6298 7810 6298 7810
1001844000 6298 7810 6298 7810
1001836800 6298 7810 6298 7810
1001829600 6298 7810 6298 7810
1001822400 6298 7810 6298 7810
1001815200 6298 7810 6298 7810
1001808000 6298 7810 6298 7810
1001800800 6298 7810 6298 7810
1001793600 6298 7810 6298 7810
1001786400 6298 7810 6298 7810
1001779200 6298 7810 6298 7810
1001772000 6298 7810 6298 7810
1001764800 6298 7810 6298 7810
1001757600 6298 7810 6298 7810
1001750400 6298 7810 6298 7810
1001743200 6298 7810 6298 7810
1001736000 6298 7810 6298 7810
1001728800 6298 7810 6298 7810
1001721600 6298 7810 6298 7810
1001714400 6298 7810 6298 7810
1001707200 6298 7810 6298 7810
1001700000 6298 7810 6298 7810
1001692800 6298 7810 6298 7810
1001685600 6298 7810 6298 7810
1001678400 6298 7810 6298 7810
1001671200 6298 7810 6298 7810
1001664000 6298 7810 6298 7810
1001656800 6298 7810 6298 7810
1001649600 6298 7810 6298 7810
1001642400 6298 7810 6298 7810
1001635200 6298 7810 6298 7810
1001628000 6298 7810 6298 7810
1001620800 6298 7810 6298 7810
1001613600 6298 7810 6298 7810
1001606400 6298 7810 6298 7810
1001599200 6298 7810 6298 7810
1001592000 6298 7810 6298 7810
1001584800 6298 7810 6298 7810
1001577600 6298 7810 6298 7810
1001570400 6298 7810 6298 7810
1001563200 6298 7810 6298 7810
1001556000 6298 7810 6298 7810
1001548800 6298 7810 6298 7810
1001541600 6298 7810 6298 7810
1001534400 6298 7810 6298 7810
1001527200 6298 7810 6298 7810
1001520000 6298 7810 6298 7810
1001512800 6298 7810 6298 7810
1001505600 6298 7810 6298 7810
1001498400 6298 7810 6298 7810
1001491200 6298 7810 6298 7810
1001484000 6298 7810 6298 7810
1001476800 6298 7810 6298 7810
1001469600 6298 7810 6298 7810
1001462400 6298 7810 6298 7810
1001455200 6298 7810 6298 7810
1001448000 6298 7810 6298 7810
1001440800 6298 7810 6298 7810
1001433600 6298 7810 6298 7810
1001426400 6298 7810 6298 7810
1001419200 6298 7810 6298 7810
1001412000 6298 7810 6298 7810
1001404800 6298 7810 6298 7810
1001397600 6298 7810 6298 7810
1001390400 6298 7810 6298 7810
1001383200 6298 7810 6298 7810
1001376000 6298 7810 6298 7810
1001368800 6298 7810 6298 7810
1001361600 6298 7810 6298 7810
1001354400 6298 7810 6298 7810
1001347200 6298 7810 6298 7810
1001340000 6298 7810 6298 7810
1001332800 6298 7810 6298 7810
1001325600 6298 7810 6298 7810
1001318400 6298 7810 6298 7810
1001311200 6298 7810 6298 7810
1001304000 6298 7810 6298 7810
1001296800 6298 7810 6298 7810
1001289600 6298 7810 6298 7810
1001282400 6298 7810 6298 7810
1001275200 6298 7810 6298 7810
1001268000 6298 7810 6298 7810
1001260800 6298 7810 6298 7810
1001253600 6298 7810 6298 7810
1001246400 6298 7810 6298 7810
1001239200 6298 7810 6298 7810
1001232000 6298 7810 6298 7810
1001224800 6298 7810 6298 7810
1001217600 6298 7810 6298 7810
1001210400 6298 7810 6298 7810
1001203200 6298 7810 6298 7810
1001196000 6298 7810 6298 7810
1001188800 6298 7810 6298 7810
1001181600 6298 7810 6298 7810
1001174400 6298 7810 6298 7810
1001167200 6298 7810 6298 7810
1001160000 6298 7810 6298 7810
1001152800 6298 7810 6298 7810
1001145600 6298 7810 6298 7810
1001138400 6298 7810 6298 7810
1001131200 6298 7810 6298 7810
1001124000 6298 7810 6298 7810
1001116800 6298 7810 6298 7810
1001109600 6298 7810 6298 7810
1001102400 6298 7810 6298 7810
1001095200 6298 7810 6298 7810
1001088000 6298 7810 6298 7810
1001080800 6298 7810 6298 7810
1001073600 6298 7810 6298 7810
1001066400 6298 7810 6298 7810
1001059200 6298 7810 6298 7810
1001052000 6298 7810 6298 7810
1001044800 6298 7810 6298 7810
1001037600 6298 7810 6298 7810
1001030400 6298 7810 6298 7810
1001023200 6298 7810 6298 7810
1001016000 6298 7810 6298 7810
1001008800 6298 7810 6298 7810
1001001600 6298 7810 6298 7810
1000994400 6298 7810 6298 7810
1000987200 6298 7810 6298 7810
1000980000 6298 7810 6298 7810
1000972800 6298 7810 6298 7810
1000965600 6298 7810 6298 7810
1000958400 6298 7810 6298 7810
1000951200 6298 7810 6298 7810
1000944000 6298 7810 6298 7810
1000936800 6298 7810 6298 7810
1000929600 6298 7810 6298 7810
1000922400 6298 7810 6298 7810
1000915200 6298 7810 6298 7810
1000908000 6298 7810 6298 7810
1000900800 6298 7810 6298 7810
1000893600 6298 7810 6298 7810
1000886400 6298 7810 6298 7810
1000879200 6298 7810 6298 7810
1000872000 6298 7810 6298 7810
1000864800 6298 7810 6298 7810
1000857600 6298 7810 6298 7810
1000850400 6298 7810 6298 7810
1000843200 6298 7810 6298 7810
1000836000 6298 7810 6298 7810
1000828800 6298 7810 6298 7810
1000821600 6298 7810 6298 7810
1000814400 6298 7810 6298 7810
1000807200 6298 7810 6298 7810
1000800000 6298 7810 6298 7810
1000792800 6298 7810 6298 7810
1000785600 6298 7810 6298 7810
1000778400 6298 7810 6298 7810
1000771200 6298 7810 6298 7810
1000764000 6298 7810 6298 7810
1000756800 6298 7810 6298 7810
1000749600 6298 7810 6298 7810
1000742400 6298 7810 6298 7810
1000735200 6298 7810 6298 7810
1000728000 6298 7810 6298 7810
1000720800 6298 7810 6298 7810
1000713600 6298 7810 6298 7810
1000706400 6298 7810 6298 7810
1000699200 6298 7810 6298 7810
1000692000 6298 7810 6298 7810
1000684800 6298 7810 6298 7810
1000677600 6298 7810 6298 7810
1000670400 6298 7810 6298 7810
1000663200 6298 7810 6298 7810
1000656000 6298 7810 6298 7810
1000648800 6298 7810 6298 7810
1000641600 6298 7810 6298 7810
1000634400 6298 7810 6298 7810
1000627200 6298 7810 6298 7810
1000620000 6298 7810 6298 7810
1000612800 6298 7810 6298 7810
1000605600 6298 7810 6298 7810
1000598400 6298 7810 6298 7810
1000591200 6298 7810 6298 7810
1000584000 6298 7810 6298 7810
1000576800 6298 7810 6298 7810
1000569600 6298 7810 6298 7810
1000562400 6298 7810 6298 7810
1000555200 6298 7810 6298 7810
1000548000 6298 7810 6298 7810
1000540800 6298 7810 6298 7810
1000533600 6298 7810 6298 7810
1000526400 6298 7810 6298 7810
1000519200 6298 7810 6298 7810
1000512000 6298 7810 6298 7810
1000504800 6298 7810 6298 7810
1000497600 6298 7810 6298 7810
1000490400 6298 7810 6298 7810
1000483200 6298 7810 6298 7810
1000476000 6298 7810 6298 7810
1000468800 6298 7810 6298 7810
1000461600 6298 7810 6298 7810
1000454400 6298 7810 6298 7810
1000447200 6298 7810 6298 7810
1000440000 6298 7810 6298 7810
1000432800 6298 7810 6298 7810
1000425600 6298 7810 6298 7810
1000418400 6298 7810 6298 7810
1000411200 6298 7810 6298 7810
1000404000 6298 7810 6298 7810
1000396800 6298 7810 6298 7810
1000389600 6298 7810 6298 7810
1000382400 6298 7810 6298 7810
1000375200 6298 7810 6298 7810
1000368000 6298 7810 6298 7810
1000360800 6298 7810 6298 7810
1000353600 6298 7810 6298 7810
1000346400 6298 7810 6298 7810
1000339200 6298 7810 6298 7810
1000332000 6298 7810 6298 7810
1000324800 6298 7810 6298 7810
1000317600 6298 7810 6298 7810
1000310400 6298 7810 6298 7810
1000303200 6298 7810 6298 7810
1000296000 6298 7810 6298 7810
1000288800 6298 7810 6298 7810
1000281600 6298 7810 6298 7810
1000274400 6298 7810 6298 7810
1000267200 6298 7810 6298 7810
1000260000 6298 7810 6298 7810
1000252800 6298 7810 6298 7810
1000245600 6298 7810 6298 7810
1000238400 6298 7810 6298 7810
1000231200 6298 7810 6298 7810
1000224000 6298 7810 6298 7810
1000216800 6298 7810 6298 7810
1000209600 6298 7810 6298 7810
1000202400 6298 7810 6298 7810
1000195200 6298 7810 6298 7810
1000188000 6298 7810 6298 7810
1000180800 6298 7810 6298 7810
1000173600 6298 7810 6298 7810
1000166400 6298 7810 6298 7810
1000159200 6298 7810 6298 7810
1000152000 6298 7810 6298 7810
1000144800 6298 7810 6298 7810
1000137600 6298 7810 6298 7810
1000130400 6298 7810 6298 7810
1000123200 6298 7810 6298 7810
1000116000 6298 7810 6298 7810
1000108800 6298 7810 6298 7810
1000101600 6298 7810 6298 7810
1000094400 6298 7810 6298 7810
1000087200 6298 7810 6298 7810
1000080000 6298 7810 6298 7810
1000072800 6298 7810 6298 7810
1000065600 6298 7810 6298 7810
1000058400 6298 7810 6298 7810
1000051200 6298 7810 6298 7810
1000044000 6298 7810 6298 7810
1000036800 6298 7810 6298 7810
1000029600 6298 7810 6298 7810
1000022400 6298 7810 6298 7810
1000015200 6298 7810 6298 7810
1000008000 6298 7810 6298 7810
1000000800 6298 7810 6298 7810
999993600 6298 7810 6298 7810
999986400 6298 7810 6298 7810
999979200 6298 7810 6298 7810
999972000 6298 7810 6298 7810
999964800 6298 7810 6298 7810
999957600 6298 7810 6298 7810
999950400 6298 7810 6298 7810
999943200 6298 7810 6298 7810
999936000 6298 7810 6298 7810
999928800 6298 7810 6298 7810
999921600 6298 7810 6298 7810
999914400 6298 7810 6298 7810
999907200 6298 7810 6298 7810
999900000 6298 7810 6298 7810
999892800 6298 7810 6298 7810
999885600 6298 7810 6298 7810
999878400 6298 7810 6298 7810
999871200 6298 7810 6298 7810
999864000 6298 7810 6298 7810
999856800 6298 7810 6298 7810
999849600 6298 7810 6298 7810
999842400 6298 7810 6298 7810
999835200 6298 7810 6298 7810
999828000 6298 7810 6298 7810
999820800 6298 7810 6298 7810
999813600 6298 7810 6298 7810
999806400 6298 7810 6298 7810
999799200 6298 7810 6298 7810
999792000 6298 7810 6298 7810
999784800 6298 7810 6298 7810
999777600 6298 7810 6298 7810
999770400 6298 7810 6298 7810
999763200 6298 7810 6298 7810
999756000 6298 7810 6298 7810
999748800 6298 7810 6298 7810
999741600 6298 7810 6298 7810
999734400 6298 7810 6298 7810
999727200 6298 7810 6298 7810
999720000 6298 7810 6298 7810
999712800 6298 7810 6298 7810
999705600 6298 7810 6298 7810
999698400 6298 7810 6298 7810
999691200 6298 7810 6298 7810
999684000 6298 7810 6298 7810
999676800 6298 7810 6298 7810
999669600 6298 7810 6298 7810
999662400 6298 7810 6298 7810
999655200 6298 7810 6298 7810
999648000 6298 7810 6298 7810
999640800 6298 7810 6298 7810
999633600 6298 7810 6298 7810
999626400 6298 7810 6298 7810
999619200 6298 7810 6298 7810
999612000 6298 7810 6298 7810
999604800 6298 7810 6298 7810
999597600 6298 7810 6298 7810
999590400 6298 7810 6298 7810
999583200 6298 7810 6298 7810
999576000 6298 7810 6298 7810
999568800 6298 7810 6298 7810
999561600 6298 7810 6298 7810
999554400 6298 7810 6298 7810
999547200 6298 7810 6298 7810
999540000 6298 7810 6298 7810
999532800 6298 7810 6298 7810
999525600 6298 7810 6298 7810
999518400 6298 7810 6298 7810
999511200 6298 7810 6298 7810
999504000 6298 7810 6298 7810
999496800 6298 7810 6298 7810
999489600 6298 7810 6298 7810
999482400 6298 7810 6298 7810
999475200 6298 7810 6298 7810
999468000 6298 7810 6298 7810
999460800 6298 7810 6298 7810
999453600 6298 7810 6298 7810
999446400 6298 7810 6298 7810
999439200 6298 7810 6298 7810
999432000 6298 7810 6298 7810
999424800 6298 7810 6298 7810
999417600 6298 7810 6298 7810
999410400 6298 7810 6298 7810
999403200 6298 7810 6298 7810
999396000 6298 7810 6298 7810
999388800 6298 7810 6298 7810
999381600 6298 7810 6298 7810
999374400 6298 7810 6298 7810
999367200 6298 7810 6298 7810
999360000 6298 7810 6298 7810
999352800 6298 7810 6298 7810
999345600 6298 7810 6298 7810
999338400 6298 7810 6298 7810
999331200 6298 7810 6298 7810
999324000 6298 7810 6298 7810
999316800 6298 7810 6298 7810
999309600 6298 7810 6298 7810
999302400 6298 7810 6298 7810
999295200 6298 7810 6298 7810
999288000 6298 7810 6298 7810
999280800 6298 7810 6298 7810
999273600 6298 7810 6298 7810
999266400 6298 7810 6298 7810
999259200 6298 7810 6298 7810
999252000 6298 7810 6298 7810
999244800 6298 7810 6298 7810
999237600 6298 7810 6298 7810
999230400 6298 7810 6298 7810
999223200 6298 7810 6298 7810
999216000 6298 7810 6298 7810
999208800 6298 7810 6298 7810
999201600 6298 7810 6298 7810
999194400 6298 7810 6298 7810
999187200 6298 7810 6298 7810
999180000 6298 7810 6298 7810
999172800 6298 7810 6298 7810
999165600 6298 7810 6298 7810
999158400 6298 7810 6298 7810
999151200 6298 7810 6298 7810
999144000 6298 7810 6298 7810
999136800 6298 7810 6298 7810
999129600 6298 7810 6298 7810
999122400 6298 7810 6298 7810
999115200 6298 7810 6298 7810
999108000 6298 7810 6298 7810
999100800 6298 7810 6298 7810
999093600 6298 7810 6298 7810
999086400 6298 7810 6298 7810
999079200 6298 7810 6298 7810
999072000 6298 7810 6298 7810
999064800 6298 7810 6298 7810
999057600 6298 7810 6298 7810
999050400 6298 7810 6298 7810
999043200 6298 7810 6298 7810
999036000 6298 7810 6298 7810
999028800 6298 7810 6298 7810
999021600 6298 7810 6298 7810
999014400 6298 7810 6298 7810
999007200 6298 7810 6298 7810
999000000 6298 7810 6298 7810
998992800 6298 7810 6298 7810
998985600 6298 7810 6298 7810
998978400 6298 7810 6298 7810
998971200 6298 7810 6298 7810
998964000 6298 7810 6298 7810
998956800 6298 7810 6298 7810
998949600 6298 7810 6298 7810
998942400 6298 7810 6298 7810
998935200 6298 7810 6298 7810
998928000 6298 7810 6298 7810
998920800 6298 7810 6298 7810
998913600 6298 7810 6298 7810
998906400 6298 7810 6298 7810
998899200 6298 7810 6298 7810
998892000 6298 7810 6298 7810
998884800 6298 7810 6298 7810
998877600 6298 7810 6298 7810
998870400 6298 7810 6298 7810
998863200 6298 7810 6298 7810
998856000 6298 7810 6298 7810
998848800 6298 7810 6298 7810
998841600 6298 7810 6298 7810
998834400 6298 7810 6298 7810
998827200 6298 7810 6298 7810
998820000 6298 7810 6298 7810
998812800 6298 7810 6298 7810
998805600 6298 7810 6298 7810
998798400 6298 7810 6298 7810
998791200 6298 7810 6298 7810
998784000 6298 7810 6298 7810
998776800 6298 7810 6298 7810
998769600 6298 7810 6298 7810
998762400 6298 7810 6298 7810
998755200 6298 7810 6298 7810
998748000 6298 7810 6298 7810
998740800 6298 7810 6298 7810
998733600 6298 7810 6298 7810
998726400 6298 7810 6298 7810
998719200 6298 7810 6298 7810
998712000 6298 7810 6298 7810
998704800 3308 5303 6364 10086
998697600 3227 7794 7626 18020
998690400 6092 10977 12971 18851
998683200 3590 9146 9536 65300
998676000 7287 10989 14259 23618
998668800 7519 11381 14340 27069
998661600 4900 11689 11034 27854
998654400 1528 2157 6291 6555
998647200 2329 3499 10288 9628
998640000 1239 3759 3911 14906
998632800 2193 5683 7207 12991
998625600 791 2076 791 2076
998618400 791 2076 791 2076
998611200 791 2076 791 2076
998604000 791 2076 791 2076
998596800 791 2076 791 2076
998589600 791 2076 791 2076
998582400 791 2076 791 2076
998575200 791 2076 791 2076
998568000 791 2076 791 2076
998560800 791 2076 791 2076
998553600 791 2076 791 2076
998546400 1904 6433 8297 22503
998539200 3752 6636 3752 6636
998532000 3752 6636 3752 6636
998524800 3752 6636 3752 6636
998517600 4445 6559 24129 6636
998510400 13146 8126 24129 34685
998503200 3827 10105 12055 37999
998496000 2995 6693 8854 15940
998488800 1891 4062 11185 13655
998481600 704 2794 3908 20245
998474400 1429 1021 15180 3094
998467200 5922 666 15180 3094
998460000 2126 4037 8149 15150
998452800 1261 3892 4177 13979
998445600 4118 10919 11905 67883
998438400 3767 7853 10165 18685
998431200 2311 5612 9109 15818
998424000 3340 8392 10137 19352
998416800 3460 7653 12410 20309
998409600 1878 5692 13287 36401
998352000 2027 7301 17801 62972
998265600 1604 6218 17913 76440
998179200 372 16201 6646 35175
998092800 1253 19505 23100 50131
998006400 2273 22686 15487 63533
997920000 10495 52078 106400 437863
997833600 1120 5553 6755 84459
997747200 1088 5721 7932 112830
997660800 752 3589 6495 50711
997574400 971 9289 5703 64682
997488000 1647 8228 15216 150007
997401600 1051 7675 6373 62388
997315200 2754 5786 37169 78493
997228800 5618 10084 104198 158510
997142400 1040 5486 7284 103196
997056000 5516 8356 125720 129662
996969600 758 3796 7350 38161
996883200 3237 5686 43041 79436
996796800 14567 6693 48276 74677
996710400 1770 5155 14009 90519
996624000 2237 6500 13116 61202
996537600 5138 5889 48006 71673
996451200 1441 3551 55884 70558
996364800 1340 3197 1340 3197
996278400 1340 3197 1340 3197
996192000 1340 3197 1340 3197
996105600 3925 3444 107610 35999
996019200 16 40 112 636
995932800 420 2255 3856 18402
995846400 568 2874 4325 21022
995760000 567 3067 5061 22225
995673600 10123 2449 97196 18826
995587200 503 4142 3465 23674
995500800 7550 7757 52322 56246
995414400 2103 6948 37894 45862
995328000 1757 6825 20991 28212
995241600 1573 3620 42831 20922
995155200 1138 2467 22821 20804
995068800 5093 5811 46426 33093
994982400 6300 7476 57164 67467
994896000 8501 9780 60925 41855
994809600 6580 4952 47049 33620
994723200 4302 4941 46821 17579
994636800 688 3608 4303 13102
994550400 613 2839 15268 23415
994464000 7114 4325 63715 26828
994377600 5691 6134 52100 28905
994291200 3404 4167 37355 38809
994204800 5282 6098 47380 48942
994118400 1592 4485 23861 25933
994032000 5366 2436 87410 15474
993945600 2126 2691 22613 15526
993859200 3222 4954 46126 71810
993772800 4525 4573 57788 31896
993686400 6160 4224 49952 26080
993600000 6005 4518 50132 33677
993513600 5452 4235 62592 20686
993427200 572 3017 2642 32731
993340800 434 2357 3009 16337
993254400 5681 4031 52944 21135
993168000 6024 4022 56549 25384
993081600 4603 4476 69725 23730
992995200 4039 3597 56306 18329
992908800 3597 4157 55196 25783
992822400 524 2582 3211 18033
992736000 840 2519 43592 15077
992649600 2611 4194 44458 25254
992563200 6666 3853 78794 22498
992476800 8429 4538 83890 24739
992390400 6125 4109 63121 22268
992304000 4864 4819 54469 22532
992217600 375 2459 2933 17752
992131200 1167 2622 44288 19421
992044800 5853 4810 87379 23580
991958400 6695 1352 57634 11428
991872000 5816 1196 68968 14364
991785600 457 1196 2937 12773
991699200 365 943 4704 11977
991612800 287 675 2898 13715
991526400 338 923 2768 22352
991440000 1181 2348 11152 24474
991353600 2511 8452 11062 22714
991267200 3391 11452 13710 33354
991180800 11400 18078 16286 43106
991094400 6559 12893 12640 33020
991008000 5469 12132 12863 25139
990921600 4661 11191 12934 24652
990835200 9856 16504 16317 36156
990748800 934 4294 9698 27741
990662400 874 4606 4026 23137
990576000 879 4823 4067 24098
990489600 748 4072 3687 20531
990403200 507 2436 4377 22895
990316800 472 2301 2581 23710
990230400 678 4088 3617 18522
990144000 1327 4459 65248 23153
990057600 7094 5292 68095 29568
989971200 6806 5255 84679 24364
989884800 5278 4806 71200 27502
989798400 845 3574 7616 22522
989712000 1795 3362 45470 18158
989625600 7021 5348 74673 23857
989539200 4002 5197 55693 30452
989452800 5018 4958 44377 29169
989366400 2449 5356 46210 28153
989280000 3014 5218 32636 62134
989193600 677 4011 3736 31131
989107200 2281 2628 29201 24735
989020800 3627 3641 73642 14769
988934400 2321 4238 37150 21791
988848000 4698 5357 42633 32291
988761600 5425 5399 59024 121097
988675200 2397 4783 37029 47231
988588800 454 2447 2968 18426
988502400 643 2928 4943 27249
988416000 3627 5272 55244 31131
988329600 2861 5533 32878 41759
988243200 5032 6479 41584 37027
988156800 2304 9382 32447 66434
988070400 2175 4711 39797 32149
987984000 518 2715 3512 19037
987897600 510 2374 2913 24180
987811200 944 3702 3578 21746
987724800 1944 4138 79364 22201
987638400 976 4565 4165 34879
987552000 1069 4942 7564 30312
987465600 999 4488 4777 35149
987379200 760 3318 6643 34194
987292800 1030 5332 4480 32217
987206400 884 4176 4966 29791
987120000 929 3946 4716 29798
987033600 784 3457 3437 25979
986947200 1052 4023 11448 24597
986860800 822 3636 3818 25738
986774400 670 3154 4626 23565
986688000 644 2996 4255 28979
986601600 5136 4445 40576 29017
986515200 4960 5063 33960 25077
986428800 4742 4317 35102 36262
986342400 5901 3981 65443 26650
986256000 4296 5748 32455 64515
986169600 697 3929 11873 36150
986083200 8369 3027 62264 25509
985996800 1684 3833 67668 49816
985910400 1296 3780 8847 32549
985824000 1328 4276 10462 37796
985737600 1294 4071 10542 22046
985651200 1552 5183 10154 34152
985564800 986 3234 5544 20845
985478400 938 3011 11031 30745
985392000 1419 4025 8391 32183
985305600 2422 5248 50739 28081
985219200 3702 4802 54228 28399
985132800 4528 3851 38426 22753
985046400 4868 3779 96376 20632
984960000 1256 3505 103693 88044
984873600 973 2720 8866 19759
984787200 3416 3952 63414 20742
984700800 6131 6426 57506 79530
984614400 7000 7212 64108 52828
984528000 4862 5582 44694 22536
984441600 5761 7064 41613 30357
984355200 2079 4885 9065 25512
984268800 1666 4076 9119 27845
984182400 10746 38446 70407 187967
984096000 4020 3305 40858 25468
984009600 3635 1840 3635 1840
983923200 6537 7173 34478 30808
983836800 8706 30808 8706 30808
983750400 8706 30808 8706 30808
983664000 10460 27783 24801 38375
983577600 7041 8953 30571 36292
983491200 3772 1790 63806 5495
983404800 6605 3009 60990 13829
983318400 4026 3250 28079 15575
983232000 4867 3408 28079 17281
983145600 4729 2616 42435 20544
983059200 5560 3299 39812 13846
982972800 5122 3596 26249 18980
982886400 8220 3952 50476 24077
982800000 8328 4044 32626 18342
982713600 6945 6854 27084 34180
982627200 7315 4055 40985 15891
982540800 5363 3375 63170 14146
982454400 7513 4534 63904 19989
982368000 5733 5896 41383 24257
982281600 4864 3442 24794 20454
982195200 6388 3931 21664 27223
982108800 5840 3388 32363 16752
982022400 5605 4571 25935 19719
981936000 4680 3195 26777 23489
981849600 5806 3812 32987 17314
981763200 4530 4300 25045 19037
981676800 4545 3551 25109 16486
981590400 9289 4999 46573 30821
981504000 8541 3822 35132 16302
981417600 6699 3818 46021 22922
981331200 5372 2957 34778 18963
981244800 7532 3975 41437 27472
981158400 5016 3794 29720 19798
981072000 6798 3757 58073 20106
980985600 10276 9898 30648 17225
980899200 5948 4448 40641 19044
980812800 4688 3995 21877 19387
980726400 4840 3156 97222 17632
980640000 5267 3105 62553 16187
980553600 6007 4820 64455 25176
980467200 5629 3988 33294 20189
980380800 4725 3867 71183 20416
980294400 6052 4133 52828 24993
980208000 4581 3968 24453 14949
980121600 3708 3213 6394 15960
980035200 3703 2779 6866 13043
979948800 4769 3789 26191 16900
979862400 4245 3622 26728 17458
979776000 4317 3676 21691 24311
979689600 5146 3859 21960 34547
979603200 4007 3612 6709 23473
979516800 3802 3194 9842 27414
979430400 3834 2888 6550 15440
979344000 6890 3857 85852 16175
979257600 4483 4539 26673 34036
979171200 4543 4766 29004 14762
979084800 4775 3782 29535 17022
978998400 4057 3925 7050 15651
978912000 3736 2724 21532 15561
978825600 1681 2475 6405 17684
978739200 5758 3893 35977 20040
978652800 4788 3834 32788 23155
978566400 5156 3379 86890 14508
978480000 5250 2717 69310 13040
978393600 5083 2280 63176 12241
978307200 3727 2549 20047 56920
978220800 4022 2378 30888 11872
978134400 3667 2947 6561 17670
978048000 5427 2995 63600 16130
977961600 3559 2528 6533 20139
977875200 4272 2470 29975 18199
977788800 3359 1582 5367 13200
977702400 3536 2279 7490 26908
977616000 4192 2176 80260 14252
977529600 4382 2667 34582 11652
977443200 10570 3378 88983 16496
977356800 3933 3675 7149 23358
977270400 3685 2784 5840 17113
977184000 4160 3395 20271 22174
977097600 3411 2045 5562 12758
977011200 3503 2081 5329 16152
976924800 3822 3142 6455 18671
976838400 4147 3388 22162 17372
976752000 6072 3292 31967 21995
976665600 5362 3299 71782 18117
976579200 4896 2930 28215 19364
976492800 5305 2434 40649 16343
976406400 4321 2108 98981 12161
976320000 4282 2801 32491 17825
976233600 4990 3786 40571 21304
976147200 5025 3643 36733 14892
976060800 5707 3365 38005 19887
975974400 5439 3469 59493 25315
975888000 3753 2991 6707 15607
975801600 3950 2295 29616 19693
975715200 4252 3152 14669 12156
975628800 3959 3823 7222 19813
975542400 4617 3863 25641 21005
975456000 4265 3787 25472 20902
975369600 6035 4228 50133 18536
975283200 3842 3028 7982 14294
975196800 4099 2797 26993 15125
975110400 4006 2660 28262 12478
975024000 3701 2439 7547 14965
974937600 3742 3171 7007 19507
974851200 3918 3716 7670 18558
974764800 3924 3682 9408 24215
974678400 3616 2624 6095 14730
974592000 3842 3051 8300 17407
974505600 4057 3871 8643 27567
974419200 4724 3424 26796 25721
974332800 5531 4511 31449 22336
974246400 4356 3802 22422 16258
974160000 5771 3887 77237 21036
974073600 11878 3982 33605 35019
973987200 3711 3177 6314 14827
973900800 4667 3442 67077 14071
973814400 4555 3216 29962 16221
973728000 4622 3784 63939 21187
973641600 4089 3812 19579 28754
973555200 5938 3722 54471 16822
973468800 3609 2453 5671 12958
973382400 3699 2489 9116 16960
973296000 4015 3921 17110 19238
973209600 6261 3699 66258 15180
973123200 4832 3146 34350 17267
973036800 5923 3824 64103 19435
972950400 5209 6807 46872 84939
972864000 4342 2678 47699 15823
972777600 3671 2707 7940 17492
972691200 3981 4243 7053 22101
972604800 6071 4837 60739 26477
972518400 4126 4603 7607 22447
972432000 6505 4200 63123 23104
972345600 4798 3955 54440 19940
972259200 3680 2652 9714 14112
972172800 3733 3096 7925 15723
972086400 6420 5480 72457 25586
972000000 5365 5393 53280 44509
971913600 4226 5968 13057 28429
971827200 4193 4819 12685 30441
971740800 6111 3794 63854 16279
971654400 14616 3092 85122 18791
971568000 7270 3072 66168 18077
971481600 5191 5205 57535 26138
971395200 5189 6739 64599 34579
971308800 5182 5412 57201 27523
971222400 4929 3718 48998 16547
971136000 4699 4400 55293 15780
971049600 3635 2785 6105 20656
970963200 3569 2363 5743 11787
970876800 3911 3621 8521 14852
970790400 3803 3131 13288 16385
970704000 3857 3636 5726 15639
970617600 6385 3558 45654 18035
970531200 4013 4605 6548 26867
970444800 3910 2653 22959 25692
970358400 3946 2793 9140 13031
970272000 4302 4018 26079 20395
970185600 5564 3879 59875 20268
970099200 5570 5738 40099 51367
970012800 5720 5847 39745 28773
969926400 5301 13062 18023 65965
969840000 3806 4062 9061 47727
969753600 3935 2917 8429 18342
969667200 5106 3674 55996 25345
969580800 5294 4872 43186 19490
969494400 5232 4747 44918 31403
969408000 4234 4145 22939 22599
969321600 5733 5128 49155 23197
969235200 3987 3015 8710 14076
969148800 3962 2901 5985 14331
969062400 5301 5386 21595 24258
968976000 5190 4585 54469 41363
968889600 5664 4794 36512 26367
968803200 4670 4590 49143 27020
968716800 6464 5572 48045 57898
968630400 3793 3012 6715 15512
968544000 3751 2682 6239 16841
968457600 4027 3976 10094 17200
968371200 5700 4003 64164 24534
968284800 5397 4866 72867 21021
968198400 6276 6103 57106 25349
968112000 4284 4490 4284 4490
968025600 3758 2772 5728 10300
967939200 4043 3461 7617 14213
967852800 5800 3921 45476 15499
967766400 4024 3867 10317 17374
967680000 4906 5333 36047 54733
967593600 4839 4354 43442 21463
967507200 4591 3912 40107 17809
967420800 3736 3015 6366 13784
967334400 3809 2844 19355 22205
967248000 4495 3367 27635 19060
967161600 6028 4796 74529 15228
967075200 4984 4166 70087 21816
966988800 7135 3743 45671 12983
966902400 6198 4010 369634 24319
966816000 4610 3316 65325 25943
966729600 3803 2935 8437 14158
966643200 4017 4190 32850 23039
966556800 6397 4070 56455 41203
966470400 4911 3297 66859 14416
966384000 4873 3853 34834 16334
966297600 3979 4040 6878 16646
966211200 4490 2021 70192 12401
966124800 3869 2174 27742 11091
966038400 4195 3227 25397 15202
965952000 6618 3744 72370 20055
965865600 5388 3839 52309 18445
965779200 6392 3441 65219 18941
965692800 5686 3451 38378 16747
965606400 3651 2313 6788 12992
965520000 4120 3241 12839 15951
965433600 6002 3733 90349 22328
965347200 5379 2963 50623 12211
965260800 5544 3425 60453 13053
965174400 4780 4172 58660 18517
965088000 5338 4833 40564 21456
965001600 4660 4215 81531 26639
964915200 3734 3168 7364 23235
964828800 5070 3123 40686 22875
964742400 4613 3644 53812 22369
964656000 5570 3803 46887 41011
964569600 3927 3458 8284 14226
964483200 5128 3712 71903 21686
964396800 3652 2531 6648 12715
964310400 3777 2618 6701 14234
964224000 3880 3398 6227 17886
964137600 4238 4249 8025 21097
964051200 4253 3669 39641 16056
963964800 4620 3552 64099 16495
963878400 4478 3438 63904 14965
963792000 3684 2592 6578 15190
963705600 3729 2496 7321 15381
963619200 5366 3899 52571 16121
963532800 6101 5288 71039 16709
963446400 4783 4046 29384 21371
963360000 5664 4490 57579 21701
963273600 4982 5267 50078 77465
963187200 3941 2793 26162 14680
963100800 4573 2323 114343 34676
963014400 4670 4186 30736 51362
962928000 3339 11159 25018 51328
962841600 0 0 0 0
962755200 0 0 0 0
962668800 0 0 0 0
962582400 0 0 0 0
962496000 0 0 0 0
962409600 0 0 0 0
962323200 0 0 0 0
962236800 0 0 0 0
962150400 0 0 0 0
962064000 0 0 0 0
961977600 0 0 0 0
961891200 0 0 0 0
961804800 0 0 0 0
961718400 0 0 0 0
961632000 0 0 0 0
961545600 0 0 0 0
961459200 0 0 0 0
961372800 0 0 0 0
961286400 0 0 0 0
961200000 0 0 0 0
961113600 0 0 0 0
961027200 0 0 0 0
960940800 0 0 0 0
960854400 0 0 0 0
960768000 0 0 0 0
960681600 0 0 0 0
960595200 0 0 0 0
960508800 0 0 0 0
960422400 0 0 0 0
960336000 0 0 0 0
960249600 0 0 0 0
960163200 0 0 0 0
960076800 0 0 0 0
959990400 0 0 0 0
959904000 0 0 0 0
959817600 0 0 0 0
959731200 0 0 0 0
959644800 0 0 0 0
959558400 0 0 0 0
959472000 0 0 0 0
959385600 0 0 0 0
959299200 0 0 0 0
959212800 0 0 0 0
959126400 0 0 0 0
959040000 0 0 0 0
958953600 0 0 0 0
958867200 0 0 0 0
958780800 0 0 0 0
958694400 0 0 0 0
958608000 0 0 0 0
958521600 0 0 0 0
958435200 0 0 0 0
958348800 0 0 0 0
958262400 0 0 0 0
958176000 0 0 0 0
958089600 0 0 0 0
958003200 0 0 0 0
957916800 0 0 0 0
957830400 0 0 0 0
957744000 0 0 0 0
957657600 0 0 0 0
957571200 0 0 0 0
957484800 0 0 0 0
957398400 0 0 0 0
957312000 0 0 0 0
957225600 0 0 0 0
957139200 0 0 0 0
957052800 0 0 0 0
956966400 0 0 0 0
956880000 0 0 0 0
956793600 0 0 0 0
956707200 0 0 0 0
956620800 0 0 0 0
956534400 0 0 0 0
956448000 0 0 0 0
956361600 0 0 0 0
956275200 0 0 0 0
956188800 0 0 0 0
956102400 0 0 0 0
956016000 0 0 0 0
955929600 0 0 0 0
955843200 0 0 0 0
955756800 0 0 0 0
955670400 0 0 0 0
955584000 0 0 0 0
955497600 0 0 0 0
955411200 0 0 0 0
955324800 0 0 0 0
955238400 0 0 0 0
955152000 0 0 0 0
955065600 0 0 0 0
954979200 0 0 0 0
954892800 0 0 0 0
954806400 0 0 0 0
954720000 0 0 0 0
954633600 0 0 0 0
954547200 0 0 0 0
954460800 0 0 0 0
954374400 0 0 0 0
954288000 0 0 0 0
954201600 0 0 0 0
954115200 0 0 0 0
954028800 0 0 0 0
953942400 0 0 0 0
953856000 0 0 0 0
953769600 0 0 0 0
953683200 0 0 0 0
953596800 0 0 0 0
953510400 0 0 0 0
953424000 0 0 0 0
953337600 0 0 0 0
953251200 0 0 0 0
953164800 0 0 0 0
953078400 0 0 0 0
952992000 0 0 0 0
952905600 0 0 0 0
952819200 0 0 0 0
952732800 0 0 0 0
952646400 0 0 0 0
952560000 0 0 0 0
952473600 0 0 0 0
952387200 0 0 0 0
952300800 0 0 0 0
952214400 0 0 0 0
952128000 0 0 0 0
952041600 0 0 0 0
951955200 0 0 0 0
951868800 0 0 0 0
951782400 0 0 0 0
951696000 0 0 0 0
951609600 0 0 0 0
951523200 0 0 0 0
951436800 0 0 0 0
951350400 0 0 0 0
951264000 0 0 0 0
951177600 0 0 0 0
951091200 0 0 0 0
951004800 0 0 0 0
950918400 0 0 0 0
950832000 0 0 0 0
950745600 0 0 0 0
950659200 0 0 0 0
950572800 0 0 0 0
950486400 0 0 0 0
950400000 0 0 0 0
950313600 0 0 0 0
950227200 0 0 0 0
950140800 0 0 0 0
950054400 0 0 0 0
949968000 0 0 0 0
949881600 0 0 0 0
949795200 0 0 0 0
949708800 0 0 0 0
949622400 0 0 0 0
949536000 0 0 0 0
949449600 0 0 0 0
949363200 0 0 0 0
949276800 0 0 0 0
949190400 0 0 0 0
949104000 0 0 0 0
949017600 0 0 0 0
948931200 0 0 0 0
948844800 0 0 0 0
948758400 0 0 0 0
948672000 0 0 0 0
948585600 0 0 0 0
948499200 0 0 0 0
948412800 0 0 0 0
948326400 0 0 0 0
948240000 0 0 0 0
948153600 0 0 0 0
948067200 0 0 0 0
947980800 0 0 0 0
947894400 0 0 0 0
947808000 0 0 0 0
947721600 0 0 0 0
947635200 0 0 0 0
947548800 0 0 0 0
947462400 0 0 0 0
947376000 0 0 0 0
947289600 0 0 0 0
947203200 0 0 0 0
947116800 0 0 0 0
947030400 0 0 0 0
946944000 0 0 0 0
946857600 0 0 0 0
946771200 0 0 0 0
946684800 0 0 0 0
946598400 0 0 0 0
946512000 0 0 0 0
946425600 0 0 0 0
946339200 0 0 0 0
946252800 0 0 0 0
946166400 0 0 0 0
946080000 0 0 0 0
945993600 0 0 0 0
945907200 0 0 0 0
945820800 0 0 0 0
945734400 0 0 0 0
945648000 0 0 0 0
945561600 0 0 0 0
945475200 0 0 0 0
945388800 0 0 0 0
945302400 0 0 0 0
945216000 0 0 0 0
945129600 0 0 0 0
945043200 0 0 0 0
944956800 0 0 0 0
944870400 0 0 0 0
944784000 0 0 0 0
944697600 0 0 0 0
944611200 0 0 0 0
944524800 0 0 0 0
944438400 0 0 0 0
944352000 0 0 0 0
944265600 0 0 0 0
944179200 0 0 0 0
944092800 0 0 0 0
944006400 0 0 0 0
943920000 0 0 0 0
943833600 0 0 0 0
943747200 0 0 0 0
943660800 0 0 0 0
943574400 0 0 0 0
943488000 0 0 0 0
943401600 0 0 0 0
943315200 0 0 0 0
943228800 0 0 0 0
943142400 0 0 0 0
943056000 0 0 0 0
942969600 0 0 0 0
942883200 0 0 0 0
942796800 0 0 0 0
942710400 0 0 0 0
942624000 0 0 0 0
942537600 0 0 0 0
942451200 0 0 0 0
942364800 0 0 0 0
942278400 0 0 0 0
942192000 0 0 0 0
942105600 0 0 0 0
942019200 0 0 0 0
941932800 0 0 0 0
941846400 0 0 0 0
941760000 0 0 0 0
941673600 0 0 0 0
941587200 0 0 0 0
941500800 0 0 0 0
941414400 0 0 0 0
941328000 0 0 0 0
941241600 0 0 0 0
941155200 0 0 0 0
941068800 0 0 0 0
940982400 0 0 0 0
940896000 0 0 0 0
940809600 0 0 0 0
940723200 0 0 0 0
940636800 0 0 0 0
940550400 0 0 0 0
940464000 0 0 0 0
940377600 0 0 0 0
940291200 0 0 0 0
940204800 0 0 0 0
940118400 0 0 0 0
940032000 0 0 0 0
939945600 0 0 0 0
939859200 0 0 0 0
939772800 0 0 0 0
939686400 0 0 0 0
939600000 0 0 0 0
939513600 0 0 0 0
939427200 0 0 0 0
939340800 0 0 0 0
939254400 0 0 0 0
939168000 0 0 0 0
939081600 0 0 0 0
938995200 0 0 0 0
938908800 0 0 0 0
938822400 0 0 0 0
938736000 0 0 0 0
938649600 0 0 0 0
938563200 0 0 0 0
938476800 0 0 0 0
938390400 0 0 0 0
938304000 0 0 0 0
938217600 0 0 0 0
938131200 0 0 0 0
938044800 0 0 0 0
937958400 0 0 0 0
937872000 0 0 0 0
937785600 0 0 0 0
937699200 0 0 0 0
937612800 0 0 0 0
937526400 0 0 0 0
937440000 0 0 0 0
937353600 0 0 0 0
937267200 0 0 0 0
937180800 0 0 0 0
937094400 0 0 0 0
937008000 0 0 0 0
936921600 0 0 0 0
936835200 0 0 0 0
936748800 0 0 0 0
936662400 0 0 0 0
936576000 0 0 0 0
936489600 0 0 0 0
936403200 0 0 0 0
936316800 0 0 0 0
936230400 0 0 0 0
936144000 0 0 0 0
936057600 0 0 0 0
935971200 0 0 0 0
935884800 0 0 0 0
935798400 0 0 0 0
935712000 0 0 0 0
935625600 0 0 0 0
935539200 0 0 0 0
935452800 0 0 0 0
935366400 0 0 0 0
935280000 0 0 0 0
935193600 0 0 0 0
