1003996982 0 0
1003996982 0 0 0 0
1003996921 0 0 0 0
1003996800 0 0 7 2
1003996500 0 0 2 2
1003996200 1 1 9 4
1003995900 0 0 2 2
1003995600 1 1 7 3
1003995300 0 1 6 3
1003995000 1 0 6 3
1003994700 0 0 8 1
1003994400 1 0 8 2
1003994100 0 1 5 3
1003993800 2 2 8 4
1003993500 6 1 14 5
1003993200 0 0 4 2
1003992900 1 0 5 2
1003992600 0 0 5 2
1003992300 0 1 5 3
1003992000 2 3 8 5
1003991700 6 3 22 7
1003991400 2 3 7 7
1003991100 7 3 17 8
1003990800 0 0 4 1
1003990500 0 0 8 3
1003990200 0 2 17 7
1003989900 0 0 0 0
1003989600 0 0 0 0
1003989300 0 0 0 0
1003989000 0 0 0 0
1003988700 0 0 0 0
1003988400 0 0 0 0
1003988100 0 0 0 0
1003987800 0 0 0 0
1003987500 0 0 0 0
1003987200 0 0 0 0
1003986900 0 0 0 0
1003986600 0 0 0 0
1003986300 0 0 0 0
1003986000 0 0 0 0
1003985700 0 0 0 0
1003985400 0 0 0 0
1003985100 0 0 0 0
1003984800 0 0 0 0
1003984500 0 0 0 0
1003984200 0 0 0 0
1003983900 0 0 0 0
1003983600 0 0 0 0
1003983300 0 0 0 0
1003983000 0 0 0 0
1003982700 0 0 0 0
1003982400 0 0 0 0
1003982100 0 0 0 0
1003981800 0 0 0 0
1003981500 0 0 0 0
1003981200 0 0 0 0
1003980900 0 0 0 0
1003980600 0 0 0 0
1003980300 0 0 0 0
1003980000 0 0 0 0
1003979700 0 0 0 0
1003979400 0 0 0 0
1003979100 0 0 0 0
1003978800 0 0 0 0
1003978500 0 0 0 0
1003978200 0 0 0 0
1003977900 0 0 0 0
1003977600 0 0 0 0
1003977300 0 0 0 0
1003977000 0 0 0 0
1003976700 0 0 0 0
1003976400 0 0 0 0
1003976100 0 0 0 0
1003975800 0 0 0 0
1003975500 0 0 0 0
1003975200 0 0 0 0
1003974900 0 0 0 0
1003974600 0 0 0 0
1003974300 0 0 0 0
1003974000 0 0 0 0
1003973700 0 0 0 0
1003973400 0 0 0 0
1003973100 0 0 0 0
1003972800 0 0 0 0
1003972500 0 0 0 0
1003972200 0 0 0 0
1003971900 0 0 0 0
1003971600 0 0 0 0
1003971300 0 0 0 0
1003971000 0 0 0 0
1003970700 0 0 0 0
1003970400 0 0 0 0
1003970100 0 0 0 0
1003969800 0 0 0 0
1003969500 0 0 0 0
1003969200 0 0 0 0
1003968900 0 0 0 0
1003968600 0 0 0 0
1003968300 0 0 0 0
1003968000 0 0 0 0
1003967700 0 0 0 0
1003967400 0 0 0 0
1003967100 0 0 0 0
1003966800 0 0 0 0
1003966500 0 0 0 0
1003966200 0 0 0 0
1003965900 0 0 0 0
1003965600 0 0 0 0
1003965300 0 0 0 0
1003965000 0 0 0 0
1003964700 0 0 0 0
1003964400 0 0 0 0
1003964100 0 0 0 0
1003963800 0 0 0 0
1003963500 0 0 0 0
1003963200 0 0 0 0
1003962900 0 0 0 0
1003962600 0 0 0 0
1003962300 0 0 0 0
1003962000 0 0 0 0
1003961700 0 0 0 0
1003961400 0 0 0 0
1003961100 0 0 0 0
1003960800 0 0 0 0
1003960500 0 0 0 0
1003960200 0 0 0 0
1003959900 0 0 0 0
1003959600 0 0 0 0
1003959300 0 0 0 0
1003959000 0 0 0 0
1003958700 0 0 0 0
1003958400 0 0 0 0
1003958100 0 0 0 0
1003957800 0 0 0 0
1003957500 0 0 0 0
1003957200 0 0 0 0
1003956900 0 0 0 0
1003956600 0 0 0 0
1003956300 0 0 0 0
1003956000 0 0 0 0
1003955700 0 0 0 0
1003955400 0 0 0 0
1003955100 0 0 0 0
1003954800 0 0 0 0
1003954500 0 0 0 0
1003954200 0 0 0 0
1003953900 0 0 0 0
1003953600 0 0 0 0
1003953300 0 0 0 0
1003953000 0 0 0 0
1003952700 0 0 0 0
1003952400 0 0 0 0
1003952100 0 0 0 0
1003951800 0 0 0 0
1003951500 0 0 0 0
1003951200 0 0 0 0
1003950900 0 0 0 0
1003950600 0 0 0 0
1003950300 0 0 0 0
1003950000 0 0 0 0
1003949700 0 0 0 0
1003949400 0 0 0 0
1003949100 0 0 0 0
1003948800 0 0 0 0
1003948500 0 0 0 0
1003948200 0 0 0 0
1003947900 0 0 0 0
1003947600 0 0 0 0
1003947300 0 0 0 0
1003947000 0 0 0 0
1003946700 0 0 0 0
1003946400 0 0 0 0
1003946100 0 0 0 0
1003945800 0 0 0 0
1003945500 0 0 0 0
1003945200 0 0 0 0
1003944900 0 0 0 0
1003944600 0 0 0 0
1003944300 0 0 0 0
1003944000 0 0 0 0
1003943700 0 0 0 0
1003943400 0 0 0 0
1003943100 0 0 0 0
1003942800 0 0 0 0
1003942500 0 0 0 0
1003942200 0 0 0 0
1003941900 0 0 0 0
1003941600 0 0 0 0
1003941300 0 0 0 0
1003941000 0 0 0 0
1003940700 0 0 0 0
1003940400 0 0 0 0
1003940100 0 0 0 0
1003939800 0 0 0 0
1003939500 0 0 0 0
1003939200 0 0 0 0
1003938900 0 0 0 0
1003938600 0 0 0 0
1003938300 0 0 0 0
1003938000 0 0 0 0
1003937700 0 0 0 0
1003937400 0 0 0 0
1003937100 0 0 0 0
1003936800 0 0 0 0
1003936500 0 0 0 0
1003936200 0 0 0 0
1003935900 0 0 0 0
1003935600 0 0 0 0
1003935300 0 0 0 0
1003935000 0 0 0 0
1003934700 0 0 0 0
1003934400 0 0 0 0
1003934100 0 0 0 0
1003933800 0 0 0 0
1003933500 0 0 0 0
1003933200 0 0 0 0
1003932900 0 0 0 0
1003932600 0 0 0 0
1003932300 0 0 0 0
1003932000 0 0 0 0
1003931700 0 0 0 0
1003931400 0 0 0 0
1003931100 0 0 0 0
1003930800 0 0 0 0
1003930500 0 0 0 0
1003930200 0 0 0 0
1003929900 0 0 0 0
1003929600 0 0 0 0
1003929300 0 0 0 0
1003929000 0 0 0 0
1003928700 0 0 0 0
1003928400 0 0 0 0
1003928100 0 0 0 0
1003927800 0 0 0 0
1003927500 0 0 0 0
1003927200 0 0 0 0
1003926900 0 0 0 0
1003926600 0 0 0 0
1003926300 0 0 0 0
1003926000 0 0 0 0
1003925700 0 0 0 0
1003925400 0 0 0 0
1003925100 0 0 0 0
1003924800 0 0 0 0
1003924500 0 0 0 0
1003924200 0 0 0 0
1003923900 0 0 0 0
1003923600 0 0 0 0
1003923300 0 0 0 0
1003923000 0 0 0 0
1003922700 0 0 0 0
1003922400 0 0 0 0
1003922100 0 0 0 0
1003921800 0 0 0 0
1003921500 0 0 0 0
1003921200 0 0 0 0
1003920900 0 0 0 0
1003920600 0 0 0 0
1003920300 0 0 0 0
1003920000 0 0 0 0
1003919700 0 0 0 0
1003919400 0 0 0 0
1003919100 0 0 0 0
1003918800 0 0 0 0
1003918500 0 0 0 0
1003918200 0 0 0 0
1003917900 0 0 0 0
1003917600 0 0 0 0
1003917300 0 0 0 0
1003917000 0 0 0 0
1003916700 0 0 0 0
1003916400 0 0 0 0
1003916100 0 0 0 0
1003915800 0 0 0 0
1003915500 0 0 0 0
1003915200 0 0 0 0
1003914900 0 0 0 0
1003914600 0 0 0 0
1003914300 0 0 0 0
1003914000 0 0 0 0
1003913700 0 0 0 0
1003913400 0 0 0 0
1003913100 0 0 0 0
1003912800 0 0 0 0
1003912500 0 0 0 0
1003912200 0 0 0 0
1003911900 0 0 0 0
1003911600 0 0 0 0
1003911300 0 0 0 0
1003911000 0 0 0 0
1003910700 0 0 0 0
1003910400 0 0 0 0
1003910100 0 0 0 0
1003909800 0 0 0 0
1003909500 0 0 0 0
1003909200 0 0 0 0
1003908900 0 0 0 0
1003908600 0 0 0 0
1003908300 0 0 0 0
1003908000 0 0 0 0
1003907700 0 0 0 0
1003907400 0 0 0 0
1003907100 0 0 0 0
1003906800 0 0 0 0
1003906500 0 0 0 0
1003906200 0 0 0 0
1003905900 0 0 0 0
1003905600 0 0 0 0
1003905300 0 0 0 0
1003905000 0 0 0 0
1003904700 0 0 0 0
1003904400 0 0 0 0
1003904100 0 0 0 0
1003903800 0 0 0 0
1003903500 0 0 0 0
1003903200 0 0 0 0
1003902900 0 0 0 0
1003902600 0 0 0 0
1003902300 0 0 0 0
1003902000 0 0 0 0
1003901700 0 0 0 0
1003901400 0 0 0 0
1003901100 0 0 0 0
1003900800 0 0 0 0
1003900500 0 0 0 0
1003900200 0 0 0 0
1003899900 0 0 0 0
1003899600 0 0 0 0
1003899300 0 0 0 0
1003899000 0 0 0 0
1003898700 0 0 0 0
1003898400 0 0 0 0
1003898100 0 0 0 0
1003897800 0 0 0 0
1003897500 0 0 0 0
1003897200 0 0 0 0
1003896900 0 0 0 0
1003896600 0 0 0 0
1003896300 0 0 0 0
1003896000 0 0 0 0
1003895700 0 0 0 0
1003895400 0 0 0 0
1003895100 0 0 0 0
1003894800 0 0 0 0
1003894500 0 0 0 0
1003894200 0 0 0 0
1003893900 0 0 0 0
1003893600 0 0 0 0
1003893300 0 0 0 0
1003893000 0 0 0 0
1003892700 0 0 0 0
1003892400 0 0 0 0
1003892100 0 0 0 0
1003891800 0 0 0 0
1003891500 0 0 0 0
1003891200 0 0 0 0
1003890900 0 0 0 0
1003890600 0 0 0 0
1003890300 0 0 0 0
1003890000 0 0 0 0
1003889700 0 0 0 0
1003889400 0 0 0 0
1003889100 0 0 0 0
1003888800 0 0 0 0
1003888500 0 0 0 0
1003888200 0 0 0 0
1003887900 0 0 0 0
1003887600 0 0 0 0
1003887300 0 0 0 0
1003887000 0 0 0 0
1003886700 0 0 0 0
1003886400 0 0 0 0
1003886100 0 0 0 0
1003885800 0 0 0 0
1003885500 0 0 0 0
1003885200 0 0 0 0
1003884900 0 0 0 0
1003884600 0 0 0 0
1003884300 0 0 0 0
1003884000 0 0 0 0
1003883700 0 0 0 0
1003883400 0 0 0 0
1003883100 0 0 0 0
1003882800 0 0 0 0
1003882500 0 0 0 0
1003882200 0 0 0 0
1003881900 0 0 0 0
1003881600 0 0 0 0
1003881300 0 0 0 0
1003881000 0 0 0 0
1003880700 0 0 0 0
1003880400 0 0 0 0
1003880100 0 0 0 0
1003879800 0 0 0 0
1003879500 0 0 0 0
1003879200 0 0 0 0
1003878900 0 0 0 0
1003878600 0 0 0 0
1003878300 0 0 0 0
1003878000 0 0 0 0
1003877700 0 0 0 0
1003877400 0 0 0 0
1003877100 0 0 0 0
1003876800 0 0 0 0
1003876500 0 0 0 0
1003876200 0 0 0 0
1003875900 0 0 0 0
1003875600 0 0 0 0
1003875300 0 0 0 0
1003875000 0 0 0 0
1003874700 0 0 0 0
1003874400 0 0 0 0
1003874100 0 0 0 0
1003873800 0 0 0 0
1003873500 0 0 0 0
1003873200 0 0 0 0
1003872900 0 0 0 0
1003872600 0 0 0 0
1003872300 0 0 0 0
1003872000 0 0 0 0
1003871700 0 0 0 0
1003871400 0 0 0 0
1003871100 0 0 0 0
1003870800 0 0 0 0
1003870500 0 0 0 0
1003870200 0 0 0 0
1003869900 0 0 0 0
1003869600 0 0 0 0
1003869300 0 0 0 0
1003869000 0 0 0 0
1003868700 0 0 0 0
1003868400 0 0 0 0
1003868100 0 0 0 0
1003867800 0 0 0 0
1003867500 0 0 0 0
1003867200 0 0 0 0
1003866900 0 0 0 0
1003866600 0 0 0 0
1003866300 0 0 0 0
1003866000 0 0 0 0
1003865700 0 0 0 0
1003865400 0 0 0 0
1003865100 0 0 0 0
1003864800 0 0 0 0
1003864500 0 0 0 0
1003864200 0 0 0 0
1003863900 0 0 0 0
1003863600 0 0 0 0
1003863300 0 0 0 0
1003863000 0 0 0 0
1003862700 0 0 0 0
1003862400 0 0 0 0
1003862100 0 0 0 0
1003861800 0 0 0 0
1003861500 0 0 0 0
1003861200 0 0 0 0
1003860900 0 0 0 0
1003860600 0 0 0 0
1003860300 0 0 0 0
1003860000 0 0 0 0
1003859700 0 0 0 0
1003859400 0 0 0 0
1003859100 0 0 0 0
1003858800 0 0 0 0
1003858500 0 0 0 0
1003858200 0 0 0 0
1003857900 0 0 0 0
1003857600 0 0 0 0
1003857300 0 0 0 0
1003857000 0 0 0 0
1003856700 0 0 0 0
1003856400 0 0 0 0
1003856100 0 0 0 0
1003855800 0 0 0 0
1003855500 0 0 0 0
1003855200 0 0 0 0
1003854900 0 0 0 0
1003854600 0 0 0 0
1003854300 0 0 0 0
1003854000 0 0 0 0
1003853700 0 0 0 0
1003853400 0 0 0 0
1003853100 0 0 0 0
1003852800 0 0 0 0
1003852500 0 0 0 0
1003852200 0 0 0 0
1003851900 0 0 0 0
1003851600 0 0 0 0
1003851300 0 0 0 0
1003851000 0 0 0 0
1003850700 0 0 0 0
1003850400 0 0 0 0
1003850100 0 0 0 0
1003849800 0 0 0 0
1003849500 0 0 0 0
1003849200 0 0 0 0
1003848900 0 0 0 0
1003848600 0 0 0 0
1003848300 0 0 0 0
1003848000 0 0 0 0
1003847700 0 0 0 0
1003847400 0 0 0 0
1003847100 0 0 0 0
1003846800 0 0 0 0
1003846500 0 0 0 0
1003846200 0 0 0 0
1003845900 0 0 0 0
1003845600 0 0 0 0
1003845300 0 0 0 0
1003845000 0 0 0 0
1003844700 0 0 0 0
1003844400 0 0 0 0
1003844100 0 0 0 0
1003843800 0 0 0 0
1003843500 0 0 0 0
1003843200 0 0 0 0
1003842900 0 0 0 0
1003842600 0 0 0 0
1003842300 0 0 0 0
1003842000 0 0 0 0
1003841700 0 0 0 0
1003841400 0 0 0 0
1003841100 0 0 0 0
1003840800 0 0 0 0
1003840500 0 0 0 0
1003840200 0 0 0 0
1003839900 0 0 0 0
1003839600 0 0 0 0
1003839300 0 0 0 0
1003839000 0 0 0 0
1003838700 0 0 0 0
1003838400 0 0 0 0
1003838100 0 0 0 0
1003837800 0 0 0 0
1003837500 0 0 0 0
1003837200 0 0 0 0
1003836900 0 0 0 0
1003836600 0 0 0 0
1003836300 0 0 0 0
1003836000 0 0 0 0
1003835700 0 0 0 0
1003835400 0 0 0 0
1003835100 0 0 0 0
1003834800 0 0 0 0
1003834500 0 0 0 0
1003834200 0 0 0 0
1003833900 0 0 0 0
1003833600 0 0 0 0
1003833300 0 0 0 0
1003833000 0 0 0 0
1003832700 0 0 0 0
1003832400 0 0 0 0
1003832100 0 0 0 0
1003831800 0 0 0 0
1003831500 0 0 0 0
1003831200 0 0 0 0
1003830900 0 0 0 0
1003830600 0 0 0 0
1003830300 0 0 0 0
1003830000 0 0 0 0
1003829700 0 0 0 0
1003829400 0 0 0 0
1003829100 0 0 0 0
1003828800 0 0 0 0
1003828500 0 0 0 0
1003828200 0 0 0 0
1003827900 0 0 0 0
1003827600 0 0 0 0
1003827300 0 0 0 0
1003827000 0 0 0 0
1003826700 0 0 0 0
1003826400 0 0 0 0
1003826100 0 0 0 0
1003825800 0 0 0 0
1003825500 0 0 0 0
1003825200 0 0 0 0
1003824900 0 0 0 0
1003824600 0 0 0 0
1003824300 0 0 0 0
1003824000 0 0 0 0
1003823700 0 0 0 0
1003823400 0 0 0 0
1003823100 0 0 0 0
1003822800 0 0 0 0
1003822500 0 0 0 0
1003822200 0 0 0 0
1003821900 0 0 0 0
1003821600 0 0 0 0
1003821300 0 0 0 0
1003821000 0 0 0 0
1003820700 0 0 0 0
1003820400 0 0 0 0
1003820100 0 0 0 0
1003819800 0 0 0 0
1003819500 0 0 0 0
1003819200 0 0 0 0
1003818900 0 0 0 0
1003818600 0 0 0 0
1003818300 0 0 0 0
1003818000 0 0 0 0
1003817700 0 0 0 0
1003817400 0 0 0 0
1003817100 0 0 0 0
1003816800 0 0 0 0
1003815000 0 0 0 0
1003813200 0 0 0 0
1003811400 0 0 0 0
1003809600 0 0 0 0
1003807800 0 0 0 0
1003806000 0 0 0 0
1003804200 0 0 0 0
1003802400 0 0 0 0
1003800600 0 0 0 0
1003798800 0 0 0 0
1003797000 0 0 0 0
1003795200 0 0 0 0
1003793400 0 0 0 0
1003791600 0 0 0 0
1003789800 0 0 0 0
1003788000 0 0 0 0
1003786200 0 0 0 0
1003784400 0 0 0 0
1003782600 0 0 0 0
1003780800 0 0 0 0
1003779000 0 0 0 0
1003777200 0 0 0 0
1003775400 0 0 0 0
1003773600 0 0 0 0
1003771800 0 0 0 0
1003770000 0 0 0 0
1003768200 0 0 0 0
1003766400 0 0 0 0
1003764600 0 0 0 0
1003762800 0 0 0 0
1003761000 0 0 0 0
1003759200 0 0 0 0
1003757400 0 0 0 0
1003755600 0 0 0 0
1003753800 0 0 0 0
1003752000 0 0 0 0
1003750200 0 0 0 0
1003748400 0 0 0 0
1003746600 0 0 0 0
1003744800 0 0 0 0
1003743000 0 0 0 0
1003741200 0 0 0 0
1003739400 0 0 0 0
1003737600 0 0 0 0
1003735800 0 0 0 0
1003734000 0 0 0 0
1003732200 0 0 0 0
1003730400 0 0 0 0
1003728600 0 0 0 0
1003726800 0 0 0 0
1003725000 0 0 0 0
1003723200 0 0 0 0
1003721400 0 0 0 0
1003719600 0 0 0 0
1003717800 0 0 0 0
1003716000 0 0 0 0
1003714200 0 0 0 0
1003712400 0 0 0 0
1003710600 0 0 0 0
1003708800 0 0 0 0
1003707000 0 0 0 0
1003705200 0 0 0 0
1003703400 0 0 0 0
1003701600 0 0 0 0
1003699800 0 0 0 0
1003698000 0 0 0 0
1003696200 0 0 0 0
1003694400 0 0 0 0
1003692600 0 0 0 0
1003690800 0 0 0 0
1003689000 0 0 0 0
1003687200 0 0 0 0
1003685400 0 0 0 0
1003683600 0 0 0 0
1003681800 0 0 0 0
1003680000 0 0 0 0
1003678200 0 0 0 0
1003676400 0 0 0 0
1003674600 0 0 0 0
1003672800 0 0 0 0
1003671000 0 0 0 0
1003669200 0 0 0 0
1003667400 0 0 0 0
1003665600 0 0 0 0
1003663800 0 0 0 0
1003662000 0 0 0 0
1003660200 0 0 0 0
1003658400 0 0 0 0
1003656600 0 0 0 0
1003654800 0 0 0 0
1003653000 0 0 0 0
1003651200 0 0 0 0
1003649400 0 0 0 0
1003647600 0 0 0 0
1003645800 0 0 0 0
1003644000 0 0 0 0
1003642200 0 0 0 0
1003640400 0 0 0 0
1003638600 0 0 0 0
1003636800 0 0 0 0
1003635000 0 0 0 0
1003633200 0 0 0 0
1003631400 0 0 0 0
1003629600 0 0 0 0
1003627800 0 0 0 0
1003626000 0 0 0 0
1003624200 0 0 0 0
1003622400 0 0 0 0
1003620600 0 0 0 0
1003618800 0 0 0 0
1003617000 0 0 0 0
1003615200 0 0 0 0
1003613400 0 0 0 0
1003611600 0 0 0 0
1003609800 0 0 0 0
1003608000 0 0 0 0
1003606200 0 0 0 0
1003604400 0 0 0 0
1003602600 0 0 0 0
1003600800 0 0 0 0
1003599000 0 0 0 0
1003597200 0 0 0 0
1003595400 0 0 0 0
1003593600 0 0 0 0
1003591800 0 0 0 0
1003590000 0 0 0 0
1003588200 0 0 0 0
1003586400 0 0 0 0
1003584600 0 0 0 0
1003582800 0 0 0 0
1003581000 0 0 0 0
1003579200 0 0 0 0
1003577400 0 0 0 0
1003575600 0 0 0 0
1003573800 0 0 0 0
1003572000 0 0 0 0
1003570200 0 0 0 0
1003568400 0 0 0 0
1003566600 0 0 0 0
1003564800 0 0 0 0
1003563000 0 0 0 0
1003561200 0 0 0 0
1003559400 0 0 0 0
1003557600 0 0 0 0
1003555800 0 0 0 0
1003554000 0 0 0 0
1003552200 0 0 0 0
1003550400 0 0 0 0
1003548600 0 0 0 0
1003546800 0 0 0 0
1003545000 0 0 0 0
1003543200 0 0 0 0
1003541400 0 0 0 0
1003539600 0 0 0 0
1003537800 0 0 0 0
1003536000 0 0 0 0
1003534200 0 0 0 0
1003532400 0 0 0 0
1003530600 0 0 0 0
1003528800 0 0 0 0
1003527000 0 0 0 0
1003525200 0 0 0 0
1003523400 0 0 0 0
1003521600 0 0 0 0
1003519800 0 0 0 0
1003518000 0 0 0 0
1003516200 0 0 0 0
1003514400 0 0 0 0
1003512600 0 0 0 0
1003510800 0 0 0 0
1003509000 0 0 0 0
1003507200 0 0 0 0
1003505400 0 0 0 0
1003503600 0 0 0 0
1003501800 0 0 0 0
1003500000 0 0 0 0
1003498200 0 0 0 0
1003496400 0 0 0 0
1003494600 0 0 0 0
1003492800 0 0 0 0
1003491000 0 0 0 0
1003489200 0 0 0 0
1003487400 0 0 0 0
1003485600 0 0 0 0
1003483800 0 0 0 0
1003482000 0 0 0 0
1003480200 0 0 0 0
1003478400 0 0 0 0
1003476600 0 0 0 0
1003474800 0 0 0 0
1003473000 0 0 0 0
1003471200 0 0 0 0
1003469400 0 0 0 0
1003467600 0 0 0 0
1003465800 0 0 0 0
1003464000 0 0 0 0
1003462200 0 0 0 0
1003460400 0 0 0 0
1003458600 0 0 0 0
1003456800 0 0 0 0
1003455000 0 0 0 0
1003453200 0 0 0 0
1003451400 0 0 0 0
1003449600 0 0 0 0
1003447800 0 0 0 0
1003446000 0 0 0 0
1003444200 0 0 0 0
1003442400 0 0 0 0
1003440600 0 0 0 0
1003438800 0 0 0 0
1003437000 0 0 0 0
1003435200 0 0 0 0
1003433400 0 0 0 0
1003431600 0 0 0 0
1003429800 0 0 0 0
1003428000 0 0 0 0
1003426200 0 0 0 0
1003424400 0 0 0 0
1003422600 0 0 0 0
1003420800 0 0 0 0
1003419000 0 0 0 0
1003417200 0 0 0 0
1003415400 0 0 0 0
1003413600 0 0 0 0
1003411800 0 0 0 0
1003410000 0 0 0 0
1003408200 0 0 0 0
1003406400 0 0 0 0
1003404600 0 0 0 0
1003402800 0 0 0 0
1003401000 0 0 0 0
1003399200 0 0 0 0
1003397400 0 0 0 0
1003395600 0 0 0 0
1003393800 0 0 0 0
1003392000 0 0 0 0
1003390200 0 0 0 0
1003388400 0 0 0 0
1003386600 0 0 0 0
1003384800 0 0 0 0
1003383000 0 0 0 0
1003381200 0 0 0 0
1003379400 0 0 0 0
1003377600 0 0 0 0
1003375800 0 0 0 0
1003374000 0 0 0 0
1003372200 0 0 0 0
1003370400 0 0 0 0
1003368600 0 0 0 0
1003366800 0 0 0 0
1003365000 0 0 0 0
1003363200 0 0 0 0
1003361400 0 0 0 0
1003359600 0 0 0 0
1003357800 0 0 0 0
1003356000 0 0 0 0
1003354200 0 0 0 0
1003352400 0 0 0 0
1003350600 0 0 0 0
1003348800 0 0 0 0
1003347000 0 0 0 0
1003345200 0 0 0 0
1003343400 0 0 0 0
1003341600 0 0 0 0
1003339800 0 0 0 0
1003338000 0 0 0 0
1003336200 0 0 0 0
1003334400 0 0 0 0
1003332600 0 0 0 0
1003330800 0 0 0 0
1003329000 0 0 0 0
1003327200 0 0 0 0
1003325400 0 0 0 0
1003323600 0 0 0 0
1003321800 0 0 0 0
1003320000 0 0 0 0
1003318200 0 0 0 0
1003316400 0 0 0 0
1003314600 0 0 0 0
1003312800 0 0 0 0
1003311000 0 0 0 0
1003309200 0 0 0 0
1003307400 0 0 0 0
1003305600 0 0 0 0
1003303800 0 0 0 0
1003302000 0 0 0 0
1003300200 0 0 0 0
1003298400 0 0 0 0
1003296600 0 0 0 0
1003294800 0 0 0 0
1003293000 0 0 0 0
1003291200 0 0 0 0
1003289400 0 0 0 0
1003287600 0 0 0 0
1003285800 0 0 0 0
1003284000 0 0 0 0
1003282200 0 0 0 0
1003280400 0 0 0 0
1003278600 0 0 0 0
1003276800 0 0 0 0
1003275000 0 0 0 0
1003273200 0 0 0 0
1003271400 0 0 0 0
1003269600 0 0 0 0
1003267800 0 0 0 0
1003266000 0 0 0 0
1003264200 0 0 0 0
1003262400 0 0 0 0
1003260600 0 0 0 0
1003258800 0 0 0 0
1003257000 0 0 0 0
1003255200 0 0 0 0
1003253400 0 0 0 0
1003251600 0 0 0 0
1003249800 0 0 0 0
1003248000 0 0 0 0
1003246200 0 0 0 0
1003244400 0 0 0 0
1003242600 0 0 0 0
1003240800 0 0 0 0
1003239000 0 0 0 0
1003237200 0 0 0 0
1003235400 0 0 0 0
1003233600 0 0 0 0
1003231800 0 0 0 0
1003230000 0 0 0 0
1003228200 0 0 0 0
1003226400 0 0 0 0
1003224600 0 0 0 0
1003222800 0 0 0 0
1003221000 0 0 0 0
1003219200 0 0 0 0
1003217400 0 0 0 0
1003215600 0 0 0 0
1003213800 0 0 0 0
1003212000 0 0 0 0
1003210200 0 0 0 0
1003208400 0 0 0 0
1003206600 0 0 0 0
1003204800 0 0 0 0
1003203000 0 0 0 0
1003201200 0 0 0 0
1003199400 0 0 0 0
1003197600 0 0 0 0
1003195800 0 0 0 0
1003194000 0 0 0 0
1003192200 0 0 0 0
1003190400 0 0 0 0
1003188600 0 0 0 0
1003186800 0 0 0 0
1003185000 0 0 0 0
1003183200 0 0 0 0
1003181400 0 0 0 0
1003179600 0 0 0 0
1003177800 0 0 0 0
1003176000 0 0 0 0
1003174200 0 0 0 0
1003172400 0 0 0 0
1003170600 0 0 0 0
1003168800 0 0 0 0
1003167000 0 0 0 0
1003165200 0 0 0 0
1003163400 0 0 0 0
1003161600 0 0 0 0
1003159800 0 0 0 0
1003158000 0 0 0 0
1003156200 0 0 0 0
1003154400 0 0 0 0
1003152600 0 0 0 0
1003150800 0 0 0 0
1003149000 0 0 0 0
1003147200 0 0 0 0
1003145400 0 0 0 0
1003143600 0 0 0 0
1003141800 0 0 0 0
1003140000 0 0 0 0
1003138200 0 0 0 0
1003136400 0 0 0 0
1003134600 0 0 0 0
1003132800 0 0 0 0
1003131000 0 0 0 0
1003129200 0 0 0 0
1003127400 0 0 0 0
1003125600 0 0 0 0
1003123800 0 0 0 0
1003122000 0 0 0 0
1003120200 0 0 0 0
1003118400 0 0 0 0
1003116600 0 0 0 0
1003114800 0 0 0 0
1003113000 0 0 0 0
1003111200 0 0 0 0
1003109400 0 0 0 0
1003107600 0 0 0 0
1003105800 0 0 0 0
1003104000 0 0 0 0
1003102200 0 0 0 0
1003100400 0 0 0 0
1003098600 0 0 0 0
1003096800 0 0 0 0
1003095000 0 0 0 0
1003093200 0 0 0 0
1003091400 0 0 0 0
1003089600 0 0 0 0
1003087800 0 0 0 0
1003086000 0 0 0 0
1003084200 0 0 0 0
1003082400 0 0 0 0
1003080600 0 0 0 0
1003078800 0 0 0 0
1003077000 0 0 0 0
1003075200 0 0 0 0
1003073400 0 0 0 0
1003071600 0 0 0 0
1003069800 0 0 0 0
1003068000 0 0 0 0
1003066200 0 0 0 0
1003064400 0 0 0 0
1003062600 0 0 0 0
1003060800 0 0 0 0
1003059000 0 0 0 0
1003057200 0 0 0 0
1003055400 0 0 0 0
1003053600 0 0 0 0
1003051800 0 0 0 0
1003050000 0 0 0 0
1003048200 0 0 0 0
1003046400 0 0 0 0
1003044600 0 0 0 0
1003042800 0 0 0 0
1003041000 0 0 0 0
1003039200 0 0 0 0
1003037400 0 0 0 0
1003035600 0 0 0 0
1003033800 0 0 0 0
1003032000 0 0 0 0
1003030200 0 0 0 0
1003028400 0 0 0 0
1003026600 0 0 0 0
1003024800 0 0 0 0
1003023000 0 0 0 0
1003021200 0 0 0 0
1003019400 0 0 0 0
1003017600 0 0 0 0
1003015800 0 0 0 0
1003014000 0 0 0 0
1003012200 0 0 0 0
1003010400 0 0 0 0
1003008600 0 0 0 0
1003006800 0 0 0 0
1003005000 0 0 0 0
1003003200 0 0 0 0
1003001400 0 0 0 0
1002999600 0 0 0 0
1002997800 0 0 0 0
1002996000 0 0 0 0
1002994200 0 0 0 0
1002992400 0 0 0 0
1002990600 0 0 0 0
1002988800 0 0 0 0
1002987000 0 0 0 0
1002985200 0 0 0 0
1002983400 0 0 0 0
1002981600 0 0 0 0
1002979800 0 0 0 0
1002978000 0 0 0 0
1002976200 0 0 0 0
1002974400 0 0 0 0
1002972600 0 0 0 0
1002970800 0 0 0 0
1002969000 0 0 0 0
1002967200 0 0 0 0
1002965400 0 0 0 0
1002963600 0 0 0 0
1002961800 0 0 0 0
1002960000 0 0 0 0
1002958200 0 0 0 0
1002956400 0 0 0 0
1002954600 0 0 0 0
1002952800 0 0 0 0
1002951000 0 0 0 0
1002949200 0 0 0 0
1002947400 0 0 0 0
1002945600 0 0 0 0
1002943800 0 0 0 0
1002942000 0 0 0 0
1002940200 0 0 0 0
1002938400 0 0 0 0
1002936600 0 0 0 0
1002934800 0 0 0 0
1002933000 0 0 0 0
1002931200 0 0 0 0
1002929400 0 0 0 0
1002927600 0 0 0 0
1002925800 0 0 0 0
1002924000 0 0 0 0
1002922200 0 0 0 0
1002920400 0 0 0 0
1002918600 0 0 0 0
1002916800 0 0 0 0
1002915000 0 0 0 0
1002913200 0 0 0 0
1002911400 0 0 0 0
1002909600 0 0 0 0
1002907800 0 0 0 0
1002906000 0 0 0 0
1002904200 0 0 0 0
1002902400 0 0 0 0
1002900600 0 0 0 0
1002898800 0 0 0 0
1002897000 0 0 0 0
1002895200 0 0 0 0
1002893400 0 0 0 0
1002891600 0 0 0 0
1002889800 0 0 0 0
1002888000 0 0 0 0
1002886200 0 0 0 0
1002884400 0 0 0 0
1002882600 0 0 0 0
1002880800 0 0 0 0
1002879000 0 0 0 0
1002877200 0 0 0 0
1002875400 0 0 0 0
1002873600 0 0 0 0
1002871800 0 0 0 0
1002870000 0 0 0 0
1002868200 0 0 0 0
1002866400 0 0 0 0
1002864600 0 0 0 0
1002862800 0 0 0 0
1002861000 0 0 0 0
1002859200 0 0 0 0
1002857400 0 0 0 0
1002855600 0 0 0 0
1002853800 0 0 0 0
1002852000 0 0 0 0
1002850200 0 0 0 0
1002848400 0 0 0 0
1002846600 0 0 0 0
1002844800 0 0 0 0
1002843000 0 0 0 0
1002841200 0 0 0 0
1002839400 0 0 0 0
1002837600 0 0 0 0
1002835800 0 0 0 0
1002834000 0 0 0 0
1002832200 0 0 0 0
1002830400 0 0 0 0
1002828600 0 0 0 0
1002826800 0 0 0 0
1002825000 0 0 0 0
1002823200 0 0 0 0
1002821400 0 0 0 0
1002819600 0 0 0 0
1002817800 0 0 0 0
1002816000 0 0 0 0
1002814200 0 0 0 0
1002812400 0 0 0 0
1002810600 0 0 0 0
1002808800 0 0 0 0
1002807000 0 0 0 0
1002805200 0 0 0 0
1002803400 0 0 0 0
1002801600 0 0 0 0
1002799800 0 0 0 0
1002798000 0 0 0 0
1002796200 0 0 0 0
1002794400 0 0 0 0
1002792600 0 0 0 0
1002790800 0 0 0 0
1002789000 0 0 0 0
1002787200 0 0 0 0
1002785400 0 0 0 0
1002783600 0 0 0 0
1002781800 0 0 0 0
1002780000 0 0 0 0
1002778200 0 0 0 0
1002776400 0 0 0 0
1002774600 0 0 0 0
1002772800 0 0 0 0
1002771000 0 0 0 0
1002769200 0 0 0 0
1002767400 0 0 0 0
1002765600 0 0 0 0
1002763800 0 0 0 0
1002762000 0 0 0 0
1002760200 0 0 0 0
1002758400 0 0 0 0
1002756600 0 0 0 0
1002754800 0 0 0 0
1002753000 0 0 0 0
1002751200 0 0 0 0
1002749400 0 0 0 0
1002747600 0 0 0 0
1002745800 0 0 0 0
1002744000 0 0 0 0
1002742200 0 0 0 0
1002740400 0 0 0 0
1002738600 0 0 0 0
1002736800 0 0 0 0
1002729600 0 0 0 0
1002722400 0 0 0 0
1002715200 0 0 0 0
1002708000 0 0 0 0
1002700800 0 0 0 0
1002693600 0 0 0 0
1002686400 0 0 0 0
1002679200 0 0 0 0
1002672000 0 0 0 0
1002664800 0 0 0 0
1002657600 0 0 0 0
1002650400 0 0 0 0
1002643200 0 0 0 0
1002636000 0 0 0 0
1002628800 0 0 0 0
1002621600 0 0 0 0
1002614400 0 0 0 0
1002607200 0 0 0 0
1002600000 0 0 0 0
1002592800 0 0 0 0
1002585600 0 0 0 0
1002578400 0 0 0 0
1002571200 0 0 0 0
1002564000 0 0 0 0
1002556800 0 0 0 0
1002549600 0 0 0 0
1002542400 0 0 0 0
1002535200 0 0 0 0
1002528000 0 0 0 0
1002520800 0 0 0 0
1002513600 0 0 0 0
1002506400 0 0 0 0
1002499200 0 0 0 0
1002492000 0 0 0 0
1002484800 0 0 0 0
1002477600 0 0 0 0
1002470400 0 0 0 0
1002463200 0 0 0 0
1002456000 0 0 0 0
1002448800 0 0 0 0
1002441600 0 0 0 0
1002434400 0 0 0 0
1002427200 0 0 0 0
1002420000 0 0 0 0
1002412800 0 0 0 0
1002405600 0 0 0 0
1002398400 0 0 0 0
1002391200 0 0 0 0
1002384000 0 0 0 0
1002376800 0 0 0 0
1002369600 0 0 0 0
1002362400 0 0 0 0
1002355200 0 0 0 0
1002348000 0 0 0 0
1002340800 0 0 0 0
1002333600 0 0 0 0
1002326400 0 0 0 0
1002319200 0 0 0 0
1002312000 0 0 0 0
1002304800 0 0 0 0
1002297600 0 0 0 0
1002290400 0 0 0 0
1002283200 0 0 0 0
1002276000 0 0 0 0
1002268800 0 0 0 0
1002261600 0 0 0 0
1002254400 0 0 0 0
1002247200 0 0 0 0
1002240000 0 0 0 0
1002232800 0 0 0 0
1002225600 0 0 0 0
1002218400 0 0 0 0
1002211200 0 0 0 0
1002204000 0 0 0 0
1002196800 0 0 0 0
1002189600 0 0 0 0
1002182400 0 0 0 0
1002175200 0 0 0 0
1002168000 0 0 0 0
1002160800 0 0 0 0
1002153600 0 0 0 0
1002146400 0 0 0 0
1002139200 0 0 0 0
1002132000 0 0 0 0
1002124800 0 0 0 0
1002117600 0 0 0 0
1002110400 0 0 0 0
1002103200 0 0 0 0
1002096000 0 0 0 0
1002088800 0 0 0 0
1002081600 0 0 0 0
1002074400 0 0 0 0
1002067200 0 0 0 0
1002060000 0 0 0 0
1002052800 0 0 0 0
1002045600 0 0 0 0
1002038400 0 0 0 0
1002031200 0 0 0 0
1002024000 0 0 0 0
1002016800 0 0 0 0
1002009600 0 0 0 0
1002002400 0 0 0 0
1001995200 0 0 0 0
1001988000 0 0 0 0
1001980800 0 0 0 0
1001973600 0 0 0 0
1001966400 0 0 0 0
1001959200 0 0 0 0
1001952000 0 0 0 0
1001944800 0 0 0 0
1001937600 0 0 0 0
1001930400 0 0 0 0
1001923200 0 0 0 0
1001916000 0 0 0 0
1001908800 0 0 0 0
1001901600 0 0 0 0
1001894400 0 0 0 0
1001887200 0 0 0 0
1001880000 0 0 0 0
1001872800 0 0 0 0
1001865600 0 0 0 0
1001858400 0 0 0 0
1001851200 0 0 0 0
1001844000 0 0 0 0
1001836800 0 0 0 0
1001829600 0 0 0 0
1001822400 0 0 0 0
1001815200 0 0 0 0
1001808000 0 0 0 0
1001800800 0 0 0 0
1001793600 0 0 0 0
1001786400 0 0 0 0
1001779200 0 0 0 0
1001772000 0 0 0 0
1001764800 0 0 0 0
1001757600 0 0 0 0
1001750400 0 0 0 0
1001743200 0 0 0 0
1001736000 0 0 0 0
1001728800 0 0 0 0
1001721600 0 0 0 0
1001714400 0 0 0 0
1001707200 0 0 0 0
1001700000 0 0 0 0
1001692800 0 0 0 0
1001685600 0 0 0 0
1001678400 0 0 0 0
1001671200 0 0 0 0
1001664000 0 0 0 0
1001656800 0 0 0 0
1001649600 0 0 0 0
1001642400 0 0 0 0
1001635200 0 0 0 0
1001628000 0 0 0 0
1001620800 0 0 0 0
1001613600 0 0 0 0
1001606400 0 0 0 0
1001599200 0 0 0 0
1001592000 0 0 0 0
1001584800 0 0 0 0
1001577600 0 0 0 0
1001570400 0 0 0 0
1001563200 0 0 0 0
1001556000 0 0 0 0
1001548800 0 0 0 0
1001541600 0 0 0 0
1001534400 0 0 0 0
1001527200 0 0 0 0
1001520000 0 0 0 0
1001512800 0 0 0 0
1001505600 0 0 0 0
1001498400 0 0 0 0
1001491200 0 0 0 0
1001484000 0 0 0 0
1001476800 0 0 0 0
1001469600 0 0 0 0
1001462400 0 0 0 0
1001455200 0 0 0 0
1001448000 0 0 0 0
1001440800 0 0 0 0
1001433600 0 0 0 0
1001426400 0 0 0 0
1001419200 0 0 0 0
1001412000 0 0 0 0
1001404800 0 0 0 0
1001397600 0 0 0 0
1001390400 0 0 0 0
1001383200 0 0 0 0
1001376000 0 0 0 0
1001368800 0 0 0 0
1001361600 0 0 0 0
1001354400 0 0 0 0
1001347200 0 0 0 0
1001340000 0 0 0 0
1001332800 0 0 0 0
1001325600 0 0 0 0
1001318400 0 0 0 0
1001311200 0 0 0 0
1001304000 0 0 0 0
1001296800 0 0 0 0
1001289600 0 0 0 0
1001282400 0 0 0 0
1001275200 0 0 0 0
1001268000 0 0 0 0
1001260800 0 0 0 0
1001253600 0 0 0 0
1001246400 0 0 0 0
1001239200 0 0 0 0
1001232000 0 0 0 0
1001224800 0 0 0 0
1001217600 0 0 0 0
1001210400 0 0 0 0
1001203200 0 0 0 0
1001196000 0 0 0 0
1001188800 0 0 0 0
1001181600 0 0 0 0
1001174400 0 0 0 0
1001167200 0 0 0 0
1001160000 0 0 0 0
1001152800 0 0 0 0
1001145600 0 0 0 0
1001138400 0 0 0 0
1001131200 0 0 0 0
1001124000 0 0 0 0
1001116800 0 0 0 0
1001109600 0 0 0 0
1001102400 0 0 0 0
1001095200 0 0 0 0
1001088000 0 0 0 0
1001080800 0 0 0 0
1001073600 0 0 0 0
1001066400 0 0 0 0
1001059200 0 0 0 0
1001052000 0 0 0 0
1001044800 0 0 0 0
1001037600 0 0 0 0
1001030400 0 0 0 0
1001023200 0 0 0 0
1001016000 0 0 0 0
1001008800 0 0 0 0
1001001600 0 0 0 0
1000994400 0 0 0 0
1000987200 0 0 0 0
1000980000 0 0 0 0
1000972800 0 0 0 0
1000965600 0 0 0 0
1000958400 0 0 0 0
1000951200 0 0 0 0
1000944000 0 0 0 0
1000936800 0 0 0 0
1000929600 0 0 0 0
1000922400 0 0 0 0
1000915200 0 0 0 0
1000908000 0 0 0 0
1000900800 0 0 0 0
1000893600 0 0 0 0
1000886400 0 0 0 0
1000879200 0 0 0 0
1000872000 0 0 0 0
1000864800 0 0 0 0
1000857600 0 0 0 0
1000850400 0 0 0 0
1000843200 0 0 0 0
1000836000 0 0 0 0
1000828800 0 0 0 0
1000821600 0 0 0 0
1000814400 0 0 0 0
1000807200 0 0 0 0
1000800000 0 0 0 0
1000792800 0 0 0 0
1000785600 0 0 0 0
1000778400 0 0 0 0
1000771200 0 0 0 0
1000764000 0 0 0 0
1000756800 0 0 0 0
1000749600 0 0 0 0
1000742400 0 0 0 0
1000735200 0 0 0 0
1000728000 0 0 0 0
1000720800 0 0 0 0
1000713600 0 0 0 0
1000706400 0 0 0 0
1000699200 0 0 0 0
1000692000 0 0 0 0
1000684800 0 0 0 0
1000677600 0 0 0 0
1000670400 0 0 0 0
1000663200 0 0 0 0
1000656000 0 0 0 0
1000648800 0 0 0 0
1000641600 0 0 0 0
1000634400 0 0 0 0
1000627200 0 0 0 0
1000620000 0 0 0 0
1000612800 0 0 0 0
1000605600 0 0 0 0
1000598400 0 0 0 0
1000591200 0 0 0 0
1000584000 0 0 0 0
1000576800 0 0 0 0
1000569600 0 0 0 0
1000562400 0 0 0 0
1000555200 0 0 0 0
1000548000 0 0 0 0
1000540800 0 0 0 0
1000533600 0 0 0 0
1000526400 0 0 0 0
1000519200 0 0 0 0
1000512000 0 0 0 0
1000504800 0 0 0 0
1000497600 0 0 0 0
1000490400 0 0 0 0
1000483200 0 0 0 0
1000476000 0 0 0 0
1000468800 0 0 0 0
1000461600 0 0 0 0
1000454400 0 0 0 0
1000447200 0 0 0 0
1000440000 0 0 0 0
1000432800 0 0 0 0
1000425600 0 0 0 0
1000418400 0 0 0 0
1000411200 0 0 0 0
1000404000 0 0 0 0
1000396800 0 0 0 0
1000389600 0 0 0 0
1000382400 0 0 0 0
1000375200 0 0 0 0
1000368000 0 0 0 0
1000360800 0 0 0 0
1000353600 0 0 0 0
1000346400 0 0 0 0
1000339200 0 0 0 0
1000332000 0 0 0 0
1000324800 0 0 0 0
1000317600 0 0 0 0
1000310400 0 0 0 0
1000303200 0 0 0 0
1000296000 0 0 0 0
1000288800 0 0 0 0
1000281600 0 0 0 0
1000274400 0 0 0 0
1000267200 0 0 0 0
1000260000 0 0 0 0
1000252800 0 0 0 0
1000245600 0 0 0 0
1000238400 0 0 0 0
1000231200 0 0 0 0
1000224000 0 0 0 0
1000216800 0 0 0 0
1000209600 0 0 0 0
1000202400 0 0 0 0
1000195200 0 0 0 0
1000188000 0 0 0 0
1000180800 0 0 0 0
1000173600 0 0 0 0
1000166400 0 0 0 0
1000159200 0 0 0 0
1000152000 0 0 0 0
1000144800 0 0 0 0
1000137600 0 0 0 0
1000130400 0 0 0 0
1000123200 0 0 0 0
1000116000 0 0 0 0
1000108800 0 0 0 0
1000101600 0 0 0 0
1000094400 0 0 0 0
1000087200 0 0 0 0
1000080000 0 0 0 0
1000072800 0 0 0 0
1000065600 0 0 0 0
1000058400 0 0 0 0
1000051200 0 0 0 0
1000044000 0 0 0 0
1000036800 0 0 0 0
1000029600 0 0 0 0
1000022400 0 0 0 0
1000015200 0 0 0 0
1000008000 0 0 0 0
1000000800 0 0 0 0
999993600 0 0 0 0
999986400 0 0 0 0
999979200 0 0 0 0
999972000 0 0 0 0
999964800 0 0 0 0
999957600 0 0 0 0
999950400 0 0 0 0
999943200 0 0 0 0
999936000 0 0 0 0
999928800 0 0 0 0
999921600 0 0 0 0
999914400 0 0 0 0
999907200 0 0 0 0
999900000 0 0 0 0
999892800 0 0 0 0
999885600 0 0 0 0
999878400 0 0 0 0
999871200 0 0 0 0
999864000 0 0 0 0
999856800 0 0 0 0
999849600 0 0 0 0
999842400 0 0 0 0
999835200 0 0 0 0
999828000 0 0 0 0
999820800 0 0 0 0
999813600 0 0 0 0
999806400 0 0 0 0
999799200 0 0 0 0
999792000 0 0 0 0
999784800 0 0 0 0
999777600 0 0 0 0
999770400 0 0 0 0
999763200 0 0 0 0
999756000 0 0 0 0
999748800 0 0 0 0
999741600 0 0 0 0
999734400 0 0 0 0
999727200 0 0 0 0
999720000 0 0 0 0
999712800 0 0 0 0
999705600 0 0 0 0
999698400 0 0 0 0
999691200 0 0 0 0
999684000 0 0 0 0
999676800 0 0 0 0
999669600 0 0 0 0
999662400 0 0 0 0
999655200 0 0 0 0
999648000 0 0 0 0
999640800 0 0 0 0
999633600 0 0 0 0
999626400 0 0 0 0
999619200 0 0 0 0
999612000 0 0 0 0
999604800 0 0 0 0
999597600 0 0 0 0
999590400 0 0 0 0
999583200 0 0 0 0
999576000 0 0 0 0
999568800 0 0 0 0
999561600 0 0 0 0
999554400 0 0 0 0
999547200 0 0 0 0
999540000 0 0 0 0
999532800 0 0 0 0
999525600 0 0 0 0
999518400 0 0 0 0
999511200 0 0 0 0
999504000 0 0 0 0
999496800 0 0 0 0
999489600 0 0 0 0
999482400 0 0 0 0
999475200 0 0 0 0
999468000 0 0 0 0
999460800 0 0 0 0
999453600 0 0 0 0
999446400 0 0 0 0
999439200 0 0 0 0
999432000 0 0 0 0
999424800 0 0 0 0
999417600 0 0 0 0
999410400 0 0 0 0
999403200 0 0 0 0
999396000 0 0 0 0
999388800 0 0 0 0
999381600 0 0 0 0
999374400 0 0 0 0
999367200 0 0 0 0
999360000 0 0 0 0
999352800 0 0 0 0
999345600 0 0 0 0
999338400 0 0 0 0
999331200 0 0 0 0
999324000 0 0 0 0
999316800 0 0 0 0
999309600 0 0 0 0
999302400 0 0 0 0
999295200 0 0 0 0
999288000 0 0 0 0
999280800 0 0 0 0
999273600 0 0 0 0
999266400 0 0 0 0
999259200 0 0 0 0
999252000 0 0 0 0
999244800 0 0 0 0
999237600 0 0 0 0
999230400 0 0 0 0
999223200 0 0 0 0
999216000 0 0 0 0
999208800 0 0 0 0
999201600 0 0 0 0
999194400 0 0 0 0
999187200 0 0 0 0
999180000 0 0 0 0
999172800 0 0 0 0
999165600 0 0 0 0
999158400 0 0 0 0
999151200 0 0 0 0
999144000 0 0 0 0
999136800 0 0 0 0
999129600 0 0 0 0
999122400 0 0 0 0
999115200 0 0 0 0
999108000 0 0 0 0
999100800 0 0 0 0
999093600 0 0 0 0
999086400 0 0 0 0
999079200 0 0 0 0
999072000 0 0 0 0
999064800 0 0 0 0
999057600 0 0 0 0
999050400 0 0 0 0
999043200 0 0 0 0
999036000 0 0 0 0
999028800 0 0 0 0
999021600 0 0 0 0
999014400 0 0 0 0
999007200 0 0 0 0
999000000 0 0 0 0
998992800 0 0 0 0
998985600 0 0 0 0
998978400 0 0 0 0
998971200 0 0 0 0
998964000 0 0 0 0
998956800 0 0 0 0
998949600 0 0 0 0
998942400 0 0 0 0
998935200 0 0 0 0
998928000 0 0 0 0
998920800 0 0 0 0
998913600 0 0 0 0
998906400 0 0 0 0
998899200 0 0 0 0
998892000 0 0 0 0
998884800 0 0 0 0
998877600 0 0 0 0
998870400 0 0 0 0
998863200 0 0 0 0
998856000 0 0 0 0
998848800 0 0 0 0
998841600 0 0 0 0
998834400 0 0 0 0
998827200 0 0 0 0
998820000 0 0 0 0
998812800 0 0 0 0
998805600 0 0 0 0
998798400 0 0 0 0
998791200 0 0 0 0
998784000 0 0 0 0
998776800 0 0 0 0
998769600 0 0 0 0
998762400 0 0 0 0
998755200 0 0 0 0
998748000 0 0 0 0
998740800 0 0 0 0
998733600 0 0 0 0
998726400 0 0 0 0
998719200 0 0 0 0
998712000 0 0 0 0
998704800 0 0 0 0
998697600 0 0 0 0
998690400 0 0 0 0
998683200 0 0 0 0
998676000 0 0 0 0
998668800 0 0 0 0
998661600 0 0 0 0
998654400 0 0 0 0
998647200 0 0 0 0
998640000 0 0 0 0
998632800 0 0 0 0
998625600 0 0 0 0
998618400 0 0 0 0
998611200 0 0 0 0
998604000 0 0 0 0
998596800 0 0 0 0
998589600 0 0 0 0
998582400 0 0 0 0
998575200 0 0 0 0
998568000 0 0 0 0
998560800 0 0 0 0
998553600 0 0 0 0
998546400 0 0 0 0
998539200 0 0 0 0
998532000 0 0 0 0
998524800 0 0 0 0
998517600 0 0 0 0
998510400 0 0 0 0
998503200 0 0 0 0
998496000 0 0 0 0
998488800 0 0 0 0
998481600 0 0 0 0
998474400 0 0 0 0
998467200 0 0 0 0
998460000 0 0 0 0
998452800 0 0 0 0
998445600 0 0 0 0
998438400 0 0 0 0
998431200 0 0 0 0
998424000 0 0 0 0
998416800 0 0 0 0
998352000 0 0 0 0
998265600 0 0 0 0
998179200 0 0 0 0
998092800 0 0 0 0
998006400 0 0 0 0
997920000 0 0 0 0
997833600 0 0 0 0
997747200 0 0 0 0
997660800 0 0 0 0
997574400 0 0 0 0
997488000 0 0 0 0
997401600 0 0 0 0
997315200 0 0 0 0
997228800 0 0 0 0
997142400 0 0 0 0
997056000 0 0 0 0
996969600 0 0 0 0
996883200 0 0 0 0
996796800 0 0 0 0
996710400 0 0 0 0
996624000 0 0 0 0
996537600 0 0 0 0
996451200 0 0 0 0
996364800 0 0 0 0
996278400 0 0 0 0
996192000 0 0 0 0
996105600 0 0 0 0
996019200 0 0 0 0
995932800 0 0 0 0
995846400 0 0 0 0
995760000 0 0 0 0
995673600 0 0 0 0
995587200 0 0 0 0
995500800 0 0 0 0
995414400 0 0 0 0
995328000 0 0 0 0
995241600 0 0 0 0
995155200 0 0 0 0
995068800 0 0 0 0
994982400 0 0 0 0
994896000 0 0 0 0
994809600 0 0 0 0
994723200 0 0 0 0
994636800 0 0 0 0
994550400 0 0 0 0
994464000 0 0 0 0
994377600 0 0 0 0
994291200 0 0 0 0
994204800 0 0 0 0
994118400 0 0 0 0
994032000 0 0 0 0
993945600 0 0 0 0
993859200 0 0 0 0
993772800 0 0 0 0
993686400 0 0 0 0
993600000 0 0 0 0
993513600 0 0 0 0
993427200 0 0 0 0
993340800 0 0 0 0
993254400 0 0 0 0
993168000 0 0 0 0
993081600 0 0 0 0
992995200 0 0 0 0
992908800 0 0 0 0
992822400 0 0 0 0
992736000 0 0 0 0
992649600 0 0 0 0
992563200 0 0 0 0
992476800 0 0 0 0
992390400 0 0 0 0
992304000 0 0 0 0
992217600 0 0 0 0
992131200 0 0 0 0
992044800 0 0 0 0
991958400 0 0 0 0
991872000 0 0 0 0
991785600 0 0 0 0
991699200 0 0 0 0
991612800 0 0 0 0
991526400 0 0 0 0
991440000 0 0 0 0
991353600 0 0 0 0
991267200 0 0 0 0
991180800 0 0 0 0
991094400 0 0 0 0
991008000 0 0 0 0
990921600 0 0 0 0
990835200 0 0 0 0
990748800 0 0 0 0
990662400 0 0 0 0
990576000 0 0 0 0
990489600 0 0 0 0
990403200 0 0 0 0
990316800 0 0 0 0
990230400 0 0 0 0
990144000 0 0 0 0
990057600 0 0 0 0
989971200 0 0 0 0
989884800 0 0 0 0
989798400 0 0 0 0
989712000 0 0 0 0
989625600 0 0 0 0
989539200 0 0 0 0
989452800 0 0 0 0
989366400 0 0 0 0
989280000 0 0 0 0
989193600 0 0 0 0
989107200 0 0 0 0
989020800 0 0 0 0
988934400 0 0 0 0
988848000 0 0 0 0
988761600 0 0 0 0
988675200 0 0 0 0
988588800 0 0 0 0
988502400 0 0 0 0
988416000 0 0 0 0
988329600 0 0 0 0
988243200 0 0 0 0
988156800 0 0 0 0
988070400 0 0 0 0
987984000 0 0 0 0
987897600 0 0 0 0
987811200 0 0 0 0
987724800 0 0 0 0
987638400 0 0 0 0
987552000 0 0 0 0
987465600 0 0 0 0
987379200 0 0 0 0
987292800 0 0 0 0
987206400 0 0 0 0
987120000 0 0 0 0
987033600 0 0 0 0
986947200 0 0 0 0
986860800 0 0 0 0
986774400 0 0 0 0
986688000 0 0 0 0
986601600 0 0 0 0
986515200 0 0 0 0
986428800 0 0 0 0
986342400 0 0 0 0
986256000 0 0 0 0
986169600 0 0 0 0
986083200 0 0 0 0
985996800 0 0 0 0
985910400 0 0 0 0
985824000 0 0 0 0
985737600 0 0 0 0
985651200 0 0 0 0
985564800 0 0 0 0
985478400 0 0 0 0
985392000 0 0 0 0
985305600 0 0 0 0
985219200 0 0 0 0
985132800 0 0 0 0
985046400 0 0 0 0
984960000 0 0 0 0
984873600 0 0 0 0
984787200 0 0 0 0
984700800 0 0 0 0
984614400 0 0 0 0
984528000 0 0 0 0
984441600 0 0 0 0
984355200 0 0 0 0
984268800 0 0 0 0
984182400 0 0 0 0
984096000 0 0 0 0
984009600 0 0 0 0
983923200 0 0 0 0
983836800 0 0 0 0
983750400 0 0 0 0
983664000 0 0 0 0
983577600 0 0 0 0
983491200 0 0 0 0
983404800 0 0 0 0
983318400 0 0 0 0
983232000 0 0 0 0
983145600 0 0 0 0
983059200 0 0 0 0
982972800 0 0 0 0
982886400 0 0 0 0
982800000 0 0 0 0
982713600 0 0 0 0
982627200 0 0 0 0
982540800 0 0 0 0
982454400 0 0 0 0
982368000 0 0 0 0
982281600 0 0 0 0
982195200 0 0 0 0
982108800 0 0 0 0
982022400 0 0 0 0
981936000 0 0 0 0
981849600 0 0 0 0
981763200 0 0 0 0
981676800 0 0 0 0
981590400 0 0 0 0
981504000 0 0 0 0
981417600 0 0 0 0
981331200 0 0 0 0
981244800 0 0 0 0
981158400 0 0 0 0
981072000 0 0 0 0
980985600 0 0 0 0
980899200 0 0 0 0
980812800 0 0 0 0
980726400 0 0 0 0
980640000 0 0 0 0
980553600 0 0 0 0
980467200 0 0 0 0
980380800 0 0 0 0
980294400 0 0 0 0
980208000 0 0 0 0
980121600 0 0 0 0
980035200 0 0 0 0
979948800 0 0 0 0
979862400 0 0 0 0
979776000 0 0 0 0
979689600 0 0 0 0
979603200 0 0 0 0
979516800 0 0 0 0
979430400 0 0 0 0
979344000 0 0 0 0
979257600 0 0 0 0
979171200 0 0 0 0
979084800 0 0 0 0
978998400 0 0 0 0
978912000 0 0 0 0
978825600 0 0 0 0
978739200 0 0 0 0
978652800 0 0 0 0
978566400 0 0 0 0
978480000 0 0 0 0
978393600 0 0 0 0
978307200 0 0 0 0
978220800 0 0 0 0
978134400 0 0 0 0
978048000 0 0 0 0
977961600 0 0 0 0
977875200 0 0 0 0
977788800 0 0 0 0
977702400 0 0 0 0
977616000 0 0 0 0
977529600 0 0 0 0
977443200 0 0 0 0
977356800 0 0 0 0
977270400 0 0 0 0
977184000 0 0 0 0
977097600 0 0 0 0
977011200 0 0 0 0
976924800 0 0 0 0
976838400 0 0 0 0
976752000 0 0 0 0
976665600 0 0 0 0
976579200 0 0 0 0
976492800 0 0 0 0
976406400 0 0 0 0
976320000 0 0 0 0
976233600 0 0 0 0
976147200 0 0 0 0
976060800 0 0 0 0
975974400 0 0 0 0
975888000 0 0 0 0
975801600 0 0 0 0
975715200 0 0 0 0
975628800 0 0 0 0
975542400 0 0 0 0
975456000 0 0 0 0
975369600 0 0 0 0
975283200 0 0 0 0
975196800 0 0 0 0
975110400 0 0 0 0
975024000 0 0 0 0
974937600 0 0 0 0
974851200 0 0 0 0
974764800 0 0 0 0
974678400 0 0 0 0
974592000 0 0 0 0
974505600 0 0 0 0
974419200 0 0 0 0
974332800 0 0 0 0
974246400 0 0 0 0
974160000 0 0 0 0
974073600 0 0 0 0
973987200 0 0 0 0
973900800 0 0 0 0
973814400 0 0 0 0
973728000 0 0 0 0
973641600 0 0 0 0
973555200 0 0 0 0
973468800 0 0 0 0
973382400 0 0 0 0
973296000 0 0 0 0
973209600 0 0 0 0
973123200 0 0 0 0
973036800 0 0 0 0
972950400 0 0 0 0
972864000 0 0 0 0
972777600 0 0 0 0
972691200 0 0 0 0
972604800 0 0 0 0
972518400 0 0 0 0
972432000 0 0 0 0
972345600 0 0 0 0
972259200 0 0 0 0
972172800 0 0 0 0
972086400 0 0 0 0
972000000 0 0 0 0
971913600 0 0 0 0
971827200 0 0 0 0
971740800 0 0 0 0
971654400 0 0 0 0
971568000 0 0 0 0
971481600 0 0 0 0
971395200 0 0 0 0
971308800 0 0 0 0
971222400 0 0 0 0
971136000 0 0 0 0
971049600 0 0 0 0
970963200 0 0 0 0
970876800 0 0 0 0
970790400 0 0 0 0
970704000 0 0 0 0
970617600 0 0 0 0
970531200 0 0 0 0
970444800 0 0 0 0
970358400 0 0 0 0
970272000 0 0 0 0
970185600 0 0 0 0
970099200 0 0 0 0
970012800 0 0 0 0
969926400 0 0 0 0
969840000 0 0 0 0
969753600 0 0 0 0
969667200 0 0 0 0
969580800 0 0 0 0
969494400 0 0 0 0
969408000 0 0 0 0
969321600 0 0 0 0
969235200 0 0 0 0
969148800 0 0 0 0
969062400 0 0 0 0
968976000 0 0 0 0
968889600 0 0 0 0
968803200 0 0 0 0
968716800 0 0 0 0
968630400 0 0 0 0
968544000 0 0 0 0
968457600 0 0 0 0
968371200 0 0 0 0
968284800 0 0 0 0
968198400 0 0 0 0
968112000 0 0 0 0
968025600 0 0 0 0
967939200 0 0 0 0
967852800 0 0 0 0
967766400 0 0 0 0
967680000 0 0 0 0
967593600 0 0 0 0
967507200 0 0 0 0
967420800 0 0 0 0
967334400 0 0 0 0
967248000 0 0 0 0
967161600 0 0 0 0
967075200 0 0 0 0
966988800 0 0 0 0
966902400 0 0 0 0
966816000 0 0 0 0
966729600 0 0 0 0
966643200 0 0 0 0
966556800 0 0 0 0
966470400 0 0 0 0
966384000 0 0 0 0
966297600 0 0 0 0
966211200 0 0 0 0
966124800 0 0 0 0
966038400 0 0 0 0
965952000 0 0 0 0
965865600 0 0 0 0
965779200 0 0 0 0
965692800 0 0 0 0
965606400 0 0 0 0
965520000 0 0 0 0
965433600 0 0 0 0
965347200 0 0 0 0
965260800 0 0 0 0
965174400 0 0 0 0
965088000 0 0 0 0
965001600 0 0 0 0
964915200 0 0 0 0
964828800 0 0 0 0
964742400 0 0 0 0
964656000 0 0 0 0
964569600 0 0 0 0
964483200 0 0 0 0
964396800 0 0 0 0
964310400 0 0 0 0
964224000 0 0 0 0
964137600 0 0 0 0
964051200 0 0 0 0
963964800 0 0 0 0
963878400 0 0 0 0
963792000 0 0 0 0
963705600 0 0 0 0
963619200 0 0 0 0
963532800 0 0 0 0
963446400 0 0 0 0
963360000 0 0 0 0
963273600 0 0 0 0
963187200 0 0 0 0
963100800 0 0 0 0
963014400 0 0 0 0
962928000 0 0 0 0
962841600 0 0 0 0
962755200 0 0 0 0
962668800 0 0 0 0
962582400 0 0 0 0
962496000 0 0 0 0
962409600 0 0 0 0
962323200 0 0 0 0
962236800 0 0 0 0
962150400 0 0 0 0
962064000 0 0 0 0
961977600 0 0 0 0
961891200 0 0 0 0
961804800 0 0 0 0
961718400 0 0 0 0
961632000 0 0 0 0
961545600 0 0 0 0
961459200 0 0 0 0
961372800 0 0 0 0
961286400 0 0 0 0
961200000 0 0 0 0
961113600 0 0 0 0
961027200 0 0 0 0
960940800 0 0 0 0
960854400 0 0 0 0
960768000 0 0 0 0
960681600 0 0 0 0
960595200 0 0 0 0
960508800 0 0 0 0
960422400 0 0 0 0
960336000 0 0 0 0
960249600 0 0 0 0
960163200 0 0 0 0
960076800 0 0 0 0
959990400 0 0 0 0
959904000 0 0 0 0
959817600 0 0 0 0
959731200 0 0 0 0
959644800 0 0 0 0
959558400 0 0 0 0
959472000 0 0 0 0
959385600 0 0 0 0
959299200 0 0 0 0
959212800 0 0 0 0
959126400 0 0 0 0
959040000 0 0 0 0
958953600 0 0 0 0
958867200 0 0 0 0
958780800 0 0 0 0
958694400 0 0 0 0
958608000 0 0 0 0
958521600 0 0 0 0
958435200 0 0 0 0
958348800 0 0 0 0
958262400 0 0 0 0
958176000 0 0 0 0
958089600 0 0 0 0
958003200 0 0 0 0
957916800 0 0 0 0
957830400 0 0 0 0
957744000 0 0 0 0
957657600 0 0 0 0
957571200 0 0 0 0
957484800 0 0 0 0
957398400 0 0 0 0
957312000 0 0 0 0
957225600 0 0 0 0
957139200 0 0 0 0
957052800 0 0 0 0
956966400 0 0 0 0
956880000 0 0 0 0
956793600 0 0 0 0
956707200 0 0 0 0
956620800 0 0 0 0
956534400 0 0 0 0
956448000 0 0 0 0
956361600 0 0 0 0
956275200 0 0 0 0
956188800 0 0 0 0
956102400 0 0 0 0
956016000 0 0 0 0
955929600 0 0 0 0
955843200 0 0 0 0
955756800 0 0 0 0
955670400 0 0 0 0
955584000 0 0 0 0
955497600 0 0 0 0
955411200 0 0 0 0
955324800 0 0 0 0
955238400 0 0 0 0
955152000 0 0 0 0
955065600 0 0 0 0
954979200 0 0 0 0
954892800 0 0 0 0
954806400 0 0 0 0
954720000 0 0 0 0
954633600 0 0 0 0
954547200 0 0 0 0
954460800 0 0 0 0
954374400 0 0 0 0
954288000 0 0 0 0
954201600 0 0 0 0
954115200 0 0 0 0
954028800 0 0 0 0
953942400 0 0 0 0
953856000 0 0 0 0
953769600 0 0 0 0
953683200 0 0 0 0
953596800 0 0 0 0
953510400 0 0 0 0
953424000 0 0 0 0
953337600 0 0 0 0
953251200 0 0 0 0
953164800 0 0 0 0
953078400 0 0 0 0
952992000 0 0 0 0
952905600 0 0 0 0
952819200 0 0 0 0
952732800 0 0 0 0
952646400 0 0 0 0
952560000 0 0 0 0
952473600 0 0 0 0
952387200 0 0 0 0
952300800 0 0 0 0
952214400 0 0 0 0
952128000 0 0 0 0
952041600 0 0 0 0
951955200 0 0 0 0
951868800 0 0 0 0
951782400 0 0 0 0
951696000 0 0 0 0
951609600 0 0 0 0
951523200 0 0 0 0
951436800 0 0 0 0
951350400 0 0 0 0
951264000 0 0 0 0
951177600 0 0 0 0
951091200 0 0 0 0
951004800 0 0 0 0
950918400 0 0 0 0
950832000 0 0 0 0
950745600 0 0 0 0
950659200 0 0 0 0
950572800 0 0 0 0
950486400 0 0 0 0
950400000 0 0 0 0
950313600 0 0 0 0
950227200 0 0 0 0
950140800 0 0 0 0
950054400 0 0 0 0
949968000 0 0 0 0
949881600 0 0 0 0
949795200 0 0 0 0
949708800 0 0 0 0
949622400 0 0 0 0
949536000 0 0 0 0
949449600 0 0 0 0
949363200 0 0 0 0
949276800 0 0 0 0
949190400 0 0 0 0
949104000 0 0 0 0
949017600 0 0 0 0
948931200 0 0 0 0
948844800 0 0 0 0
948758400 0 0 0 0
948672000 0 0 0 0
948585600 0 0 0 0
948499200 0 0 0 0
948412800 0 0 0 0
948326400 0 0 0 0
948240000 0 0 0 0
948153600 0 0 0 0
948067200 0 0 0 0
947980800 0 0 0 0
947894400 0 0 0 0
947808000 0 0 0 0
947721600 0 0 0 0
947635200 0 0 0 0
947548800 0 0 0 0
947462400 0 0 0 0
947376000 0 0 0 0
947289600 0 0 0 0
947203200 0 0 0 0
947116800 0 0 0 0
947030400 0 0 0 0
946944000 0 0 0 0
946857600 0 0 0 0
946771200 0 0 0 0
946684800 0 0 0 0
946598400 0 0 0 0
946512000 0 0 0 0
946425600 0 0 0 0
946339200 0 0 0 0
946252800 0 0 0 0
946166400 0 0 0 0
946080000 0 0 0 0
945993600 0 0 0 0
945907200 0 0 0 0
945820800 0 0 0 0
945734400 0 0 0 0
945648000 0 0 0 0
945561600 0 0 0 0
945475200 0 0 0 0
945388800 0 0 0 0
945302400 0 0 0 0
945216000 0 0 0 0
945129600 0 0 0 0
945043200 0 0 0 0
944956800 0 0 0 0
944870400 0 0 0 0
944784000 0 0 0 0
944697600 0 0 0 0
944611200 0 0 0 0
944524800 0 0 0 0
944438400 0 0 0 0
944352000 0 0 0 0
944265600 0 0 0 0
944179200 0 0 0 0
944092800 0 0 0 0
944006400 0 0 0 0
943920000 0 0 0 0
943833600 0 0 0 0
943747200 0 0 0 0
943660800 0 0 0 0
943574400 0 0 0 0
943488000 0 0 0 0
943401600 0 0 0 0
943315200 0 0 0 0
943228800 0 0 0 0
943142400 0 0 0 0
943056000 0 0 0 0
942969600 0 0 0 0
942883200 0 0 0 0
942796800 0 0 0 0
942710400 0 0 0 0
942624000 0 0 0 0
942537600 0 0 0 0
942451200 0 0 0 0
942364800 0 0 0 0
942278400 0 0 0 0
942192000 0 0 0 0
942105600 0 0 0 0
942019200 0 0 0 0
941932800 0 0 0 0
941846400 0 0 0 0
941760000 0 0 0 0
941673600 0 0 0 0
941587200 0 0 0 0
941500800 0 0 0 0
941414400 0 0 0 0
941328000 0 0 0 0
941241600 0 0 0 0
941155200 0 0 0 0
941068800 0 0 0 0
940982400 0 0 0 0
940896000 0 0 0 0
940809600 0 0 0 0
940723200 0 0 0 0
940636800 0 0 0 0
940550400 0 0 0 0
940464000 0 0 0 0
940377600 0 0 0 0
940291200 0 0 0 0
940204800 0 0 0 0
940118400 0 0 0 0
940032000 0 0 0 0
939945600 0 0 0 0
939859200 0 0 0 0
939772800 0 0 0 0
939686400 0 0 0 0
939600000 0 0 0 0
939513600 0 0 0 0
939427200 0 0 0 0
939340800 0 0 0 0
939254400 0 0 0 0
939168000 0 0 0 0
939081600 0 0 0 0
938995200 0 0 0 0
938908800 0 0 0 0
938822400 0 0 0 0
938736000 0 0 0 0
938649600 0 0 0 0
938563200 0 0 0 0
938476800 0 0 0 0
938390400 0 0 0 0
938304000 0 0 0 0
938217600 0 0 0 0
938131200 0 0 0 0
938044800 0 0 0 0
937958400 0 0 0 0
937872000 0 0 0 0
937785600 0 0 0 0
937699200 0 0 0 0
937612800 0 0 0 0
937526400 0 0 0 0
937440000 0 0 0 0
937353600 0 0 0 0
937267200 0 0 0 0
937180800 0 0 0 0
937094400 0 0 0 0
937008000 0 0 0 0
936921600 0 0 0 0
936835200 0 0 0 0
936748800 0 0 0 0
936662400 0 0 0 0
936576000 0 0 0 0
936489600 0 0 0 0
936403200 0 0 0 0
936316800 0 0 0 0
936230400 0 0 0 0
936144000 0 0 0 0
936057600 0 0 0 0
935971200 0 0 0 0
935884800 0 0 0 0
935798400 0 0 0 0
935712000 0 0 0 0
935625600 0 0 0 0
935539200 0 0 0 0
935452800 0 0 0 0
935366400 0 0 0 0
935280000 0 0 0 0
935193600 0 0 0 0
